#
# There is insufficient memory for the Java Runtime Environment to continue.
# Native memory allocation (mmap) failed to map 133169152 bytes for committing reserved memory.
# Possible reasons:
#   The system is out of physical RAM or swap space
#   In 32 bit mode, the process size limit was hit
# Possible solutions:
#   Reduce memory load on the system
#   Increase physical memory or swap space
#   Check if swap backing store is full
#   Use 64 bit Java on a 64 bit OS
#   Decrease Java heap size (-Xmx/-Xms)
#   Decrease number of Java threads
#   Decrease Java thread stack sizes (-Xss)
#   Set larger code cache with -XX:ReservedCodeCacheSize=
# This output file may be truncated or incomplete.
#
#  Out of Memory Error (os_linux.cpp:2630), pid=3744, tid=0x00007f75960f7700
#
# JRE version: OpenJDK Runtime Environment (8.0_102-b14) (build 1.8.0_102-8u102-b14.1-1~bpo8+1-b14)
# Java VM: OpenJDK 64-Bit Server VM (25.102-b14 mixed mode linux-amd64 compressed oops)
# Failed to write core dump. Core dumps have been disabled. To enable core dumping, try "ulimit -c unlimited" before starting Java again
#

---------------  T H R E A D  ---------------

Current thread (0x00007f75a80fa800):  VMThread [stack: 0x00007f7595ff7000,0x00007f75960f8000] [id=3751]

Stack: [0x00007f7595ff7000,0x00007f75960f8000],  sp=0x00007f75960f64c0,  free space=1021k
Native frames: (J=compiled Java code, j=interpreted, Vv=VM code, C=native code)
V  [libjvm.so+0xa955fd]
V  [libjvm.so+0x4e9dec]
V  [libjvm.so+0x8e2510]
V  [libjvm.so+0x8dcbfe]
V  [libjvm.so+0x9593fb]
V  [libjvm.so+0x95a763]
V  [libjvm.so+0x95725e]
V  [libjvm.so+0x95754c]
V  [libjvm.so+0x908233]
V  [libjvm.so+0xa97232]
V  [libjvm.so+0xa9bdc7]
V  [libjvm.so+0xa9a0e7]
V  [libjvm.so+0xa9a917]
V  [libjvm.so+0xa9ae61]
V  [libjvm.so+0x8df9e2]

VM_Operation (0x00007f75b054ce30): ParallelGCFailedAllocation, mode: safepoint, requested by thread 0x00007f75a800a000


---------------  P R O C E S S  ---------------

Java Threads: ( => current thread )
  0x00007f75a8136000 JavaThread "Service Thread" daemon [_thread_blocked, id=3757, stack(0x00007f7595868000,0x00007f7595969000)]
  0x00007f75a8133000 JavaThread "C1 CompilerThread1" daemon [_thread_blocked, id=3756, stack(0x00007f7595969000,0x00007f7595a6a000)]
  0x00007f75a8130000 JavaThread "C2 CompilerThread0" daemon [_thread_blocked, id=3755, stack(0x00007f7595a6a000,0x00007f7595b6b000)]
  0x00007f75a812e000 JavaThread "Signal Dispatcher" daemon [_thread_blocked, id=3754, stack(0x00007f7595b6b000,0x00007f7595c6c000)]
  0x00007f75a8106800 JavaThread "Finalizer" daemon [_thread_blocked, id=3753, stack(0x00007f7595df5000,0x00007f7595ef6000)]
  0x00007f75a8102000 JavaThread "Reference Handler" daemon [_thread_blocked, id=3752, stack(0x00007f7595ef6000,0x00007f7595ff7000)]
  0x00007f75a800a000 JavaThread "main" [_thread_blocked, id=3748, stack(0x00007f75b0451000,0x00007f75b0552000)]

Other Threads:
=>0x00007f75a80fa800 VMThread [stack: 0x00007f7595ff7000,0x00007f75960f8000] [id=3751]
  0x00007f75a8144800 WatcherThread [stack: 0x00007f7595767000,0x00007f7595868000] [id=3758]

VM state:at safepoint (normal execution)

VM Mutex/Monitor currently owned by a thread:  ([mutex/lock_event])
[0x00007f75a8006320] Threads_lock - owner thread: 0x00007f75a80fa800
[0x00007f75a8006820] Heap_lock - owner thread: 0x00007f75a800a000

Heap:
 PSYoungGen      total 132096K, used 5099K [0x00000000eb580000, 0x00000000f3b80000, 0x0000000100000000)
  eden space 126976K, 0% used [0x00000000eb580000,0x00000000eb580000,0x00000000f3180000)
  from space 5120K, 99% used [0x00000000f3180000,0x00000000f367aef0,0x00000000f3680000)
  to   space 4608K, 0% used [0x00000000f3700000,0x00000000f3700000,0x00000000f3b80000)
 ParOldGen       total 42496K, used 5425K [0x00000000c2000000, 0x00000000c4980000, 0x00000000eb580000)
  object space 42496K, 12% used [0x00000000c2000000,0x00000000c254c470,0x00000000c4980000)
 Metaspace       used 16578K, capacity 16800K, committed 16896K, reserved 1064960K
  class space    used 1986K, capacity 2014K, committed 2048K, reserved 1048576K

Card table byte_map: [0x00007f75ac967000,0x00007f75acb58000] byte_map_base: 0x00007f75ac357000

Marking Bits: (ParMarkBitMap*) 0x00007f75af73b300
 Begin Bits: [0x00007f7597100000, 0x00007f7598080000)
 End Bits:   [0x00007f7598080000, 0x00007f7599000000)

Polling page: 0x00007f75b056b000

CodeCache: size=245760Kb used=4063Kb max_used=4063Kb free=241696Kb
 bounds [0x00007f7599000000, 0x00007f7599400000, 0x00007f75a8000000]
 total_blobs=1280 nmethods=942 adapters=253
 compilation: enabled

Compilation events (10 events):
Event: 6,956 Thread 0x00007f75a8133000  939       1       java.util.HashMap$Node::getValue (5 bytes)
Event: 6,956 Thread 0x00007f75a8133000 nmethod 939 0x00007f75993f0f50 code [0x00007f75993f10a0, 0x00007f75993f11b0]
Event: 6,962 Thread 0x00007f75a8133000  940       3       java.util.LinkedHashMap$LinkedHashIterator::hasNext (13 bytes)
Event: 6,962 Thread 0x00007f75a8133000 nmethod 940 0x00007f75993f0bd0 code [0x00007f75993f0d40, 0x00007f75993f0ef0]
Event: 6,962 Thread 0x00007f75a8133000  941       3       java.util.Collections::emptyMap (4 bytes)
Event: 6,962 Thread 0x00007f75a8133000 nmethod 941 0x00007f75993f08d0 code [0x00007f75993f0a20, 0x00007f75993f0b50]
Event: 6,963 Thread 0x00007f75a8133000  942       3       java.util.LinkedHashMap$LinkedHashIterator::nextNode (54 bytes)
Event: 6,964 Thread 0x00007f75a8133000 nmethod 942 0x00007f75993f02d0 code [0x00007f75993f0460, 0x00007f75993f0758]
Event: 6,968 Thread 0x00007f75a8133000  943       3       sun.reflect.MagicAccessorImpl::<init> (5 bytes)
Event: 6,968 Thread 0x00007f75a8133000 nmethod 943 0x00007f75993fa350 code [0x00007f75993fa4c0, 0x00007f75993fa670]

GC Heap History (10 events):
Event: 1,183 GC heap after
Heap after GC invocations=2 (full 0):
 PSYoungGen      total 34304K, used 1231K [0x00000000eb580000, 0x00000000ed980000, 0x0000000100000000)
  eden space 31744K, 0% used [0x00000000eb580000,0x00000000eb580000,0x00000000ed480000)
  from space 2560K, 48% used [0x00000000ed700000,0x00000000ed833c30,0x00000000ed980000)
  to   space 2560K, 0% used [0x00000000ed480000,0x00000000ed480000,0x00000000ed700000)
 ParOldGen       total 42496K, used 0K [0x00000000c2000000, 0x00000000c4980000, 0x00000000eb580000)
  object space 42496K, 0% used [0x00000000c2000000,0x00000000c2000000,0x00000000c4980000)
 Metaspace       used 4068K, capacity 5138K, committed 5376K, reserved 1056768K
  class space    used 459K, capacity 493K, committed 512K, reserved 1048576K
}
Event: 3,607 GC heap before
{Heap before GC invocations=3 (full 0):
 PSYoungGen      total 34304K, used 32975K [0x00000000eb580000, 0x00000000ed980000, 0x0000000100000000)
  eden space 31744K, 100% used [0x00000000eb580000,0x00000000ed480000,0x00000000ed480000)
  from space 2560K, 48% used [0x00000000ed700000,0x00000000ed833c30,0x00000000ed980000)
  to   space 2560K, 0% used [0x00000000ed480000,0x00000000ed480000,0x00000000ed700000)
 ParOldGen       total 42496K, used 0K [0x00000000c2000000, 0x00000000c4980000, 0x00000000eb580000)
  object space 42496K, 0% used [0x00000000c2000000,0x00000000c2000000,0x00000000c4980000)
 Metaspace       used 11655K, capacity 11868K, committed 12032K, reserved 1060864K
  class space    used 1409K, capacity 1434K, committed 1536K, reserved 1048576K
Event: 3,628 GC heap after
Heap after GC invocations=3 (full 0):
 PSYoungGen      total 34304K, used 2528K [0x00000000eb580000, 0x00000000ef880000, 0x0000000100000000)
  eden space 31744K, 0% used [0x00000000eb580000,0x00000000eb580000,0x00000000ed480000)
  from space 2560K, 98% used [0x00000000ed480000,0x00000000ed6f80d0,0x00000000ed700000)
  to   space 2560K, 0% used [0x00000000ef600000,0x00000000ef600000,0x00000000ef880000)
 ParOldGen       total 42496K, used 2235K [0x00000000c2000000, 0x00000000c4980000, 0x00000000eb580000)
  object space 42496K, 5% used [0x00000000c2000000,0x00000000c222ede0,0x00000000c4980000)
 Metaspace       used 11655K, capacity 11868K, committed 12032K, reserved 1060864K
  class space    used 1409K, capacity 1434K, committed 1536K, reserved 1048576K
}
Event: 4,396 GC heap before
{Heap before GC invocations=4 (full 0):
 PSYoungGen      total 34304K, used 34272K [0x00000000eb580000, 0x00000000ef880000, 0x0000000100000000)
  eden space 31744K, 100% used [0x00000000eb580000,0x00000000ed480000,0x00000000ed480000)
  from space 2560K, 98% used [0x00000000ed480000,0x00000000ed6f80d0,0x00000000ed700000)
  to   space 2560K, 0% used [0x00000000ef600000,0x00000000ef600000,0x00000000ef880000)
 ParOldGen       total 42496K, used 2235K [0x00000000c2000000, 0x00000000c4980000, 0x00000000eb580000)
  object space 42496K, 5% used [0x00000000c2000000,0x00000000c222ede0,0x00000000c4980000)
 Metaspace       used 12864K, capacity 13116K, committed 13440K, reserved 1060864K
  class space    used 1550K, capacity 1594K, committed 1664K, reserved 1048576K
Event: 4,421 GC heap after
Heap after GC invocations=4 (full 0):
 PSYoungGen      total 66048K, used 2544K [0x00000000eb580000, 0x00000000ef880000, 0x0000000100000000)
  eden space 63488K, 0% used [0x00000000eb580000,0x00000000eb580000,0x00000000ef380000)
  from space 2560K, 99% used [0x00000000ef600000,0x00000000ef87c0d0,0x00000000ef880000)
  to   space 2560K, 0% used [0x00000000ef380000,0x00000000ef380000,0x00000000ef600000)
 ParOldGen       total 42496K, used 3965K [0x00000000c2000000, 0x00000000c4980000, 0x00000000eb580000)
  object space 42496K, 9% used [0x00000000c2000000,0x00000000c23df6b8,0x00000000c4980000)
 Metaspace       used 12864K, capacity 13116K, committed 13440K, reserved 1060864K
  class space    used 1550K, capacity 1594K, committed 1664K, reserved 1048576K
}
Event: 4,813 GC heap before
{Heap before GC invocations=5 (full 0):
 PSYoungGen      total 66048K, used 66032K [0x00000000eb580000, 0x00000000ef880000, 0x0000000100000000)
  eden space 63488K, 100% used [0x00000000eb580000,0x00000000ef380000,0x00000000ef380000)
  from space 2560K, 99% used [0x00000000ef600000,0x00000000ef87c0d0,0x00000000ef880000)
  to   space 2560K, 0% used [0x00000000ef380000,0x00000000ef380000,0x00000000ef600000)
 ParOldGen       total 42496K, used 3965K [0x00000000c2000000, 0x00000000c4980000, 0x00000000eb580000)
  object space 42496K, 9% used [0x00000000c2000000,0x00000000c23df6b8,0x00000000c4980000)
 Metaspace       used 12896K, capacity 13116K, committed 13440K, reserved 1060864K
  class space    used 1550K, capacity 1594K, committed 1664K, reserved 1048576K
Event: 4,833 GC heap after
Heap after GC invocations=5 (full 0):
 PSYoungGen      total 66048K, used 2528K [0x00000000eb580000, 0x00000000f3c80000, 0x0000000100000000)
  eden space 63488K, 0% used [0x00000000eb580000,0x00000000eb580000,0x00000000ef380000)
  from space 2560K, 98% used [0x00000000ef380000,0x00000000ef5f80c0,0x00000000ef600000)
  to   space 5632K, 0% used [0x00000000f3700000,0x00000000f3700000,0x00000000f3c80000)
 ParOldGen       total 42496K, used 4013K [0x00000000c2000000, 0x00000000c4980000, 0x00000000eb580000)
  object space 42496K, 9% used [0x00000000c2000000,0x00000000c23eb6b8,0x00000000c4980000)
 Metaspace       used 12896K, capacity 13116K, committed 13440K, reserved 1060864K
  class space    used 1550K, capacity 1594K, committed 1664K, reserved 1048576K
}
Event: 5,148 GC heap before
{Heap before GC invocations=6 (full 0):
 PSYoungGen      total 66048K, used 66016K [0x00000000eb580000, 0x00000000f3c80000, 0x0000000100000000)
  eden space 63488K, 100% used [0x00000000eb580000,0x00000000ef380000,0x00000000ef380000)
  from space 2560K, 98% used [0x00000000ef380000,0x00000000ef5f80c0,0x00000000ef600000)
  to   space 5632K, 0% used [0x00000000f3700000,0x00000000f3700000,0x00000000f3c80000)
 ParOldGen       total 42496K, used 4013K [0x00000000c2000000, 0x00000000c4980000, 0x00000000eb580000)
  object space 42496K, 9% used [0x00000000c2000000,0x00000000c23eb6b8,0x00000000c4980000)
 Metaspace       used 12899K, capacity 13116K, committed 13440K, reserved 1060864K
  class space    used 1550K, capacity 1594K, committed 1664K, reserved 1048576K
Event: 5,175 GC heap after
Heap after GC invocations=6 (full 0):
 PSYoungGen      total 131584K, used 2592K [0x00000000eb580000, 0x00000000f3b80000, 0x0000000100000000)
  eden space 126976K, 0% used [0x00000000eb580000,0x00000000eb580000,0x00000000f3180000)
  from space 4608K, 56% used [0x00000000f3700000,0x00000000f39880e0,0x00000000f3b80000)
  to   space 5120K, 0% used [0x00000000f3180000,0x00000000f3180000,0x00000000f3680000)
 ParOldGen       total 42496K, used 4021K [0x00000000c2000000, 0x00000000c4980000, 0x00000000eb580000)
  object space 42496K, 9% used [0x00000000c2000000,0x00000000c23ed6b8,0x00000000c4980000)
 Metaspace       used 12899K, capacity 13116K, committed 13440K, reserved 1060864K
  class space    used 1550K, capacity 1594K, committed 1664K, reserved 1048576K
}
Event: 6,983 GC heap before
{Heap before GC invocations=7 (full 0):
 PSYoungGen      total 131584K, used 129568K [0x00000000eb580000, 0x00000000f3b80000, 0x0000000100000000)
  eden space 126976K, 100% used [0x00000000eb580000,0x00000000f3180000,0x00000000f3180000)
  from space 4608K, 56% used [0x00000000f3700000,0x00000000f39880e0,0x00000000f3b80000)
  to   space 5120K, 0% used [0x00000000f3180000,0x00000000f3180000,0x00000000f3680000)
 ParOldGen       total 42496K, used 4021K [0x00000000c2000000, 0x00000000c4980000, 0x00000000eb580000)
  object space 42496K, 9% used [0x00000000c2000000,0x00000000c23ed6b8,0x00000000c4980000)
 Metaspace       used 16578K, capacity 16800K, committed 16896K, reserved 1064960K
  class space    used 1986K, capacity 2014K, committed 2048K, reserved 1048576K

Deoptimization events (8 events):
Event: 1,344 Thread 0x00007f75a800a000 Uncommon trap: reason=unstable_if action=reinterpret pc=0x00007f75991a84e8 method=java.lang.String.indexOf([CII[CIII)I @ 123
Event: 1,346 Thread 0x00007f75a800a000 Uncommon trap: reason=unstable_if action=reinterpret pc=0x00007f759919a254 method=java.lang.String.indexOf([CII[CIII)I @ 123
Event: 1,389 Thread 0x00007f75a800a000 Uncommon trap: reason=unstable_if action=reinterpret pc=0x00007f75991d1f6c method=sun.misc.URLClassPath$JarLoader.getResource(Ljava/lang/String;Z)Lsun/misc/Resource; @ 4
Event: 2,231 Thread 0x00007f75a800a000 Uncommon trap: reason=range_check action=make_not_entrant pc=0x00007f75992456c0 method=sun.reflect.generics.parser.SignatureParser.current()C @ 34
Event: 4,185 Thread 0x00007f75a800a000 Uncommon trap: reason=unstable_if action=reinterpret pc=0x00007f75992ff4f8 method=java.lang.reflect.Method.equals(Ljava/lang/Object;)Z @ 49
Event: 4,281 Thread 0x00007f75a800a000 Uncommon trap: reason=unstable_if action=reinterpret pc=0x00007f759934a19c method=java.lang.reflect.Method.equals(Ljava/lang/Object;)Z @ 1
Event: 6,156 Thread 0x00007f75a800a000 Uncommon trap: reason=class_check action=maybe_recompile pc=0x00007f759932b410 method=java.util.HashMap.putVal(ILjava/lang/Object;Ljava/lang/Object;ZZ)Ljava/lang/Object; @ 203
Event: 6,211 Thread 0x00007f75a800a000 Uncommon trap: reason=unstable_if action=reinterpret pc=0x00007f75991953c4 method=java.lang.String.replace(CC)Ljava/lang/String; @ 26

Internal exceptions (10 events):
Event: 3,967 Thread 0x00007f75a800a000 Exception <a 'java/lang/ClassNotFoundException': org/camunda/bpm/engine/impl/cfg/ProcessEngineConfigurationImplBeanInfo> (0x00000000ebb7f0a0) thrown at [/home/jmm/jdk/openjdk-8-8u102-b14.1/src/hotspot/src/share/vm/classfile/systemDictionary.cpp, line 210]
Event: 3,969 Thread 0x00007f75a800a000 Exception <a 'java/lang/ClassNotFoundException': org/camunda/bpm/engine/ProcessEngineConfigurationBeanInfo> (0x00000000ebb92f80) thrown at [/home/jmm/jdk/openjdk-8-8u102-b14.1/src/hotspot/src/share/vm/classfile/systemDictionary.cpp, line 210]
Event: 3,970 Thread 0x00007f75a800a000 Exception <a 'java/lang/ClassNotFoundException': org/camunda/bpm/engine/ProcessEngineConfigurationCustomizer> (0x00000000ebba7a80) thrown at [/home/jmm/jdk/openjdk-8-8u102-b14.1/src/hotspot/src/share/vm/classfile/systemDictionary.cpp, line 210]
Event: 3,999 Thread 0x00007f75a800a000 Exception <a 'java/lang/ClassNotFoundException': org/camunda/bpm/engine/impl/cfg/ProcessEngineConfigurationImplCustomizer> (0x00000000ebc157c0) thrown at [/home/jmm/jdk/openjdk-8-8u102-b14.1/src/hotspot/src/share/vm/classfile/systemDictionary.cpp, line 21
Event: 4,183 Thread 0x00007f75a800a000 Exception <a 'java/lang/ClassNotFoundException': org/camunda/bpm/engine/impl/cfg/StandaloneProcessEngineConfigurationCustomizer> (0x00000000ec038288) thrown at [/home/jmm/jdk/openjdk-8-8u102-b14.1/src/hotspot/src/share/vm/classfile/systemDictionary.cpp, l
Event: 4,213 Thread 0x00007f75a800a000 Exception <a 'java/lang/ClassNotFoundException': org/camunda/bpm/engine/impl/cfg/StandaloneInMemProcessEngineConfigurationCustomizer> (0x00000000ec0c6770) thrown at [/home/jmm/jdk/openjdk-8-8u102-b14.1/src/hotspot/src/share/vm/classfile/systemDictionary.c
Event: 4,230 Thread 0x00007f75a800a000 Exception <a 'java/lang/ClassNotFoundException': org/camunda/bpm/extension/process_test_coverage/junit/rules/ProcessCoverageInMemProcessEngineConfigurationCustomizer> (0x00000000ec15bab0) thrown at [/home/jmm/jdk/openjdk-8-8u102-b14.1/src/hotspot/src/shar
Event: 4,281 Thread 0x00007f75a800a000 Implicit null exception at 0x00007f759934a10c to 0x00007f759934a189
Event: 6,887 Thread 0x00007f75a800a000 Exception <a 'java/lang/ClassCastException': org.apache.commons.logging.impl.SLF4JLogFactory cannot be cast to connectjar.org.apache.commons.logging.LogFactory> (0x00000000f30b1330) thrown at [/home/jmm/jdk/openjdk-8-8u102-b14.1/src/hotspot/src/share/vm/i
Event: 6,907 Thread 0x00007f75a800a000 Exception <a 'java/lang/NoClassDefFoundError': connectjar/org/apache/log4j/Category> (0x00000000f30fa988) thrown at [/home/jmm/jdk/openjdk-8-8u102-b14.1/src/hotspot/src/share/vm/classfile/systemDictionary.cpp, line 199]

Events (10 events):
Event: 6,967 loading class java/lang/UnsatisfiedLinkError done
Event: 6,968 loading class sun/security/ec/SunEC$1
Event: 6,968 loading class sun/security/ec/SunEC$1 done
Event: 6,975 loading class sun/security/ec/SunECEntries
Event: 6,975 loading class sun/security/ec/SunECEntries done
Event: 6,976 loading class sun/security/ec/CurveDB
Event: 6,976 loading class sun/security/ec/CurveDB done
Event: 6,979 loading class java/security/spec/ECField
Event: 6,980 loading class java/security/spec/ECField done
Event: 6,983 Executing VM operation: ParallelGCFailedAllocation


Dynamic libraries:
00400000-00401000 r-xp 00000000 08:01 300352                             /usr/lib/jvm/java-8-openjdk-amd64/jre/bin/java
00600000-00601000 r--p 00000000 08:01 300352                             /usr/lib/jvm/java-8-openjdk-amd64/jre/bin/java
00601000-00602000 rw-p 00001000 08:01 300352                             /usr/lib/jvm/java-8-openjdk-amd64/jre/bin/java
0166f000-01690000 rw-p 00000000 00:00 0                                  [heap]
c2000000-c4980000 rw-p 00000000 00:00 0 
c4980000-eb580000 ---p 00000000 00:00 0 
eb580000-f3b80000 rw-p 00000000 00:00 0 
fba80000-100000000 ---p 00000000 00:00 0 
100000000-100200000 rw-p 00000000 00:00 0 
100200000-140000000 ---p 00000000 00:00 0 
7f7568000000-7f7568021000 rw-p 00000000 00:00 0 
7f7568021000-7f756c000000 ---p 00000000 00:00 0 
7f7570000000-7f7570590000 rw-p 00000000 00:00 0 
7f7570590000-7f7574000000 ---p 00000000 00:00 0 
7f7574000000-7f7574021000 rw-p 00000000 00:00 0 
7f7574021000-7f7578000000 ---p 00000000 00:00 0 
7f7578000000-7f7578021000 rw-p 00000000 00:00 0 
7f7578021000-7f757c000000 ---p 00000000 00:00 0 
7f757c000000-7f757cbfb000 rw-p 00000000 00:00 0 
7f757cbfb000-7f7580000000 ---p 00000000 00:00 0 
7f7580000000-7f7580021000 rw-p 00000000 00:00 0 
7f7580021000-7f7584000000 ---p 00000000 00:00 0 
7f7584000000-7f7584021000 rw-p 00000000 00:00 0 
7f7584021000-7f7588000000 ---p 00000000 00:00 0 
7f7588000000-7f7588021000 rw-p 00000000 00:00 0 
7f7588021000-7f758c000000 ---p 00000000 00:00 0 
7f758c000000-7f758c021000 rw-p 00000000 00:00 0 
7f758c021000-7f7590000000 ---p 00000000 00:00 0 
7f7590000000-7f7590021000 rw-p 00000000 00:00 0 
7f7590021000-7f7594000000 ---p 00000000 00:00 0 
7f759470d000-7f759470e000 rw-p 00000000 00:00 0 
7f759470e000-7f7594736000 r-xp 00000000 08:01 300282                     /usr/lib/jvm/java-8-openjdk-amd64/jre/lib/amd64/libsunec.so
7f7594736000-7f7594936000 ---p 00028000 08:01 300282                     /usr/lib/jvm/java-8-openjdk-amd64/jre/lib/amd64/libsunec.so
7f7594936000-7f759493a000 r--p 00028000 08:01 300282                     /usr/lib/jvm/java-8-openjdk-amd64/jre/lib/amd64/libsunec.so
7f759493a000-7f759493c000 rw-p 0002c000 08:01 300282                     /usr/lib/jvm/java-8-openjdk-amd64/jre/lib/amd64/libsunec.so
7f759493c000-7f759493f000 r--s 00015000 08:01 300256                     /usr/lib/jvm/java-8-openjdk-amd64/jre/lib/jce.jar
7f759493f000-7f7594943000 r--s 00097000 08:01 300237                     /usr/lib/jvm/java-8-openjdk-amd64/jre/lib/jsse.jar
7f7594943000-7f75949c3000 rw-p 00000000 00:00 0 
7f75949c3000-7f7594b43000 ---p 00000000 00:00 0 
7f7594b43000-7f7594d43000 rw-p 00000000 00:00 0 
7f7594d43000-7f7594f43000 rw-p 00000000 00:00 0 
7f7594f43000-7f7594f56000 r--s 00346000 08:01 300248                     /usr/lib/jvm/java-8-openjdk-amd64/jre/lib/resources.jar
7f7594f56000-7f7595156000 rw-p 00000000 00:00 0 
7f7595156000-7f7595457000 rw-p 00000000 00:00 0 
7f7595457000-7f759546e000 r-xp 00000000 08:01 300283                     /usr/lib/jvm/java-8-openjdk-amd64/jre/lib/amd64/libnet.so
7f759546e000-7f759566d000 ---p 00017000 08:01 300283                     /usr/lib/jvm/java-8-openjdk-amd64/jre/lib/amd64/libnet.so
7f759566d000-7f759566e000 r--p 00016000 08:01 300283                     /usr/lib/jvm/java-8-openjdk-amd64/jre/lib/amd64/libnet.so
7f759566e000-7f759566f000 rw-p 00017000 08:01 300283                     /usr/lib/jvm/java-8-openjdk-amd64/jre/lib/amd64/libnet.so
7f759566f000-7f7595676000 r--s 00000000 08:01 41406                      /usr/lib/x86_64-linux-gnu/gconv/gconv-modules.cache
7f7595676000-7f759569c000 r--p 00000000 08:01 4621                       /usr/share/locale/de/LC_MESSAGES/libc.mo
7f759569c000-7f759569f000 r--s 00007000 08:01 537142                     /home/gpm17/.m2/repository/org/apache/maven/surefire/surefire-junit4/2.12.4/surefire-junit4-2.12.4.jar
7f759569f000-7f75956a1000 r--s 00000000 08:01 534482                     /home/gpm17/.m2/repository/org/slf4j/jul-to-slf4j/1.7.7/jul-to-slf4j-1.7.7.jar
7f75956a1000-7f75956a3000 r--s 00003000 08:01 534458                     /home/gpm17/.m2/repository/org/slf4j/jcl-over-slf4j/1.7.7/jcl-over-slf4j-1.7.7.jar
7f75956a3000-7f75956ad000 r--s 0005f000 08:01 534477                     /home/gpm17/.m2/repository/ch/qos/logback/logback-core/1.1.2/logback-core-1.1.2.jar
7f75956ad000-7f75956b3000 r--s 0003d000 08:01 534460                     /home/gpm17/.m2/repository/ch/qos/logback/logback-classic/1.1.2/logback-classic-1.1.2.jar
7f75956b3000-7f75956b4000 r--s 0000c000 08:01 534470                     /home/gpm17/.m2/repository/org/hamcrest/hamcrest-library/1.3/hamcrest-library-1.3.jar
7f75956b4000-7f75956bb000 r--s 00064000 08:01 534468                     /home/gpm17/.m2/repository/org/apache/commons/commons-lang3/3.4/commons-lang3-3.4.jar
7f75956bb000-7f75956bf000 r--s 0002f000 08:01 534467                     /home/gpm17/.m2/repository/commons-io/commons-io/2.5/commons-io-2.5.jar
7f75956bf000-7f75956c5000 r--s 001ee000 08:01 534464                     /home/gpm17/.m2/repository/org/camunda/bpm/extension/camunda-bpm-process-test-coverage/0.3.1/camunda-bpm-process-test-coverage-0.3.1.jar
7f75956c5000-7f75956cf000 r--s 0012f000 08:01 534463                     /home/gpm17/.m2/repository/com/h2database/h2/1.3.168/h2-1.3.168.jar
7f75956cf000-7f75956d1000 r--s 00009000 08:01 534472                     /home/gpm17/.m2/repository/org/hamcrest/hamcrest-core/1.3/hamcrest-core-1.3.jar
7f75956d1000-7f75956d9000 r--s 00045000 08:01 534474                     /home/gpm17/.m2/repository/junit/junit/4.12/junit-4.12.jar
7f75956d9000-7f75956dc000 r--s 00012000 08:01 534441                     /home/gpm17/.m2/repository/javax/servlet/javax.servlet-api/3.0.1/javax.servlet-api-3.0.1.jar
7f75956dc000-7f75956e0000 r--s 0003c000 08:01 533824                     /home/gpm17/.m2/repository/commons-lang/commons-lang/2.4/commons-lang-2.4.jar
7f75956e0000-7f75956ee000 r--s 0007f000 08:01 533895                     /home/gpm17/.m2/repository/commons-collections/commons-collections/3.2.1/commons-collections-3.2.1.jar
7f75956ee000-7f75956f6000 r--s 00066000 08:01 533822                     /home/gpm17/.m2/repository/org/apache/velocity/velocity/1.7/velocity-1.7.jar
7f75956f6000-7f75956f7000 r--s 00001000 08:01 534401                     /home/gpm17/.m2/repository/org/camunda/template-engines/camunda-template-engines-velocity/1.0.1/camunda-template-engines-velocity-1.0.1.jar
7f75956f7000-7f7595708000 r--s 000e8000 08:01 534454                     /home/gpm17/.m2/repository/org/freemarker/freemarker/2.3.20/freemarker-2.3.20.jar
7f7595708000-7f7595709000 r--s 00001000 08:01 534452                     /home/gpm17/.m2/repository/org/camunda/template-engines/camunda-template-engines-freemarker/1.0.1/camunda-template-engines-freemarker-1.0.1.jar
7f7595709000-7f759570b000 r--s 00001000 08:01 534405                     /home/gpm17/.m2/repository/org/camunda/bpm/camunda-engine-plugin-connect/7.7.0/camunda-engine-plugin-connect-7.7.0.jar
7f759570b000-7f759570d000 r--s 00003000 08:01 534450                     /home/gpm17/.m2/repository/org/camunda/connect/camunda-connect-core/1.0.4/camunda-connect-core-1.0.4.jar
7f759570d000-7f7595728000 r--s 00111000 08:01 534440                     /home/gpm17/.m2/repository/org/camunda/connect/camunda-connect-connectors-all/1.0.4/camunda-connect-connectors-all-1.0.4.jar
7f7595728000-7f759572a000 r--s 00007000 08:01 534398                     /home/gpm17/.m2/repository/org/camunda/bpm/camunda-engine-plugin-spin/7.7.0/camunda-engine-plugin-spin-7.7.0.jar
7f759572a000-7f759572c000 r--s 00006000 08:01 534396                     /home/gpm17/.m2/repository/org/slf4j/slf4j-api/1.7.7/slf4j-api-1.7.7.jar
7f759572c000-7f759572f000 r--s 0000a000 08:01 534434                     /home/gpm17/.m2/repository/org/camunda/spin/camunda-spin-core/1.3.1/camunda-spin-core-1.3.1.jar
7f759572f000-7f7595749000 r--s 0017b000 08:01 534438                     /home/gpm17/.m2/repository/org/camunda/spin/camunda-spin-dataformat-all/1.3.1/camunda-spin-dataformat-all-1.3.1.jar
7f7595749000-7f7595756000 r--s 0008b000 08:01 534436                     /home/gpm17/.m2/repository/org/assertj/assertj-core/1.7.0/assertj-core-1.7.0.jar
7f7595756000-7f7595759000 r--s 00018000 08:01 534428                     /home/gpm17/.m2/repository/de/odysseus/juel/juel-impl/2.2.7/juel-impl-2.2.7.jar
7f7595759000-7f759575e000 r--s 00029000 08:01 534394                     /home/gpm17/.m2/repository/org/camunda/bpm/dmn/camunda-engine-feel-juel/7.7.0/camunda-engine-feel-juel-7.7.0.jar
7f759575e000-7f7595767000 r--s 0002e000 08:01 534402                     /home/gpm17/.m2/repository/org/camunda/bpm/model/camunda-dmn-model/7.7.0/camunda-dmn-model-7.7.0.jar
7f7595767000-7f7595768000 ---p 00000000 00:00 0 
7f7595768000-7f7595868000 rw-p 00000000 00:00 0                          [stack:3758]
7f7595868000-7f759586b000 ---p 00000000 00:00 0 
7f759586b000-7f7595969000 rw-p 00000000 00:00 0                          [stack:3757]
7f7595969000-7f759596c000 ---p 00000000 00:00 0 
7f759596c000-7f7595a6a000 rw-p 00000000 00:00 0                          [stack:3756]
7f7595a6a000-7f7595a6d000 ---p 00000000 00:00 0 
7f7595a6d000-7f7595b6b000 rw-p 00000000 00:00 0                          [stack:3755]
7f7595b6b000-7f7595b6e000 ---p 00000000 00:00 0 
7f7595b6e000-7f7595c6c000 rw-p 00000000 00:00 0                          [stack:3754]
7f7595c6c000-7f7595df5000 r--p 00000000 08:01 24266                      /usr/lib/locale/locale-archive
7f7595df5000-7f7595df8000 ---p 00000000 00:00 0 
7f7595df8000-7f7595ef6000 rw-p 00000000 00:00 0                          [stack:3753]
7f7595ef6000-7f7595ef9000 ---p 00000000 00:00 0 
7f7595ef9000-7f7595ff7000 rw-p 00000000 00:00 0                          [stack:3752]
7f7595ff7000-7f7595ff8000 ---p 00000000 00:00 0 
7f7595ff8000-7f7599000000 rw-p 00000000 00:00 0                          [stack:3751]
7f7599000000-7f7599400000 rwxp 00000000 00:00 0 
7f7599400000-7f75a8000000 ---p 00000000 00:00 0 
7f75a8000000-7f75a890f000 rw-p 00000000 00:00 0 
7f75a890f000-7f75ac000000 ---p 00000000 00:00 0 
7f75ac000000-7f75ac001000 r--s 00006000 08:01 534435                     /home/gpm17/.m2/repository/org/camunda/bpm/extension/camunda-bpm-assert/1.2/camunda-bpm-assert-1.2.jar
7f75ac001000-7f75ac002000 r--s 00000000 08:01 534425                     /home/gpm17/.m2/repository/de/odysseus/juel/juel-spi/2.2.7/juel-spi-2.2.7.jar
7f75ac002000-7f75ac003000 r--s 00007000 08:01 534404                     /home/gpm17/.m2/repository/de/odysseus/juel/juel-api/2.2.7/juel-api-2.2.7.jar
7f75ac003000-7f75ac005000 r--s 00000000 08:01 534403                     /home/gpm17/.m2/repository/org/camunda/bpm/dmn/camunda-engine-feel-api/7.7.0/camunda-engine-feel-api-7.7.0.jar
7f75ac005000-7f75ac006000 r--s 00002000 08:01 534456                     /home/gpm17/.m2/repository/org/camunda/commons/camunda-commons-utils/1.4.0/camunda-commons-utils-1.4.0.jar
7f75ac006000-7f75ac00b000 r--s 0001e000 08:01 534422                     /home/gpm17/.m2/repository/org/camunda/bpm/dmn/camunda-engine-dmn/7.7.0/camunda-engine-dmn-7.7.0.jar
7f75ac00b000-7f75ac01b000 r--s 0007c000 08:01 534420                     /home/gpm17/.m2/repository/joda-time/joda-time/2.1/joda-time-2.1.jar
7f75ac01b000-7f75ac01d000 r--s 0000d000 08:01 534418                     /home/gpm17/.m2/repository/commons-logging/commons-logging/1.1.1/commons-logging-1.1.1.jar
7f75ac01d000-7f75ac01e000 r--s 0000c000 08:01 534416                     /home/gpm17/.m2/repository/org/springframework/spring-asm/3.1.2.RELEASE/spring-asm-3.1.2.RELEASE.jar
7f75ac01e000-7f75ac028000 r--s 00064000 08:01 534414                     /home/gpm17/.m2/repository/org/springframework/spring-core/3.1.2.RELEASE/spring-core-3.1.2.RELEASE.jar
7f75ac028000-7f75ac034000 r--s 00085000 08:01 534389                     /home/gpm17/.m2/repository/org/springframework/spring-beans/3.1.2.RELEASE/spring-beans-3.1.2.RELEASE.jar
7f75ac034000-7f75ac042000 r--s 000a1000 08:01 534412                     /home/gpm17/.m2/repository/org/mybatis/mybatis/3.2.8/mybatis-3.2.8.jar
7f75ac042000-7f75ac044000 r--s 0000e000 08:01 534409                     /home/gpm17/.m2/repository/javax/activation/activation/1.1/activation-1.1.jar
7f75ac044000-7f75ac04b000 r--s 00067000 08:01 534406                     /home/gpm17/.m2/repository/javax/mail/mail/1.4.1/mail-1.4.1.jar
7f75ac04b000-7f75ac04c000 r--s 00007000 08:01 534395                     /home/gpm17/.m2/repository/org/apache/commons/commons-email/1.2/commons-email-1.2.jar
7f75ac04c000-7f75ac04f000 r--s 0000d000 08:01 534426                     /home/gpm17/.m2/repository/org/camunda/commons/camunda-commons-typed-values/1.4.0/camunda-commons-typed-values-1.4.0.jar
7f75ac04f000-7f75ac051000 r--s 00000000 08:01 534427                     /home/gpm17/.m2/repository/org/camunda/commons/camunda-commons-logging/1.4.0/camunda-commons-logging-1.4.0.jar
7f75ac051000-7f75ac05a000 r--s 0003d000 08:01 534388                     /home/gpm17/.m2/repository/org/camunda/bpm/model/camunda-cmmn-model/7.7.0/camunda-cmmn-model-7.7.0.jar
7f75ac05a000-7f75ac05f000 r--s 00023000 08:01 534400                     /home/gpm17/.m2/repository/org/camunda/bpm/model/camunda-xml-model/7.7.0/camunda-xml-model-7.7.0.jar
7f75ac05f000-7f75ac072000 r--s 0008a000 08:01 534386                     /home/gpm17/.m2/repository/org/camunda/bpm/model/camunda-bpmn-model/7.7.0/camunda-bpmn-model-7.7.0.jar
7f75ac072000-7f75ac0bb000 r--s 00317000 08:01 534392                     /home/gpm17/.m2/repository/org/camunda/bpm/camunda-engine/7.7.0/camunda-engine-7.7.0.jar
7f75ac0bb000-7f75ac0bf000 r--s 00019000 08:01 536390                     /home/gpm17/.m2/repository/org/apache/maven/surefire/surefire-api/2.12.4/surefire-api-2.12.4.jar
7f75ac0bf000-7f75ac0c1000 r--s 00007000 08:01 536386                     /home/gpm17/.m2/repository/org/apache/maven/surefire/surefire-booter/2.12.4/surefire-booter-2.12.4.jar
7f75ac0c1000-7f75ac0c2000 r--s 00001000 08:01 419335                     /home/gpm17/Repository/GPM/bachelorthesis/target/surefire/surefirebooter4158646947209838240.jar
7f75ac0c2000-7f75ac0c5000 r--s 0000f000 08:01 300312                     /usr/lib/jvm/java-8-openjdk-amd64/jre/lib/ext/icedtea-sound.jar
7f75ac0c5000-7f75ac0c6000 r--s 0000a000 08:01 300310                     /usr/lib/jvm/java-8-openjdk-amd64/jre/lib/ext/jaccess.jar
7f75ac0c6000-7f75ac0ca000 r--s 00037000 08:01 300307                     /usr/lib/jvm/java-8-openjdk-amd64/jre/lib/ext/sunpkcs11.jar
7f75ac0ca000-7f75ac0e5000 r--s 001d5000 08:01 300309                     /usr/lib/jvm/java-8-openjdk-amd64/jre/lib/ext/nashorn.jar
7f75ac0e5000-7f75ac1e6000 rw-p 00000000 00:00 0 
7f75ac1e6000-7f75ac3b4000 r--s 03bf1000 08:01 300304                     /usr/lib/jvm/java-8-openjdk-amd64/jre/lib/rt.jar
7f75ac3b4000-7f75ac61a000 rw-p 00000000 00:00 0 
7f75ac61a000-7f75ac61b000 ---p 00000000 00:00 0 
7f75ac61b000-7f75ac71b000 rw-p 00000000 00:00 0                          [stack:3750]
7f75ac71b000-7f75ac71c000 ---p 00000000 00:00 0 
7f75ac71c000-7f75ac831000 rw-p 00000000 00:00 0                          [stack:3749]
7f75ac831000-7f75ac967000 ---p 00000000 00:00 0 
7f75ac967000-7f75ac97c000 rw-p 00000000 00:00 0 
7f75ac97c000-7f75acab1000 ---p 00000000 00:00 0 
7f75acab1000-7f75acaf5000 rw-p 00000000 00:00 0 
7f75acaf5000-7f75acb57000 ---p 00000000 00:00 0 
7f75acb57000-7f75acb68000 rw-p 00000000 00:00 0 
7f75acb68000-7f75acf18000 ---p 00000000 00:00 0 
7f75acf18000-7f75acf20000 r-xp 00000000 08:01 300264                     /usr/lib/jvm/java-8-openjdk-amd64/jre/lib/amd64/libzip.so
7f75acf20000-7f75ad11f000 ---p 00008000 08:01 300264                     /usr/lib/jvm/java-8-openjdk-amd64/jre/lib/amd64/libzip.so
7f75ad11f000-7f75ad120000 r--p 00007000 08:01 300264                     /usr/lib/jvm/java-8-openjdk-amd64/jre/lib/amd64/libzip.so
7f75ad120000-7f75ad121000 rw-p 00008000 08:01 300264                     /usr/lib/jvm/java-8-openjdk-amd64/jre/lib/amd64/libzip.so
7f75ad121000-7f75ad12c000 r-xp 00000000 08:01 268392                     /lib/x86_64-linux-gnu/libnss_files-2.19.so
7f75ad12c000-7f75ad32b000 ---p 0000b000 08:01 268392                     /lib/x86_64-linux-gnu/libnss_files-2.19.so
7f75ad32b000-7f75ad32c000 r--p 0000a000 08:01 268392                     /lib/x86_64-linux-gnu/libnss_files-2.19.so
7f75ad32c000-7f75ad32d000 rw-p 0000b000 08:01 268392                     /lib/x86_64-linux-gnu/libnss_files-2.19.so
7f75ad32d000-7f75ad337000 r-xp 00000000 08:01 268407                     /lib/x86_64-linux-gnu/libnss_nis-2.19.so
7f75ad337000-7f75ad536000 ---p 0000a000 08:01 268407                     /lib/x86_64-linux-gnu/libnss_nis-2.19.so
7f75ad536000-7f75ad537000 r--p 00009000 08:01 268407                     /lib/x86_64-linux-gnu/libnss_nis-2.19.so
7f75ad537000-7f75ad538000 rw-p 0000a000 08:01 268407                     /lib/x86_64-linux-gnu/libnss_nis-2.19.so
7f75ad538000-7f75ad54d000 r-xp 00000000 08:01 268377                     /lib/x86_64-linux-gnu/libnsl-2.19.so
7f75ad54d000-7f75ad74c000 ---p 00015000 08:01 268377                     /lib/x86_64-linux-gnu/libnsl-2.19.so
7f75ad74c000-7f75ad74d000 r--p 00014000 08:01 268377                     /lib/x86_64-linux-gnu/libnsl-2.19.so
7f75ad74d000-7f75ad74e000 rw-p 00015000 08:01 268377                     /lib/x86_64-linux-gnu/libnsl-2.19.so
7f75ad74e000-7f75ad750000 rw-p 00000000 00:00 0 
7f75ad750000-7f75ad757000 r-xp 00000000 08:01 268384                     /lib/x86_64-linux-gnu/libnss_compat-2.19.so
7f75ad757000-7f75ad956000 ---p 00007000 08:01 268384                     /lib/x86_64-linux-gnu/libnss_compat-2.19.so
7f75ad956000-7f75ad957000 r--p 00006000 08:01 268384                     /lib/x86_64-linux-gnu/libnss_compat-2.19.so
7f75ad957000-7f75ad958000 rw-p 00007000 08:01 268384                     /lib/x86_64-linux-gnu/libnss_compat-2.19.so
7f75ad958000-7f75ad985000 r-xp 00000000 08:01 300290                     /usr/lib/jvm/java-8-openjdk-amd64/jre/lib/amd64/libjava.so
7f75ad985000-7f75adb85000 ---p 0002d000 08:01 300290                     /usr/lib/jvm/java-8-openjdk-amd64/jre/lib/amd64/libjava.so
7f75adb85000-7f75adb86000 r--p 0002d000 08:01 300290                     /usr/lib/jvm/java-8-openjdk-amd64/jre/lib/amd64/libjava.so
7f75adb86000-7f75adb88000 rw-p 0002e000 08:01 300290                     /usr/lib/jvm/java-8-openjdk-amd64/jre/lib/amd64/libjava.so
7f75adb88000-7f75adb97000 r-xp 00000000 08:01 300292                     /usr/lib/jvm/java-8-openjdk-amd64/jre/lib/amd64/libverify.so
7f75adb97000-7f75add97000 ---p 0000f000 08:01 300292                     /usr/lib/jvm/java-8-openjdk-amd64/jre/lib/amd64/libverify.so
7f75add97000-7f75add9a000 r--p 0000f000 08:01 300292                     /usr/lib/jvm/java-8-openjdk-amd64/jre/lib/amd64/libverify.so
7f75add9a000-7f75add9b000 rw-p 00012000 08:01 300292                     /usr/lib/jvm/java-8-openjdk-amd64/jre/lib/amd64/libverify.so
7f75add9b000-7f75adda2000 r-xp 00000000 08:01 277927                     /lib/x86_64-linux-gnu/librt-2.19.so
7f75adda2000-7f75adfa1000 ---p 00007000 08:01 277927                     /lib/x86_64-linux-gnu/librt-2.19.so
7f75adfa1000-7f75adfa2000 r--p 00006000 08:01 277927                     /lib/x86_64-linux-gnu/librt-2.19.so
7f75adfa2000-7f75adfa3000 rw-p 00007000 08:01 277927                     /lib/x86_64-linux-gnu/librt-2.19.so
7f75adfa3000-7f75adfb9000 r-xp 00000000 08:01 262374                     /lib/x86_64-linux-gnu/libgcc_s.so.1
7f75adfb9000-7f75ae1b8000 ---p 00016000 08:01 262374                     /lib/x86_64-linux-gnu/libgcc_s.so.1
7f75ae1b8000-7f75ae1b9000 rw-p 00015000 08:01 262374                     /lib/x86_64-linux-gnu/libgcc_s.so.1
7f75ae1b9000-7f75ae2b9000 r-xp 00000000 08:01 268329                     /lib/x86_64-linux-gnu/libm-2.19.so
7f75ae2b9000-7f75ae4b8000 ---p 00100000 08:01 268329                     /lib/x86_64-linux-gnu/libm-2.19.so
7f75ae4b8000-7f75ae4b9000 r--p 000ff000 08:01 268329                     /lib/x86_64-linux-gnu/libm-2.19.so
7f75ae4b9000-7f75ae4ba000 rw-p 00100000 08:01 268329                     /lib/x86_64-linux-gnu/libm-2.19.so
7f75ae4ba000-7f75ae5a6000 r-xp 00000000 08:01 5484                       /usr/lib/x86_64-linux-gnu/libstdc++.so.6.0.20
7f75ae5a6000-7f75ae7a6000 ---p 000ec000 08:01 5484                       /usr/lib/x86_64-linux-gnu/libstdc++.so.6.0.20
7f75ae7a6000-7f75ae7ae000 r--p 000ec000 08:01 5484                       /usr/lib/x86_64-linux-gnu/libstdc++.so.6.0.20
7f75ae7ae000-7f75ae7b0000 rw-p 000f4000 08:01 5484                       /usr/lib/x86_64-linux-gnu/libstdc++.so.6.0.20
7f75ae7b0000-7f75ae7c5000 rw-p 00000000 00:00 0 
7f75ae7c5000-7f75af45c000 r-xp 00000000 08:01 300260                     /usr/lib/jvm/java-8-openjdk-amd64/jre/lib/amd64/server/libjvm.so
7f75af45c000-7f75af65b000 ---p 00c97000 08:01 300260                     /usr/lib/jvm/java-8-openjdk-amd64/jre/lib/amd64/server/libjvm.so
7f75af65b000-7f75af6fe000 r--p 00c96000 08:01 300260                     /usr/lib/jvm/java-8-openjdk-amd64/jre/lib/amd64/server/libjvm.so
7f75af6fe000-7f75af727000 rw-p 00d39000 08:01 300260                     /usr/lib/jvm/java-8-openjdk-amd64/jre/lib/amd64/server/libjvm.so
7f75af727000-7f75af758000 rw-p 00000000 00:00 0 
7f75af758000-7f75af8f9000 r-xp 00000000 08:01 263613                     /lib/x86_64-linux-gnu/libc-2.19.so
7f75af8f9000-7f75afaf9000 ---p 001a1000 08:01 263613                     /lib/x86_64-linux-gnu/libc-2.19.so
7f75afaf9000-7f75afafd000 r--p 001a1000 08:01 263613                     /lib/x86_64-linux-gnu/libc-2.19.so
7f75afafd000-7f75afaff000 rw-p 001a5000 08:01 263613                     /lib/x86_64-linux-gnu/libc-2.19.so
7f75afaff000-7f75afb03000 rw-p 00000000 00:00 0 
7f75afb03000-7f75afb06000 r-xp 00000000 08:01 263629                     /lib/x86_64-linux-gnu/libdl-2.19.so
7f75afb06000-7f75afd05000 ---p 00003000 08:01 263629                     /lib/x86_64-linux-gnu/libdl-2.19.so
7f75afd05000-7f75afd06000 r--p 00002000 08:01 263629                     /lib/x86_64-linux-gnu/libdl-2.19.so
7f75afd06000-7f75afd07000 rw-p 00003000 08:01 263629                     /lib/x86_64-linux-gnu/libdl-2.19.so
7f75afd07000-7f75afd15000 r-xp 00000000 08:01 300289                     /usr/lib/jvm/java-8-openjdk-amd64/jre/lib/amd64/jli/libjli.so
7f75afd15000-7f75aff14000 ---p 0000e000 08:01 300289                     /usr/lib/jvm/java-8-openjdk-amd64/jre/lib/amd64/jli/libjli.so
7f75aff14000-7f75aff15000 r--p 0000d000 08:01 300289                     /usr/lib/jvm/java-8-openjdk-amd64/jre/lib/amd64/jli/libjli.so
7f75aff15000-7f75aff16000 rw-p 0000e000 08:01 300289                     /usr/lib/jvm/java-8-openjdk-amd64/jre/lib/amd64/jli/libjli.so
7f75aff16000-7f75aff30000 r-xp 00000000 08:01 263716                     /lib/x86_64-linux-gnu/libz.so.1.2.8
7f75aff30000-7f75b012f000 ---p 0001a000 08:01 263716                     /lib/x86_64-linux-gnu/libz.so.1.2.8
7f75b012f000-7f75b0130000 r--p 00019000 08:01 263716                     /lib/x86_64-linux-gnu/libz.so.1.2.8
7f75b0130000-7f75b0131000 rw-p 0001a000 08:01 263716                     /lib/x86_64-linux-gnu/libz.so.1.2.8
7f75b0131000-7f75b0149000 r-xp 00000000 08:01 262242                     /lib/x86_64-linux-gnu/libpthread-2.19.so
7f75b0149000-7f75b0348000 ---p 00018000 08:01 262242                     /lib/x86_64-linux-gnu/libpthread-2.19.so
7f75b0348000-7f75b0349000 r--p 00017000 08:01 262242                     /lib/x86_64-linux-gnu/libpthread-2.19.so
7f75b0349000-7f75b034a000 rw-p 00018000 08:01 262242                     /lib/x86_64-linux-gnu/libpthread-2.19.so
7f75b034a000-7f75b034e000 rw-p 00000000 00:00 0 
7f75b034e000-7f75b036f000 r-xp 00000000 08:01 263505                     /lib/x86_64-linux-gnu/ld-2.19.so
7f75b036f000-7f75b0379000 r--s 00116000 08:01 300308                     /usr/lib/jvm/java-8-openjdk-amd64/jre/lib/ext/localedata.jar
7f75b0379000-7f75b0395000 r--s 00393000 08:01 300311                     /usr/lib/jvm/java-8-openjdk-amd64/jre/lib/ext/cldrdata.jar
7f75b0395000-7f75b0451000 rw-p 00000000 00:00 0 
7f75b0451000-7f75b0454000 ---p 00000000 00:00 0 
7f75b0454000-7f75b0557000 rw-p 00000000 00:00 0                          [stack:3748]
7f75b0557000-7f75b0558000 r--s 00010000 08:01 300315                     /usr/lib/jvm/java-8-openjdk-amd64/jre/lib/ext/zipfs.jar
7f75b0558000-7f75b0559000 r--s 00008000 08:01 300314                     /usr/lib/jvm/java-8-openjdk-amd64/jre/lib/ext/sunec.jar
7f75b0559000-7f75b055b000 r--s 00006000 08:01 138941                     /usr/share/java/java-atk-wrapper.jar
7f75b055b000-7f75b055d000 r--s 00001000 08:01 300313                     /usr/lib/jvm/java-8-openjdk-amd64/jre/lib/ext/dnsns.jar
7f75b055d000-7f75b0562000 r--s 0003b000 08:01 300316                     /usr/lib/jvm/java-8-openjdk-amd64/jre/lib/ext/sunjce_provider.jar
7f75b0562000-7f75b056a000 rw-s 00000000 08:01 292595                     /tmp/hsperfdata_gpm17/3744
7f75b056a000-7f75b056b000 rw-p 00000000 00:00 0 
7f75b056b000-7f75b056c000 ---p 00000000 00:00 0 
7f75b056c000-7f75b056e000 rw-p 00000000 00:00 0 
7f75b056e000-7f75b056f000 r--p 00020000 08:01 263505                     /lib/x86_64-linux-gnu/ld-2.19.so
7f75b056f000-7f75b0570000 rw-p 00021000 08:01 263505                     /lib/x86_64-linux-gnu/ld-2.19.so
7f75b0570000-7f75b0571000 rw-p 00000000 00:00 0 
7ffde0421000-7ffde0442000 rw-p 00000000 00:00 0                          [stack]
7ffde0573000-7ffde0575000 r-xp 00000000 00:00 0                          [vdso]
7ffde0575000-7ffde0577000 r--p 00000000 00:00 0                          [vvar]
ffffffffff600000-ffffffffff601000 r-xp 00000000 00:00 0                  [vsyscall]

VM Arguments:
java_command: /home/gpm17/Repository/GPM/bachelorthesis/target/surefire/surefirebooter4158646947209838240.jar /home/gpm17/Repository/GPM/bachelorthesis/target/surefire/surefire2248900741524579811tmp /home/gpm17/Repository/GPM/bachelorthesis/target/surefire/surefire_06327180139588082596tmp
java_class_path (initial): /home/gpm17/Repository/GPM/bachelorthesis/target/surefire/surefirebooter4158646947209838240.jar
Launcher Type: SUN_STANDARD

Environment Variables:
PATH=/usr/local/bin:/usr/bin:/bin:/usr/local/games:/usr/games
LD_LIBRARY_PATH=/opt/intellij-idea/idea-IC-172.4343.14/bin:
SHELL=/bin/bash
DISPLAY=:0.0

Signal Handlers:
SIGSEGV: [libjvm.so+0xa960e0], sa_mask[0]=11111111011111111101111111111110, sa_flags=SA_RESTART|SA_SIGINFO
SIGBUS: [libjvm.so+0xa960e0], sa_mask[0]=11111111011111111101111111111110, sa_flags=SA_RESTART|SA_SIGINFO
SIGFPE: [libjvm.so+0x8dddb0], sa_mask[0]=11111111011111111101111111111110, sa_flags=SA_RESTART|SA_SIGINFO
SIGPIPE: [libjvm.so+0x8dddb0], sa_mask[0]=11111111011111111101111111111110, sa_flags=SA_RESTART|SA_SIGINFO
SIGXFSZ: [libjvm.so+0x8dddb0], sa_mask[0]=11111111011111111101111111111110, sa_flags=SA_RESTART|SA_SIGINFO
SIGILL: [libjvm.so+0x8dddb0], sa_mask[0]=11111111011111111101111111111110, sa_flags=SA_RESTART|SA_SIGINFO
SIGUSR1: SIG_DFL, sa_mask[0]=00000000000000000000000000000000, sa_flags=none
SIGUSR2: [libjvm.so+0x8ddc60], sa_mask[0]=00100000000000000000000000000000, sa_flags=SA_RESTART|SA_SIGINFO
SIGHUP: [libjvm.so+0x8dde80], sa_mask[0]=11111111011111111101111111111110, sa_flags=SA_RESTART|SA_SIGINFO
SIGINT: [libjvm.so+0x8dde80], sa_mask[0]=11111111011111111101111111111110, sa_flags=SA_RESTART|SA_SIGINFO
SIGTERM: [libjvm.so+0x8dde80], sa_mask[0]=11111111011111111101111111111110, sa_flags=SA_RESTART|SA_SIGINFO
SIGQUIT: [libjvm.so+0x8dde80], sa_mask[0]=11111111011111111101111111111110, sa_flags=SA_RESTART|SA_SIGINFO


---------------  S Y S T E M  ---------------

OS:PRETTY_NAME="Debian GNU/Linux 8 (jessie)"
NAME="Debian GNU/Linux"
VERSION_ID="8"
VERSION="8 (jessie)"
ID=debian
HOME_URL="http://www.debian.org/"
SUPPORT_URL="http://www.debian.org/support"
BUG_REPORT_URL="https://bugs.debian.org/"

uname:Linux 3.16.0-4-amd64 #1 SMP Debian 3.16.43-2+deb8u5 (2017-09-19) x86_64
libc:glibc 2.19 NPTL 2.19 
rlimit: STACK 8192k, CORE 0k, NPROC 15788, NOFILE 65536, AS infinity
load average:1,10 0,72 0,85

/proc/meminfo:
MemTotal:        4058900 kB
MemFree:          118152 kB
MemAvailable:      70556 kB
Buffers:            2044 kB
Cached:            84188 kB
SwapCached:        13228 kB
Active:          3056940 kB
Inactive:         770824 kB
Active(anon):    3031352 kB
Inactive(anon):   745248 kB
Active(file):      25588 kB
Inactive(file):    25576 kB
Unevictable:          40 kB
Mlocked:              40 kB
SwapTotal:        393212 kB
SwapFree:              0 kB
Dirty:              4356 kB
Writeback:          2368 kB
AnonPages:       3728568 kB
Mapped:            64992 kB
Shmem:             34736 kB
Slab:              46028 kB
SReclaimable:      22584 kB
SUnreclaim:        23444 kB
KernelStack:       11104 kB
PageTables:        32640 kB
NFS_Unstable:          0 kB
Bounce:                0 kB
WritebackTmp:          0 kB
CommitLimit:     2422660 kB
Committed_AS:    8093900 kB
VmallocTotal:   34359738367 kB
VmallocUsed:       54764 kB
VmallocChunk:   34359679992 kB
HardwareCorrupted:     0 kB
AnonHugePages:         0 kB
HugePages_Total:       0
HugePages_Free:        0
HugePages_Rsvd:        0
HugePages_Surp:        0
Hugepagesize:       2048 kB
DirectMap4k:       67520 kB
DirectMap2M:     4126720 kB


CPU:total 2 (2 cores per cpu, 1 threads per core) family 6 model 69 stepping 1, cmov, cx8, fxsr, mmx, sse, sse2, sse3, ssse3, sse4.1, sse4.2, popcnt, avx, avx2, aes, clmul, lzcnt, tsc, tscinvbit

/proc/cpuinfo:
processor	: 0
vendor_id	: GenuineIntel
cpu family	: 6
model		: 69
model name	: Intel(R) Core(TM) i7-4510U CPU @ 2.00GHz
stepping	: 1
cpu MHz		: 1994.862
cache size	: 4096 KB
physical id	: 0
siblings	: 2
core id		: 0
cpu cores	: 2
apicid		: 0
initial apicid	: 0
fpu		: yes
fpu_exception	: yes
cpuid level	: 13
wp		: yes
flags		: fpu vme de pse tsc msr pae mce cx8 apic sep mtrr pge mca cmov pat pse36 clflush mmx fxsr sse sse2 ht syscall nx rdtscp lm constant_tsc rep_good nopl xtopology nonstop_tsc pni pclmulqdq ssse3 cx16 sse4_1 sse4_2 movbe popcnt aes xsave avx rdrand lahf_lm abm avx2
bogomips	: 3989.72
clflush size	: 64
cache_alignment	: 64
address sizes	: 39 bits physical, 48 bits virtual
power management:

processor	: 1
vendor_id	: GenuineIntel
cpu family	: 6
model		: 69
model name	: Intel(R) Core(TM) i7-4510U CPU @ 2.00GHz
stepping	: 1
cpu MHz		: 1994.862
cache size	: 4096 KB
physical id	: 0
siblings	: 2
core id		: 1
cpu cores	: 2
apicid		: 1
initial apicid	: 1
fpu		: yes
fpu_exception	: yes
cpuid level	: 13
wp		: yes
flags		: fpu vme de pse tsc msr pae mce cx8 apic sep mtrr pge mca cmov pat pse36 clflush mmx fxsr sse sse2 ht syscall nx rdtscp lm constant_tsc rep_good nopl xtopology nonstop_tsc pni pclmulqdq ssse3 cx16 sse4_1 sse4_2 movbe popcnt aes xsave avx rdrand lahf_lm abm avx2
bogomips	: 3989.72
clflush size	: 64
cache_alignment	: 64
address sizes	: 39 bits physical, 48 bits virtual
power management:



Memory: 4k page, physical 4058900k(118152k free), swap 393212k(0k free)

vm_info: OpenJDK 64-Bit Server VM (25.102-b14) for linux-amd64 JRE (1.8.0_102-8u102-b14.1-1~bpo8+1-b14), built on Aug  8 2016 10:49:23 by "jmm" with gcc 4.9.2

time: Thu Nov 23 20:59:06 2017
elapsed time: 7 seconds (0d 0h 0m 7s)

