#
# There is insufficient memory for the Java Runtime Environment to continue.
# Native memory allocation (mmap) failed to map 93847552 bytes for committing reserved memory.
# Possible reasons:
#   The system is out of physical RAM or swap space
#   In 32 bit mode, the process size limit was hit
# Possible solutions:
#   Reduce memory load on the system
#   Increase physical memory or swap space
#   Check if swap backing store is full
#   Use 64 bit Java on a 64 bit OS
#   Decrease Java heap size (-Xmx/-Xms)
#   Decrease number of Java threads
#   Decrease Java thread stack sizes (-Xss)
#   Set larger code cache with -XX:ReservedCodeCacheSize=
# This output file may be truncated or incomplete.
#
#  Out of Memory Error (os_linux.cpp:2630), pid=30753, tid=0x00007f5166338700
#
# JRE version: OpenJDK Runtime Environment (8.0_102-b14) (build 1.8.0_102-8u102-b14.1-1~bpo8+1-b14)
# Java VM: OpenJDK 64-Bit Server VM (25.102-b14 mixed mode linux-amd64 compressed oops)
# Failed to write core dump. Core dumps have been disabled. To enable core dumping, try "ulimit -c unlimited" before starting Java again
#

---------------  T H R E A D  ---------------

Current thread (0x00007f51780fa800):  VMThread [stack: 0x00007f5166238000,0x00007f5166339000] [id=30760]

Stack: [0x00007f5166238000,0x00007f5166339000],  sp=0x00007f51663374c0,  free space=1021k
Native frames: (J=compiled Java code, j=interpreted, Vv=VM code, C=native code)
V  [libjvm.so+0xa955fd]
V  [libjvm.so+0x4e9dec]
V  [libjvm.so+0x8e2510]
V  [libjvm.so+0x8dcbfe]
V  [libjvm.so+0x9593fb]
V  [libjvm.so+0x95a763]
V  [libjvm.so+0x95725e]
V  [libjvm.so+0x95754c]
V  [libjvm.so+0x908233]
V  [libjvm.so+0xa97232]
V  [libjvm.so+0xa9bdc7]
V  [libjvm.so+0xa9a0e7]
V  [libjvm.so+0xa9a917]
V  [libjvm.so+0xa9ae61]
V  [libjvm.so+0x8df9e2]

VM_Operation (0x00007f5180f553f0): ParallelGCFailedAllocation, mode: safepoint, requested by thread 0x00007f517800a000


---------------  P R O C E S S  ---------------

Java Threads: ( => current thread )
  0x00007f5178136000 JavaThread "Service Thread" daemon [_thread_blocked, id=30766, stack(0x00007f5165aa9000,0x00007f5165baa000)]
  0x00007f5178133000 JavaThread "C1 CompilerThread1" daemon [_thread_blocked, id=30765, stack(0x00007f5165baa000,0x00007f5165cab000)]
  0x00007f5178130000 JavaThread "C2 CompilerThread0" daemon [_thread_blocked, id=30764, stack(0x00007f5165cab000,0x00007f5165dac000)]
  0x00007f517812e000 JavaThread "Signal Dispatcher" daemon [_thread_blocked, id=30763, stack(0x00007f5165dac000,0x00007f5165ead000)]
  0x00007f5178106800 JavaThread "Finalizer" daemon [_thread_blocked, id=30762, stack(0x00007f5166036000,0x00007f5166137000)]
  0x00007f5178102000 JavaThread "Reference Handler" daemon [_thread_blocked, id=30761, stack(0x00007f5166137000,0x00007f5166238000)]
  0x00007f517800a000 JavaThread "main" [_thread_blocked, id=30757, stack(0x00007f5180e58000,0x00007f5180f59000)]

Other Threads:
=>0x00007f51780fa800 VMThread [stack: 0x00007f5166238000,0x00007f5166339000] [id=30760]
  0x00007f517814c800 WatcherThread [stack: 0x00007f51659a8000,0x00007f5165aa9000] [id=30767]

VM state:at safepoint (normal execution)

VM Mutex/Monitor currently owned by a thread:  ([mutex/lock_event])
[0x00007f5178006320] Threads_lock - owner thread: 0x00007f51780fa800
[0x00007f5178006820] Heap_lock - owner thread: 0x00007f517800a000

Heap:
 PSYoungGen      total 203776K, used 9184K [0x00000000e6d80000, 0x00000000f4380000, 0x0000000100000000)
  eden space 194560K, 0% used [0x00000000e6d80000,0x00000000e6d80000,0x00000000f2b80000)
  from space 9216K, 99% used [0x00000000f3a80000,0x00000000f4378020,0x00000000f4380000)
  to   space 8192K, 0% used [0x00000000f2b80000,0x00000000f2b80000,0x00000000f3380000)
 ParOldGen       total 40448K, used 23022K [0x00000000b4800000, 0x00000000b6f80000, 0x00000000e6d80000)
  object space 40448K, 56% used [0x00000000b4800000,0x00000000b5e7b9e0,0x00000000b6f80000)
 Metaspace       used 27286K, capacity 27544K, committed 27776K, reserved 1073152K
  class space    used 3250K, capacity 3344K, committed 3456K, reserved 1048576K

Card table byte_map: [0x00007f517d302000,0x00007f517d55f000] byte_map_base: 0x00007f517cd5e000

Marking Bits: (ParMarkBitMap*) 0x00007f5180142300
 Begin Bits: [0x00007f5166a40000, 0x00007f5167d20000)
 End Bits:   [0x00007f5167d20000, 0x00007f5169000000)

Polling page: 0x00007f5180f72000

CodeCache: size=245760Kb used=8741Kb max_used=8755Kb free=237018Kb
 bounds [0x00007f5169000000, 0x00007f51698a0000, 0x00007f5178000000]
 total_blobs=3052 nmethods=2651 adapters=315
 compilation: enabled

Compilation events (10 events):
Event: 23,285 Thread 0x00007f5178133000 2700       2       org.apache.ibatis.mapping.ResultMap::access$302 (7 bytes)
Event: 23,285 Thread 0x00007f5178133000 nmethod 2700 0x00007f516988db50 code [0x00007f516988dca0, 0x00007f516988ddf0]
Event: 23,286 Thread 0x00007f5178133000 2701       2       org.apache.ibatis.mapping.ResultMap::access$702 (7 bytes)
Event: 23,286 Thread 0x00007f5178133000 nmethod 2701 0x00007f516988d810 code [0x00007f516988d960, 0x00007f516988dab0]
Event: 23,286 Thread 0x00007f5178133000 2702       2       org.apache.ibatis.mapping.ResultMap::access$802 (7 bytes)
Event: 23,286 Thread 0x00007f5178133000 nmethod 2702 0x00007f516988d4d0 code [0x00007f516988d620, 0x00007f516988d770]
Event: 23,286 Thread 0x00007f5178133000 2703       2       org.apache.ibatis.mapping.ResultMap::access$902 (7 bytes)
Event: 23,287 Thread 0x00007f5178133000 nmethod 2703 0x00007f516988d190 code [0x00007f516988d2e0, 0x00007f516988d430]
Event: 23,288 Thread 0x00007f5178133000 2704       2       org.apache.ibatis.mapping.ResultMap::access$602 (7 bytes)
Event: 23,288 Thread 0x00007f5178133000 nmethod 2704 0x00007f516988ce50 code [0x00007f516988cfa0, 0x00007f516988d0f0]

GC Heap History (10 events):
Event: 11,802 GC heap after
Heap after GC invocations=10 (full 0):
 PSYoungGen      total 129024K, used 5606K [0x00000000e6d80000, 0x00000000ef580000, 0x0000000100000000)
  eden space 123392K, 0% used [0x00000000e6d80000,0x00000000e6d80000,0x00000000ee600000)
  from space 5632K, 99% used [0x00000000eed00000,0x00000000ef279b18,0x00000000ef280000)
  to   space 7168K, 0% used [0x00000000ee600000,0x00000000ee600000,0x00000000eed00000)
 ParOldGen       total 52224K, used 6527K [0x00000000b4800000, 0x00000000b7b00000, 0x00000000e6d80000)
  object space 52224K, 12% used [0x00000000b4800000,0x00000000b4e5fc70,0x00000000b7b00000)
 Metaspace       used 19418K, capacity 19718K, committed 19968K, reserved 1067008K
  class space    used 2327K, capacity 2445K, committed 2560K, reserved 1048576K
}
Event: 12,605 GC heap before
{Heap before GC invocations=11 (full 0):
 PSYoungGen      total 129024K, used 20533K [0x00000000e6d80000, 0x00000000ef580000, 0x0000000100000000)
  eden space 123392K, 12% used [0x00000000e6d80000,0x00000000e7c13cc0,0x00000000ee600000)
  from space 5632K, 99% used [0x00000000eed00000,0x00000000ef279b18,0x00000000ef280000)
  to   space 7168K, 0% used [0x00000000ee600000,0x00000000ee600000,0x00000000eed00000)
 ParOldGen       total 52224K, used 6527K [0x00000000b4800000, 0x00000000b7b00000, 0x00000000e6d80000)
  object space 52224K, 12% used [0x00000000b4800000,0x00000000b4e5fc70,0x00000000b7b00000)
 Metaspace       used 20871K, capacity 21094K, committed 21296K, reserved 1069056K
  class space    used 2561K, capacity 2669K, committed 2688K, reserved 1048576K
Event: 12,639 GC heap after
Heap after GC invocations=11 (full 0):
 PSYoungGen      total 130560K, used 1794K [0x00000000e6d80000, 0x00000000f3b80000, 0x0000000100000000)
  eden space 123392K, 0% used [0x00000000e6d80000,0x00000000e6d80000,0x00000000ee600000)
  from space 7168K, 25% used [0x00000000ee600000,0x00000000ee7c0820,0x00000000eed00000)
  to   space 6656K, 0% used [0x00000000f3500000,0x00000000f3500000,0x00000000f3b80000)
 ParOldGen       total 52224K, used 9179K [0x00000000b4800000, 0x00000000b7b00000, 0x00000000e6d80000)
  object space 52224K, 17% used [0x00000000b4800000,0x00000000b50f6d50,0x00000000b7b00000)
 Metaspace       used 20871K, capacity 21094K, committed 21296K, reserved 1069056K
  class space    used 2561K, capacity 2669K, committed 2688K, reserved 1048576K
}
Event: 12,642 GC heap before
{Heap before GC invocations=12 (full 1):
 PSYoungGen      total 130560K, used 1794K [0x00000000e6d80000, 0x00000000f3b80000, 0x0000000100000000)
  eden space 123392K, 0% used [0x00000000e6d80000,0x00000000e6d80000,0x00000000ee600000)
  from space 7168K, 25% used [0x00000000ee600000,0x00000000ee7c0820,0x00000000eed00000)
  to   space 6656K, 0% used [0x00000000f3500000,0x00000000f3500000,0x00000000f3b80000)
 ParOldGen       total 52224K, used 9179K [0x00000000b4800000, 0x00000000b7b00000, 0x00000000e6d80000)
  object space 52224K, 17% used [0x00000000b4800000,0x00000000b50f6d50,0x00000000b7b00000)
 Metaspace       used 20871K, capacity 21094K, committed 21296K, reserved 1069056K
  class space    used 2561K, capacity 2669K, committed 2688K, reserved 1048576K
Event: 12,962 GC heap after
Heap after GC invocations=12 (full 1):
 PSYoungGen      total 130560K, used 0K [0x00000000e6d80000, 0x00000000f3b80000, 0x0000000100000000)
  eden space 123392K, 0% used [0x00000000e6d80000,0x00000000e6d80000,0x00000000ee600000)
  from space 7168K, 0% used [0x00000000ee600000,0x00000000ee600000,0x00000000eed00000)
  to   space 6656K, 0% used [0x00000000f3500000,0x00000000f3500000,0x00000000f3b80000)
 ParOldGen       total 40448K, used 7371K [0x00000000b4800000, 0x00000000b6f80000, 0x00000000e6d80000)
  object space 40448K, 18% used [0x00000000b4800000,0x00000000b4f32ea0,0x00000000b6f80000)
 Metaspace       used 20871K, capacity 21094K, committed 21296K, reserved 1069056K
  class space    used 2561K, capacity 2669K, committed 2688K, reserved 1048576K
}
Event: 17,930 GC heap before
{Heap before GC invocations=13 (full 1):
 PSYoungGen      total 130560K, used 123392K [0x00000000e6d80000, 0x00000000f3b80000, 0x0000000100000000)
  eden space 123392K, 100% used [0x00000000e6d80000,0x00000000ee600000,0x00000000ee600000)
  from space 7168K, 0% used [0x00000000ee600000,0x00000000ee600000,0x00000000eed00000)
  to   space 6656K, 0% used [0x00000000f3500000,0x00000000f3500000,0x00000000f3b80000)
 ParOldGen       total 40448K, used 7371K [0x00000000b4800000, 0x00000000b6f80000, 0x00000000e6d80000)
  object space 40448K, 18% used [0x00000000b4800000,0x00000000b4f32ea0,0x00000000b6f80000)
 Metaspace       used 26402K, capacity 26680K, committed 26880K, reserved 1073152K
  class space    used 3162K, capacity 3248K, committed 3328K, reserved 1048576K
Event: 17,970 GC heap after
Heap after GC invocations=13 (full 1):
 PSYoungGen      total 163840K, used 6646K [0x00000000e6d80000, 0x00000000f3b80000, 0x0000000100000000)
  eden space 157184K, 0% used [0x00000000e6d80000,0x00000000e6d80000,0x00000000f0700000)
  from space 6656K, 99% used [0x00000000f3500000,0x00000000f3b7dab8,0x00000000f3b80000)
  to   space 8192K, 0% used [0x00000000f2b80000,0x00000000f2b80000,0x00000000f3380000)
 ParOldGen       total 40448K, used 7653K [0x00000000b4800000, 0x00000000b6f80000, 0x00000000e6d80000)
  object space 40448K, 18% used [0x00000000b4800000,0x00000000b4f794a0,0x00000000b6f80000)
 Metaspace       used 26402K, capacity 26680K, committed 26880K, reserved 1073152K
  class space    used 3162K, capacity 3248K, committed 3328K, reserved 1048576K
}
Event: 20,749 GC heap before
{Heap before GC invocations=14 (full 1):
 PSYoungGen      total 163840K, used 163830K [0x00000000e6d80000, 0x00000000f3b80000, 0x0000000100000000)
  eden space 157184K, 100% used [0x00000000e6d80000,0x00000000f0700000,0x00000000f0700000)
  from space 6656K, 99% used [0x00000000f3500000,0x00000000f3b7dab8,0x00000000f3b80000)
  to   space 8192K, 0% used [0x00000000f2b80000,0x00000000f2b80000,0x00000000f3380000)
 ParOldGen       total 40448K, used 7653K [0x00000000b4800000, 0x00000000b6f80000, 0x00000000e6d80000)
  object space 40448K, 18% used [0x00000000b4800000,0x00000000b4f794a0,0x00000000b6f80000)
 Metaspace       used 27104K, capacity 27384K, committed 27648K, reserved 1073152K
  class space    used 3233K, capacity 3312K, committed 3328K, reserved 1048576K
Event: 20,817 GC heap after
Heap after GC invocations=14 (full 1):
 PSYoungGen      total 202752K, used 7945K [0x00000000e6d80000, 0x00000000f4380000, 0x0000000100000000)
  eden space 194560K, 0% used [0x00000000e6d80000,0x00000000e6d80000,0x00000000f2b80000)
  from space 8192K, 96% used [0x00000000f2b80000,0x00000000f3342520,0x00000000f3380000)
  to   space 9216K, 0% used [0x00000000f3a80000,0x00000000f3a80000,0x00000000f4380000)
 ParOldGen       total 40448K, used 11111K [0x00000000b4800000, 0x00000000b6f80000, 0x00000000e6d80000)
  object space 40448K, 27% used [0x00000000b4800000,0x00000000b52d9e68,0x00000000b6f80000)
 Metaspace       used 27104K, capacity 27384K, committed 27648K, reserved 1073152K
  class space    used 3233K, capacity 3312K, committed 3328K, reserved 1048576K
}
Event: 23,439 GC heap before
{Heap before GC invocations=15 (full 1):
 PSYoungGen      total 202752K, used 202505K [0x00000000e6d80000, 0x00000000f4380000, 0x0000000100000000)
  eden space 194560K, 100% used [0x00000000e6d80000,0x00000000f2b80000,0x00000000f2b80000)
  from space 8192K, 96% used [0x00000000f2b80000,0x00000000f3342520,0x00000000f3380000)
  to   space 9216K, 0% used [0x00000000f3a80000,0x00000000f3a80000,0x00000000f4380000)
 ParOldGen       total 40448K, used 11111K [0x00000000b4800000, 0x00000000b6f80000, 0x00000000e6d80000)
  object space 40448K, 27% used [0x00000000b4800000,0x00000000b52d9e68,0x00000000b6f80000)
 Metaspace       used 27286K, capacity 27544K, committed 27776K, reserved 1073152K
  class space    used 3250K, capacity 3344K, committed 3456K, reserved 1048576K

Deoptimization events (10 events):
Event: 16,110 Thread 0x00007f517800a000 Uncommon trap: reason=class_check action=maybe_recompile pc=0x00007f5169667fa0 method=com.sun.org.apache.xerces.internal.dom.NamedNodeMapImpl.item(I)Lorg/w3c/dom/Node; @ 33
Event: 16,111 Thread 0x00007f517800a000 Uncommon trap: reason=class_check action=maybe_recompile pc=0x00007f5169667fa0 method=com.sun.org.apache.xerces.internal.dom.NamedNodeMapImpl.item(I)Lorg/w3c/dom/Node; @ 33
Event: 17,404 Thread 0x00007f517800a000 Uncommon trap: reason=unstable_if action=reinterpret pc=0x00007f5169596384 method=com.sun.org.apache.xerces.internal.impl.XMLEntityScanner.skipSpaces()Z @ 85
Event: 17,417 Thread 0x00007f517800a000 Uncommon trap: reason=unstable_if action=reinterpret pc=0x00007f516969b7c0 method=com.sun.org.apache.xerces.internal.impl.XMLEntityScanner.scanContent(Lcom/sun/org/apache/xerces/internal/xni/XMLString;)I @ 163
Event: 20,125 Thread 0x00007f517800a000 Uncommon trap: reason=unstable_if action=reinterpret pc=0x00007f51695b6628 method=com.sun.org.apache.xml.internal.dtm.ref.DTMDefaultBase.ensureSizeOfIndex(II)V @ 164
Event: 21,067 Thread 0x00007f517800a000 Uncommon trap: reason=class_check action=maybe_recompile pc=0x00007f51697fb050 method=com.sun.org.apache.xerces.internal.dom.NamedNodeMapImpl.findNamePoint(Ljava/lang/String;I)I @ 54
Event: 21,067 Thread 0x00007f517800a000 Uncommon trap: reason=class_check action=maybe_recompile pc=0x00007f51697fb050 method=com.sun.org.apache.xerces.internal.dom.NamedNodeMapImpl.findNamePoint(Ljava/lang/String;I)I @ 54
Event: 21,068 Thread 0x00007f517800a000 Uncommon trap: reason=class_check action=maybe_recompile pc=0x00007f51697fb050 method=com.sun.org.apache.xerces.internal.dom.NamedNodeMapImpl.findNamePoint(Ljava/lang/String;I)I @ 54
Event: 21,068 Thread 0x00007f517800a000 Uncommon trap: reason=class_check action=maybe_recompile pc=0x00007f51697fb050 method=com.sun.org.apache.xerces.internal.dom.NamedNodeMapImpl.findNamePoint(Ljava/lang/String;I)I @ 54
Event: 21,418 Thread 0x00007f517800a000 Uncommon trap: reason=null_check action=make_not_entrant pc=0x00007f5169820898 method=com.sun.org.apache.xerces.internal.dom.ElementImpl.setAttributeNode(Lorg/w3c/dom/Attr;)Lorg/w3c/dom/Attr; @ 108

Internal exceptions (10 events):
Event: 9,889 Thread 0x00007f517800a000 Exception <a 'java/lang/ClassCastException': org.apache.commons.logging.impl.SLF4JLogFactory cannot be cast to connectjar.org.apache.commons.logging.LogFactory> (0x00000000ea82f6b8) thrown at [/home/jmm/jdk/openjdk-8-8u102-b14.1/src/hotspot/src/share/vm/i
Event: 9,932 Thread 0x00007f517800a000 Exception <a 'java/lang/NoClassDefFoundError': connectjar/org/apache/log4j/Category> (0x00000000ea87ae70) thrown at [/home/jmm/jdk/openjdk-8-8u102-b14.1/src/hotspot/src/share/vm/classfile/systemDictionary.cpp, line 199]
Event: 10,602 Thread 0x00007f517800a000 Exception <a 'java/lang/NoSuchFieldError': method resolution failed> (0x00000000eaa2ea58) thrown at [/home/jmm/jdk/openjdk-8-8u102-b14.1/src/hotspot/src/share/vm/prims/methodHandles.cpp, line 1146]
Event: 10,615 Thread 0x00007f517800a000 Exception <a 'java/lang/NoSuchFieldError': method resolution failed> (0x00000000eaa3c4e8) thrown at [/home/jmm/jdk/openjdk-8-8u102-b14.1/src/hotspot/src/share/vm/prims/methodHandles.cpp, line 1146]
Event: 11,298 Thread 0x00007f517800a000 Exception <a 'java/lang/reflect/InvocationTargetException'> (0x00000000eb121688) thrown at [/home/jmm/jdk/openjdk-8-8u102-b14.1/src/hotspot/src/share/vm/runtime/reflection.cpp, line 1092]
Event: 13,079 Thread 0x00007f517800a000 Implicit null exception at 0x00007f5169234335 to 0x00007f5169234689
Event: 13,916 Thread 0x00007f517800a000 Implicit null exception at 0x00007f51692166f5 to 0x00007f51692168d9
Event: 13,923 Thread 0x00007f517800a000 Implicit null exception at 0x00007f51692773ef to 0x00007f5169277459
Event: 14,006 Thread 0x00007f517800a000 Implicit null exception at 0x00007f51691ed373 to 0x00007f51691ed6e5
Event: 21,418 Thread 0x00007f517800a000 Implicit null exception at 0x00007f516982158f to 0x00007f5169820865

Events (10 events):
Event: 22,895 loading class org/camunda/bpm/engine/impl/persistence/entity/TenantEntity done
Event: 22,896 loading class org/camunda/bpm/engine/identity/Tenant
Event: 22,896 loading class org/camunda/bpm/engine/identity/Tenant done
Event: 22,911 loading class org/camunda/bpm/engine/impl/TenantQueryImpl
Event: 22,911 loading class org/camunda/bpm/engine/impl/TenantQueryImpl done
Event: 22,913 loading class org/camunda/bpm/engine/identity/TenantQuery
Event: 22,913 loading class org/camunda/bpm/engine/identity/TenantQuery done
Event: 23,027 loading class org/apache/ibatis/scripting/xmltags/TrimSqlNode$1
Event: 23,028 loading class org/apache/ibatis/scripting/xmltags/TrimSqlNode$1 done
Event: 23,437 Executing VM operation: ParallelGCFailedAllocation


Dynamic libraries:
00400000-00401000 r-xp 00000000 08:01 300352                             /usr/lib/jvm/java-8-openjdk-amd64/jre/bin/java
00600000-00601000 r--p 00000000 08:01 300352                             /usr/lib/jvm/java-8-openjdk-amd64/jre/bin/java
00601000-00602000 rw-p 00001000 08:01 300352                             /usr/lib/jvm/java-8-openjdk-amd64/jre/bin/java
0078e000-007af000 rw-p 00000000 00:00 0                                  [heap]
b4800000-b6f80000 rw-p 00000000 00:00 0 
b6f80000-e6d80000 ---p 00000000 00:00 0 
e6d80000-f4380000 rw-p 00000000 00:00 0 
f9d00000-100000000 ---p 00000000 00:00 0 
100000000-100360000 rw-p 00000000 00:00 0 
100360000-140000000 ---p 00000000 00:00 0 
7f5138000000-7f5138021000 rw-p 00000000 00:00 0 
7f5138021000-7f513c000000 ---p 00000000 00:00 0 
7f5140000000-7f5140934000 rw-p 00000000 00:00 0 
7f5140934000-7f5144000000 ---p 00000000 00:00 0 
7f5144000000-7f5144021000 rw-p 00000000 00:00 0 
7f5144021000-7f5148000000 ---p 00000000 00:00 0 
7f5148000000-7f5148021000 rw-p 00000000 00:00 0 
7f5148021000-7f514c000000 ---p 00000000 00:00 0 
7f514c000000-7f514cf33000 rw-p 00000000 00:00 0 
7f514cf33000-7f5150000000 ---p 00000000 00:00 0 
7f5150000000-7f5150021000 rw-p 00000000 00:00 0 
7f5150021000-7f5154000000 ---p 00000000 00:00 0 
7f5154000000-7f5154021000 rw-p 00000000 00:00 0 
7f5154021000-7f5158000000 ---p 00000000 00:00 0 
7f5158000000-7f5158021000 rw-p 00000000 00:00 0 
7f5158021000-7f515c000000 ---p 00000000 00:00 0 
7f515c000000-7f515c021000 rw-p 00000000 00:00 0 
7f515c021000-7f5160000000 ---p 00000000 00:00 0 
7f5160000000-7f5160021000 rw-p 00000000 00:00 0 
7f5160021000-7f5164000000 ---p 00000000 00:00 0 
7f51640ef000-7f51642b0000 rw-p 00000000 00:00 0 
7f51642b0000-7f51642f0000 ---p 00000000 00:00 0 
7f51642f0000-7f51644f0000 rw-p 00000000 00:00 0 
7f51644f0000-7f51646f0000 rw-p 00000000 00:00 0 
7f51646f0000-7f51648f0000 rw-p 00000000 00:00 0 
7f51648f0000-7f5164918000 r-xp 00000000 08:01 300282                     /usr/lib/jvm/java-8-openjdk-amd64/jre/lib/amd64/libsunec.so
7f5164918000-7f5164b18000 ---p 00028000 08:01 300282                     /usr/lib/jvm/java-8-openjdk-amd64/jre/lib/amd64/libsunec.so
7f5164b18000-7f5164b1c000 r--p 00028000 08:01 300282                     /usr/lib/jvm/java-8-openjdk-amd64/jre/lib/amd64/libsunec.so
7f5164b1c000-7f5164b1e000 rw-p 0002c000 08:01 300282                     /usr/lib/jvm/java-8-openjdk-amd64/jre/lib/amd64/libsunec.so
7f5164b1e000-7f5164b21000 r--s 00015000 08:01 300256                     /usr/lib/jvm/java-8-openjdk-amd64/jre/lib/jce.jar
7f5164b21000-7f5164b25000 r--s 00097000 08:01 300237                     /usr/lib/jvm/java-8-openjdk-amd64/jre/lib/jsse.jar
7f5164b25000-7f5164d25000 rw-p 00000000 00:00 0 
7f5164d25000-7f5164f25000 rw-p 00000000 00:00 0 
7f5164f25000-7f5165125000 rw-p 00000000 00:00 0 
7f5165125000-7f5165138000 r--s 00346000 08:01 300248                     /usr/lib/jvm/java-8-openjdk-amd64/jre/lib/resources.jar
7f5165138000-7f5165338000 rw-p 00000000 00:00 0 
7f5165338000-7f5165639000 rw-p 00000000 00:00 0 
7f5165639000-7f5165650000 r-xp 00000000 08:01 300283                     /usr/lib/jvm/java-8-openjdk-amd64/jre/lib/amd64/libnet.so
7f5165650000-7f516584f000 ---p 00017000 08:01 300283                     /usr/lib/jvm/java-8-openjdk-amd64/jre/lib/amd64/libnet.so
7f516584f000-7f5165850000 r--p 00016000 08:01 300283                     /usr/lib/jvm/java-8-openjdk-amd64/jre/lib/amd64/libnet.so
7f5165850000-7f5165851000 rw-p 00017000 08:01 300283                     /usr/lib/jvm/java-8-openjdk-amd64/jre/lib/amd64/libnet.so
7f5165851000-7f5165858000 r--s 00000000 08:01 41406                      /usr/lib/x86_64-linux-gnu/gconv/gconv-modules.cache
7f5165858000-7f516587e000 r--p 00000000 08:01 4621                       /usr/share/locale/de/LC_MESSAGES/libc.mo
7f516587e000-7f5165881000 r--s 00007000 08:01 537142                     /home/gpm17/.m2/repository/org/apache/maven/surefire/surefire-junit4/2.12.4/surefire-junit4-2.12.4.jar
7f5165881000-7f5165883000 r--s 00000000 08:01 534482                     /home/gpm17/.m2/repository/org/slf4j/jul-to-slf4j/1.7.7/jul-to-slf4j-1.7.7.jar
7f5165883000-7f5165885000 r--s 00003000 08:01 534458                     /home/gpm17/.m2/repository/org/slf4j/jcl-over-slf4j/1.7.7/jcl-over-slf4j-1.7.7.jar
7f5165885000-7f516588f000 r--s 0005f000 08:01 534477                     /home/gpm17/.m2/repository/ch/qos/logback/logback-core/1.1.2/logback-core-1.1.2.jar
7f516588f000-7f5165895000 r--s 0003d000 08:01 534460                     /home/gpm17/.m2/repository/ch/qos/logback/logback-classic/1.1.2/logback-classic-1.1.2.jar
7f5165895000-7f5165896000 r--s 0000c000 08:01 534470                     /home/gpm17/.m2/repository/org/hamcrest/hamcrest-library/1.3/hamcrest-library-1.3.jar
7f5165896000-7f516589d000 r--s 00064000 08:01 534468                     /home/gpm17/.m2/repository/org/apache/commons/commons-lang3/3.4/commons-lang3-3.4.jar
7f516589d000-7f51658a1000 r--s 0002f000 08:01 534467                     /home/gpm17/.m2/repository/commons-io/commons-io/2.5/commons-io-2.5.jar
7f51658a1000-7f51658a7000 r--s 001ee000 08:01 534464                     /home/gpm17/.m2/repository/org/camunda/bpm/extension/camunda-bpm-process-test-coverage/0.3.1/camunda-bpm-process-test-coverage-0.3.1.jar
7f51658a7000-7f51658b1000 r--s 0012f000 08:01 534463                     /home/gpm17/.m2/repository/com/h2database/h2/1.3.168/h2-1.3.168.jar
7f51658b1000-7f51658b3000 r--s 00009000 08:01 534472                     /home/gpm17/.m2/repository/org/hamcrest/hamcrest-core/1.3/hamcrest-core-1.3.jar
7f51658b3000-7f51658bb000 r--s 00045000 08:01 534474                     /home/gpm17/.m2/repository/junit/junit/4.12/junit-4.12.jar
7f51658bb000-7f51658c9000 r--s 000b1000 08:01 538276                     /home/gpm17/.m2/repository/org/codehaus/jackson/jackson-mapper-asl/1.9.13/jackson-mapper-asl-1.9.13.jar
7f51658c9000-7f51658cd000 r--s 00035000 08:01 538288                     /home/gpm17/.m2/repository/org/codehaus/jackson/jackson-core-asl/1.9.13/jackson-core-asl-1.9.13.jar
7f51658cd000-7f51658ce000 r--s 00004000 08:01 538118                     /home/gpm17/.m2/repository/org/codehaus/jackson/jackson-jaxrs/1.9.13/jackson-jaxrs-1.9.13.jar
7f51658ce000-7f51658d0000 r--s 0000a000 08:01 655825                     /home/gpm17/.m2/repository/javax/ws/rs/jsr311-api/1.1.1/jsr311-api-1.1.1.jar
7f51658d0000-7f51658f3000 r--s 0016b000 08:01 655819                     /home/gpm17/.m2/repository/com/sun/jersey/jersey-bundle/1.19.4/jersey-bundle-1.19.4.jar
7f51658f3000-7f51658f5000 r--s 0000e000 08:01 534409                     /home/gpm17/.m2/repository/javax/activation/activation/1.1/activation-1.1.jar
7f51658f5000-7f51658fe000 r--s 00097000 08:01 658408                     /home/gpm17/.m2/repository/com/sun/mail/javax.mail/1.6.0/javax.mail-1.6.0.jar
7f51658fe000-7f5165901000 r--s 00012000 08:01 534441                     /home/gpm17/.m2/repository/javax/servlet/javax.servlet-api/3.0.1/javax.servlet-api-3.0.1.jar
7f5165901000-7f5165905000 r--s 0003c000 08:01 533824                     /home/gpm17/.m2/repository/commons-lang/commons-lang/2.4/commons-lang-2.4.jar
7f5165905000-7f5165913000 r--s 0007f000 08:01 533895                     /home/gpm17/.m2/repository/commons-collections/commons-collections/3.2.1/commons-collections-3.2.1.jar
7f5165913000-7f516591b000 r--s 00066000 08:01 533822                     /home/gpm17/.m2/repository/org/apache/velocity/velocity/1.7/velocity-1.7.jar
7f516591b000-7f516591c000 r--s 00001000 08:01 534401                     /home/gpm17/.m2/repository/org/camunda/template-engines/camunda-template-engines-velocity/1.0.1/camunda-template-engines-velocity-1.0.1.jar
7f516591c000-7f516592d000 r--s 000e8000 08:01 534454                     /home/gpm17/.m2/repository/org/freemarker/freemarker/2.3.20/freemarker-2.3.20.jar
7f516592d000-7f516592e000 r--s 00001000 08:01 534452                     /home/gpm17/.m2/repository/org/camunda/template-engines/camunda-template-engines-freemarker/1.0.1/camunda-template-engines-freemarker-1.0.1.jar
7f516592e000-7f5165930000 r--s 00001000 08:01 534405                     /home/gpm17/.m2/repository/org/camunda/bpm/camunda-engine-plugin-connect/7.7.0/camunda-engine-plugin-connect-7.7.0.jar
7f5165930000-7f5165932000 r--s 00003000 08:01 534450                     /home/gpm17/.m2/repository/org/camunda/connect/camunda-connect-core/1.0.4/camunda-connect-core-1.0.4.jar
7f5165932000-7f516594d000 r--s 00111000 08:01 534440                     /home/gpm17/.m2/repository/org/camunda/connect/camunda-connect-connectors-all/1.0.4/camunda-connect-connectors-all-1.0.4.jar
7f516594d000-7f516594f000 r--s 00007000 08:01 534398                     /home/gpm17/.m2/repository/org/camunda/bpm/camunda-engine-plugin-spin/7.7.0/camunda-engine-plugin-spin-7.7.0.jar
7f516594f000-7f5165951000 r--s 00006000 08:01 534396                     /home/gpm17/.m2/repository/org/slf4j/slf4j-api/1.7.7/slf4j-api-1.7.7.jar
7f5165951000-7f5165954000 r--s 0000a000 08:01 534434                     /home/gpm17/.m2/repository/org/camunda/spin/camunda-spin-core/1.3.1/camunda-spin-core-1.3.1.jar
7f5165954000-7f516596e000 r--s 0017b000 08:01 534438                     /home/gpm17/.m2/repository/org/camunda/spin/camunda-spin-dataformat-all/1.3.1/camunda-spin-dataformat-all-1.3.1.jar
7f516596e000-7f516597b000 r--s 0008b000 08:01 534436                     /home/gpm17/.m2/repository/org/assertj/assertj-core/1.7.0/assertj-core-1.7.0.jar
7f516597b000-7f516597c000 r--s 00006000 08:01 534435                     /home/gpm17/.m2/repository/org/camunda/bpm/extension/camunda-bpm-assert/1.2/camunda-bpm-assert-1.2.jar
7f516597c000-7f516597f000 r--s 00018000 08:01 534428                     /home/gpm17/.m2/repository/de/odysseus/juel/juel-impl/2.2.7/juel-impl-2.2.7.jar
7f516597f000-7f5165980000 r--s 00000000 08:01 534425                     /home/gpm17/.m2/repository/de/odysseus/juel/juel-spi/2.2.7/juel-spi-2.2.7.jar
7f5165980000-7f5165981000 r--s 00007000 08:01 534404                     /home/gpm17/.m2/repository/de/odysseus/juel/juel-api/2.2.7/juel-api-2.2.7.jar
7f5165981000-7f5165986000 r--s 00029000 08:01 534394                     /home/gpm17/.m2/repository/org/camunda/bpm/dmn/camunda-engine-feel-juel/7.7.0/camunda-engine-feel-juel-7.7.0.jar
7f5165986000-7f5165988000 r--s 00000000 08:01 534403                     /home/gpm17/.m2/repository/org/camunda/bpm/dmn/camunda-engine-feel-api/7.7.0/camunda-engine-feel-api-7.7.0.jar
7f5165988000-7f5165991000 r--s 0002e000 08:01 534402                     /home/gpm17/.m2/repository/org/camunda/bpm/model/camunda-dmn-model/7.7.0/camunda-dmn-model-7.7.0.jar
7f5165991000-7f5165996000 r--s 0001e000 08:01 534422                     /home/gpm17/.m2/repository/org/camunda/bpm/dmn/camunda-engine-dmn/7.7.0/camunda-engine-dmn-7.7.0.jar
7f5165996000-7f51659a6000 r--s 0007c000 08:01 534420                     /home/gpm17/.m2/repository/joda-time/joda-time/2.1/joda-time-2.1.jar
7f51659a6000-7f51659a8000 r--s 0000d000 08:01 534418                     /home/gpm17/.m2/repository/commons-logging/commons-logging/1.1.1/commons-logging-1.1.1.jar
7f51659a8000-7f51659a9000 ---p 00000000 00:00 0 
7f51659a9000-7f5165aa9000 rw-p 00000000 00:00 0                          [stack:30767]
7f5165aa9000-7f5165aac000 ---p 00000000 00:00 0 
7f5165aac000-7f5165baa000 rw-p 00000000 00:00 0                          [stack:30766]
7f5165baa000-7f5165bad000 ---p 00000000 00:00 0 
7f5165bad000-7f5165cab000 rw-p 00000000 00:00 0                          [stack:30765]
7f5165cab000-7f5165cae000 ---p 00000000 00:00 0 
7f5165cae000-7f5165dac000 rw-p 00000000 00:00 0                          [stack:30764]
7f5165dac000-7f5165daf000 ---p 00000000 00:00 0 
7f5165daf000-7f5165ead000 rw-p 00000000 00:00 0                          [stack:30763]
7f5165ead000-7f5166036000 r--p 00000000 08:01 24266                      /usr/lib/locale/locale-archive
7f5166036000-7f5166039000 ---p 00000000 00:00 0 
7f5166039000-7f5166137000 rw-p 00000000 00:00 0                          [stack:30762]
7f5166137000-7f516613a000 ---p 00000000 00:00 0 
7f516613a000-7f5166238000 rw-p 00000000 00:00 0                          [stack:30761]
7f5166238000-7f5166239000 ---p 00000000 00:00 0 
7f5166239000-7f5169000000 rw-p 00000000 00:00 0                          [stack:30760]
7f5169000000-7f51698a0000 rwxp 00000000 00:00 0 
7f51698a0000-7f5178000000 ---p 00000000 00:00 0 
7f5178000000-7f5178c07000 rw-p 00000000 00:00 0 
7f5178c07000-7f517c000000 ---p 00000000 00:00 0 
7f517c000000-7f517c001000 r--s 00002000 08:01 534456                     /home/gpm17/.m2/repository/org/camunda/commons/camunda-commons-utils/1.4.0/camunda-commons-utils-1.4.0.jar
7f517c001000-7f517c002000 r--s 0000c000 08:01 534416                     /home/gpm17/.m2/repository/org/springframework/spring-asm/3.1.2.RELEASE/spring-asm-3.1.2.RELEASE.jar
7f517c002000-7f517c00c000 r--s 00064000 08:01 534414                     /home/gpm17/.m2/repository/org/springframework/spring-core/3.1.2.RELEASE/spring-core-3.1.2.RELEASE.jar
7f517c00c000-7f517c018000 r--s 00085000 08:01 534389                     /home/gpm17/.m2/repository/org/springframework/spring-beans/3.1.2.RELEASE/spring-beans-3.1.2.RELEASE.jar
7f517c018000-7f517c026000 r--s 000a1000 08:01 534412                     /home/gpm17/.m2/repository/org/mybatis/mybatis/3.2.8/mybatis-3.2.8.jar
7f517c026000-7f517c02d000 r--s 00067000 08:01 534406                     /home/gpm17/.m2/repository/javax/mail/mail/1.4.1/mail-1.4.1.jar
7f517c02d000-7f517c02e000 r--s 00007000 08:01 534395                     /home/gpm17/.m2/repository/org/apache/commons/commons-email/1.2/commons-email-1.2.jar
7f517c02e000-7f517c031000 r--s 0000d000 08:01 534426                     /home/gpm17/.m2/repository/org/camunda/commons/camunda-commons-typed-values/1.4.0/camunda-commons-typed-values-1.4.0.jar
7f517c031000-7f517c033000 r--s 00000000 08:01 534427                     /home/gpm17/.m2/repository/org/camunda/commons/camunda-commons-logging/1.4.0/camunda-commons-logging-1.4.0.jar
7f517c033000-7f517c03c000 r--s 0003d000 08:01 534388                     /home/gpm17/.m2/repository/org/camunda/bpm/model/camunda-cmmn-model/7.7.0/camunda-cmmn-model-7.7.0.jar
7f517c03c000-7f517c041000 r--s 00023000 08:01 534400                     /home/gpm17/.m2/repository/org/camunda/bpm/model/camunda-xml-model/7.7.0/camunda-xml-model-7.7.0.jar
7f517c041000-7f517c054000 r--s 0008a000 08:01 534386                     /home/gpm17/.m2/repository/org/camunda/bpm/model/camunda-bpmn-model/7.7.0/camunda-bpmn-model-7.7.0.jar
7f517c054000-7f517c09d000 r--s 00317000 08:01 534392                     /home/gpm17/.m2/repository/org/camunda/bpm/camunda-engine/7.7.0/camunda-engine-7.7.0.jar
7f517c09d000-7f517c0a1000 r--s 00019000 08:01 536390                     /home/gpm17/.m2/repository/org/apache/maven/surefire/surefire-api/2.12.4/surefire-api-2.12.4.jar
7f517c0a1000-7f517c0a3000 r--s 00007000 08:01 536386                     /home/gpm17/.m2/repository/org/apache/maven/surefire/surefire-booter/2.12.4/surefire-booter-2.12.4.jar
7f517c0a3000-7f517c0a6000 r--s 0000f000 08:01 300312                     /usr/lib/jvm/java-8-openjdk-amd64/jre/lib/ext/icedtea-sound.jar
7f517c0a6000-7f517c0c1000 r--s 001d5000 08:01 300309                     /usr/lib/jvm/java-8-openjdk-amd64/jre/lib/ext/nashorn.jar
7f517c0c1000-7f517c0cb000 r--s 00116000 08:01 300308                     /usr/lib/jvm/java-8-openjdk-amd64/jre/lib/ext/localedata.jar
7f517c0cb000-7f517c2cd000 rw-p 00000000 00:00 0 
7f517c2cd000-7f517c49b000 r--s 03bf1000 08:01 300304                     /usr/lib/jvm/java-8-openjdk-amd64/jre/lib/rt.jar
7f517c49b000-7f517cf6d000 rw-p 00000000 00:00 0 
7f517cf6d000-7f517cf6e000 ---p 00000000 00:00 0 
7f517cf6e000-7f517d06e000 rw-p 00000000 00:00 0                          [stack:30759]
7f517d06e000-7f517d06f000 ---p 00000000 00:00 0 
7f517d06f000-7f517d183000 rw-p 00000000 00:00 0                          [stack:30758]
7f517d183000-7f517d302000 ---p 00000000 00:00 0 
7f517d302000-7f517d316000 rw-p 00000000 00:00 0 
7f517d316000-7f517d494000 ---p 00000000 00:00 0 
7f517d494000-7f517d500000 rw-p 00000000 00:00 0 
7f517d500000-7f517d55e000 ---p 00000000 00:00 0 
7f517d55e000-7f517d582000 rw-p 00000000 00:00 0 
7f517d582000-7f517d91f000 ---p 00000000 00:00 0 
7f517d91f000-7f517d927000 r-xp 00000000 08:01 300264                     /usr/lib/jvm/java-8-openjdk-amd64/jre/lib/amd64/libzip.so
7f517d927000-7f517db26000 ---p 00008000 08:01 300264                     /usr/lib/jvm/java-8-openjdk-amd64/jre/lib/amd64/libzip.so
7f517db26000-7f517db27000 r--p 00007000 08:01 300264                     /usr/lib/jvm/java-8-openjdk-amd64/jre/lib/amd64/libzip.so
7f517db27000-7f517db28000 rw-p 00008000 08:01 300264                     /usr/lib/jvm/java-8-openjdk-amd64/jre/lib/amd64/libzip.so
7f517db28000-7f517db33000 r-xp 00000000 08:01 268392                     /lib/x86_64-linux-gnu/libnss_files-2.19.so
7f517db33000-7f517dd32000 ---p 0000b000 08:01 268392                     /lib/x86_64-linux-gnu/libnss_files-2.19.so
7f517dd32000-7f517dd33000 r--p 0000a000 08:01 268392                     /lib/x86_64-linux-gnu/libnss_files-2.19.so
7f517dd33000-7f517dd34000 rw-p 0000b000 08:01 268392                     /lib/x86_64-linux-gnu/libnss_files-2.19.so
7f517dd34000-7f517dd3e000 r-xp 00000000 08:01 268407                     /lib/x86_64-linux-gnu/libnss_nis-2.19.so
7f517dd3e000-7f517df3d000 ---p 0000a000 08:01 268407                     /lib/x86_64-linux-gnu/libnss_nis-2.19.so
7f517df3d000-7f517df3e000 r--p 00009000 08:01 268407                     /lib/x86_64-linux-gnu/libnss_nis-2.19.so
7f517df3e000-7f517df3f000 rw-p 0000a000 08:01 268407                     /lib/x86_64-linux-gnu/libnss_nis-2.19.so
7f517df3f000-7f517df54000 r-xp 00000000 08:01 268377                     /lib/x86_64-linux-gnu/libnsl-2.19.so
7f517df54000-7f517e153000 ---p 00015000 08:01 268377                     /lib/x86_64-linux-gnu/libnsl-2.19.so
7f517e153000-7f517e154000 r--p 00014000 08:01 268377                     /lib/x86_64-linux-gnu/libnsl-2.19.so
7f517e154000-7f517e155000 rw-p 00015000 08:01 268377                     /lib/x86_64-linux-gnu/libnsl-2.19.so
7f517e155000-7f517e157000 rw-p 00000000 00:00 0 
7f517e157000-7f517e15e000 r-xp 00000000 08:01 268384                     /lib/x86_64-linux-gnu/libnss_compat-2.19.so
7f517e15e000-7f517e35d000 ---p 00007000 08:01 268384                     /lib/x86_64-linux-gnu/libnss_compat-2.19.so
7f517e35d000-7f517e35e000 r--p 00006000 08:01 268384                     /lib/x86_64-linux-gnu/libnss_compat-2.19.so
7f517e35e000-7f517e35f000 rw-p 00007000 08:01 268384                     /lib/x86_64-linux-gnu/libnss_compat-2.19.so
7f517e35f000-7f517e38c000 r-xp 00000000 08:01 300290                     /usr/lib/jvm/java-8-openjdk-amd64/jre/lib/amd64/libjava.so
7f517e38c000-7f517e58c000 ---p 0002d000 08:01 300290                     /usr/lib/jvm/java-8-openjdk-amd64/jre/lib/amd64/libjava.so
7f517e58c000-7f517e58d000 r--p 0002d000 08:01 300290                     /usr/lib/jvm/java-8-openjdk-amd64/jre/lib/amd64/libjava.so
7f517e58d000-7f517e58f000 rw-p 0002e000 08:01 300290                     /usr/lib/jvm/java-8-openjdk-amd64/jre/lib/amd64/libjava.so
7f517e58f000-7f517e59e000 r-xp 00000000 08:01 300292                     /usr/lib/jvm/java-8-openjdk-amd64/jre/lib/amd64/libverify.so
7f517e59e000-7f517e79e000 ---p 0000f000 08:01 300292                     /usr/lib/jvm/java-8-openjdk-amd64/jre/lib/amd64/libverify.so
7f517e79e000-7f517e7a1000 r--p 0000f000 08:01 300292                     /usr/lib/jvm/java-8-openjdk-amd64/jre/lib/amd64/libverify.so
7f517e7a1000-7f517e7a2000 rw-p 00012000 08:01 300292                     /usr/lib/jvm/java-8-openjdk-amd64/jre/lib/amd64/libverify.so
7f517e7a2000-7f517e7a9000 r-xp 00000000 08:01 277927                     /lib/x86_64-linux-gnu/librt-2.19.so
7f517e7a9000-7f517e9a8000 ---p 00007000 08:01 277927                     /lib/x86_64-linux-gnu/librt-2.19.so
7f517e9a8000-7f517e9a9000 r--p 00006000 08:01 277927                     /lib/x86_64-linux-gnu/librt-2.19.so
7f517e9a9000-7f517e9aa000 rw-p 00007000 08:01 277927                     /lib/x86_64-linux-gnu/librt-2.19.so
7f517e9aa000-7f517e9c0000 r-xp 00000000 08:01 262374                     /lib/x86_64-linux-gnu/libgcc_s.so.1
7f517e9c0000-7f517ebbf000 ---p 00016000 08:01 262374                     /lib/x86_64-linux-gnu/libgcc_s.so.1
7f517ebbf000-7f517ebc0000 rw-p 00015000 08:01 262374                     /lib/x86_64-linux-gnu/libgcc_s.so.1
7f517ebc0000-7f517ecc0000 r-xp 00000000 08:01 268329                     /lib/x86_64-linux-gnu/libm-2.19.so
7f517ecc0000-7f517eebf000 ---p 00100000 08:01 268329                     /lib/x86_64-linux-gnu/libm-2.19.so
7f517eebf000-7f517eec0000 r--p 000ff000 08:01 268329                     /lib/x86_64-linux-gnu/libm-2.19.so
7f517eec0000-7f517eec1000 rw-p 00100000 08:01 268329                     /lib/x86_64-linux-gnu/libm-2.19.so
7f517eec1000-7f517efad000 r-xp 00000000 08:01 5484                       /usr/lib/x86_64-linux-gnu/libstdc++.so.6.0.20
7f517efad000-7f517f1ad000 ---p 000ec000 08:01 5484                       /usr/lib/x86_64-linux-gnu/libstdc++.so.6.0.20
7f517f1ad000-7f517f1b5000 r--p 000ec000 08:01 5484                       /usr/lib/x86_64-linux-gnu/libstdc++.so.6.0.20
7f517f1b5000-7f517f1b7000 rw-p 000f4000 08:01 5484                       /usr/lib/x86_64-linux-gnu/libstdc++.so.6.0.20
7f517f1b7000-7f517f1cc000 rw-p 00000000 00:00 0 
7f517f1cc000-7f517fe63000 r-xp 00000000 08:01 300260                     /usr/lib/jvm/java-8-openjdk-amd64/jre/lib/amd64/server/libjvm.so
7f517fe63000-7f5180062000 ---p 00c97000 08:01 300260                     /usr/lib/jvm/java-8-openjdk-amd64/jre/lib/amd64/server/libjvm.so
7f5180062000-7f5180105000 r--p 00c96000 08:01 300260                     /usr/lib/jvm/java-8-openjdk-amd64/jre/lib/amd64/server/libjvm.so
7f5180105000-7f518012e000 rw-p 00d39000 08:01 300260                     /usr/lib/jvm/java-8-openjdk-amd64/jre/lib/amd64/server/libjvm.so
7f518012e000-7f518015f000 rw-p 00000000 00:00 0 
7f518015f000-7f5180300000 r-xp 00000000 08:01 263613                     /lib/x86_64-linux-gnu/libc-2.19.so
7f5180300000-7f5180500000 ---p 001a1000 08:01 263613                     /lib/x86_64-linux-gnu/libc-2.19.so
7f5180500000-7f5180504000 r--p 001a1000 08:01 263613                     /lib/x86_64-linux-gnu/libc-2.19.so
7f5180504000-7f5180506000 rw-p 001a5000 08:01 263613                     /lib/x86_64-linux-gnu/libc-2.19.so
7f5180506000-7f518050a000 rw-p 00000000 00:00 0 
7f518050a000-7f518050d000 r-xp 00000000 08:01 263629                     /lib/x86_64-linux-gnu/libdl-2.19.so
7f518050d000-7f518070c000 ---p 00003000 08:01 263629                     /lib/x86_64-linux-gnu/libdl-2.19.so
7f518070c000-7f518070d000 r--p 00002000 08:01 263629                     /lib/x86_64-linux-gnu/libdl-2.19.so
7f518070d000-7f518070e000 rw-p 00003000 08:01 263629                     /lib/x86_64-linux-gnu/libdl-2.19.so
7f518070e000-7f518071c000 r-xp 00000000 08:01 300289                     /usr/lib/jvm/java-8-openjdk-amd64/jre/lib/amd64/jli/libjli.so
7f518071c000-7f518091b000 ---p 0000e000 08:01 300289                     /usr/lib/jvm/java-8-openjdk-amd64/jre/lib/amd64/jli/libjli.so
7f518091b000-7f518091c000 r--p 0000d000 08:01 300289                     /usr/lib/jvm/java-8-openjdk-amd64/jre/lib/amd64/jli/libjli.so
7f518091c000-7f518091d000 rw-p 0000e000 08:01 300289                     /usr/lib/jvm/java-8-openjdk-amd64/jre/lib/amd64/jli/libjli.so
7f518091d000-7f5180937000 r-xp 00000000 08:01 263716                     /lib/x86_64-linux-gnu/libz.so.1.2.8
7f5180937000-7f5180b36000 ---p 0001a000 08:01 263716                     /lib/x86_64-linux-gnu/libz.so.1.2.8
7f5180b36000-7f5180b37000 r--p 00019000 08:01 263716                     /lib/x86_64-linux-gnu/libz.so.1.2.8
7f5180b37000-7f5180b38000 rw-p 0001a000 08:01 263716                     /lib/x86_64-linux-gnu/libz.so.1.2.8
7f5180b38000-7f5180b50000 r-xp 00000000 08:01 262242                     /lib/x86_64-linux-gnu/libpthread-2.19.so
7f5180b50000-7f5180d4f000 ---p 00018000 08:01 262242                     /lib/x86_64-linux-gnu/libpthread-2.19.so
7f5180d4f000-7f5180d50000 r--p 00017000 08:01 262242                     /lib/x86_64-linux-gnu/libpthread-2.19.so
7f5180d50000-7f5180d51000 rw-p 00018000 08:01 262242                     /lib/x86_64-linux-gnu/libpthread-2.19.so
7f5180d51000-7f5180d55000 rw-p 00000000 00:00 0 
7f5180d55000-7f5180d76000 r-xp 00000000 08:01 263505                     /lib/x86_64-linux-gnu/ld-2.19.so
7f5180d76000-7f5180d77000 r--s 00001000 08:01 419350                     /home/gpm17/Repository/GPM/bachelorthesis/target/surefire/surefirebooter8491734550529128988.jar
7f5180d77000-7f5180d78000 r--s 0000a000 08:01 300310                     /usr/lib/jvm/java-8-openjdk-amd64/jre/lib/ext/jaccess.jar
7f5180d78000-7f5180d7c000 r--s 00037000 08:01 300307                     /usr/lib/jvm/java-8-openjdk-amd64/jre/lib/ext/sunpkcs11.jar
7f5180d7c000-7f5180d98000 r--s 00393000 08:01 300311                     /usr/lib/jvm/java-8-openjdk-amd64/jre/lib/ext/cldrdata.jar
7f5180d98000-7f5180e58000 rw-p 00000000 00:00 0 
7f5180e58000-7f5180e5b000 ---p 00000000 00:00 0 
7f5180e5b000-7f5180f5e000 rw-p 00000000 00:00 0                          [stack:30757]
7f5180f5e000-7f5180f5f000 r--s 00010000 08:01 300315                     /usr/lib/jvm/java-8-openjdk-amd64/jre/lib/ext/zipfs.jar
7f5180f5f000-7f5180f60000 r--s 00008000 08:01 300314                     /usr/lib/jvm/java-8-openjdk-amd64/jre/lib/ext/sunec.jar
7f5180f60000-7f5180f62000 r--s 00006000 08:01 138941                     /usr/share/java/java-atk-wrapper.jar
7f5180f62000-7f5180f64000 r--s 00001000 08:01 300313                     /usr/lib/jvm/java-8-openjdk-amd64/jre/lib/ext/dnsns.jar
7f5180f64000-7f5180f69000 r--s 0003b000 08:01 300316                     /usr/lib/jvm/java-8-openjdk-amd64/jre/lib/ext/sunjce_provider.jar
7f5180f69000-7f5180f71000 rw-s 00000000 08:01 306369                     /tmp/hsperfdata_gpm17/30753
7f5180f71000-7f5180f72000 rw-p 00000000 00:00 0 
7f5180f72000-7f5180f73000 ---p 00000000 00:00 0 
7f5180f73000-7f5180f75000 rw-p 00000000 00:00 0 
7f5180f75000-7f5180f76000 r--p 00020000 08:01 263505                     /lib/x86_64-linux-gnu/ld-2.19.so
7f5180f76000-7f5180f77000 rw-p 00021000 08:01 263505                     /lib/x86_64-linux-gnu/ld-2.19.so
7f5180f77000-7f5180f78000 rw-p 00000000 00:00 0 
7ffdbbbf6000-7ffdbbc17000 rw-p 00000000 00:00 0                          [stack]
7ffdbbc1f000-7ffdbbc21000 r-xp 00000000 00:00 0                          [vdso]
7ffdbbc21000-7ffdbbc23000 r--p 00000000 00:00 0                          [vvar]
ffffffffff600000-ffffffffff601000 r-xp 00000000 00:00 0                  [vsyscall]

VM Arguments:
java_command: /home/gpm17/Repository/GPM/bachelorthesis/target/surefire/surefirebooter8491734550529128988.jar /home/gpm17/Repository/GPM/bachelorthesis/target/surefire/surefire1629119397048913701tmp /home/gpm17/Repository/GPM/bachelorthesis/target/surefire/surefire_0592766956126261645tmp
java_class_path (initial): /home/gpm17/Repository/GPM/bachelorthesis/target/surefire/surefirebooter8491734550529128988.jar
Launcher Type: SUN_STANDARD

Environment Variables:
PATH=/usr/local/bin:/usr/bin:/bin:/usr/local/games:/usr/games
LD_LIBRARY_PATH=/opt/intellij-idea/idea-IC-172.4343.14/bin:
SHELL=/bin/bash
DISPLAY=:0.0

Signal Handlers:
SIGSEGV: [libjvm.so+0xa960e0], sa_mask[0]=11111111011111111101111111111110, sa_flags=SA_RESTART|SA_SIGINFO
SIGBUS: [libjvm.so+0xa960e0], sa_mask[0]=11111111011111111101111111111110, sa_flags=SA_RESTART|SA_SIGINFO
SIGFPE: [libjvm.so+0x8dddb0], sa_mask[0]=11111111011111111101111111111110, sa_flags=SA_RESTART|SA_SIGINFO
SIGPIPE: [libjvm.so+0x8dddb0], sa_mask[0]=11111111011111111101111111111110, sa_flags=SA_RESTART|SA_SIGINFO
SIGXFSZ: [libjvm.so+0x8dddb0], sa_mask[0]=11111111011111111101111111111110, sa_flags=SA_RESTART|SA_SIGINFO
SIGILL: [libjvm.so+0x8dddb0], sa_mask[0]=11111111011111111101111111111110, sa_flags=SA_RESTART|SA_SIGINFO
SIGUSR1: SIG_DFL, sa_mask[0]=00000000000000000000000000000000, sa_flags=none
SIGUSR2: [libjvm.so+0x8ddc60], sa_mask[0]=00100000000000000000000000000000, sa_flags=SA_RESTART|SA_SIGINFO
SIGHUP: [libjvm.so+0x8dde80], sa_mask[0]=11111111011111111101111111111110, sa_flags=SA_RESTART|SA_SIGINFO
SIGINT: [libjvm.so+0x8dde80], sa_mask[0]=11111111011111111101111111111110, sa_flags=SA_RESTART|SA_SIGINFO
SIGTERM: [libjvm.so+0x8dde80], sa_mask[0]=11111111011111111101111111111110, sa_flags=SA_RESTART|SA_SIGINFO
SIGQUIT: [libjvm.so+0x8dde80], sa_mask[0]=11111111011111111101111111111110, sa_flags=SA_RESTART|SA_SIGINFO


---------------  S Y S T E M  ---------------

OS:PRETTY_NAME="Debian GNU/Linux 8 (jessie)"
NAME="Debian GNU/Linux"
VERSION_ID="8"
VERSION="8 (jessie)"
ID=debian
HOME_URL="http://www.debian.org/"
SUPPORT_URL="http://www.debian.org/support"
BUG_REPORT_URL="https://bugs.debian.org/"

uname:Linux 3.16.0-4-amd64 #1 SMP Debian 3.16.43-2+deb8u5 (2017-09-19) x86_64
libc:glibc 2.19 NPTL 2.19 
rlimit: STACK 8192k, CORE 0k, NPROC 19236, NOFILE 65536, AS infinity
load average:7,30 2,71 1,43

/proc/meminfo:
MemTotal:        4941588 kB
MemFree:           92436 kB
MemAvailable:      31292 kB
Buffers:             524 kB
Cached:            73836 kB
SwapCached:         1820 kB
Active:          3820796 kB
Inactive:         898536 kB
Active(anon):    3806644 kB
Inactive(anon):   888696 kB
Active(file):      14152 kB
Inactive(file):     9840 kB
Unevictable:          32 kB
Mlocked:              32 kB
SwapTotal:        393212 kB
SwapFree:              0 kB
Dirty:                 0 kB
Writeback:            88 kB
AnonPages:       4643340 kB
Mapped:            69836 kB
Shmem:             50092 kB
Slab:              46172 kB
SReclaimable:      22656 kB
SUnreclaim:        23516 kB
KernelStack:       12320 kB
PageTables:        38180 kB
NFS_Unstable:          0 kB
Bounce:                0 kB
WritebackTmp:          0 kB
CommitLimit:     2864004 kB
Committed_AS:    9695204 kB
VmallocTotal:   34359738367 kB
VmallocUsed:       62016 kB
VmallocChunk:   34359673848 kB
HardwareCorrupted:     0 kB
AnonHugePages:         0 kB
HugePages_Total:       0
HugePages_Free:        0
HugePages_Rsvd:        0
HugePages_Surp:        0
Hugepagesize:       2048 kB
DirectMap4k:       57280 kB
DirectMap2M:     5031936 kB


CPU:total 2 (2 cores per cpu, 1 threads per core) family 6 model 69 stepping 1, cmov, cx8, fxsr, mmx, sse, sse2, sse3, ssse3, sse4.1, sse4.2, popcnt, avx, avx2, aes, clmul, lzcnt, tsc, tscinvbit

/proc/cpuinfo:
processor	: 0
vendor_id	: GenuineIntel
cpu family	: 6
model		: 69
model name	: Intel(R) Core(TM) i7-4510U CPU @ 2.00GHz
stepping	: 1
cpu MHz		: 1995.384
cache size	: 4096 KB
physical id	: 0
siblings	: 2
core id		: 0
cpu cores	: 2
apicid		: 0
initial apicid	: 0
fpu		: yes
fpu_exception	: yes
cpuid level	: 13
wp		: yes
flags		: fpu vme de pse tsc msr pae mce cx8 apic sep mtrr pge mca cmov pat pse36 clflush mmx fxsr sse sse2 ht syscall nx rdtscp lm constant_tsc rep_good nopl xtopology nonstop_tsc pni pclmulqdq ssse3 cx16 sse4_1 sse4_2 movbe popcnt aes xsave avx rdrand lahf_lm abm avx2
bogomips	: 3990.76
clflush size	: 64
cache_alignment	: 64
address sizes	: 39 bits physical, 48 bits virtual
power management:

processor	: 1
vendor_id	: GenuineIntel
cpu family	: 6
model		: 69
model name	: Intel(R) Core(TM) i7-4510U CPU @ 2.00GHz
stepping	: 1
cpu MHz		: 1995.384
cache size	: 4096 KB
physical id	: 0
siblings	: 2
core id		: 1
cpu cores	: 2
apicid		: 1
initial apicid	: 1
fpu		: yes
fpu_exception	: yes
cpuid level	: 13
wp		: yes
flags		: fpu vme de pse tsc msr pae mce cx8 apic sep mtrr pge mca cmov pat pse36 clflush mmx fxsr sse sse2 ht syscall nx rdtscp lm constant_tsc rep_good nopl xtopology nonstop_tsc pni pclmulqdq ssse3 cx16 sse4_1 sse4_2 movbe popcnt aes xsave avx rdrand lahf_lm abm avx2
bogomips	: 3990.76
clflush size	: 64
cache_alignment	: 64
address sizes	: 39 bits physical, 48 bits virtual
power management:



Memory: 4k page, physical 4941588k(92436k free), swap 393212k(0k free)

vm_info: OpenJDK 64-Bit Server VM (25.102-b14) for linux-amd64 JRE (1.8.0_102-8u102-b14.1-1~bpo8+1-b14), built on Aug  8 2016 10:49:23 by "jmm" with gcc 4.9.2

time: Tue Dec 12 23:19:39 2017
elapsed time: 27 seconds (0d 0h 0m 27s)

