#
# There is insufficient memory for the Java Runtime Environment to continue.
# Native memory allocation (mmap) failed to map 69730304 bytes for committing reserved memory.
# Possible reasons:
#   The system is out of physical RAM or swap space
#   In 32 bit mode, the process size limit was hit
# Possible solutions:
#   Reduce memory load on the system
#   Increase physical memory or swap space
#   Check if swap backing store is full
#   Use 64 bit Java on a 64 bit OS
#   Decrease Java heap size (-Xmx/-Xms)
#   Decrease number of Java threads
#   Decrease Java thread stack sizes (-Xss)
#   Set larger code cache with -XX:ReservedCodeCacheSize=
# This output file may be truncated or incomplete.
#
#  Out of Memory Error (os_linux.cpp:2630), pid=3769, tid=0x00007f5124602700
#
# JRE version: OpenJDK Runtime Environment (8.0_102-b14) (build 1.8.0_102-8u102-b14.1-1~bpo8+1-b14)
# Java VM: OpenJDK 64-Bit Server VM (25.102-b14 mixed mode linux-amd64 compressed oops)
# Failed to write core dump. Core dumps have been disabled. To enable core dumping, try "ulimit -c unlimited" before starting Java again
#

---------------  T H R E A D  ---------------

Current thread (0x00007f51380fa800):  VMThread [stack: 0x00007f5124502000,0x00007f5124603000] [id=3775]

Stack: [0x00007f5124502000,0x00007f5124603000],  sp=0x00007f51246014c0,  free space=1021k
Native frames: (J=compiled Java code, j=interpreted, Vv=VM code, C=native code)
V  [libjvm.so+0xa955fd]
V  [libjvm.so+0x4e9dec]
V  [libjvm.so+0x8e2510]
V  [libjvm.so+0x8dcbfe]
V  [libjvm.so+0x9593fb]
V  [libjvm.so+0x95a763]
V  [libjvm.so+0x95725e]
V  [libjvm.so+0x95754c]
V  [libjvm.so+0x908233]
V  [libjvm.so+0xa97232]
V  [libjvm.so+0xa9bdc7]
V  [libjvm.so+0xa9a0e7]
V  [libjvm.so+0xa9a917]
V  [libjvm.so+0xa9ae61]
V  [libjvm.so+0x8df9e2]

VM_Operation (0x00007f513e984940): ParallelGCFailedAllocation, mode: safepoint, requested by thread 0x00007f513800a000


---------------  P R O C E S S  ---------------

Java Threads: ( => current thread )
  0x00007f5138136000 JavaThread "Service Thread" daemon [_thread_blocked, id=3781, stack(0x00007f510fcfd000,0x00007f510fdfe000)]
  0x00007f5138133000 JavaThread "C1 CompilerThread1" daemon [_thread_blocked, id=3780, stack(0x00007f510fdfe000,0x00007f510feff000)]
  0x00007f5138130000 JavaThread "C2 CompilerThread0" daemon [_thread_blocked, id=3779, stack(0x00007f510feff000,0x00007f5110000000)]
  0x00007f513812e000 JavaThread "Signal Dispatcher" daemon [_thread_blocked, id=3778, stack(0x00007f5124076000,0x00007f5124177000)]
  0x00007f5138106800 JavaThread "Finalizer" daemon [_thread_blocked, id=3777, stack(0x00007f5124300000,0x00007f5124401000)]
  0x00007f5138102000 JavaThread "Reference Handler" daemon [_thread_blocked, id=3776, stack(0x00007f5124401000,0x00007f5124502000)]
  0x00007f513800a000 JavaThread "main" [_thread_blocked, id=3772, stack(0x00007f513e888000,0x00007f513e989000)]

Other Threads:
=>0x00007f51380fa800 VMThread [stack: 0x00007f5124502000,0x00007f5124603000] [id=3775]
  0x00007f5138144800 WatcherThread [stack: 0x00007f510fbfc000,0x00007f510fcfd000] [id=3782]

VM state:at safepoint (normal execution)

VM Mutex/Monitor currently owned by a thread:  ([mutex/lock_event])
[0x00007f5138006320] Threads_lock - owner thread: 0x00007f51380fa800
[0x00007f5138006820] Heap_lock - owner thread: 0x00007f513800a000

Heap:
 PSYoungGen      total 211456K, used 11776K [0x00000000eb580000, 0x00000000fac00000, 0x0000000100000000)
  eden space 199680K, 0% used [0x00000000eb580000,0x00000000eb580000,0x00000000f7880000)
  from space 11776K, 100% used [0x00000000fa080000,0x00000000fac00000,0x00000000fac00000)
  to   space 8704K, 0% used [0x00000000f7880000,0x00000000f7880000,0x00000000f8100000)
 ParOldGen       total 37888K, used 28142K [0x00000000c2000000, 0x00000000c4500000, 0x00000000eb580000)
  object space 37888K, 74% used [0x00000000c2000000,0x00000000c3b7b9f0,0x00000000c4500000)
 Metaspace       used 27250K, capacity 27544K, committed 27776K, reserved 1073152K
  class space    used 3250K, capacity 3344K, committed 3456K, reserved 1048576K

Card table byte_map: [0x00007f5127bcc000,0x00007f5127dbd000] byte_map_base: 0x00007f51275bc000

Marking Bits: (ParMarkBitMap*) 0x00007f513db72300
 Begin Bits: [0x00007f5125aca000, 0x00007f5126a4a000)
 End Bits:   [0x00007f5126a4a000, 0x00007f51279ca000)

Polling page: 0x00007f513e9a2000

CodeCache: size=245760Kb used=8727Kb max_used=8727Kb free=237032Kb
 bounds [0x00007f512817d000, 0x00007f5128a0d000, 0x00007f513717d000]
 total_blobs=2993 nmethods=2590 adapters=315
 compilation: enabled

Compilation events (10 events):
Event: 17,165 Thread 0x00007f5138133000 2631       2       org.apache.ibatis.mapping.ResultMap::access$302 (7 bytes)
Event: 17,165 Thread 0x00007f5138133000 nmethod 2631 0x00007f5128a02b10 code [0x00007f5128a02c60, 0x00007f5128a02db0]
Event: 17,165 Thread 0x00007f5138133000 2632       2       org.apache.ibatis.mapping.ResultMap::access$702 (7 bytes)
Event: 17,166 Thread 0x00007f5138133000 nmethod 2632 0x00007f5128a02e50 code [0x00007f5128a02fa0, 0x00007f5128a030f0]
Event: 17,166 Thread 0x00007f5138133000 2633       2       org.apache.ibatis.mapping.ResultMap::access$802 (7 bytes)
Event: 17,166 Thread 0x00007f5138133000 nmethod 2633 0x00007f5128a03190 code [0x00007f5128a032e0, 0x00007f5128a03430]
Event: 17,166 Thread 0x00007f5138133000 2634       2       org.apache.ibatis.mapping.ResultMap::access$902 (7 bytes)
Event: 17,166 Thread 0x00007f5138133000 nmethod 2634 0x00007f5128a034d0 code [0x00007f5128a03620, 0x00007f5128a03770]
Event: 17,166 Thread 0x00007f5138133000 2635       2       org.apache.ibatis.mapping.ResultMap::access$602 (7 bytes)
Event: 17,167 Thread 0x00007f5138133000 nmethod 2635 0x00007f5128a03810 code [0x00007f5128a03960, 0x00007f5128a03ab0]

GC Heap History (10 events):
Event: 5,105 GC heap after
Heap after GC invocations=8 (full 0):
 PSYoungGen      total 131072K, used 832K [0x00000000eb580000, 0x00000000f3b80000, 0x0000000100000000)
  eden space 126464K, 0% used [0x00000000eb580000,0x00000000eb580000,0x00000000f3100000)
  from space 4608K, 18% used [0x00000000f3600000,0x00000000f36d0000,0x00000000f3a80000)
  to   space 5120K, 0% used [0x00000000f3100000,0x00000000f3100000,0x00000000f3600000)
 ParOldGen       total 42496K, used 4830K [0x00000000c2000000, 0x00000000c4980000, 0x00000000eb580000)
  object space 42496K, 11% used [0x00000000c2000000,0x00000000c24b7b68,0x00000000c4980000)
 Metaspace       used 12900K, capacity 13116K, committed 13440K, reserved 1060864K
  class space    used 1550K, capacity 1594K, committed 1664K, reserved 1048576K
}
Event: 8,908 GC heap before
{Heap before GC invocations=9 (full 0):
 PSYoungGen      total 131072K, used 127201K [0x00000000eb580000, 0x00000000f3b80000, 0x0000000100000000)
  eden space 126464K, 99% used [0x00000000eb580000,0x00000000f30e8668,0x00000000f3100000)
  from space 4608K, 18% used [0x00000000f3600000,0x00000000f36d0000,0x00000000f3a80000)
  to   space 5120K, 0% used [0x00000000f3100000,0x00000000f3100000,0x00000000f3600000)
 ParOldGen       total 42496K, used 4830K [0x00000000c2000000, 0x00000000c4980000, 0x00000000eb580000)
  object space 42496K, 11% used [0x00000000c2000000,0x00000000c24b7b68,0x00000000c4980000)
 Metaspace       used 20836K, capacity 21094K, committed 21296K, reserved 1069056K
  class space    used 2561K, capacity 2669K, committed 2688K, reserved 1048576K
Event: 8,947 GC heap after
Heap after GC invocations=9 (full 0):
 PSYoungGen      total 131584K, used 5096K [0x00000000eb580000, 0x00000000f8980000, 0x0000000100000000)
  eden space 126464K, 0% used [0x00000000eb580000,0x00000000eb580000,0x00000000f3100000)
  from space 5120K, 99% used [0x00000000f3100000,0x00000000f35fa0c0,0x00000000f3600000)
  to   space 7168K, 0% used [0x00000000f8280000,0x00000000f8280000,0x00000000f8980000)
 ParOldGen       total 42496K, used 8905K [0x00000000c2000000, 0x00000000c4980000, 0x00000000eb580000)
  object space 42496K, 20% used [0x00000000c2000000,0x00000000c28b2598,0x00000000c4980000)
 Metaspace       used 20836K, capacity 21094K, committed 21296K, reserved 1069056K
  class space    used 2561K, capacity 2669K, committed 2688K, reserved 1048576K
}
Event: 8,947 GC heap before
{Heap before GC invocations=10 (full 1):
 PSYoungGen      total 131584K, used 5096K [0x00000000eb580000, 0x00000000f8980000, 0x0000000100000000)
  eden space 126464K, 0% used [0x00000000eb580000,0x00000000eb580000,0x00000000f3100000)
  from space 5120K, 99% used [0x00000000f3100000,0x00000000f35fa0c0,0x00000000f3600000)
  to   space 7168K, 0% used [0x00000000f8280000,0x00000000f8280000,0x00000000f8980000)
 ParOldGen       total 42496K, used 8905K [0x00000000c2000000, 0x00000000c4980000, 0x00000000eb580000)
  object space 42496K, 20% used [0x00000000c2000000,0x00000000c28b2598,0x00000000c4980000)
 Metaspace       used 20836K, capacity 21094K, committed 21296K, reserved 1069056K
  class space    used 2561K, capacity 2669K, committed 2688K, reserved 1048576K
Event: 9,114 GC heap after
Heap after GC invocations=10 (full 1):
 PSYoungGen      total 131584K, used 0K [0x00000000eb580000, 0x00000000f8980000, 0x0000000100000000)
  eden space 126464K, 0% used [0x00000000eb580000,0x00000000eb580000,0x00000000f3100000)
  from space 5120K, 0% used [0x00000000f3100000,0x00000000f3100000,0x00000000f3600000)
  to   space 7168K, 0% used [0x00000000f8280000,0x00000000f8280000,0x00000000f8980000)
 ParOldGen       total 37888K, used 12067K [0x00000000c2000000, 0x00000000c4500000, 0x00000000eb580000)
  object space 37888K, 31% used [0x00000000c2000000,0x00000000c2bc8eb0,0x00000000c4500000)
 Metaspace       used 20836K, capacity 21094K, committed 21296K, reserved 1069056K
  class space    used 2561K, capacity 2669K, committed 2688K, reserved 1048576K
}
Event: 13,157 GC heap before
{Heap before GC invocations=11 (full 1):
 PSYoungGen      total 131584K, used 126464K [0x00000000eb580000, 0x00000000f8980000, 0x0000000100000000)
  eden space 126464K, 100% used [0x00000000eb580000,0x00000000f3100000,0x00000000f3100000)
  from space 5120K, 0% used [0x00000000f3100000,0x00000000f3100000,0x00000000f3600000)
  to   space 7168K, 0% used [0x00000000f8280000,0x00000000f8280000,0x00000000f8980000)
 ParOldGen       total 37888K, used 12067K [0x00000000c2000000, 0x00000000c4500000, 0x00000000eb580000)
  object space 37888K, 31% used [0x00000000c2000000,0x00000000c2bc8eb0,0x00000000c4500000)
 Metaspace       used 26358K, capacity 26616K, committed 26880K, reserved 1073152K
  class space    used 3163K, capacity 3248K, committed 3328K, reserved 1048576K
Event: 13,182 GC heap after
Heap after GC invocations=11 (full 1):
 PSYoungGen      total 176128K, used 7130K [0x00000000eb580000, 0x00000000f8980000, 0x0000000100000000)
  eden space 168960K, 0% used [0x00000000eb580000,0x00000000eb580000,0x00000000f5a80000)
  from space 7168K, 99% used [0x00000000f8280000,0x00000000f89768c0,0x00000000f8980000)
  to   space 8704K, 0% used [0x00000000f7880000,0x00000000f7880000,0x00000000f8100000)
 ParOldGen       total 37888K, used 12075K [0x00000000c2000000, 0x00000000c4500000, 0x00000000eb580000)
  object space 37888K, 31% used [0x00000000c2000000,0x00000000c2bcaeb0,0x00000000c4500000)
 Metaspace       used 26358K, capacity 26616K, committed 26880K, reserved 1073152K
  class space    used 3163K, capacity 3248K, committed 3328K, reserved 1048576K
}
Event: 15,190 GC heap before
{Heap before GC invocations=12 (full 1):
 PSYoungGen      total 176128K, used 176090K [0x00000000eb580000, 0x00000000f8980000, 0x0000000100000000)
  eden space 168960K, 100% used [0x00000000eb580000,0x00000000f5a80000,0x00000000f5a80000)
  from space 7168K, 99% used [0x00000000f8280000,0x00000000f89768c0,0x00000000f8980000)
  to   space 8704K, 0% used [0x00000000f7880000,0x00000000f7880000,0x00000000f8100000)
 ParOldGen       total 37888K, used 12075K [0x00000000c2000000, 0x00000000c4500000, 0x00000000eb580000)
  object space 37888K, 31% used [0x00000000c2000000,0x00000000c2bcaeb0,0x00000000c4500000)
 Metaspace       used 27133K, capacity 27384K, committed 27648K, reserved 1073152K
  class space    used 3236K, capacity 3312K, committed 3328K, reserved 1048576K
Event: 15,267 GC heap after
Heap after GC invocations=12 (full 1):
 PSYoungGen      total 208384K, used 8672K [0x00000000eb580000, 0x00000000fac00000, 0x0000000100000000)
  eden space 199680K, 0% used [0x00000000eb580000,0x00000000eb580000,0x00000000f7880000)
  from space 8704K, 99% used [0x00000000f7880000,0x00000000f80f8020,0x00000000f8100000)
  to   space 11776K, 0% used [0x00000000fa080000,0x00000000fa080000,0x00000000fac00000)
 ParOldGen       total 37888K, used 16396K [0x00000000c2000000, 0x00000000c4500000, 0x00000000eb580000)
  object space 37888K, 43% used [0x00000000c2000000,0x00000000c3003058,0x00000000c4500000)
 Metaspace       used 27133K, capacity 27384K, committed 27648K, reserved 1073152K
  class space    used 3236K, capacity 3312K, committed 3328K, reserved 1048576K
}
Event: 17,591 GC heap before
{Heap before GC invocations=13 (full 1):
 PSYoungGen      total 208384K, used 208352K [0x00000000eb580000, 0x00000000fac00000, 0x0000000100000000)
  eden space 199680K, 100% used [0x00000000eb580000,0x00000000f7880000,0x00000000f7880000)
  from space 8704K, 99% used [0x00000000f7880000,0x00000000f80f8020,0x00000000f8100000)
  to   space 11776K, 0% used [0x00000000fa080000,0x00000000fa080000,0x00000000fac00000)
 ParOldGen       total 37888K, used 16396K [0x00000000c2000000, 0x00000000c4500000, 0x00000000eb580000)
  object space 37888K, 43% used [0x00000000c2000000,0x00000000c3003058,0x00000000c4500000)
 Metaspace       used 27250K, capacity 27544K, committed 27776K, reserved 1073152K
  class space    used 3250K, capacity 3344K, committed 3456K, reserved 1048576K

Deoptimization events (10 events):
Event: 11,661 Thread 0x00007f513800a000 Uncommon trap: reason=class_check action=maybe_recompile pc=0x00007f51287cef10 method=com.sun.org.apache.xerces.internal.dom.NamedNodeMapImpl.item(I)Lorg/w3c/dom/Node; @ 33
Event: 11,661 Thread 0x00007f513800a000 Uncommon trap: reason=class_check action=maybe_recompile pc=0x00007f51287cef10 method=com.sun.org.apache.xerces.internal.dom.NamedNodeMapImpl.item(I)Lorg/w3c/dom/Node; @ 33
Event: 12,558 Thread 0x00007f513800a000 Uncommon trap: reason=unstable_if action=reinterpret pc=0x00007f5128700084 method=com.sun.org.apache.xerces.internal.impl.XMLEntityScanner.skipSpaces()Z @ 85
Event: 12,570 Thread 0x00007f513800a000 Uncommon trap: reason=unstable_if action=reinterpret pc=0x00007f5128861870 method=com.sun.org.apache.xerces.internal.impl.XMLEntityScanner.scanContent(Lcom/sun/org/apache/xerces/internal/xni/XMLString;)I @ 127
Event: 14,702 Thread 0x00007f513800a000 Uncommon trap: reason=unstable_if action=reinterpret pc=0x00007f5128726d28 method=com.sun.org.apache.xml.internal.dtm.ref.DTMDefaultBase.ensureSizeOfIndex(II)V @ 164
Event: 14,966 Thread 0x00007f513800a000 Uncommon trap: reason=class_check action=maybe_recompile pc=0x00007f5128984284 method=com.sun.org.apache.xerces.internal.dom.NamedNodeMapImpl.findNamePoint(Ljava/lang/String;I)I @ 54
Event: 14,966 Thread 0x00007f513800a000 Uncommon trap: reason=class_check action=maybe_recompile pc=0x00007f5128984284 method=com.sun.org.apache.xerces.internal.dom.NamedNodeMapImpl.findNamePoint(Ljava/lang/String;I)I @ 54
Event: 14,966 Thread 0x00007f513800a000 Uncommon trap: reason=class_check action=maybe_recompile pc=0x00007f5128984284 method=com.sun.org.apache.xerces.internal.dom.NamedNodeMapImpl.findNamePoint(Ljava/lang/String;I)I @ 54
Event: 14,966 Thread 0x00007f513800a000 Uncommon trap: reason=class_check action=maybe_recompile pc=0x00007f5128984284 method=com.sun.org.apache.xerces.internal.dom.NamedNodeMapImpl.findNamePoint(Ljava/lang/String;I)I @ 54
Event: 15,604 Thread 0x00007f513800a000 Uncommon trap: reason=null_check action=make_not_entrant pc=0x00007f51289a9bbc method=com.sun.org.apache.xerces.internal.dom.ElementImpl.setAttributeNode(Lorg/w3c/dom/Attr;)Lorg/w3c/dom/Attr; @ 108

Internal exceptions (10 events):
Event: 6,618 Thread 0x00007f513800a000 Exception <a 'java/lang/ClassCastException': org.apache.commons.logging.impl.SLF4JLogFactory cannot be cast to connectjar.org.apache.commons.logging.LogFactory> (0x00000000f11a4280) thrown at [/home/jmm/jdk/openjdk-8-8u102-b14.1/src/hotspot/src/share/vm/i
Event: 6,634 Thread 0x00007f513800a000 Exception <a 'java/lang/NoClassDefFoundError': connectjar/org/apache/log4j/Category> (0x00000000f11ee948) thrown at [/home/jmm/jdk/openjdk-8-8u102-b14.1/src/hotspot/src/share/vm/classfile/systemDictionary.cpp, line 199]
Event: 7,109 Thread 0x00007f513800a000 Exception <a 'java/lang/NoSuchFieldError': method resolution failed> (0x00000000f13a1358) thrown at [/home/jmm/jdk/openjdk-8-8u102-b14.1/src/hotspot/src/share/vm/prims/methodHandles.cpp, line 1146]
Event: 7,115 Thread 0x00007f513800a000 Exception <a 'java/lang/NoSuchFieldError': method resolution failed> (0x00000000f13aede8) thrown at [/home/jmm/jdk/openjdk-8-8u102-b14.1/src/hotspot/src/share/vm/prims/methodHandles.cpp, line 1146]
Event: 7,615 Thread 0x00007f513800a000 Exception <a 'java/lang/reflect/InvocationTargetException'> (0x00000000f1a93438) thrown at [/home/jmm/jdk/openjdk-8-8u102-b14.1/src/hotspot/src/share/vm/runtime/reflection.cpp, line 1092]
Event: 9,180 Thread 0x00007f513800a000 Implicit null exception at 0x00007f51283927f5 to 0x00007f5128392b49
Event: 9,920 Thread 0x00007f513800a000 Implicit null exception at 0x00007f5128370335 to 0x00007f512837053d
Event: 9,926 Thread 0x00007f513800a000 Implicit null exception at 0x00007f512841782f to 0x00007f5128417899
Event: 10,034 Thread 0x00007f513800a000 Implicit null exception at 0x00007f5128387cb5 to 0x00007f5128387ffd
Event: 15,604 Thread 0x00007f513800a000 Implicit null exception at 0x00007f51289aa9bb to 0x00007f51289a9b89

Events (10 events):
Event: 16,958 loading class org/camunda/bpm/engine/identity/TenantQuery done
Event: 17,038 loading class org/apache/ibatis/scripting/xmltags/TrimSqlNode$1
Event: 17,038 loading class org/apache/ibatis/scripting/xmltags/TrimSqlNode$1 done
Event: 17,064 Thread 0x00007f513800a000 DEOPT PACKING pc=0x00007f5128823edf sp=0x00007f513e985bb0
Event: 17,064 Thread 0x00007f513800a000 DEOPT UNPACKING pc=0x00007f51281c4373 sp=0x00007f513e985948 mode 0
Event: 17,065 Executing VM operation: ForceSafepoint
Event: 17,066 Executing VM operation: ForceSafepoint done
Event: 17,130 Thread 0x00007f513800a000 DEOPT PACKING pc=0x00007f512854da2f sp=0x00007f513e985e90
Event: 17,130 Thread 0x00007f513800a000 DEOPT UNPACKING pc=0x00007f51281c4373 sp=0x00007f513e985bd0 mode 0
Event: 17,566 Executing VM operation: ParallelGCFailedAllocation


Dynamic libraries:
00400000-00401000 r-xp 00000000 08:01 300352                             /usr/lib/jvm/java-8-openjdk-amd64/jre/bin/java
00600000-00601000 r--p 00000000 08:01 300352                             /usr/lib/jvm/java-8-openjdk-amd64/jre/bin/java
00601000-00602000 rw-p 00001000 08:01 300352                             /usr/lib/jvm/java-8-openjdk-amd64/jre/bin/java
0207d000-0209e000 rw-p 00000000 00:00 0                                  [heap]
c2000000-c4500000 rw-p 00000000 00:00 0 
c4500000-eb580000 ---p 00000000 00:00 0 
eb580000-fac00000 rw-p 00000000 00:00 0 
fee80000-100000000 ---p 00000000 00:00 0 
100000000-100360000 rw-p 00000000 00:00 0 
100360000-140000000 ---p 00000000 00:00 0 
7f50f8000000-7f50f8021000 rw-p 00000000 00:00 0 
7f50f8021000-7f50fc000000 ---p 00000000 00:00 0 
7f50fc000000-7f50fc021000 rw-p 00000000 00:00 0 
7f50fc021000-7f5100000000 ---p 00000000 00:00 0 
7f5100000000-7f510125c000 rw-p 00000000 00:00 0 
7f510125c000-7f5104000000 ---p 00000000 00:00 0 
7f5104000000-7f5104986000 rw-p 00000000 00:00 0 
7f5104986000-7f5108000000 ---p 00000000 00:00 0 
7f5108000000-7f5108021000 rw-p 00000000 00:00 0 
7f5108021000-7f510c000000 ---p 00000000 00:00 0 
7f510e344000-7f510e505000 rw-p 00000000 00:00 0 
7f510e505000-7f510e545000 ---p 00000000 00:00 0 
7f510e545000-7f510e745000 rw-p 00000000 00:00 0 
7f510e745000-7f510e945000 rw-p 00000000 00:00 0 
7f510e945000-7f510eb45000 rw-p 00000000 00:00 0 
7f510eb45000-7f510eb6d000 r-xp 00000000 08:01 300282                     /usr/lib/jvm/java-8-openjdk-amd64/jre/lib/amd64/libsunec.so
7f510eb6d000-7f510ed6d000 ---p 00028000 08:01 300282                     /usr/lib/jvm/java-8-openjdk-amd64/jre/lib/amd64/libsunec.so
7f510ed6d000-7f510ed71000 r--p 00028000 08:01 300282                     /usr/lib/jvm/java-8-openjdk-amd64/jre/lib/amd64/libsunec.so
7f510ed71000-7f510ed73000 rw-p 0002c000 08:01 300282                     /usr/lib/jvm/java-8-openjdk-amd64/jre/lib/amd64/libsunec.so
7f510ed73000-7f510ed76000 r--s 00015000 08:01 300256                     /usr/lib/jvm/java-8-openjdk-amd64/jre/lib/jce.jar
7f510ed76000-7f510ed7a000 r--s 00097000 08:01 300237                     /usr/lib/jvm/java-8-openjdk-amd64/jre/lib/jsse.jar
7f510ed7a000-7f510ef7a000 rw-p 00000000 00:00 0 
7f510ef7a000-7f510f17a000 rw-p 00000000 00:00 0 
7f510f17a000-7f510f37a000 rw-p 00000000 00:00 0 
7f510f37a000-7f510f38d000 r--s 00346000 08:01 300248                     /usr/lib/jvm/java-8-openjdk-amd64/jre/lib/resources.jar
7f510f38d000-7f510f58d000 rw-p 00000000 00:00 0 
7f510f58d000-7f510f88e000 rw-p 00000000 00:00 0 
7f510f88e000-7f510f8a5000 r-xp 00000000 08:01 300283                     /usr/lib/jvm/java-8-openjdk-amd64/jre/lib/amd64/libnet.so
7f510f8a5000-7f510faa4000 ---p 00017000 08:01 300283                     /usr/lib/jvm/java-8-openjdk-amd64/jre/lib/amd64/libnet.so
7f510faa4000-7f510faa5000 r--p 00016000 08:01 300283                     /usr/lib/jvm/java-8-openjdk-amd64/jre/lib/amd64/libnet.so
7f510faa5000-7f510faa6000 rw-p 00017000 08:01 300283                     /usr/lib/jvm/java-8-openjdk-amd64/jre/lib/amd64/libnet.so
7f510faa6000-7f510faad000 r--s 00000000 08:01 41406                      /usr/lib/x86_64-linux-gnu/gconv/gconv-modules.cache
7f510faad000-7f510fad3000 r--p 00000000 08:01 4621                       /usr/share/locale/de/LC_MESSAGES/libc.mo
7f510fad3000-7f510fad6000 r--s 00007000 08:01 537142                     /home/gpm17/.m2/repository/org/apache/maven/surefire/surefire-junit4/2.12.4/surefire-junit4-2.12.4.jar
7f510fad6000-7f510fad8000 r--s 00000000 08:01 534482                     /home/gpm17/.m2/repository/org/slf4j/jul-to-slf4j/1.7.7/jul-to-slf4j-1.7.7.jar
7f510fad8000-7f510fada000 r--s 00003000 08:01 534458                     /home/gpm17/.m2/repository/org/slf4j/jcl-over-slf4j/1.7.7/jcl-over-slf4j-1.7.7.jar
7f510fada000-7f510fae4000 r--s 0005f000 08:01 534477                     /home/gpm17/.m2/repository/ch/qos/logback/logback-core/1.1.2/logback-core-1.1.2.jar
7f510fae4000-7f510faea000 r--s 0003d000 08:01 534460                     /home/gpm17/.m2/repository/ch/qos/logback/logback-classic/1.1.2/logback-classic-1.1.2.jar
7f510faea000-7f510faeb000 r--s 0000c000 08:01 534470                     /home/gpm17/.m2/repository/org/hamcrest/hamcrest-library/1.3/hamcrest-library-1.3.jar
7f510faeb000-7f510faf2000 r--s 00064000 08:01 534468                     /home/gpm17/.m2/repository/org/apache/commons/commons-lang3/3.4/commons-lang3-3.4.jar
7f510faf2000-7f510faf6000 r--s 0002f000 08:01 534467                     /home/gpm17/.m2/repository/commons-io/commons-io/2.5/commons-io-2.5.jar
7f510faf6000-7f510fafc000 r--s 001ee000 08:01 534464                     /home/gpm17/.m2/repository/org/camunda/bpm/extension/camunda-bpm-process-test-coverage/0.3.1/camunda-bpm-process-test-coverage-0.3.1.jar
7f510fafc000-7f510fb06000 r--s 0012f000 08:01 534463                     /home/gpm17/.m2/repository/com/h2database/h2/1.3.168/h2-1.3.168.jar
7f510fb06000-7f510fb08000 r--s 00009000 08:01 534472                     /home/gpm17/.m2/repository/org/hamcrest/hamcrest-core/1.3/hamcrest-core-1.3.jar
7f510fb08000-7f510fb10000 r--s 00045000 08:01 534474                     /home/gpm17/.m2/repository/junit/junit/4.12/junit-4.12.jar
7f510fb10000-7f510fb13000 r--s 00012000 08:01 534441                     /home/gpm17/.m2/repository/javax/servlet/javax.servlet-api/3.0.1/javax.servlet-api-3.0.1.jar
7f510fb13000-7f510fb17000 r--s 0003c000 08:01 533824                     /home/gpm17/.m2/repository/commons-lang/commons-lang/2.4/commons-lang-2.4.jar
7f510fb17000-7f510fb25000 r--s 0007f000 08:01 533895                     /home/gpm17/.m2/repository/commons-collections/commons-collections/3.2.1/commons-collections-3.2.1.jar
7f510fb25000-7f510fb2d000 r--s 00066000 08:01 533822                     /home/gpm17/.m2/repository/org/apache/velocity/velocity/1.7/velocity-1.7.jar
7f510fb2d000-7f510fb2e000 r--s 00001000 08:01 534401                     /home/gpm17/.m2/repository/org/camunda/template-engines/camunda-template-engines-velocity/1.0.1/camunda-template-engines-velocity-1.0.1.jar
7f510fb2e000-7f510fb3f000 r--s 000e8000 08:01 534454                     /home/gpm17/.m2/repository/org/freemarker/freemarker/2.3.20/freemarker-2.3.20.jar
7f510fb3f000-7f510fb40000 r--s 00001000 08:01 534452                     /home/gpm17/.m2/repository/org/camunda/template-engines/camunda-template-engines-freemarker/1.0.1/camunda-template-engines-freemarker-1.0.1.jar
7f510fb40000-7f510fb42000 r--s 00001000 08:01 534405                     /home/gpm17/.m2/repository/org/camunda/bpm/camunda-engine-plugin-connect/7.7.0/camunda-engine-plugin-connect-7.7.0.jar
7f510fb42000-7f510fb44000 r--s 00003000 08:01 534450                     /home/gpm17/.m2/repository/org/camunda/connect/camunda-connect-core/1.0.4/camunda-connect-core-1.0.4.jar
7f510fb44000-7f510fb5f000 r--s 00111000 08:01 534440                     /home/gpm17/.m2/repository/org/camunda/connect/camunda-connect-connectors-all/1.0.4/camunda-connect-connectors-all-1.0.4.jar
7f510fb5f000-7f510fb61000 r--s 00007000 08:01 534398                     /home/gpm17/.m2/repository/org/camunda/bpm/camunda-engine-plugin-spin/7.7.0/camunda-engine-plugin-spin-7.7.0.jar
7f510fb61000-7f510fb63000 r--s 00006000 08:01 534396                     /home/gpm17/.m2/repository/org/slf4j/slf4j-api/1.7.7/slf4j-api-1.7.7.jar
7f510fb63000-7f510fb66000 r--s 0000a000 08:01 534434                     /home/gpm17/.m2/repository/org/camunda/spin/camunda-spin-core/1.3.1/camunda-spin-core-1.3.1.jar
7f510fb66000-7f510fb80000 r--s 0017b000 08:01 534438                     /home/gpm17/.m2/repository/org/camunda/spin/camunda-spin-dataformat-all/1.3.1/camunda-spin-dataformat-all-1.3.1.jar
7f510fb80000-7f510fb8d000 r--s 0008b000 08:01 534436                     /home/gpm17/.m2/repository/org/assertj/assertj-core/1.7.0/assertj-core-1.7.0.jar
7f510fb8d000-7f510fb8e000 r--s 00006000 08:01 534435                     /home/gpm17/.m2/repository/org/camunda/bpm/extension/camunda-bpm-assert/1.2/camunda-bpm-assert-1.2.jar
7f510fb8e000-7f510fb91000 r--s 00018000 08:01 534428                     /home/gpm17/.m2/repository/de/odysseus/juel/juel-impl/2.2.7/juel-impl-2.2.7.jar
7f510fb91000-7f510fb92000 r--s 00000000 08:01 534425                     /home/gpm17/.m2/repository/de/odysseus/juel/juel-spi/2.2.7/juel-spi-2.2.7.jar
7f510fb92000-7f510fb93000 r--s 00007000 08:01 534404                     /home/gpm17/.m2/repository/de/odysseus/juel/juel-api/2.2.7/juel-api-2.2.7.jar
7f510fb93000-7f510fb98000 r--s 00029000 08:01 534394                     /home/gpm17/.m2/repository/org/camunda/bpm/dmn/camunda-engine-feel-juel/7.7.0/camunda-engine-feel-juel-7.7.0.jar
7f510fb98000-7f510fb9a000 r--s 00000000 08:01 534403                     /home/gpm17/.m2/repository/org/camunda/bpm/dmn/camunda-engine-feel-api/7.7.0/camunda-engine-feel-api-7.7.0.jar
7f510fb9a000-7f510fba3000 r--s 0002e000 08:01 534402                     /home/gpm17/.m2/repository/org/camunda/bpm/model/camunda-dmn-model/7.7.0/camunda-dmn-model-7.7.0.jar
7f510fba3000-7f510fba4000 r--s 00002000 08:01 534456                     /home/gpm17/.m2/repository/org/camunda/commons/camunda-commons-utils/1.4.0/camunda-commons-utils-1.4.0.jar
7f510fba4000-7f510fba9000 r--s 0001e000 08:01 534422                     /home/gpm17/.m2/repository/org/camunda/bpm/dmn/camunda-engine-dmn/7.7.0/camunda-engine-dmn-7.7.0.jar
7f510fba9000-7f510fbb9000 r--s 0007c000 08:01 534420                     /home/gpm17/.m2/repository/joda-time/joda-time/2.1/joda-time-2.1.jar
7f510fbb9000-7f510fbbb000 r--s 0000d000 08:01 534418                     /home/gpm17/.m2/repository/commons-logging/commons-logging/1.1.1/commons-logging-1.1.1.jar
7f510fbbb000-7f510fbbc000 r--s 0000c000 08:01 534416                     /home/gpm17/.m2/repository/org/springframework/spring-asm/3.1.2.RELEASE/spring-asm-3.1.2.RELEASE.jar
7f510fbbc000-7f510fbc6000 r--s 00064000 08:01 534414                     /home/gpm17/.m2/repository/org/springframework/spring-core/3.1.2.RELEASE/spring-core-3.1.2.RELEASE.jar
7f510fbc6000-7f510fbd2000 r--s 00085000 08:01 534389                     /home/gpm17/.m2/repository/org/springframework/spring-beans/3.1.2.RELEASE/spring-beans-3.1.2.RELEASE.jar
7f510fbd2000-7f510fbe0000 r--s 000a1000 08:01 534412                     /home/gpm17/.m2/repository/org/mybatis/mybatis/3.2.8/mybatis-3.2.8.jar
7f510fbe0000-7f510fbe2000 r--s 0000e000 08:01 534409                     /home/gpm17/.m2/repository/javax/activation/activation/1.1/activation-1.1.jar
7f510fbe2000-7f510fbe9000 r--s 00067000 08:01 534406                     /home/gpm17/.m2/repository/javax/mail/mail/1.4.1/mail-1.4.1.jar
7f510fbe9000-7f510fbfc000 r--s 0008a000 08:01 534386                     /home/gpm17/.m2/repository/org/camunda/bpm/model/camunda-bpmn-model/7.7.0/camunda-bpmn-model-7.7.0.jar
7f510fbfc000-7f510fbfd000 ---p 00000000 00:00 0 
7f510fbfd000-7f510fcfd000 rw-p 00000000 00:00 0                          [stack:3782]
7f510fcfd000-7f510fd00000 ---p 00000000 00:00 0 
7f510fd00000-7f510fdfe000 rw-p 00000000 00:00 0                          [stack:3781]
7f510fdfe000-7f510fe01000 ---p 00000000 00:00 0 
7f510fe01000-7f510feff000 rw-p 00000000 00:00 0                          [stack:3780]
7f510feff000-7f510ff02000 ---p 00000000 00:00 0 
7f510ff02000-7f5110000000 rw-p 00000000 00:00 0                          [stack:3779]
7f5110000000-7f5110021000 rw-p 00000000 00:00 0 
7f5110021000-7f5114000000 ---p 00000000 00:00 0 
7f5114000000-7f5114021000 rw-p 00000000 00:00 0 
7f5114021000-7f5118000000 ---p 00000000 00:00 0 
7f5118000000-7f5118021000 rw-p 00000000 00:00 0 
7f5118021000-7f511c000000 ---p 00000000 00:00 0 
7f511c000000-7f511c021000 rw-p 00000000 00:00 0 
7f511c021000-7f5120000000 ---p 00000000 00:00 0 
7f5120000000-7f5120026000 rw-p 00000000 00:00 0 
7f5120026000-7f5124000000 ---p 00000000 00:00 0 
7f5124000000-7f5124001000 r--s 00007000 08:01 534395                     /home/gpm17/.m2/repository/org/apache/commons/commons-email/1.2/commons-email-1.2.jar
7f5124001000-7f5124004000 r--s 0000d000 08:01 534426                     /home/gpm17/.m2/repository/org/camunda/commons/camunda-commons-typed-values/1.4.0/camunda-commons-typed-values-1.4.0.jar
7f5124004000-7f512400d000 r--s 0003d000 08:01 534388                     /home/gpm17/.m2/repository/org/camunda/bpm/model/camunda-cmmn-model/7.7.0/camunda-cmmn-model-7.7.0.jar
7f512400d000-7f5124012000 r--s 00023000 08:01 534400                     /home/gpm17/.m2/repository/org/camunda/bpm/model/camunda-xml-model/7.7.0/camunda-xml-model-7.7.0.jar
7f5124012000-7f512405b000 r--s 00317000 08:01 534392                     /home/gpm17/.m2/repository/org/camunda/bpm/camunda-engine/7.7.0/camunda-engine-7.7.0.jar
7f512405b000-7f5124076000 r--s 001d5000 08:01 300309                     /usr/lib/jvm/java-8-openjdk-amd64/jre/lib/ext/nashorn.jar
7f5124076000-7f5124079000 ---p 00000000 00:00 0 
7f5124079000-7f5124177000 rw-p 00000000 00:00 0                          [stack:3778]
7f5124177000-7f5124300000 r--p 00000000 08:01 24266                      /usr/lib/locale/locale-archive
7f5124300000-7f5124303000 ---p 00000000 00:00 0 
7f5124303000-7f5124401000 rw-p 00000000 00:00 0                          [stack:3777]
7f5124401000-7f5124404000 ---p 00000000 00:00 0 
7f5124404000-7f5124502000 rw-p 00000000 00:00 0                          [stack:3776]
7f5124502000-7f5124503000 ---p 00000000 00:00 0 
7f5124503000-7f5124f0c000 rw-p 00000000 00:00 0                          [stack:3775]
7f5124f0c000-7f51250da000 r--s 03bf1000 08:01 300304                     /usr/lib/jvm/java-8-openjdk-amd64/jre/lib/rt.jar
7f51250da000-7f51279ca000 rw-p 00000000 00:00 0 
7f51279ca000-7f51279cb000 ---p 00000000 00:00 0 
7f51279cb000-7f5127acb000 rw-p 00000000 00:00 0                          [stack:3774]
7f5127acb000-7f5127acc000 ---p 00000000 00:00 0 
7f5127acc000-7f5127bdf000 rw-p 00000000 00:00 0                          [stack:3773]
7f5127bdf000-7f5127d16000 ---p 00000000 00:00 0 
7f5127d16000-7f5127d92000 rw-p 00000000 00:00 0 
7f5127d92000-7f5127dbc000 ---p 00000000 00:00 0 
7f5127dbc000-7f5127de0000 rw-p 00000000 00:00 0 
7f5127de0000-7f512817d000 ---p 00000000 00:00 0 
7f512817d000-7f5128a0d000 rwxp 00000000 00:00 0 
7f5128a0d000-7f513717d000 ---p 00000000 00:00 0 
7f513717d000-7f5137185000 r-xp 00000000 08:01 300264                     /usr/lib/jvm/java-8-openjdk-amd64/jre/lib/amd64/libzip.so
7f5137185000-7f5137384000 ---p 00008000 08:01 300264                     /usr/lib/jvm/java-8-openjdk-amd64/jre/lib/amd64/libzip.so
7f5137384000-7f5137385000 r--p 00007000 08:01 300264                     /usr/lib/jvm/java-8-openjdk-amd64/jre/lib/amd64/libzip.so
7f5137385000-7f5137386000 rw-p 00008000 08:01 300264                     /usr/lib/jvm/java-8-openjdk-amd64/jre/lib/amd64/libzip.so
7f5137386000-7f5137391000 r-xp 00000000 08:01 268392                     /lib/x86_64-linux-gnu/libnss_files-2.19.so
7f5137391000-7f5137590000 ---p 0000b000 08:01 268392                     /lib/x86_64-linux-gnu/libnss_files-2.19.so
7f5137590000-7f5137591000 r--p 0000a000 08:01 268392                     /lib/x86_64-linux-gnu/libnss_files-2.19.so
7f5137591000-7f5137592000 rw-p 0000b000 08:01 268392                     /lib/x86_64-linux-gnu/libnss_files-2.19.so
7f5137592000-7f513759c000 r-xp 00000000 08:01 268407                     /lib/x86_64-linux-gnu/libnss_nis-2.19.so
7f513759c000-7f513779b000 ---p 0000a000 08:01 268407                     /lib/x86_64-linux-gnu/libnss_nis-2.19.so
7f513779b000-7f513779c000 r--p 00009000 08:01 268407                     /lib/x86_64-linux-gnu/libnss_nis-2.19.so
7f513779c000-7f513779d000 rw-p 0000a000 08:01 268407                     /lib/x86_64-linux-gnu/libnss_nis-2.19.so
7f513779d000-7f51377b2000 r-xp 00000000 08:01 268377                     /lib/x86_64-linux-gnu/libnsl-2.19.so
7f51377b2000-7f51379b1000 ---p 00015000 08:01 268377                     /lib/x86_64-linux-gnu/libnsl-2.19.so
7f51379b1000-7f51379b2000 r--p 00014000 08:01 268377                     /lib/x86_64-linux-gnu/libnsl-2.19.so
7f51379b2000-7f51379b3000 rw-p 00015000 08:01 268377                     /lib/x86_64-linux-gnu/libnsl-2.19.so
7f51379b3000-7f51379b5000 rw-p 00000000 00:00 0 
7f51379b5000-7f51379bc000 r-xp 00000000 08:01 268384                     /lib/x86_64-linux-gnu/libnss_compat-2.19.so
7f51379bc000-7f5137bbb000 ---p 00007000 08:01 268384                     /lib/x86_64-linux-gnu/libnss_compat-2.19.so
7f5137bbb000-7f5137bbc000 r--p 00006000 08:01 268384                     /lib/x86_64-linux-gnu/libnss_compat-2.19.so
7f5137bbc000-7f5137bbd000 rw-p 00007000 08:01 268384                     /lib/x86_64-linux-gnu/libnss_compat-2.19.so
7f5137bbd000-7f5137bea000 r-xp 00000000 08:01 300290                     /usr/lib/jvm/java-8-openjdk-amd64/jre/lib/amd64/libjava.so
7f5137bea000-7f5137dea000 ---p 0002d000 08:01 300290                     /usr/lib/jvm/java-8-openjdk-amd64/jre/lib/amd64/libjava.so
7f5137dea000-7f5137deb000 r--p 0002d000 08:01 300290                     /usr/lib/jvm/java-8-openjdk-amd64/jre/lib/amd64/libjava.so
7f5137deb000-7f5137ded000 rw-p 0002e000 08:01 300290                     /usr/lib/jvm/java-8-openjdk-amd64/jre/lib/amd64/libjava.so
7f5137ded000-7f5137dfc000 r-xp 00000000 08:01 300292                     /usr/lib/jvm/java-8-openjdk-amd64/jre/lib/amd64/libverify.so
7f5137dfc000-7f5137ffc000 ---p 0000f000 08:01 300292                     /usr/lib/jvm/java-8-openjdk-amd64/jre/lib/amd64/libverify.so
7f5137ffc000-7f5137fff000 r--p 0000f000 08:01 300292                     /usr/lib/jvm/java-8-openjdk-amd64/jre/lib/amd64/libverify.so
7f5137fff000-7f5138000000 rw-p 00012000 08:01 300292                     /usr/lib/jvm/java-8-openjdk-amd64/jre/lib/amd64/libverify.so
7f5138000000-7f5138d0d000 rw-p 00000000 00:00 0 
7f5138d0d000-7f513c000000 ---p 00000000 00:00 0 
7f513c000000-7f513c002000 r--s 00000000 08:01 534427                     /home/gpm17/.m2/repository/org/camunda/commons/camunda-commons-logging/1.4.0/camunda-commons-logging-1.4.0.jar
7f513c002000-7f513c006000 r--s 00019000 08:01 536390                     /home/gpm17/.m2/repository/org/apache/maven/surefire/surefire-api/2.12.4/surefire-api-2.12.4.jar
7f513c006000-7f513c008000 r--s 00007000 08:01 536386                     /home/gpm17/.m2/repository/org/apache/maven/surefire/surefire-booter/2.12.4/surefire-booter-2.12.4.jar
7f513c008000-7f513c009000 r--s 00001000 08:01 420884                     /home/gpm17/Repository/GPM/bachelorthesis/target/surefire/surefirebooter1959352268201853253.jar
7f513c009000-7f513c00c000 r--s 0000f000 08:01 300312                     /usr/lib/jvm/java-8-openjdk-amd64/jre/lib/ext/icedtea-sound.jar
7f513c00c000-7f513c00d000 r--s 0000a000 08:01 300310                     /usr/lib/jvm/java-8-openjdk-amd64/jre/lib/ext/jaccess.jar
7f513c00d000-7f513c011000 r--s 00037000 08:01 300307                     /usr/lib/jvm/java-8-openjdk-amd64/jre/lib/ext/sunpkcs11.jar
7f513c011000-7f513c09a000 rw-p 00000000 00:00 0 
7f513c09a000-7f513c1d2000 ---p 00000000 00:00 0 
7f513c1d2000-7f513c1d9000 r-xp 00000000 08:01 277927                     /lib/x86_64-linux-gnu/librt-2.19.so
7f513c1d9000-7f513c3d8000 ---p 00007000 08:01 277927                     /lib/x86_64-linux-gnu/librt-2.19.so
7f513c3d8000-7f513c3d9000 r--p 00006000 08:01 277927                     /lib/x86_64-linux-gnu/librt-2.19.so
7f513c3d9000-7f513c3da000 rw-p 00007000 08:01 277927                     /lib/x86_64-linux-gnu/librt-2.19.so
7f513c3da000-7f513c3f0000 r-xp 00000000 08:01 262374                     /lib/x86_64-linux-gnu/libgcc_s.so.1
7f513c3f0000-7f513c5ef000 ---p 00016000 08:01 262374                     /lib/x86_64-linux-gnu/libgcc_s.so.1
7f513c5ef000-7f513c5f0000 rw-p 00015000 08:01 262374                     /lib/x86_64-linux-gnu/libgcc_s.so.1
7f513c5f0000-7f513c6f0000 r-xp 00000000 08:01 268329                     /lib/x86_64-linux-gnu/libm-2.19.so
7f513c6f0000-7f513c8ef000 ---p 00100000 08:01 268329                     /lib/x86_64-linux-gnu/libm-2.19.so
7f513c8ef000-7f513c8f0000 r--p 000ff000 08:01 268329                     /lib/x86_64-linux-gnu/libm-2.19.so
7f513c8f0000-7f513c8f1000 rw-p 00100000 08:01 268329                     /lib/x86_64-linux-gnu/libm-2.19.so
7f513c8f1000-7f513c9dd000 r-xp 00000000 08:01 5484                       /usr/lib/x86_64-linux-gnu/libstdc++.so.6.0.20
7f513c9dd000-7f513cbdd000 ---p 000ec000 08:01 5484                       /usr/lib/x86_64-linux-gnu/libstdc++.so.6.0.20
7f513cbdd000-7f513cbe5000 r--p 000ec000 08:01 5484                       /usr/lib/x86_64-linux-gnu/libstdc++.so.6.0.20
7f513cbe5000-7f513cbe7000 rw-p 000f4000 08:01 5484                       /usr/lib/x86_64-linux-gnu/libstdc++.so.6.0.20
7f513cbe7000-7f513cbfc000 rw-p 00000000 00:00 0 
7f513cbfc000-7f513d893000 r-xp 00000000 08:01 300260                     /usr/lib/jvm/java-8-openjdk-amd64/jre/lib/amd64/server/libjvm.so
7f513d893000-7f513da92000 ---p 00c97000 08:01 300260                     /usr/lib/jvm/java-8-openjdk-amd64/jre/lib/amd64/server/libjvm.so
7f513da92000-7f513db35000 r--p 00c96000 08:01 300260                     /usr/lib/jvm/java-8-openjdk-amd64/jre/lib/amd64/server/libjvm.so
7f513db35000-7f513db5e000 rw-p 00d39000 08:01 300260                     /usr/lib/jvm/java-8-openjdk-amd64/jre/lib/amd64/server/libjvm.so
7f513db5e000-7f513db8f000 rw-p 00000000 00:00 0 
7f513db8f000-7f513dd30000 r-xp 00000000 08:01 263613                     /lib/x86_64-linux-gnu/libc-2.19.so
7f513dd30000-7f513df30000 ---p 001a1000 08:01 263613                     /lib/x86_64-linux-gnu/libc-2.19.so
7f513df30000-7f513df34000 r--p 001a1000 08:01 263613                     /lib/x86_64-linux-gnu/libc-2.19.so
7f513df34000-7f513df36000 rw-p 001a5000 08:01 263613                     /lib/x86_64-linux-gnu/libc-2.19.so
7f513df36000-7f513df3a000 rw-p 00000000 00:00 0 
7f513df3a000-7f513df3d000 r-xp 00000000 08:01 263629                     /lib/x86_64-linux-gnu/libdl-2.19.so
7f513df3d000-7f513e13c000 ---p 00003000 08:01 263629                     /lib/x86_64-linux-gnu/libdl-2.19.so
7f513e13c000-7f513e13d000 r--p 00002000 08:01 263629                     /lib/x86_64-linux-gnu/libdl-2.19.so
7f513e13d000-7f513e13e000 rw-p 00003000 08:01 263629                     /lib/x86_64-linux-gnu/libdl-2.19.so
7f513e13e000-7f513e14c000 r-xp 00000000 08:01 300289                     /usr/lib/jvm/java-8-openjdk-amd64/jre/lib/amd64/jli/libjli.so
7f513e14c000-7f513e34b000 ---p 0000e000 08:01 300289                     /usr/lib/jvm/java-8-openjdk-amd64/jre/lib/amd64/jli/libjli.so
7f513e34b000-7f513e34c000 r--p 0000d000 08:01 300289                     /usr/lib/jvm/java-8-openjdk-amd64/jre/lib/amd64/jli/libjli.so
7f513e34c000-7f513e34d000 rw-p 0000e000 08:01 300289                     /usr/lib/jvm/java-8-openjdk-amd64/jre/lib/amd64/jli/libjli.so
7f513e34d000-7f513e367000 r-xp 00000000 08:01 263716                     /lib/x86_64-linux-gnu/libz.so.1.2.8
7f513e367000-7f513e566000 ---p 0001a000 08:01 263716                     /lib/x86_64-linux-gnu/libz.so.1.2.8
7f513e566000-7f513e567000 r--p 00019000 08:01 263716                     /lib/x86_64-linux-gnu/libz.so.1.2.8
7f513e567000-7f513e568000 rw-p 0001a000 08:01 263716                     /lib/x86_64-linux-gnu/libz.so.1.2.8
7f513e568000-7f513e580000 r-xp 00000000 08:01 262242                     /lib/x86_64-linux-gnu/libpthread-2.19.so
7f513e580000-7f513e77f000 ---p 00018000 08:01 262242                     /lib/x86_64-linux-gnu/libpthread-2.19.so
7f513e77f000-7f513e780000 r--p 00017000 08:01 262242                     /lib/x86_64-linux-gnu/libpthread-2.19.so
7f513e780000-7f513e781000 rw-p 00018000 08:01 262242                     /lib/x86_64-linux-gnu/libpthread-2.19.so
7f513e781000-7f513e785000 rw-p 00000000 00:00 0 
7f513e785000-7f513e7a6000 r-xp 00000000 08:01 263505                     /lib/x86_64-linux-gnu/ld-2.19.so
7f513e7a6000-7f513e7b0000 r--s 00116000 08:01 300308                     /usr/lib/jvm/java-8-openjdk-amd64/jre/lib/ext/localedata.jar
7f513e7b0000-7f513e7cc000 r--s 00393000 08:01 300311                     /usr/lib/jvm/java-8-openjdk-amd64/jre/lib/ext/cldrdata.jar
7f513e7cc000-7f513e888000 rw-p 00000000 00:00 0 
7f513e888000-7f513e88b000 ---p 00000000 00:00 0 
7f513e88b000-7f513e98e000 rw-p 00000000 00:00 0                          [stack:3772]
7f513e98e000-7f513e98f000 r--s 00010000 08:01 300315                     /usr/lib/jvm/java-8-openjdk-amd64/jre/lib/ext/zipfs.jar
7f513e98f000-7f513e990000 r--s 00008000 08:01 300314                     /usr/lib/jvm/java-8-openjdk-amd64/jre/lib/ext/sunec.jar
7f513e990000-7f513e992000 r--s 00006000 08:01 138941                     /usr/share/java/java-atk-wrapper.jar
7f513e992000-7f513e994000 r--s 00001000 08:01 300313                     /usr/lib/jvm/java-8-openjdk-amd64/jre/lib/ext/dnsns.jar
7f513e994000-7f513e999000 r--s 0003b000 08:01 300316                     /usr/lib/jvm/java-8-openjdk-amd64/jre/lib/ext/sunjce_provider.jar
7f513e999000-7f513e9a1000 rw-s 00000000 08:01 299232                     /tmp/hsperfdata_gpm17/3769
7f513e9a1000-7f513e9a2000 rw-p 00000000 00:00 0 
7f513e9a2000-7f513e9a3000 ---p 00000000 00:00 0 
7f513e9a3000-7f513e9a5000 rw-p 00000000 00:00 0 
7f513e9a5000-7f513e9a6000 r--p 00020000 08:01 263505                     /lib/x86_64-linux-gnu/ld-2.19.so
7f513e9a6000-7f513e9a7000 rw-p 00021000 08:01 263505                     /lib/x86_64-linux-gnu/ld-2.19.so
7f513e9a7000-7f513e9a8000 rw-p 00000000 00:00 0 
7fff538dc000-7fff538fd000 rw-p 00000000 00:00 0                          [stack]
7fff539a2000-7fff539a4000 r-xp 00000000 00:00 0                          [vdso]
7fff539a4000-7fff539a6000 r--p 00000000 00:00 0                          [vvar]
ffffffffff600000-ffffffffff601000 r-xp 00000000 00:00 0                  [vsyscall]

VM Arguments:
java_command: /home/gpm17/Repository/GPM/bachelorthesis/target/surefire/surefirebooter1959352268201853253.jar /home/gpm17/Repository/GPM/bachelorthesis/target/surefire/surefire1504708997437289124tmp /home/gpm17/Repository/GPM/bachelorthesis/target/surefire/surefire_07889470393684340374tmp
java_class_path (initial): /home/gpm17/Repository/GPM/bachelorthesis/target/surefire/surefirebooter1959352268201853253.jar
Launcher Type: SUN_STANDARD

Environment Variables:
PATH=/usr/local/bin:/usr/bin:/bin:/usr/local/games:/usr/games
LD_LIBRARY_PATH=/opt/intellij-idea/idea-IC-172.4343.14/bin:
SHELL=/bin/bash
DISPLAY=:0.0

Signal Handlers:
SIGSEGV: [libjvm.so+0xa960e0], sa_mask[0]=11111111011111111101111111111110, sa_flags=SA_RESTART|SA_SIGINFO
SIGBUS: [libjvm.so+0xa960e0], sa_mask[0]=11111111011111111101111111111110, sa_flags=SA_RESTART|SA_SIGINFO
SIGFPE: [libjvm.so+0x8dddb0], sa_mask[0]=11111111011111111101111111111110, sa_flags=SA_RESTART|SA_SIGINFO
SIGPIPE: [libjvm.so+0x8dddb0], sa_mask[0]=11111111011111111101111111111110, sa_flags=SA_RESTART|SA_SIGINFO
SIGXFSZ: [libjvm.so+0x8dddb0], sa_mask[0]=11111111011111111101111111111110, sa_flags=SA_RESTART|SA_SIGINFO
SIGILL: [libjvm.so+0x8dddb0], sa_mask[0]=11111111011111111101111111111110, sa_flags=SA_RESTART|SA_SIGINFO
SIGUSR1: SIG_DFL, sa_mask[0]=00000000000000000000000000000000, sa_flags=none
SIGUSR2: [libjvm.so+0x8ddc60], sa_mask[0]=00100000000000000000000000000000, sa_flags=SA_RESTART|SA_SIGINFO
SIGHUP: [libjvm.so+0x8dde80], sa_mask[0]=11111111011111111101111111111110, sa_flags=SA_RESTART|SA_SIGINFO
SIGINT: [libjvm.so+0x8dde80], sa_mask[0]=11111111011111111101111111111110, sa_flags=SA_RESTART|SA_SIGINFO
SIGTERM: [libjvm.so+0x8dde80], sa_mask[0]=11111111011111111101111111111110, sa_flags=SA_RESTART|SA_SIGINFO
SIGQUIT: [libjvm.so+0x8dde80], sa_mask[0]=11111111011111111101111111111110, sa_flags=SA_RESTART|SA_SIGINFO


---------------  S Y S T E M  ---------------

OS:PRETTY_NAME="Debian GNU/Linux 8 (jessie)"
NAME="Debian GNU/Linux"
VERSION_ID="8"
VERSION="8 (jessie)"
ID=debian
HOME_URL="http://www.debian.org/"
SUPPORT_URL="http://www.debian.org/support"
BUG_REPORT_URL="https://bugs.debian.org/"

uname:Linux 3.16.0-4-amd64 #1 SMP Debian 3.16.43-2+deb8u5 (2017-09-19) x86_64
libc:glibc 2.19 NPTL 2.19 
rlimit: STACK 8192k, CORE 0k, NPROC 15788, NOFILE 65536, AS infinity
load average:2,32 1,09 0,93

/proc/meminfo:
MemTotal:        4058900 kB
MemFree:           98332 kB
MemAvailable:      28636 kB
Buffers:             176 kB
Cached:            46320 kB
SwapCached:        14940 kB
Active:          3066520 kB
Inactive:         791784 kB
Active(anon):    3062804 kB
Inactive(anon):   785444 kB
Active(file):       3716 kB
Inactive(file):     6340 kB
Unevictable:          32 kB
Mlocked:              32 kB
SwapTotal:        393212 kB
SwapFree:              0 kB
Dirty:                88 kB
Writeback:           124 kB
AnonPages:       3797684 kB
Mapped:            43180 kB
Shmem:             36072 kB
Slab:              40128 kB
SReclaimable:      19496 kB
SUnreclaim:        20632 kB
KernelStack:       10288 kB
PageTables:        30380 kB
NFS_Unstable:          0 kB
Bounce:                0 kB
WritebackTmp:          0 kB
CommitLimit:     2422660 kB
Committed_AS:    7420364 kB
VmallocTotal:   34359738367 kB
VmallocUsed:       54764 kB
VmallocChunk:   34359681016 kB
HardwareCorrupted:     0 kB
AnonHugePages:         0 kB
HugePages_Total:       0
HugePages_Free:        0
HugePages_Rsvd:        0
HugePages_Surp:        0
Hugepagesize:       2048 kB
DirectMap4k:       57280 kB
DirectMap2M:     4136960 kB


CPU:total 2 (2 cores per cpu, 1 threads per core) family 6 model 69 stepping 1, cmov, cx8, fxsr, mmx, sse, sse2, sse3, ssse3, sse4.1, sse4.2, popcnt, avx, avx2, aes, clmul, lzcnt, tsc, tscinvbit

/proc/cpuinfo:
processor	: 0
vendor_id	: GenuineIntel
cpu family	: 6
model		: 69
model name	: Intel(R) Core(TM) i7-4510U CPU @ 2.00GHz
stepping	: 1
cpu MHz		: 1995.263
cache size	: 4096 KB
physical id	: 0
siblings	: 2
core id		: 0
cpu cores	: 2
apicid		: 0
initial apicid	: 0
fpu		: yes
fpu_exception	: yes
cpuid level	: 13
wp		: yes
flags		: fpu vme de pse tsc msr pae mce cx8 apic sep mtrr pge mca cmov pat pse36 clflush mmx fxsr sse sse2 ht syscall nx rdtscp lm constant_tsc rep_good nopl xtopology nonstop_tsc pni pclmulqdq ssse3 cx16 sse4_1 sse4_2 movbe popcnt aes xsave avx rdrand lahf_lm abm avx2
bogomips	: 3990.52
clflush size	: 64
cache_alignment	: 64
address sizes	: 39 bits physical, 48 bits virtual
power management:

processor	: 1
vendor_id	: GenuineIntel
cpu family	: 6
model		: 69
model name	: Intel(R) Core(TM) i7-4510U CPU @ 2.00GHz
stepping	: 1
cpu MHz		: 1995.263
cache size	: 4096 KB
physical id	: 0
siblings	: 2
core id		: 1
cpu cores	: 2
apicid		: 1
initial apicid	: 1
fpu		: yes
fpu_exception	: yes
cpuid level	: 13
wp		: yes
flags		: fpu vme de pse tsc msr pae mce cx8 apic sep mtrr pge mca cmov pat pse36 clflush mmx fxsr sse sse2 ht syscall nx rdtscp lm constant_tsc rep_good nopl xtopology nonstop_tsc pni pclmulqdq ssse3 cx16 sse4_1 sse4_2 movbe popcnt aes xsave avx rdrand lahf_lm abm avx2
bogomips	: 3990.52
clflush size	: 64
cache_alignment	: 64
address sizes	: 39 bits physical, 48 bits virtual
power management:



Memory: 4k page, physical 4058900k(98356k free), swap 393212k(0k free)

vm_info: OpenJDK 64-Bit Server VM (25.102-b14) for linux-amd64 JRE (1.8.0_102-8u102-b14.1-1~bpo8+1-b14), built on Aug  8 2016 10:49:23 by "jmm" with gcc 4.9.2

time: Tue Nov 21 13:11:24 2017
elapsed time: 20 seconds (0d 0h 0m 20s)

