#
# There is insufficient memory for the Java Runtime Environment to continue.
# Native memory allocation (mmap) failed to map 71827456 bytes for committing reserved memory.
# Possible reasons:
#   The system is out of physical RAM or swap space
#   In 32 bit mode, the process size limit was hit
# Possible solutions:
#   Reduce memory load on the system
#   Increase physical memory or swap space
#   Check if swap backing store is full
#   Use 64 bit Java on a 64 bit OS
#   Decrease Java heap size (-Xmx/-Xms)
#   Decrease number of Java threads
#   Decrease Java thread stack sizes (-Xss)
#   Set larger code cache with -XX:ReservedCodeCacheSize=
# This output file may be truncated or incomplete.
#
#  Out of Memory Error (os_linux.cpp:2630), pid=2767, tid=0x00007f2618632700
#
# JRE version: OpenJDK Runtime Environment (8.0_102-b14) (build 1.8.0_102-8u102-b14.1-1~bpo8+1-b14)
# Java VM: OpenJDK 64-Bit Server VM (25.102-b14 mixed mode linux-amd64 compressed oops)
# Failed to write core dump. Core dumps have been disabled. To enable core dumping, try "ulimit -c unlimited" before starting Java again
#

---------------  T H R E A D  ---------------

Current thread (0x00007f262c0fa800):  VMThread [stack: 0x00007f2618532000,0x00007f2618633000] [id=2774]

Stack: [0x00007f2618532000,0x00007f2618633000],  sp=0x00007f26186314c0,  free space=1021k
Native frames: (J=compiled Java code, j=interpreted, Vv=VM code, C=native code)
V  [libjvm.so+0xa955fd]
V  [libjvm.so+0x4e9dec]
V  [libjvm.so+0x8e2510]
V  [libjvm.so+0x8dcbfe]
V  [libjvm.so+0x9593fb]
V  [libjvm.so+0x95a763]
V  [libjvm.so+0x95725e]
V  [libjvm.so+0x95754c]
V  [libjvm.so+0x908233]
V  [libjvm.so+0xa97232]
V  [libjvm.so+0xa9bdc7]
V  [libjvm.so+0xa9a0e7]
V  [libjvm.so+0xa9a917]
V  [libjvm.so+0xa9ae61]
V  [libjvm.so+0x8df9e2]

VM_Operation (0x00007f26329a6070): ParallelGCFailedAllocation, mode: safepoint, requested by thread 0x00007f262c00a000


---------------  P R O C E S S  ---------------

Java Threads: ( => current thread )
  0x00007f262c136000 JavaThread "Service Thread" daemon [_thread_blocked, id=2780, stack(0x00007f2603cfd000,0x00007f2603dfe000)]
  0x00007f262c133000 JavaThread "C1 CompilerThread1" daemon [_thread_blocked, id=2779, stack(0x00007f2603dfe000,0x00007f2603eff000)]
  0x00007f262c130000 JavaThread "C2 CompilerThread0" daemon [_thread_blocked, id=2778, stack(0x00007f2603eff000,0x00007f2604000000)]
  0x00007f262c12e000 JavaThread "Signal Dispatcher" daemon [_thread_blocked, id=2777, stack(0x00007f26180a6000,0x00007f26181a7000)]
  0x00007f262c106800 JavaThread "Finalizer" daemon [_thread_blocked, id=2776, stack(0x00007f2618330000,0x00007f2618431000)]
  0x00007f262c102000 JavaThread "Reference Handler" daemon [_thread_blocked, id=2775, stack(0x00007f2618431000,0x00007f2618532000)]
  0x00007f262c00a000 JavaThread "main" [_thread_blocked, id=2769, stack(0x00007f26328a9000,0x00007f26329aa000)]

Other Threads:
=>0x00007f262c0fa800 VMThread [stack: 0x00007f2618532000,0x00007f2618633000] [id=2774]
  0x00007f262c13d000 WatcherThread [stack: 0x00007f2603bfc000,0x00007f2603cfd000] [id=2781]

VM state:at safepoint (normal execution)

VM Mutex/Monitor currently owned by a thread:  ([mutex/lock_event])
[0x00007f262c006320] Threads_lock - owner thread: 0x00007f262c0fa800
[0x00007f262c006820] Heap_lock - owner thread: 0x00007f262c00a000

Heap:
 PSYoungGen      total 260608K, used 7138K [0x00000000eb580000, 0x00000000fbb80000, 0x0000000100000000)
  eden space 253440K, 0% used [0x00000000eb580000,0x00000000eb580000,0x00000000fad00000)
  from space 7168K, 99% used [0x00000000fad00000,0x00000000fb3f8b90,0x00000000fb400000)
  to   space 6656K, 0% used [0x00000000fb400000,0x00000000fb400000,0x00000000fba80000)
 ParOldGen       total 34816K, used 12686K [0x00000000c2000000, 0x00000000c4200000, 0x00000000eb580000)
  object space 34816K, 36% used [0x00000000c2000000,0x00000000c2c63bd0,0x00000000c4200000)
 Metaspace       used 27100K, capacity 27384K, committed 27648K, reserved 1073152K
  class space    used 3233K, capacity 3312K, committed 3328K, reserved 1048576K

Card table byte_map: [0x00007f2630002000,0x00007f26301f3000] byte_map_base: 0x00007f262f9f2000

Marking Bits: (ParMarkBitMap*) 0x00007f2631b93300
 Begin Bits: [0x00007f2619b70000, 0x00007f261aaf0000)
 End Bits:   [0x00007f261aaf0000, 0x00007f261ba70000)

Polling page: 0x00007f26329c3000

CodeCache: size=245760Kb used=8167Kb max_used=8167Kb free=237592Kb
 bounds [0x00007f261c17d000, 0x00007f261c97d000, 0x00007f262b17d000]
 total_blobs=2817 nmethods=2416 adapters=315
 compilation: enabled

Compilation events (10 events):
Event: 16,162 Thread 0x00007f262c133000 2442 %     3       com.sun.org.apache.xml.internal.dtm.ref.ExpandedNameTable::initExtendedTypes @ 12 (63 bytes)
Event: 16,171 Thread 0x00007f262c133000 nmethod 2442% 0x00007f261c974810 code [0x00007f261c9749c0, 0x00007f261c9750d0]
Event: 16,263 Thread 0x00007f262c133000 2443       2       org.apache.ibatis.scripting.xmltags.XMLScriptBuilder::access$800 (6 bytes)
Event: 16,264 Thread 0x00007f262c133000 nmethod 2443 0x00007f261c974490 code [0x00007f261c974600, 0x00007f261c974748]
Event: 16,428 Thread 0x00007f262c133000 2445       2       com.sun.org.apache.xml.internal.dtm.ref.DTMDefaultBase::indexNode (69 bytes)
Event: 16,430 Thread 0x00007f262c133000 nmethod 2445 0x00007f261c97ac10 code [0x00007f261c97adc0, 0x00007f261c97b108]
Event: 16,445 Thread 0x00007f262c133000 2446       2       org.apache.ibatis.scripting.xmltags.ExpressionEvaluator::<init> (5 bytes)
Event: 16,446 Thread 0x00007f262c133000 nmethod 2446 0x00007f261c974150 code [0x00007f261c9742a0, 0x00007f261c9743f0]
Event: 16,476 Thread 0x00007f262c133000 2447       2       org.apache.ibatis.scripting.xmltags.XMLScriptBuilder$IfHandler::handleNode (50 bytes)
Event: 16,477 Thread 0x00007f262c133000 nmethod 2447 0x00007f261c97b690 code [0x00007f261c97b820, 0x00007f261c97bb68]

GC Heap History (10 events):
Event: 4,855 GC heap after
Heap after GC invocations=5 (full 0):
 PSYoungGen      total 66048K, used 2544K [0x00000000eb580000, 0x00000000f3c80000, 0x0000000100000000)
  eden space 63488K, 0% used [0x00000000eb580000,0x00000000eb580000,0x00000000ef380000)
  from space 2560K, 99% used [0x00000000ef380000,0x00000000ef5fc0d0,0x00000000ef600000)
  to   space 5632K, 0% used [0x00000000f3700000,0x00000000f3700000,0x00000000f3c80000)
 ParOldGen       total 42496K, used 3982K [0x00000000c2000000, 0x00000000c4980000, 0x00000000eb580000)
  object space 42496K, 9% used [0x00000000c2000000,0x00000000c23e3b28,0x00000000c4980000)
 Metaspace       used 12907K, capacity 13116K, committed 13440K, reserved 1060864K
  class space    used 1550K, capacity 1594K, committed 1664K, reserved 1048576K
}
Event: 5,139 GC heap before
{Heap before GC invocations=6 (full 0):
 PSYoungGen      total 66048K, used 66032K [0x00000000eb580000, 0x00000000f3c80000, 0x0000000100000000)
  eden space 63488K, 100% used [0x00000000eb580000,0x00000000ef380000,0x00000000ef380000)
  from space 2560K, 99% used [0x00000000ef380000,0x00000000ef5fc0d0,0x00000000ef600000)
  to   space 5632K, 0% used [0x00000000f3700000,0x00000000f3700000,0x00000000f3c80000)
 ParOldGen       total 42496K, used 3982K [0x00000000c2000000, 0x00000000c4980000, 0x00000000eb580000)
  object space 42496K, 9% used [0x00000000c2000000,0x00000000c23e3b28,0x00000000c4980000)
 Metaspace       used 12910K, capacity 13116K, committed 13440K, reserved 1060864K
  class space    used 1550K, capacity 1594K, committed 1664K, reserved 1048576K
Event: 5,150 GC heap after
Heap after GC invocations=6 (full 0):
 PSYoungGen      total 131584K, used 2576K [0x00000000eb580000, 0x00000000f3b80000, 0x0000000100000000)
  eden space 126976K, 0% used [0x00000000eb580000,0x00000000eb580000,0x00000000f3180000)
  from space 4608K, 55% used [0x00000000f3700000,0x00000000f39840d0,0x00000000f3b80000)
  to   space 5120K, 0% used [0x00000000f3180000,0x00000000f3180000,0x00000000f3680000)
 ParOldGen       total 42496K, used 3990K [0x00000000c2000000, 0x00000000c4980000, 0x00000000eb580000)
  object space 42496K, 9% used [0x00000000c2000000,0x00000000c23e5b28,0x00000000c4980000)
 Metaspace       used 12910K, capacity 13116K, committed 13440K, reserved 1060864K
  class space    used 1550K, capacity 1594K, committed 1664K, reserved 1048576K
}
Event: 7,088 GC heap before
{Heap before GC invocations=7 (full 0):
 PSYoungGen      total 131584K, used 129552K [0x00000000eb580000, 0x00000000f3b80000, 0x0000000100000000)
  eden space 126976K, 100% used [0x00000000eb580000,0x00000000f3180000,0x00000000f3180000)
  from space 4608K, 55% used [0x00000000f3700000,0x00000000f39840d0,0x00000000f3b80000)
  to   space 5120K, 0% used [0x00000000f3180000,0x00000000f3180000,0x00000000f3680000)
 ParOldGen       total 42496K, used 3990K [0x00000000c2000000, 0x00000000c4980000, 0x00000000eb580000)
  object space 42496K, 9% used [0x00000000c2000000,0x00000000c23e5b28,0x00000000c4980000)
 Metaspace       used 16636K, capacity 16832K, committed 16896K, reserved 1064960K
  class space    used 1994K, capacity 2046K, committed 2048K, reserved 1048576K
Event: 7,121 GC heap after
Heap after GC invocations=7 (full 0):
 PSYoungGen      total 132096K, used 5107K [0x00000000eb580000, 0x00000000fba80000, 0x0000000100000000)
  eden space 126976K, 0% used [0x00000000eb580000,0x00000000eb580000,0x00000000f3180000)
  from space 5120K, 99% used [0x00000000f3180000,0x00000000f367cdd8,0x00000000f3680000)
  to   space 6656K, 0% used [0x00000000fb400000,0x00000000fb400000,0x00000000fba80000)
 ParOldGen       total 42496K, used 5421K [0x00000000c2000000, 0x00000000c4980000, 0x00000000eb580000)
  object space 42496K, 12% used [0x00000000c2000000,0x00000000c254b718,0x00000000c4980000)
 Metaspace       used 16636K, capacity 16832K, committed 16896K, reserved 1064960K
  class space    used 1994K, capacity 2046K, committed 2048K, reserved 1048576K
}
Event: 8,814 GC heap before
{Heap before GC invocations=8 (full 0):
 PSYoungGen      total 132096K, used 35729K [0x00000000eb580000, 0x00000000fba80000, 0x0000000100000000)
  eden space 126976K, 24% used [0x00000000eb580000,0x00000000ed3678e8,0x00000000f3180000)
  from space 5120K, 99% used [0x00000000f3180000,0x00000000f367cdd8,0x00000000f3680000)
  to   space 6656K, 0% used [0x00000000fb400000,0x00000000fb400000,0x00000000fba80000)
 ParOldGen       total 42496K, used 5421K [0x00000000c2000000, 0x00000000c4980000, 0x00000000eb580000)
  object space 42496K, 12% used [0x00000000c2000000,0x00000000c254b718,0x00000000c4980000)
 Metaspace       used 20845K, capacity 21094K, committed 21296K, reserved 1069056K
  class space    used 2561K, capacity 2669K, committed 2688K, reserved 1048576K
Event: 8,847 GC heap after
Heap after GC invocations=8 (full 0):
 PSYoungGen      total 260096K, used 5319K [0x00000000eb580000, 0x00000000fbb80000, 0x0000000100000000)
  eden space 253440K, 0% used [0x00000000eb580000,0x00000000eb580000,0x00000000fad00000)
  from space 6656K, 79% used [0x00000000fb400000,0x00000000fb931dc8,0x00000000fba80000)
  to   space 7168K, 0% used [0x00000000fad00000,0x00000000fad00000,0x00000000fb400000)
 ParOldGen       total 42496K, used 7031K [0x00000000c2000000, 0x00000000c4980000, 0x00000000eb580000)
  object space 42496K, 16% used [0x00000000c2000000,0x00000000c26ddc60,0x00000000c4980000)
 Metaspace       used 20845K, capacity 21094K, committed 21296K, reserved 1069056K
  class space    used 2561K, capacity 2669K, committed 2688K, reserved 1048576K
}
Event: 8,847 GC heap before
{Heap before GC invocations=9 (full 1):
 PSYoungGen      total 260096K, used 5319K [0x00000000eb580000, 0x00000000fbb80000, 0x0000000100000000)
  eden space 253440K, 0% used [0x00000000eb580000,0x00000000eb580000,0x00000000fad00000)
  from space 6656K, 79% used [0x00000000fb400000,0x00000000fb931dc8,0x00000000fba80000)
  to   space 7168K, 0% used [0x00000000fad00000,0x00000000fad00000,0x00000000fb400000)
 ParOldGen       total 42496K, used 7031K [0x00000000c2000000, 0x00000000c4980000, 0x00000000eb580000)
  object space 42496K, 16% used [0x00000000c2000000,0x00000000c26ddc60,0x00000000c4980000)
 Metaspace       used 20845K, capacity 21094K, committed 21296K, reserved 1069056K
  class space    used 2561K, capacity 2669K, committed 2688K, reserved 1048576K
Event: 8,991 GC heap after
Heap after GC invocations=9 (full 1):
 PSYoungGen      total 260096K, used 0K [0x00000000eb580000, 0x00000000fbb80000, 0x0000000100000000)
  eden space 253440K, 0% used [0x00000000eb580000,0x00000000eb580000,0x00000000fad00000)
  from space 6656K, 0% used [0x00000000fb400000,0x00000000fb400000,0x00000000fba80000)
  to   space 7168K, 0% used [0x00000000fad00000,0x00000000fad00000,0x00000000fb400000)
 ParOldGen       total 34816K, used 8957K [0x00000000c2000000, 0x00000000c4200000, 0x00000000eb580000)
  object space 34816K, 25% used [0x00000000c2000000,0x00000000c28bf410,0x00000000c4200000)
 Metaspace       used 20845K, capacity 21094K, committed 21296K, reserved 1069056K
  class space    used 2561K, capacity 2669K, committed 2688K, reserved 1048576K
}
Event: 16,528 GC heap before
{Heap before GC invocations=10 (full 1):
 PSYoungGen      total 260096K, used 253440K [0x00000000eb580000, 0x00000000fbb80000, 0x0000000100000000)
  eden space 253440K, 100% used [0x00000000eb580000,0x00000000fad00000,0x00000000fad00000)
  from space 6656K, 0% used [0x00000000fb400000,0x00000000fb400000,0x00000000fba80000)
  to   space 7168K, 0% used [0x00000000fad00000,0x00000000fad00000,0x00000000fb400000)
 ParOldGen       total 34816K, used 8957K [0x00000000c2000000, 0x00000000c4200000, 0x00000000eb580000)
  object space 34816K, 25% used [0x00000000c2000000,0x00000000c28bf410,0x00000000c4200000)
 Metaspace       used 27100K, capacity 27384K, committed 27648K, reserved 1073152K
  class space    used 3233K, capacity 3312K, committed 3328K, reserved 1048576K

Deoptimization events (10 events):
Event: 9,687 Thread 0x00007f262c00a000 Uncommon trap: reason=unstable_if action=reinterpret pc=0x00007f261c3812a8 method=java.util.HashMap.hash(Ljava/lang/Object;)I @ 1
Event: 9,750 Thread 0x00007f262c00a000 Uncommon trap: reason=unstable_if action=reinterpret pc=0x00007f261c62d2ec method=java.lang.ThreadLocal$ThreadLocalMap.getEntry(Ljava/lang/ThreadLocal;)Ljava/lang/ThreadLocal$ThreadLocalMap$Entry; @ 29
Event: 9,797 Thread 0x00007f262c00a000 Uncommon trap: reason=unstable_if action=reinterpret pc=0x00007f261c3a1200 method=java.lang.AbstractStringBuilder.append(Ljava/lang/String;)Ljava/lang/AbstractStringBuilder; @ 1
Event: 11,144 Thread 0x00007f262c00a000 Uncommon trap: reason=unstable_if action=reinterpret pc=0x00007f261c7545b4 method=com.sun.org.apache.xml.internal.utils.SuballocatedIntVector.setElementAt(II)V @ 5
Event: 11,144 Thread 0x00007f262c00a000 Uncommon trap: reason=unstable_if action=reinterpret pc=0x00007f261c69af3c method=com.sun.org.apache.xml.internal.utils.SuballocatedIntVector.setElementAt(II)V @ 5
Event: 11,145 Thread 0x00007f262c00a000 Uncommon trap: reason=unstable_if action=reinterpret pc=0x00007f261c6d70dc method=com.sun.org.apache.xml.internal.utils.SuballocatedIntVector.elementAt(I)I @ 5
Event: 12,468 Thread 0x00007f262c00a000 Uncommon trap: reason=unstable_if action=reinterpret pc=0x00007f261c8388fc method=com.sun.org.apache.xerces.internal.dom.ParentNode.internalInsertBefore(Lorg/w3c/dom/Node;Lorg/w3c/dom/Node;Z)Lorg/w3c/dom/Node; @ 473
Event: 12,512 Thread 0x00007f262c00a000 Uncommon trap: reason=unstable_if action=reinterpret pc=0x00007f261c6fd404 method=com.sun.org.apache.xerces.internal.impl.XMLEntityScanner.skipSpaces()Z @ 85
Event: 12,525 Thread 0x00007f262c00a000 Uncommon trap: reason=unstable_if action=reinterpret pc=0x00007f261c841830 method=com.sun.org.apache.xerces.internal.impl.XMLEntityScanner.scanContent(Lcom/sun/org/apache/xerces/internal/xni/XMLString;)I @ 127
Event: 16,413 Thread 0x00007f262c00a000 Uncommon trap: reason=unstable_if action=reinterpret pc=0x00007f261c72ada8 method=com.sun.org.apache.xml.internal.dtm.ref.DTMDefaultBase.ensureSizeOfIndex(II)V @ 164

Internal exceptions (10 events):
Event: 6,864 Thread 0x00007f262c00a000 Exception <a 'java/lang/ClassCastException': org.apache.commons.logging.impl.SLF4JLogFactory cannot be cast to connectjar.org.apache.commons.logging.LogFactory> (0x00000000f309d0f0) thrown at [/home/jmm/jdk/openjdk-8-8u102-b14.1/src/hotspot/src/share/vm/i
Event: 6,910 Thread 0x00007f262c00a000 Exception <a 'java/lang/NoClassDefFoundError': connectjar/org/apache/log4j/Category> (0x00000000f30e79f8) thrown at [/home/jmm/jdk/openjdk-8-8u102-b14.1/src/hotspot/src/share/vm/classfile/systemDictionary.cpp, line 199]
Event: 7,335 Thread 0x00007f262c00a000 Exception <a 'java/lang/NoSuchFieldError': method resolution failed> (0x00000000eb69b5d0) thrown at [/home/jmm/jdk/openjdk-8-8u102-b14.1/src/hotspot/src/share/vm/prims/methodHandles.cpp, line 1146]
Event: 7,342 Thread 0x00007f262c00a000 Exception <a 'java/lang/NoSuchFieldError': method resolution failed> (0x00000000eb6a9060) thrown at [/home/jmm/jdk/openjdk-8-8u102-b14.1/src/hotspot/src/share/vm/prims/methodHandles.cpp, line 1146]
Event: 7,840 Thread 0x00007f262c00a000 Exception <a 'java/lang/reflect/InvocationTargetException'> (0x00000000ebdc6ba0) thrown at [/home/jmm/jdk/openjdk-8-8u102-b14.1/src/hotspot/src/share/vm/runtime/reflection.cpp, line 1092]
Event: 8,147 Thread 0x00007f262c00a000 Implicit null exception at 0x00007f261c5b6a1b to 0x00007f261c5b70e1
Event: 9,034 Thread 0x00007f262c00a000 Implicit null exception at 0x00007f261c3c23f5 to 0x00007f261c3c2751
Event: 9,678 Thread 0x00007f262c00a000 Implicit null exception at 0x00007f261c3a9235 to 0x00007f261c3a943d
Event: 9,687 Thread 0x00007f262c00a000 Implicit null exception at 0x00007f261c38122f to 0x00007f261c381299
Event: 9,797 Thread 0x00007f262c00a000 Implicit null exception at 0x00007f261c3a0e73 to 0x00007f261c3a11ed

Events (10 events):
Event: 14,871 loading class org/camunda/bpm/engine/impl/HistoricDecisionInstanceStatisticsQueryImpl
Event: 14,871 loading class org/camunda/bpm/engine/impl/HistoricDecisionInstanceStatisticsQueryImpl done
Event: 16,026 loading class org/camunda/bpm/engine/authorization/Resource
Event: 16,026 loading class org/camunda/bpm/engine/authorization/Resource done
Event: 16,265 loading class org/camunda/bpm/engine/impl/AuthorizationQueryImpl
Event: 16,267 loading class org/camunda/bpm/engine/impl/AuthorizationQueryImpl done
Event: 16,413 Thread 0x00007f262c00a000 Uncommon trap: trap_request=0xffffff65 fr.pc=0x00007f261c72ada8
Event: 16,414 Thread 0x00007f262c00a000 DEOPT PACKING pc=0x00007f261c72ada8 sp=0x00007f26329a6bc0
Event: 16,414 Thread 0x00007f262c00a000 DEOPT UNPACKING pc=0x00007f261c181f69 sp=0x00007f26329a6af0 mode 2
Event: 16,502 Executing VM operation: ParallelGCFailedAllocation


Dynamic libraries:
00400000-00401000 r-xp 00000000 08:01 300352                             /usr/lib/jvm/java-8-openjdk-amd64/jre/bin/java
00600000-00601000 r--p 00000000 08:01 300352                             /usr/lib/jvm/java-8-openjdk-amd64/jre/bin/java
00601000-00602000 rw-p 00001000 08:01 300352                             /usr/lib/jvm/java-8-openjdk-amd64/jre/bin/java
015d8000-015f9000 rw-p 00000000 00:00 0                                  [heap]
c2000000-c4200000 rw-p 00000000 00:00 0 
c4200000-eb580000 ---p 00000000 00:00 0 
eb580000-fbb80000 rw-p 00000000 00:00 0 
100000000-100340000 rw-p 00000000 00:00 0 
100340000-140000000 ---p 00000000 00:00 0 
7f25ec000000-7f25ec021000 rw-p 00000000 00:00 0 
7f25ec021000-7f25f0000000 ---p 00000000 00:00 0 
7f25f0000000-7f25f0021000 rw-p 00000000 00:00 0 
7f25f0021000-7f25f4000000 ---p 00000000 00:00 0 
7f25f4000000-7f25f5374000 rw-p 00000000 00:00 0 
7f25f5374000-7f25f8000000 ---p 00000000 00:00 0 
7f25f8000000-7f25f8a62000 rw-p 00000000 00:00 0 
7f25f8a62000-7f25fc000000 ---p 00000000 00:00 0 
7f25fc000000-7f25fc021000 rw-p 00000000 00:00 0 
7f25fc021000-7f2600000000 ---p 00000000 00:00 0 
7f2602365000-7f2602526000 rw-p 00000000 00:00 0 
7f2602526000-7f2602566000 ---p 00000000 00:00 0 
7f2602566000-7f2602766000 rw-p 00000000 00:00 0 
7f2602766000-7f2602966000 rw-p 00000000 00:00 0 
7f2602966000-7f2602b66000 rw-p 00000000 00:00 0 
7f2602b66000-7f2602b8e000 r-xp 00000000 08:01 300282                     /usr/lib/jvm/java-8-openjdk-amd64/jre/lib/amd64/libsunec.so
7f2602b8e000-7f2602d8e000 ---p 00028000 08:01 300282                     /usr/lib/jvm/java-8-openjdk-amd64/jre/lib/amd64/libsunec.so
7f2602d8e000-7f2602d92000 r--p 00028000 08:01 300282                     /usr/lib/jvm/java-8-openjdk-amd64/jre/lib/amd64/libsunec.so
7f2602d92000-7f2602d94000 rw-p 0002c000 08:01 300282                     /usr/lib/jvm/java-8-openjdk-amd64/jre/lib/amd64/libsunec.so
7f2602d94000-7f2602d97000 r--s 00015000 08:01 300256                     /usr/lib/jvm/java-8-openjdk-amd64/jre/lib/jce.jar
7f2602d97000-7f2602d9b000 r--s 00097000 08:01 300237                     /usr/lib/jvm/java-8-openjdk-amd64/jre/lib/jsse.jar
7f2602d9b000-7f2602f9b000 rw-p 00000000 00:00 0 
7f2602f9b000-7f260319b000 rw-p 00000000 00:00 0 
7f260319b000-7f260339b000 rw-p 00000000 00:00 0 
7f260339b000-7f26033ae000 r--s 00346000 08:01 300248                     /usr/lib/jvm/java-8-openjdk-amd64/jre/lib/resources.jar
7f26033ae000-7f26035ae000 rw-p 00000000 00:00 0 
7f26035ae000-7f26038af000 rw-p 00000000 00:00 0 
7f26038af000-7f26038c6000 r-xp 00000000 08:01 300283                     /usr/lib/jvm/java-8-openjdk-amd64/jre/lib/amd64/libnet.so
7f26038c6000-7f2603ac5000 ---p 00017000 08:01 300283                     /usr/lib/jvm/java-8-openjdk-amd64/jre/lib/amd64/libnet.so
7f2603ac5000-7f2603ac6000 r--p 00016000 08:01 300283                     /usr/lib/jvm/java-8-openjdk-amd64/jre/lib/amd64/libnet.so
7f2603ac6000-7f2603ac7000 rw-p 00017000 08:01 300283                     /usr/lib/jvm/java-8-openjdk-amd64/jre/lib/amd64/libnet.so
7f2603ac7000-7f2603ace000 r--s 00000000 08:01 41406                      /usr/lib/x86_64-linux-gnu/gconv/gconv-modules.cache
7f2603ace000-7f2603af4000 r--p 00000000 08:01 4621                       /usr/share/locale/de/LC_MESSAGES/libc.mo
7f2603af4000-7f2603af7000 r--s 00007000 08:01 537142                     /home/gpm17/.m2/repository/org/apache/maven/surefire/surefire-junit4/2.12.4/surefire-junit4-2.12.4.jar
7f2603af7000-7f2603af9000 r--s 00000000 08:01 534482                     /home/gpm17/.m2/repository/org/slf4j/jul-to-slf4j/1.7.7/jul-to-slf4j-1.7.7.jar
7f2603af9000-7f2603afb000 r--s 00003000 08:01 534458                     /home/gpm17/.m2/repository/org/slf4j/jcl-over-slf4j/1.7.7/jcl-over-slf4j-1.7.7.jar
7f2603afb000-7f2603b05000 r--s 0005f000 08:01 534477                     /home/gpm17/.m2/repository/ch/qos/logback/logback-core/1.1.2/logback-core-1.1.2.jar
7f2603b05000-7f2603b0b000 r--s 0003d000 08:01 534460                     /home/gpm17/.m2/repository/ch/qos/logback/logback-classic/1.1.2/logback-classic-1.1.2.jar
7f2603b0b000-7f2603b0c000 r--s 0000c000 08:01 534470                     /home/gpm17/.m2/repository/org/hamcrest/hamcrest-library/1.3/hamcrest-library-1.3.jar
7f2603b0c000-7f2603b13000 r--s 00064000 08:01 534468                     /home/gpm17/.m2/repository/org/apache/commons/commons-lang3/3.4/commons-lang3-3.4.jar
7f2603b13000-7f2603b17000 r--s 0002f000 08:01 534467                     /home/gpm17/.m2/repository/commons-io/commons-io/2.5/commons-io-2.5.jar
7f2603b17000-7f2603b1d000 r--s 001ee000 08:01 534464                     /home/gpm17/.m2/repository/org/camunda/bpm/extension/camunda-bpm-process-test-coverage/0.3.1/camunda-bpm-process-test-coverage-0.3.1.jar
7f2603b1d000-7f2603b27000 r--s 0012f000 08:01 534463                     /home/gpm17/.m2/repository/com/h2database/h2/1.3.168/h2-1.3.168.jar
7f2603b27000-7f2603b29000 r--s 00009000 08:01 534472                     /home/gpm17/.m2/repository/org/hamcrest/hamcrest-core/1.3/hamcrest-core-1.3.jar
7f2603b29000-7f2603b31000 r--s 00045000 08:01 534474                     /home/gpm17/.m2/repository/junit/junit/4.12/junit-4.12.jar
7f2603b31000-7f2603b34000 r--s 00012000 08:01 534441                     /home/gpm17/.m2/repository/javax/servlet/javax.servlet-api/3.0.1/javax.servlet-api-3.0.1.jar
7f2603b34000-7f2603b38000 r--s 0003c000 08:01 533824                     /home/gpm17/.m2/repository/commons-lang/commons-lang/2.4/commons-lang-2.4.jar
7f2603b38000-7f2603b46000 r--s 0007f000 08:01 533895                     /home/gpm17/.m2/repository/commons-collections/commons-collections/3.2.1/commons-collections-3.2.1.jar
7f2603b46000-7f2603b4e000 r--s 00066000 08:01 533822                     /home/gpm17/.m2/repository/org/apache/velocity/velocity/1.7/velocity-1.7.jar
7f2603b4e000-7f2603b4f000 r--s 00001000 08:01 534401                     /home/gpm17/.m2/repository/org/camunda/template-engines/camunda-template-engines-velocity/1.0.1/camunda-template-engines-velocity-1.0.1.jar
7f2603b4f000-7f2603b60000 r--s 000e8000 08:01 534454                     /home/gpm17/.m2/repository/org/freemarker/freemarker/2.3.20/freemarker-2.3.20.jar
7f2603b60000-7f2603b61000 r--s 00001000 08:01 534452                     /home/gpm17/.m2/repository/org/camunda/template-engines/camunda-template-engines-freemarker/1.0.1/camunda-template-engines-freemarker-1.0.1.jar
7f2603b61000-7f2603b63000 r--s 00001000 08:01 534405                     /home/gpm17/.m2/repository/org/camunda/bpm/camunda-engine-plugin-connect/7.7.0/camunda-engine-plugin-connect-7.7.0.jar
7f2603b63000-7f2603b65000 r--s 00003000 08:01 534450                     /home/gpm17/.m2/repository/org/camunda/connect/camunda-connect-core/1.0.4/camunda-connect-core-1.0.4.jar
7f2603b65000-7f2603b80000 r--s 00111000 08:01 534440                     /home/gpm17/.m2/repository/org/camunda/connect/camunda-connect-connectors-all/1.0.4/camunda-connect-connectors-all-1.0.4.jar
7f2603b80000-7f2603b82000 r--s 00007000 08:01 534398                     /home/gpm17/.m2/repository/org/camunda/bpm/camunda-engine-plugin-spin/7.7.0/camunda-engine-plugin-spin-7.7.0.jar
7f2603b82000-7f2603b84000 r--s 00006000 08:01 534396                     /home/gpm17/.m2/repository/org/slf4j/slf4j-api/1.7.7/slf4j-api-1.7.7.jar
7f2603b84000-7f2603b87000 r--s 0000a000 08:01 534434                     /home/gpm17/.m2/repository/org/camunda/spin/camunda-spin-core/1.3.1/camunda-spin-core-1.3.1.jar
7f2603b87000-7f2603ba1000 r--s 0017b000 08:01 534438                     /home/gpm17/.m2/repository/org/camunda/spin/camunda-spin-dataformat-all/1.3.1/camunda-spin-dataformat-all-1.3.1.jar
7f2603ba1000-7f2603bae000 r--s 0008b000 08:01 534436                     /home/gpm17/.m2/repository/org/assertj/assertj-core/1.7.0/assertj-core-1.7.0.jar
7f2603bae000-7f2603baf000 r--s 00006000 08:01 534435                     /home/gpm17/.m2/repository/org/camunda/bpm/extension/camunda-bpm-assert/1.2/camunda-bpm-assert-1.2.jar
7f2603baf000-7f2603bb2000 r--s 00018000 08:01 534428                     /home/gpm17/.m2/repository/de/odysseus/juel/juel-impl/2.2.7/juel-impl-2.2.7.jar
7f2603bb2000-7f2603bb3000 r--s 00000000 08:01 534425                     /home/gpm17/.m2/repository/de/odysseus/juel/juel-spi/2.2.7/juel-spi-2.2.7.jar
7f2603bb3000-7f2603bb8000 r--s 00029000 08:01 534394                     /home/gpm17/.m2/repository/org/camunda/bpm/dmn/camunda-engine-feel-juel/7.7.0/camunda-engine-feel-juel-7.7.0.jar
7f2603bb8000-7f2603bba000 r--s 00000000 08:01 534403                     /home/gpm17/.m2/repository/org/camunda/bpm/dmn/camunda-engine-feel-api/7.7.0/camunda-engine-feel-api-7.7.0.jar
7f2603bba000-7f2603bc3000 r--s 0002e000 08:01 534402                     /home/gpm17/.m2/repository/org/camunda/bpm/model/camunda-dmn-model/7.7.0/camunda-dmn-model-7.7.0.jar
7f2603bc3000-7f2603bc8000 r--s 0001e000 08:01 534422                     /home/gpm17/.m2/repository/org/camunda/bpm/dmn/camunda-engine-dmn/7.7.0/camunda-engine-dmn-7.7.0.jar
7f2603bc8000-7f2603bd8000 r--s 0007c000 08:01 534420                     /home/gpm17/.m2/repository/joda-time/joda-time/2.1/joda-time-2.1.jar
7f2603bd8000-7f2603be2000 r--s 00064000 08:01 534414                     /home/gpm17/.m2/repository/org/springframework/spring-core/3.1.2.RELEASE/spring-core-3.1.2.RELEASE.jar
7f2603be2000-7f2603bee000 r--s 00085000 08:01 534389                     /home/gpm17/.m2/repository/org/springframework/spring-beans/3.1.2.RELEASE/spring-beans-3.1.2.RELEASE.jar
7f2603bee000-7f2603bfc000 r--s 000a1000 08:01 534412                     /home/gpm17/.m2/repository/org/mybatis/mybatis/3.2.8/mybatis-3.2.8.jar
7f2603bfc000-7f2603bfd000 ---p 00000000 00:00 0 
7f2603bfd000-7f2603cfd000 rw-p 00000000 00:00 0                          [stack:2781]
7f2603cfd000-7f2603d00000 ---p 00000000 00:00 0 
7f2603d00000-7f2603dfe000 rw-p 00000000 00:00 0                          [stack:2780]
7f2603dfe000-7f2603e01000 ---p 00000000 00:00 0 
7f2603e01000-7f2603eff000 rw-p 00000000 00:00 0                          [stack:2779]
7f2603eff000-7f2603f02000 ---p 00000000 00:00 0 
7f2603f02000-7f2604000000 rw-p 00000000 00:00 0                          [stack:2778]
7f2604000000-7f2604021000 rw-p 00000000 00:00 0 
7f2604021000-7f2608000000 ---p 00000000 00:00 0 
7f2608000000-7f2608021000 rw-p 00000000 00:00 0 
7f2608021000-7f260c000000 ---p 00000000 00:00 0 
7f260c000000-7f260c021000 rw-p 00000000 00:00 0 
7f260c021000-7f2610000000 ---p 00000000 00:00 0 
7f2610000000-7f2610021000 rw-p 00000000 00:00 0 
7f2610021000-7f2614000000 ---p 00000000 00:00 0 
7f2614000000-7f2614021000 rw-p 00000000 00:00 0 
7f2614021000-7f2618000000 ---p 00000000 00:00 0 
7f2618000000-7f2618001000 r--s 00007000 08:01 534404                     /home/gpm17/.m2/repository/de/odysseus/juel/juel-api/2.2.7/juel-api-2.2.7.jar
7f2618001000-7f2618002000 r--s 00002000 08:01 534456                     /home/gpm17/.m2/repository/org/camunda/commons/camunda-commons-utils/1.4.0/camunda-commons-utils-1.4.0.jar
7f2618002000-7f2618004000 r--s 0000d000 08:01 534418                     /home/gpm17/.m2/repository/commons-logging/commons-logging/1.1.1/commons-logging-1.1.1.jar
7f2618004000-7f2618005000 r--s 0000c000 08:01 534416                     /home/gpm17/.m2/repository/org/springframework/spring-asm/3.1.2.RELEASE/spring-asm-3.1.2.RELEASE.jar
7f2618005000-7f2618007000 r--s 0000e000 08:01 534409                     /home/gpm17/.m2/repository/javax/activation/activation/1.1/activation-1.1.jar
7f2618007000-7f261800e000 r--s 00067000 08:01 534406                     /home/gpm17/.m2/repository/javax/mail/mail/1.4.1/mail-1.4.1.jar
7f261800e000-7f261800f000 r--s 00007000 08:01 534395                     /home/gpm17/.m2/repository/org/apache/commons/commons-email/1.2/commons-email-1.2.jar
7f261800f000-7f2618012000 r--s 0000d000 08:01 534426                     /home/gpm17/.m2/repository/org/camunda/commons/camunda-commons-typed-values/1.4.0/camunda-commons-typed-values-1.4.0.jar
7f2618012000-7f2618014000 r--s 00000000 08:01 534427                     /home/gpm17/.m2/repository/org/camunda/commons/camunda-commons-logging/1.4.0/camunda-commons-logging-1.4.0.jar
7f2618014000-7f261801d000 r--s 0003d000 08:01 534388                     /home/gpm17/.m2/repository/org/camunda/bpm/model/camunda-cmmn-model/7.7.0/camunda-cmmn-model-7.7.0.jar
7f261801d000-7f2618022000 r--s 00023000 08:01 534400                     /home/gpm17/.m2/repository/org/camunda/bpm/model/camunda-xml-model/7.7.0/camunda-xml-model-7.7.0.jar
7f2618022000-7f2618035000 r--s 0008a000 08:01 534386                     /home/gpm17/.m2/repository/org/camunda/bpm/model/camunda-bpmn-model/7.7.0/camunda-bpmn-model-7.7.0.jar
7f2618035000-7f261807e000 r--s 00317000 08:01 534392                     /home/gpm17/.m2/repository/org/camunda/bpm/camunda-engine/7.7.0/camunda-engine-7.7.0.jar
7f261807e000-7f2618082000 r--s 00019000 08:01 536390                     /home/gpm17/.m2/repository/org/apache/maven/surefire/surefire-api/2.12.4/surefire-api-2.12.4.jar
7f2618082000-7f2618084000 r--s 00007000 08:01 536386                     /home/gpm17/.m2/repository/org/apache/maven/surefire/surefire-booter/2.12.4/surefire-booter-2.12.4.jar
7f2618084000-7f2618087000 r--s 0000f000 08:01 300312                     /usr/lib/jvm/java-8-openjdk-amd64/jre/lib/ext/icedtea-sound.jar
7f2618087000-7f261808b000 r--s 00037000 08:01 300307                     /usr/lib/jvm/java-8-openjdk-amd64/jre/lib/ext/sunpkcs11.jar
7f261808b000-7f26180a6000 r--s 001d5000 08:01 300309                     /usr/lib/jvm/java-8-openjdk-amd64/jre/lib/ext/nashorn.jar
7f26180a6000-7f26180a9000 ---p 00000000 00:00 0 
7f26180a9000-7f26181a7000 rw-p 00000000 00:00 0                          [stack:2777]
7f26181a7000-7f2618330000 r--p 00000000 08:01 24266                      /usr/lib/locale/locale-archive
7f2618330000-7f2618333000 ---p 00000000 00:00 0 
7f2618333000-7f2618431000 rw-p 00000000 00:00 0                          [stack:2776]
7f2618431000-7f2618434000 ---p 00000000 00:00 0 
7f2618434000-7f2618532000 rw-p 00000000 00:00 0                          [stack:2775]
7f2618532000-7f2618533000 ---p 00000000 00:00 0 
7f2618533000-7f2618f3c000 rw-p 00000000 00:00 0                          [stack:2774]
7f2618f3c000-7f261910a000 r--s 03bf1000 08:01 300304                     /usr/lib/jvm/java-8-openjdk-amd64/jre/lib/rt.jar
7f261910a000-7f261ba70000 rw-p 00000000 00:00 0 
7f261ba70000-7f261ba71000 ---p 00000000 00:00 0 
7f261ba71000-7f261bb71000 rw-p 00000000 00:00 0                          [stack:2773]
7f261bb71000-7f261bb72000 ---p 00000000 00:00 0 
7f261bb72000-7f261bc83000 rw-p 00000000 00:00 0                          [stack:2772]
7f261bc83000-7f261bdbd000 ---p 00000000 00:00 0 
7f261bdbd000-7f261bddd000 rw-p 00000000 00:00 0 
7f261bddd000-7f261c17d000 ---p 00000000 00:00 0 
7f261c17d000-7f261c97d000 rwxp 00000000 00:00 0 
7f261c97d000-7f262b17d000 ---p 00000000 00:00 0 
7f262b17d000-7f262b185000 r-xp 00000000 08:01 300264                     /usr/lib/jvm/java-8-openjdk-amd64/jre/lib/amd64/libzip.so
7f262b185000-7f262b384000 ---p 00008000 08:01 300264                     /usr/lib/jvm/java-8-openjdk-amd64/jre/lib/amd64/libzip.so
7f262b384000-7f262b385000 r--p 00007000 08:01 300264                     /usr/lib/jvm/java-8-openjdk-amd64/jre/lib/amd64/libzip.so
7f262b385000-7f262b386000 rw-p 00008000 08:01 300264                     /usr/lib/jvm/java-8-openjdk-amd64/jre/lib/amd64/libzip.so
7f262b386000-7f262b391000 r-xp 00000000 08:01 268392                     /lib/x86_64-linux-gnu/libnss_files-2.19.so
7f262b391000-7f262b590000 ---p 0000b000 08:01 268392                     /lib/x86_64-linux-gnu/libnss_files-2.19.so
7f262b590000-7f262b591000 r--p 0000a000 08:01 268392                     /lib/x86_64-linux-gnu/libnss_files-2.19.so
7f262b591000-7f262b592000 rw-p 0000b000 08:01 268392                     /lib/x86_64-linux-gnu/libnss_files-2.19.so
7f262b592000-7f262b59c000 r-xp 00000000 08:01 268407                     /lib/x86_64-linux-gnu/libnss_nis-2.19.so
7f262b59c000-7f262b79b000 ---p 0000a000 08:01 268407                     /lib/x86_64-linux-gnu/libnss_nis-2.19.so
7f262b79b000-7f262b79c000 r--p 00009000 08:01 268407                     /lib/x86_64-linux-gnu/libnss_nis-2.19.so
7f262b79c000-7f262b79d000 rw-p 0000a000 08:01 268407                     /lib/x86_64-linux-gnu/libnss_nis-2.19.so
7f262b79d000-7f262b7b2000 r-xp 00000000 08:01 268377                     /lib/x86_64-linux-gnu/libnsl-2.19.so
7f262b7b2000-7f262b9b1000 ---p 00015000 08:01 268377                     /lib/x86_64-linux-gnu/libnsl-2.19.so
7f262b9b1000-7f262b9b2000 r--p 00014000 08:01 268377                     /lib/x86_64-linux-gnu/libnsl-2.19.so
7f262b9b2000-7f262b9b3000 rw-p 00015000 08:01 268377                     /lib/x86_64-linux-gnu/libnsl-2.19.so
7f262b9b3000-7f262b9b5000 rw-p 00000000 00:00 0 
7f262b9b5000-7f262b9bc000 r-xp 00000000 08:01 268384                     /lib/x86_64-linux-gnu/libnss_compat-2.19.so
7f262b9bc000-7f262bbbb000 ---p 00007000 08:01 268384                     /lib/x86_64-linux-gnu/libnss_compat-2.19.so
7f262bbbb000-7f262bbbc000 r--p 00006000 08:01 268384                     /lib/x86_64-linux-gnu/libnss_compat-2.19.so
7f262bbbc000-7f262bbbd000 rw-p 00007000 08:01 268384                     /lib/x86_64-linux-gnu/libnss_compat-2.19.so
7f262bbbd000-7f262bbea000 r-xp 00000000 08:01 300290                     /usr/lib/jvm/java-8-openjdk-amd64/jre/lib/amd64/libjava.so
7f262bbea000-7f262bdea000 ---p 0002d000 08:01 300290                     /usr/lib/jvm/java-8-openjdk-amd64/jre/lib/amd64/libjava.so
7f262bdea000-7f262bdeb000 r--p 0002d000 08:01 300290                     /usr/lib/jvm/java-8-openjdk-amd64/jre/lib/amd64/libjava.so
7f262bdeb000-7f262bded000 rw-p 0002e000 08:01 300290                     /usr/lib/jvm/java-8-openjdk-amd64/jre/lib/amd64/libjava.so
7f262bded000-7f262bdfc000 r-xp 00000000 08:01 300292                     /usr/lib/jvm/java-8-openjdk-amd64/jre/lib/amd64/libverify.so
7f262bdfc000-7f262bffc000 ---p 0000f000 08:01 300292                     /usr/lib/jvm/java-8-openjdk-amd64/jre/lib/amd64/libverify.so
7f262bffc000-7f262bfff000 r--p 0000f000 08:01 300292                     /usr/lib/jvm/java-8-openjdk-amd64/jre/lib/amd64/libverify.so
7f262bfff000-7f262c000000 rw-p 00012000 08:01 300292                     /usr/lib/jvm/java-8-openjdk-amd64/jre/lib/amd64/libverify.so
7f262c000000-7f262cd67000 rw-p 00000000 00:00 0 
7f262cd67000-7f2630000000 ---p 00000000 00:00 0 
7f2630000000-7f2630001000 r--s 00001000 08:01 533211                     /home/gpm17/Repository/GPM/bachelorthesis/target/surefire/surefirebooter4683028530733832021.jar
7f2630001000-7f2630002000 r--s 0000a000 08:01 300310                     /usr/lib/jvm/java-8-openjdk-amd64/jre/lib/ext/jaccess.jar
7f2630002000-7f2630013000 rw-p 00000000 00:00 0 
7f2630013000-7f263014c000 ---p 00000000 00:00 0 
7f263014c000-7f26301d0000 rw-p 00000000 00:00 0 
7f26301d0000-7f26301f2000 ---p 00000000 00:00 0 
7f26301f2000-7f26301f3000 rw-p 00000000 00:00 0 
7f26301f3000-7f26301fa000 r-xp 00000000 08:01 277927                     /lib/x86_64-linux-gnu/librt-2.19.so
7f26301fa000-7f26303f9000 ---p 00007000 08:01 277927                     /lib/x86_64-linux-gnu/librt-2.19.so
7f26303f9000-7f26303fa000 r--p 00006000 08:01 277927                     /lib/x86_64-linux-gnu/librt-2.19.so
7f26303fa000-7f26303fb000 rw-p 00007000 08:01 277927                     /lib/x86_64-linux-gnu/librt-2.19.so
7f26303fb000-7f2630411000 r-xp 00000000 08:01 262374                     /lib/x86_64-linux-gnu/libgcc_s.so.1
7f2630411000-7f2630610000 ---p 00016000 08:01 262374                     /lib/x86_64-linux-gnu/libgcc_s.so.1
7f2630610000-7f2630611000 rw-p 00015000 08:01 262374                     /lib/x86_64-linux-gnu/libgcc_s.so.1
7f2630611000-7f2630711000 r-xp 00000000 08:01 268329                     /lib/x86_64-linux-gnu/libm-2.19.so
7f2630711000-7f2630910000 ---p 00100000 08:01 268329                     /lib/x86_64-linux-gnu/libm-2.19.so
7f2630910000-7f2630911000 r--p 000ff000 08:01 268329                     /lib/x86_64-linux-gnu/libm-2.19.so
7f2630911000-7f2630912000 rw-p 00100000 08:01 268329                     /lib/x86_64-linux-gnu/libm-2.19.so
7f2630912000-7f26309fe000 r-xp 00000000 08:01 5484                       /usr/lib/x86_64-linux-gnu/libstdc++.so.6.0.20
7f26309fe000-7f2630bfe000 ---p 000ec000 08:01 5484                       /usr/lib/x86_64-linux-gnu/libstdc++.so.6.0.20
7f2630bfe000-7f2630c06000 r--p 000ec000 08:01 5484                       /usr/lib/x86_64-linux-gnu/libstdc++.so.6.0.20
7f2630c06000-7f2630c08000 rw-p 000f4000 08:01 5484                       /usr/lib/x86_64-linux-gnu/libstdc++.so.6.0.20
7f2630c08000-7f2630c1d000 rw-p 00000000 00:00 0 
7f2630c1d000-7f26318b4000 r-xp 00000000 08:01 300260                     /usr/lib/jvm/java-8-openjdk-amd64/jre/lib/amd64/server/libjvm.so
7f26318b4000-7f2631ab3000 ---p 00c97000 08:01 300260                     /usr/lib/jvm/java-8-openjdk-amd64/jre/lib/amd64/server/libjvm.so
7f2631ab3000-7f2631b56000 r--p 00c96000 08:01 300260                     /usr/lib/jvm/java-8-openjdk-amd64/jre/lib/amd64/server/libjvm.so
7f2631b56000-7f2631b7f000 rw-p 00d39000 08:01 300260                     /usr/lib/jvm/java-8-openjdk-amd64/jre/lib/amd64/server/libjvm.so
7f2631b7f000-7f2631bb0000 rw-p 00000000 00:00 0 
7f2631bb0000-7f2631d51000 r-xp 00000000 08:01 263613                     /lib/x86_64-linux-gnu/libc-2.19.so
7f2631d51000-7f2631f51000 ---p 001a1000 08:01 263613                     /lib/x86_64-linux-gnu/libc-2.19.so
7f2631f51000-7f2631f55000 r--p 001a1000 08:01 263613                     /lib/x86_64-linux-gnu/libc-2.19.so
7f2631f55000-7f2631f57000 rw-p 001a5000 08:01 263613                     /lib/x86_64-linux-gnu/libc-2.19.so
7f2631f57000-7f2631f5b000 rw-p 00000000 00:00 0 
7f2631f5b000-7f2631f5e000 r-xp 00000000 08:01 263629                     /lib/x86_64-linux-gnu/libdl-2.19.so
7f2631f5e000-7f263215d000 ---p 00003000 08:01 263629                     /lib/x86_64-linux-gnu/libdl-2.19.so
7f263215d000-7f263215e000 r--p 00002000 08:01 263629                     /lib/x86_64-linux-gnu/libdl-2.19.so
7f263215e000-7f263215f000 rw-p 00003000 08:01 263629                     /lib/x86_64-linux-gnu/libdl-2.19.so
7f263215f000-7f263216d000 r-xp 00000000 08:01 300289                     /usr/lib/jvm/java-8-openjdk-amd64/jre/lib/amd64/jli/libjli.so
7f263216d000-7f263236c000 ---p 0000e000 08:01 300289                     /usr/lib/jvm/java-8-openjdk-amd64/jre/lib/amd64/jli/libjli.so
7f263236c000-7f263236d000 r--p 0000d000 08:01 300289                     /usr/lib/jvm/java-8-openjdk-amd64/jre/lib/amd64/jli/libjli.so
7f263236d000-7f263236e000 rw-p 0000e000 08:01 300289                     /usr/lib/jvm/java-8-openjdk-amd64/jre/lib/amd64/jli/libjli.so
7f263236e000-7f2632388000 r-xp 00000000 08:01 263716                     /lib/x86_64-linux-gnu/libz.so.1.2.8
7f2632388000-7f2632587000 ---p 0001a000 08:01 263716                     /lib/x86_64-linux-gnu/libz.so.1.2.8
7f2632587000-7f2632588000 r--p 00019000 08:01 263716                     /lib/x86_64-linux-gnu/libz.so.1.2.8
7f2632588000-7f2632589000 rw-p 0001a000 08:01 263716                     /lib/x86_64-linux-gnu/libz.so.1.2.8
7f2632589000-7f26325a1000 r-xp 00000000 08:01 262242                     /lib/x86_64-linux-gnu/libpthread-2.19.so
7f26325a1000-7f26327a0000 ---p 00018000 08:01 262242                     /lib/x86_64-linux-gnu/libpthread-2.19.so
7f26327a0000-7f26327a1000 r--p 00017000 08:01 262242                     /lib/x86_64-linux-gnu/libpthread-2.19.so
7f26327a1000-7f26327a2000 rw-p 00018000 08:01 262242                     /lib/x86_64-linux-gnu/libpthread-2.19.so
7f26327a2000-7f26327a6000 rw-p 00000000 00:00 0 
7f26327a6000-7f26327c7000 r-xp 00000000 08:01 263505                     /lib/x86_64-linux-gnu/ld-2.19.so
7f26327c7000-7f26327d1000 r--s 00116000 08:01 300308                     /usr/lib/jvm/java-8-openjdk-amd64/jre/lib/ext/localedata.jar
7f26327d1000-7f26327ed000 r--s 00393000 08:01 300311                     /usr/lib/jvm/java-8-openjdk-amd64/jre/lib/ext/cldrdata.jar
7f26327ed000-7f26328a9000 rw-p 00000000 00:00 0 
7f26328a9000-7f26328ac000 ---p 00000000 00:00 0 
7f26328ac000-7f26329af000 rw-p 00000000 00:00 0                          [stack:2769]
7f26329af000-7f26329b0000 r--s 00010000 08:01 300315                     /usr/lib/jvm/java-8-openjdk-amd64/jre/lib/ext/zipfs.jar
7f26329b0000-7f26329b1000 r--s 00008000 08:01 300314                     /usr/lib/jvm/java-8-openjdk-amd64/jre/lib/ext/sunec.jar
7f26329b1000-7f26329b3000 r--s 00006000 08:01 138941                     /usr/share/java/java-atk-wrapper.jar
7f26329b3000-7f26329b5000 r--s 00001000 08:01 300313                     /usr/lib/jvm/java-8-openjdk-amd64/jre/lib/ext/dnsns.jar
7f26329b5000-7f26329ba000 r--s 0003b000 08:01 300316                     /usr/lib/jvm/java-8-openjdk-amd64/jre/lib/ext/sunjce_provider.jar
7f26329ba000-7f26329c2000 rw-s 00000000 08:01 299828                     /tmp/hsperfdata_gpm17/2767
7f26329c2000-7f26329c3000 rw-p 00000000 00:00 0 
7f26329c3000-7f26329c4000 ---p 00000000 00:00 0 
7f26329c4000-7f26329c6000 rw-p 00000000 00:00 0 
7f26329c6000-7f26329c7000 r--p 00020000 08:01 263505                     /lib/x86_64-linux-gnu/ld-2.19.so
7f26329c7000-7f26329c8000 rw-p 00021000 08:01 263505                     /lib/x86_64-linux-gnu/ld-2.19.so
7f26329c8000-7f26329c9000 rw-p 00000000 00:00 0 
7ffe02ea7000-7ffe02ec8000 rw-p 00000000 00:00 0                          [stack]
7ffe02ed1000-7ffe02ed3000 r-xp 00000000 00:00 0                          [vdso]
7ffe02ed3000-7ffe02ed5000 r--p 00000000 00:00 0                          [vvar]
ffffffffff600000-ffffffffff601000 r-xp 00000000 00:00 0                  [vsyscall]

VM Arguments:
java_command: /home/gpm17/Repository/GPM/bachelorthesis/target/surefire/surefirebooter4683028530733832021.jar /home/gpm17/Repository/GPM/bachelorthesis/target/surefire/surefire4141645262575653007tmp /home/gpm17/Repository/GPM/bachelorthesis/target/surefire/surefire_02606728820332347225tmp
java_class_path (initial): /home/gpm17/Repository/GPM/bachelorthesis/target/surefire/surefirebooter4683028530733832021.jar
Launcher Type: SUN_STANDARD

Environment Variables:
PATH=/usr/local/bin:/usr/bin:/bin:/usr/local/games:/usr/games
LD_LIBRARY_PATH=/opt/intellij-idea/idea-IC-172.4343.14/bin:
SHELL=/bin/bash
DISPLAY=:0.0

Signal Handlers:
SIGSEGV: [libjvm.so+0xa960e0], sa_mask[0]=11111111011111111101111111111110, sa_flags=SA_RESTART|SA_SIGINFO
SIGBUS: [libjvm.so+0xa960e0], sa_mask[0]=11111111011111111101111111111110, sa_flags=SA_RESTART|SA_SIGINFO
SIGFPE: [libjvm.so+0x8dddb0], sa_mask[0]=11111111011111111101111111111110, sa_flags=SA_RESTART|SA_SIGINFO
SIGPIPE: [libjvm.so+0x8dddb0], sa_mask[0]=11111111011111111101111111111110, sa_flags=SA_RESTART|SA_SIGINFO
SIGXFSZ: [libjvm.so+0x8dddb0], sa_mask[0]=11111111011111111101111111111110, sa_flags=SA_RESTART|SA_SIGINFO
SIGILL: [libjvm.so+0x8dddb0], sa_mask[0]=11111111011111111101111111111110, sa_flags=SA_RESTART|SA_SIGINFO
SIGUSR1: SIG_DFL, sa_mask[0]=00000000000000000000000000000000, sa_flags=none
SIGUSR2: [libjvm.so+0x8ddc60], sa_mask[0]=00100000000000000000000000000000, sa_flags=SA_RESTART|SA_SIGINFO
SIGHUP: [libjvm.so+0x8dde80], sa_mask[0]=11111111011111111101111111111110, sa_flags=SA_RESTART|SA_SIGINFO
SIGINT: [libjvm.so+0x8dde80], sa_mask[0]=11111111011111111101111111111110, sa_flags=SA_RESTART|SA_SIGINFO
SIGTERM: [libjvm.so+0x8dde80], sa_mask[0]=11111111011111111101111111111110, sa_flags=SA_RESTART|SA_SIGINFO
SIGQUIT: [libjvm.so+0x8dde80], sa_mask[0]=11111111011111111101111111111110, sa_flags=SA_RESTART|SA_SIGINFO


---------------  S Y S T E M  ---------------

OS:PRETTY_NAME="Debian GNU/Linux 8 (jessie)"
NAME="Debian GNU/Linux"
VERSION_ID="8"
VERSION="8 (jessie)"
ID=debian
HOME_URL="http://www.debian.org/"
SUPPORT_URL="http://www.debian.org/support"
BUG_REPORT_URL="https://bugs.debian.org/"

uname:Linux 3.16.0-4-amd64 #1 SMP Debian 3.16.43-2+deb8u5 (2017-09-19) x86_64
libc:glibc 2.19 NPTL 2.19 
rlimit: STACK 8192k, CORE 0k, NPROC 15788, NOFILE 65536, AS infinity
load average:4,26 2,60 1,92

/proc/meminfo:
MemTotal:        4058900 kB
MemFree:           89668 kB
MemAvailable:      27412 kB
Buffers:             640 kB
Cached:            69544 kB
SwapCached:         2104 kB
Active:          3069576 kB
Inactive:         795624 kB
Active(anon):    3057152 kB
Inactive(anon):   784064 kB
Active(file):      12424 kB
Inactive(file):    11560 kB
Unevictable:          32 kB
Mlocked:              32 kB
SwapTotal:        393212 kB
SwapFree:              0 kB
Dirty:               112 kB
Writeback:             0 kB
AnonPages:       3793524 kB
Mapped:            66192 kB
Shmem:             45828 kB
Slab:              41332 kB
SReclaimable:      20444 kB
SUnreclaim:        20888 kB
KernelStack:       10912 kB
PageTables:        31032 kB
NFS_Unstable:          0 kB
Bounce:                0 kB
WritebackTmp:          0 kB
CommitLimit:     2422660 kB
Committed_AS:    7699712 kB
VmallocTotal:   34359738367 kB
VmallocUsed:       54764 kB
VmallocChunk:   34359681016 kB
HardwareCorrupted:     0 kB
AnonHugePages:         0 kB
HugePages_Total:       0
HugePages_Free:        0
HugePages_Rsvd:        0
HugePages_Surp:        0
Hugepagesize:       2048 kB
DirectMap4k:       57280 kB
DirectMap2M:     4136960 kB


CPU:total 2 (2 cores per cpu, 1 threads per core) family 6 model 69 stepping 1, cmov, cx8, fxsr, mmx, sse, sse2, sse3, ssse3, sse4.1, sse4.2, popcnt, avx, avx2, aes, clmul, lzcnt, tsc, tscinvbit

/proc/cpuinfo:
processor	: 0
vendor_id	: GenuineIntel
cpu family	: 6
model		: 69
model name	: Intel(R) Core(TM) i7-4510U CPU @ 2.00GHz
stepping	: 1
cpu MHz		: 1995.263
cache size	: 4096 KB
physical id	: 0
siblings	: 2
core id		: 0
cpu cores	: 2
apicid		: 0
initial apicid	: 0
fpu		: yes
fpu_exception	: yes
cpuid level	: 13
wp		: yes
flags		: fpu vme de pse tsc msr pae mce cx8 apic sep mtrr pge mca cmov pat pse36 clflush mmx fxsr sse sse2 ht syscall nx rdtscp lm constant_tsc rep_good nopl xtopology nonstop_tsc pni pclmulqdq ssse3 cx16 sse4_1 sse4_2 movbe popcnt aes xsave avx rdrand lahf_lm abm avx2
bogomips	: 3990.52
clflush size	: 64
cache_alignment	: 64
address sizes	: 39 bits physical, 48 bits virtual
power management:

processor	: 1
vendor_id	: GenuineIntel
cpu family	: 6
model		: 69
model name	: Intel(R) Core(TM) i7-4510U CPU @ 2.00GHz
stepping	: 1
cpu MHz		: 1995.263
cache size	: 4096 KB
physical id	: 0
siblings	: 2
core id		: 1
cpu cores	: 2
apicid		: 1
initial apicid	: 1
fpu		: yes
fpu_exception	: yes
cpuid level	: 13
wp		: yes
flags		: fpu vme de pse tsc msr pae mce cx8 apic sep mtrr pge mca cmov pat pse36 clflush mmx fxsr sse sse2 ht syscall nx rdtscp lm constant_tsc rep_good nopl xtopology nonstop_tsc pni pclmulqdq ssse3 cx16 sse4_1 sse4_2 movbe popcnt aes xsave avx rdrand lahf_lm abm avx2
bogomips	: 3990.52
clflush size	: 64
cache_alignment	: 64
address sizes	: 39 bits physical, 48 bits virtual
power management:



Memory: 4k page, physical 4058900k(89668k free), swap 393212k(0k free)

vm_info: OpenJDK 64-Bit Server VM (25.102-b14) for linux-amd64 JRE (1.8.0_102-8u102-b14.1-1~bpo8+1-b14), built on Aug  8 2016 10:49:23 by "jmm" with gcc 4.9.2

time: Tue Nov 21 12:06:26 2017
elapsed time: 16 seconds (0d 0h 0m 16s)

