#
# There is insufficient memory for the Java Runtime Environment to continue.
# Native memory allocation (mmap) failed to map 83361792 bytes for committing reserved memory.
# Possible reasons:
#   The system is out of physical RAM or swap space
#   In 32 bit mode, the process size limit was hit
# Possible solutions:
#   Reduce memory load on the system
#   Increase physical memory or swap space
#   Check if swap backing store is full
#   Use 64 bit Java on a 64 bit OS
#   Decrease Java heap size (-Xmx/-Xms)
#   Decrease number of Java threads
#   Decrease Java thread stack sizes (-Xss)
#   Set larger code cache with -XX:ReservedCodeCacheSize=
# This output file may be truncated or incomplete.
#
#  Out of Memory Error (os_linux.cpp:2630), pid=6008, tid=0x00007f14e2bfa700
#
# JRE version: OpenJDK Runtime Environment (8.0_102-b14) (build 1.8.0_102-8u102-b14.1-1~bpo8+1-b14)
# Java VM: OpenJDK 64-Bit Server VM (25.102-b14 mixed mode linux-amd64 compressed oops)
# Failed to write core dump. Core dumps have been disabled. To enable core dumping, try "ulimit -c unlimited" before starting Java again
#

---------------  T H R E A D  ---------------

Current thread (0x00007f14f40fa800):  VMThread [stack: 0x00007f14e2afa000,0x00007f14e2bfb000] [id=6014]

Stack: [0x00007f14e2afa000,0x00007f14e2bfb000],  sp=0x00007f14e2bf94a0,  free space=1021k
Native frames: (J=compiled Java code, j=interpreted, Vv=VM code, C=native code)
V  [libjvm.so+0xa955fd]
V  [libjvm.so+0x4e9dec]
V  [libjvm.so+0x8e2510]
V  [libjvm.so+0x8dcbfe]
V  [libjvm.so+0x9593fb]
V  [libjvm.so+0x95a763]
V  [libjvm.so+0x95725e]
V  [libjvm.so+0x94f9a9]
V  [libjvm.so+0x46b0a3]
V  [libjvm.so+0xa96b19]
V  [libjvm.so+0xa9bdc7]
V  [libjvm.so+0xa9a0e7]
V  [libjvm.so+0xa9a917]
V  [libjvm.so+0xa9ae61]
V  [libjvm.so+0x8df9e2]

VM_Operation (0x00007f14fcfa8d00): CollectForMetadataAllocation, mode: safepoint, requested by thread 0x00007f14f400a000


---------------  P R O C E S S  ---------------

Java Threads: ( => current thread )
  0x00007f14f4136000 JavaThread "Service Thread" daemon [_thread_blocked, id=6020, stack(0x00007f14e236b000,0x00007f14e246c000)]
  0x00007f14f4133000 JavaThread "C1 CompilerThread1" daemon [_thread_blocked, id=6019, stack(0x00007f14e246c000,0x00007f14e256d000)]
  0x00007f14f4130000 JavaThread "C2 CompilerThread0" daemon [_thread_blocked, id=6018, stack(0x00007f14e256d000,0x00007f14e266e000)]
  0x00007f14f412e000 JavaThread "Signal Dispatcher" daemon [_thread_blocked, id=6017, stack(0x00007f14e266e000,0x00007f14e276f000)]
  0x00007f14f4106800 JavaThread "Finalizer" daemon [_thread_blocked, id=6016, stack(0x00007f14e28f8000,0x00007f14e29f9000)]
  0x00007f14f4102000 JavaThread "Reference Handler" daemon [_thread_blocked, id=6015, stack(0x00007f14e29f9000,0x00007f14e2afa000)]
  0x00007f14f400a000 JavaThread "main" [_thread_blocked, id=6011, stack(0x00007f14fcead000,0x00007f14fcfae000)]

Other Threads:
=>0x00007f14f40fa800 VMThread [stack: 0x00007f14e2afa000,0x00007f14e2bfb000] [id=6014]
  0x00007f14f413c800 WatcherThread [stack: 0x00007f14e226a000,0x00007f14e236b000] [id=6021]

VM state:at safepoint (normal execution)

VM Mutex/Monitor currently owned by a thread:  ([mutex/lock_event])
[0x00007f14f4006320] Threads_lock - owner thread: 0x00007f14f40fa800
[0x00007f14f4006820] Heap_lock - owner thread: 0x00007f14f400a000

Heap:
 PSYoungGen      total 132096K, used 5112K [0x00000000eb580000, 0x00000000f3b80000, 0x0000000100000000)
  eden space 126976K, 0% used [0x00000000eb580000,0x00000000eb580000,0x00000000f3180000)
  from space 5120K, 99% used [0x00000000f3180000,0x00000000f367e0d0,0x00000000f3680000)
  to   space 5120K, 0% used [0x00000000f3680000,0x00000000f3680000,0x00000000f3b80000)
 ParOldGen       total 42496K, used 8909K [0x00000000c2000000, 0x00000000c4980000, 0x00000000eb580000)
  object space 42496K, 20% used [0x00000000c2000000,0x00000000c28b34c0,0x00000000c4980000)
 Metaspace       used 20873K, capacity 21094K, committed 21296K, reserved 1069056K
  class space    used 2561K, capacity 2669K, committed 2688K, reserved 1048576K

Card table byte_map: [0x00007f14f93c3000,0x00007f14f95b4000] byte_map_base: 0x00007f14f8db3000

Marking Bits: (ParMarkBitMap*) 0x00007f14fc197300
 Begin Bits: [0x00007f14e3100000, 0x00007f14e4080000)
 End Bits:   [0x00007f14e4080000, 0x00007f14e5000000)

Polling page: 0x00007f14fcfc7000

CodeCache: size=245760Kb used=5048Kb max_used=5061Kb free=240711Kb
 bounds [0x00007f14e5000000, 0x00007f14e5500000, 0x00007f14f4000000]
 total_blobs=1691 nmethods=1334 adapters=272
 compilation: enabled

Compilation events (10 events):
Event: 9,958 Thread 0x00007f14f4130000 1341       4       java.net.URLStreamHandler::parseURL (1158 bytes)
Event: 10,417 Thread 0x00007f14f4130000 nmethod 1341 0x00007f14e54f0510 code [0x00007f14e54f0820, 0x00007f14e54f3a28]
Event: 10,417 Thread 0x00007f14f4130000 1342       4       java.nio.DirectLongBufferU::get (16 bytes)
Event: 10,421 Thread 0x00007f14f4130000 nmethod 1342 0x00007f14e54e7090 code [0x00007f14e54e71e0, 0x00007f14e54e7278]
Event: 10,421 Thread 0x00007f14f4130000 1343       4       java.nio.DirectLongBufferU::put (18 bytes)
Event: 10,425 Thread 0x00007f14f4130000 nmethod 1343 0x00007f14e54e6910 code [0x00007f14e54e6a60, 0x00007f14e54e6af8]
Event: 10,459 Thread 0x00007f14f4130000 1344   !   4       java.util.zip.ZipFile$ZipFileInputStream::close (110 bytes)
Event: 10,530 Thread 0x00007f14f4130000 nmethod 1344 0x00007f14e54eb950 code [0x00007f14e54ebb40, 0x00007f14e54ece70]
Event: 10,531 Thread 0x00007f14f4130000 1345       4       java.util.zip.ZipCoder::getBytes (192 bytes)
Event: 10,557 Thread 0x00007f14f4130000 nmethod 1345 0x00007f14e54edad0 code [0x00007f14e54edc80, 0x00007f14e54ee250]

GC Heap History (10 events):
Event: 4,143 GC heap after
Heap after GC invocations=4 (full 0):
 PSYoungGen      total 34304K, used 2544K [0x00000000eb580000, 0x00000000ed980000, 0x0000000100000000)
  eden space 31744K, 0% used [0x00000000eb580000,0x00000000eb580000,0x00000000ed480000)
  from space 2560K, 99% used [0x00000000ed700000,0x00000000ed97c0e0,0x00000000ed980000)
  to   space 2560K, 0% used [0x00000000ed480000,0x00000000ed480000,0x00000000ed700000)
 ParOldGen       total 42496K, used 1338K [0x00000000c2000000, 0x00000000c4980000, 0x00000000eb580000)
  object space 42496K, 3% used [0x00000000c2000000,0x00000000c214ead0,0x00000000c4980000)
 Metaspace       used 11702K, capacity 11900K, committed 12032K, reserved 1060864K
  class space    used 1416K, capacity 1466K, committed 1536K, reserved 1048576K
}
Event: 5,003 GC heap before
{Heap before GC invocations=5 (full 0):
 PSYoungGen      total 34304K, used 34288K [0x00000000eb580000, 0x00000000ed980000, 0x0000000100000000)
  eden space 31744K, 100% used [0x00000000eb580000,0x00000000ed480000,0x00000000ed480000)
  from space 2560K, 99% used [0x00000000ed700000,0x00000000ed97c0e0,0x00000000ed980000)
  to   space 2560K, 0% used [0x00000000ed480000,0x00000000ed480000,0x00000000ed700000)
 ParOldGen       total 42496K, used 1338K [0x00000000c2000000, 0x00000000c4980000, 0x00000000eb580000)
  object space 42496K, 3% used [0x00000000c2000000,0x00000000c214ead0,0x00000000c4980000)
 Metaspace       used 12884K, capacity 13116K, committed 13440K, reserved 1060864K
  class space    used 1551K, capacity 1594K, committed 1664K, reserved 1048576K
Event: 5,025 GC heap after
Heap after GC invocations=5 (full 0):
 PSYoungGen      total 34304K, used 2544K [0x00000000eb580000, 0x00000000efe80000, 0x0000000100000000)
  eden space 31744K, 0% used [0x00000000eb580000,0x00000000eb580000,0x00000000ed480000)
  from space 2560K, 99% used [0x00000000ed480000,0x00000000ed6fc0b0,0x00000000ed700000)
  to   space 5632K, 0% used [0x00000000ef900000,0x00000000ef900000,0x00000000efe80000)
 ParOldGen       total 42496K, used 3037K [0x00000000c2000000, 0x00000000c4980000, 0x00000000eb580000)
  object space 42496K, 7% used [0x00000000c2000000,0x00000000c22f7558,0x00000000c4980000)
 Metaspace       used 12884K, capacity 13116K, committed 13440K, reserved 1060864K
  class space    used 1551K, capacity 1594K, committed 1664K, reserved 1048576K
}
Event: 5,194 GC heap before
{Heap before GC invocations=6 (full 0):
 PSYoungGen      total 34304K, used 34288K [0x00000000eb580000, 0x00000000efe80000, 0x0000000100000000)
  eden space 31744K, 100% used [0x00000000eb580000,0x00000000ed480000,0x00000000ed480000)
  from space 2560K, 99% used [0x00000000ed480000,0x00000000ed6fc0b0,0x00000000ed700000)
  to   space 5632K, 0% used [0x00000000ef900000,0x00000000ef900000,0x00000000efe80000)
 ParOldGen       total 42496K, used 3037K [0x00000000c2000000, 0x00000000c4980000, 0x00000000eb580000)
  object space 42496K, 7% used [0x00000000c2000000,0x00000000c22f7558,0x00000000c4980000)
 Metaspace       used 12907K, capacity 13116K, committed 13440K, reserved 1060864K
  class space    used 1551K, capacity 1594K, committed 1664K, reserved 1048576K
Event: 5,218 GC heap after
Heap after GC invocations=6 (full 0):
 PSYoungGen      total 68096K, used 2608K [0x00000000eb580000, 0x00000000efd80000, 0x0000000100000000)
  eden space 63488K, 0% used [0x00000000eb580000,0x00000000eb580000,0x00000000ef380000)
  from space 4608K, 56% used [0x00000000ef900000,0x00000000efb8c0d0,0x00000000efd80000)
  to   space 5120K, 0% used [0x00000000ef380000,0x00000000ef380000,0x00000000ef880000)
 ParOldGen       total 42496K, used 3045K [0x00000000c2000000, 0x00000000c4980000, 0x00000000eb580000)
  object space 42496K, 7% used [0x00000000c2000000,0x00000000c22f9558,0x00000000c4980000)
 Metaspace       used 12907K, capacity 13116K, committed 13440K, reserved 1060864K
  class space    used 1551K, capacity 1594K, committed 1664K, reserved 1048576K
}
Event: 5,595 GC heap before
{Heap before GC invocations=7 (full 0):
 PSYoungGen      total 68096K, used 66096K [0x00000000eb580000, 0x00000000efd80000, 0x0000000100000000)
  eden space 63488K, 100% used [0x00000000eb580000,0x00000000ef380000,0x00000000ef380000)
  from space 4608K, 56% used [0x00000000ef900000,0x00000000efb8c0d0,0x00000000efd80000)
  to   space 5120K, 0% used [0x00000000ef380000,0x00000000ef380000,0x00000000ef880000)
 ParOldGen       total 42496K, used 3045K [0x00000000c2000000, 0x00000000c4980000, 0x00000000eb580000)
  object space 42496K, 7% used [0x00000000c2000000,0x00000000c22f9558,0x00000000c4980000)
 Metaspace       used 12917K, capacity 13116K, committed 13440K, reserved 1060864K
  class space    used 1551K, capacity 1594K, committed 1664K, reserved 1048576K
Event: 5,609 GC heap after
Heap after GC invocations=7 (full 0):
 PSYoungGen      total 68608K, used 1872K [0x00000000eb580000, 0x00000000f3b80000, 0x0000000100000000)
  eden space 63488K, 0% used [0x00000000eb580000,0x00000000eb580000,0x00000000ef380000)
  from space 5120K, 36% used [0x00000000ef380000,0x00000000ef554010,0x00000000ef880000)
  to   space 5120K, 0% used [0x00000000f3680000,0x00000000f3680000,0x00000000f3b80000)
 ParOldGen       total 42496K, used 3771K [0x00000000c2000000, 0x00000000c4980000, 0x00000000eb580000)
  object space 42496K, 8% used [0x00000000c2000000,0x00000000c23aedf0,0x00000000c4980000)
 Metaspace       used 12917K, capacity 13116K, committed 13440K, reserved 1060864K
  class space    used 1551K, capacity 1594K, committed 1664K, reserved 1048576K
}
Event: 6,044 GC heap before
{Heap before GC invocations=8 (full 0):
 PSYoungGen      total 68608K, used 65360K [0x00000000eb580000, 0x00000000f3b80000, 0x0000000100000000)
  eden space 63488K, 100% used [0x00000000eb580000,0x00000000ef380000,0x00000000ef380000)
  from space 5120K, 36% used [0x00000000ef380000,0x00000000ef554010,0x00000000ef880000)
  to   space 5120K, 0% used [0x00000000f3680000,0x00000000f3680000,0x00000000f3b80000)
 ParOldGen       total 42496K, used 3771K [0x00000000c2000000, 0x00000000c4980000, 0x00000000eb580000)
  object space 42496K, 8% used [0x00000000c2000000,0x00000000c23aedf0,0x00000000c4980000)
 Metaspace       used 12920K, capacity 13116K, committed 13440K, reserved 1060864K
  class space    used 1551K, capacity 1594K, committed 1664K, reserved 1048576K
Event: 6,061 GC heap after
Heap after GC invocations=8 (full 0):
 PSYoungGen      total 132096K, used 992K [0x00000000eb580000, 0x00000000f3b80000, 0x0000000100000000)
  eden space 126976K, 0% used [0x00000000eb580000,0x00000000eb580000,0x00000000f3180000)
  from space 5120K, 19% used [0x00000000f3680000,0x00000000f3778000,0x00000000f3b80000)
  to   space 5120K, 0% used [0x00000000f3180000,0x00000000f3180000,0x00000000f3680000)
 ParOldGen       total 42496K, used 4648K [0x00000000c2000000, 0x00000000c4980000, 0x00000000eb580000)
  object space 42496K, 10% used [0x00000000c2000000,0x00000000c248a3f8,0x00000000c4980000)
 Metaspace       used 12920K, capacity 13116K, committed 13440K, reserved 1060864K
  class space    used 1551K, capacity 1594K, committed 1664K, reserved 1048576K
}
Event: 10,738 GC heap before
{Heap before GC invocations=9 (full 0):
 PSYoungGen      total 132096K, used 127968K [0x00000000eb580000, 0x00000000f3b80000, 0x0000000100000000)
  eden space 126976K, 100% used [0x00000000eb580000,0x00000000f3180000,0x00000000f3180000)
  from space 5120K, 19% used [0x00000000f3680000,0x00000000f3778000,0x00000000f3b80000)
  to   space 5120K, 0% used [0x00000000f3180000,0x00000000f3180000,0x00000000f3680000)
 ParOldGen       total 42496K, used 4648K [0x00000000c2000000, 0x00000000c4980000, 0x00000000eb580000)
  object space 42496K, 10% used [0x00000000c2000000,0x00000000c248a3f8,0x00000000c4980000)
 Metaspace       used 20873K, capacity 21094K, committed 21296K, reserved 1069056K
  class space    used 2561K, capacity 2669K, committed 2688K, reserved 1048576K

Deoptimization events (10 events):
Event: 4,856 Thread 0x00007f14f400a000 Uncommon trap: reason=unstable_if action=reinterpret pc=0x00007f14e535721c method=java.lang.reflect.Method.equals(Ljava/lang/Object;)Z @ 1
Event: 7,122 Thread 0x00007f14f400a000 Uncommon trap: reason=class_check action=maybe_recompile pc=0x00007f14e5359554 method=java.util.HashMap.putVal(ILjava/lang/Object;Ljava/lang/Object;ZZ)Ljava/lang/Object; @ 203
Event: 7,178 Thread 0x00007f14f400a000 Uncommon trap: reason=unstable_if action=reinterpret pc=0x00007f14e51a21c4 method=java.lang.String.replace(CC)Ljava/lang/String; @ 26
Event: 8,204 Thread 0x00007f14f400a000 Uncommon trap: reason=class_check action=maybe_recompile pc=0x00007f14e5359554 method=java.util.HashMap.putVal(ILjava/lang/Object;Ljava/lang/Object;ZZ)Ljava/lang/Object; @ 203
Event: 8,205 Thread 0x00007f14f400a000 Uncommon trap: reason=class_check action=maybe_recompile pc=0x00007f14e5359554 method=java.util.HashMap.putVal(ILjava/lang/Object;Ljava/lang/Object;ZZ)Ljava/lang/Object; @ 203
Event: 8,205 Thread 0x00007f14f400a000 Uncommon trap: reason=class_check action=maybe_recompile pc=0x00007f14e5359554 method=java.util.HashMap.putVal(ILjava/lang/Object;Ljava/lang/Object;ZZ)Ljava/lang/Object; @ 203
Event: 8,552 Thread 0x00007f14f400a000 Uncommon trap: reason=predicate action=maybe_recompile pc=0x00007f14e52ffb60 method=java.lang.String.regionMatches(ZILjava/lang/String;II)Z @ 63
Event: 8,726 Thread 0x00007f14f400a000 Uncommon trap: reason=unstable_if action=reinterpret pc=0x00007f14e5418480 method=java.util.HashMap.putVal(ILjava/lang/Object;Ljava/lang/Object;ZZ)Ljava/lang/Object; @ 236
Event: 9,169 Thread 0x00007f14f400a000 Uncommon trap: reason=unstable_if action=reinterpret pc=0x00007f14e517e820 method=java.lang.CharacterData.of(I)Ljava/lang/CharacterData; @ 4
Event: 9,709 Thread 0x00007f14f400a000 Uncommon trap: reason=unstable_if action=reinterpret pc=0x00007f14e53cb7f0 method=java.util.HashMap.hash(Ljava/lang/Object;)I @ 1

Internal exceptions (10 events):
Event: 4,746 Thread 0x00007f14f400a000 Exception <a 'java/lang/ClassNotFoundException': org/camunda/bpm/engine/impl/cfg/StandaloneProcessEngineConfigurationCustomizer> (0x00000000ebfded58) thrown at [/home/jmm/jdk/openjdk-8-8u102-b14.1/src/hotspot/src/share/vm/classfile/systemDictionary.cpp, l
Event: 4,778 Thread 0x00007f14f400a000 Exception <a 'java/lang/ClassNotFoundException': org/camunda/bpm/engine/impl/cfg/StandaloneInMemProcessEngineConfigurationCustomizer> (0x00000000ec06d298) thrown at [/home/jmm/jdk/openjdk-8-8u102-b14.1/src/hotspot/src/share/vm/classfile/systemDictionary.c
Event: 4,794 Thread 0x00007f14f400a000 Exception <a 'java/lang/ClassNotFoundException': org/camunda/bpm/extension/process_test_coverage/junit/rules/ProcessCoverageInMemProcessEngineConfigurationCustomizer> (0x00000000ec1025f8) thrown at [/home/jmm/jdk/openjdk-8-8u102-b14.1/src/hotspot/src/shar
Event: 4,856 Thread 0x00007f14f400a000 Implicit null exception at 0x00007f14e535718c to 0x00007f14e5357209
Event: 8,041 Thread 0x00007f14f400a000 Exception <a 'java/lang/ClassCastException': org.apache.commons.logging.impl.SLF4JLogFactory cannot be cast to connectjar.org.apache.commons.logging.LogFactory> (0x00000000f11a8550) thrown at [/home/jmm/jdk/openjdk-8-8u102-b14.1/src/hotspot/src/share/vm/i
Event: 8,058 Thread 0x00007f14f400a000 Exception <a 'java/lang/NoClassDefFoundError': connectjar/org/apache/log4j/Category> (0x00000000f11f0b08) thrown at [/home/jmm/jdk/openjdk-8-8u102-b14.1/src/hotspot/src/share/vm/classfile/systemDictionary.cpp, line 199]
Event: 8,486 Thread 0x00007f14f400a000 Exception <a 'java/lang/NoSuchFieldError': method resolution failed> (0x00000000f13a1948) thrown at [/home/jmm/jdk/openjdk-8-8u102-b14.1/src/hotspot/src/share/vm/prims/methodHandles.cpp, line 1146]
Event: 8,505 Thread 0x00007f14f400a000 Exception <a 'java/lang/NoSuchFieldError': method resolution failed> (0x00000000f13af3d8) thrown at [/home/jmm/jdk/openjdk-8-8u102-b14.1/src/hotspot/src/share/vm/prims/methodHandles.cpp, line 1146]
Event: 9,128 Thread 0x00007f14f400a000 Exception <a 'java/lang/reflect/InvocationTargetException'> (0x00000000f1a93110) thrown at [/home/jmm/jdk/openjdk-8-8u102-b14.1/src/hotspot/src/share/vm/runtime/reflection.cpp, line 1092]
Event: 9,709 Thread 0x00007f14f400a000 Implicit null exception at 0x00007f14e53cb758 to 0x00007f14e53cb7e6

Events (10 events):
Event: 10,711 loading class org/camunda/bpm/engine/impl/batch/BatchSeedJobHandler done
Event: 10,713 loading class org/camunda/bpm/engine/impl/batch/BatchMonitorJobHandler
Event: 10,713 loading class org/camunda/bpm/engine/impl/batch/BatchMonitorJobHandler done
Event: 10,715 loading class org/camunda/bpm/engine/impl/jobexecutor/historycleanup/HistoryCleanupJobHandler
Event: 10,715 loading class org/camunda/bpm/engine/impl/jobexecutor/historycleanup/HistoryCleanupJobHandler done
Event: 10,718 loading class org/camunda/bpm/engine/impl/jobexecutor/NotifyAcquisitionRejectedJobsHandler
Event: 10,718 loading class org/camunda/bpm/engine/impl/jobexecutor/NotifyAcquisitionRejectedJobsHandler done
Event: 10,720 loading class org/apache/ibatis/datasource/pooled/PooledDataSource
Event: 10,720 loading class org/apache/ibatis/datasource/pooled/PooledDataSource done
Event: 10,728 Executing VM operation: CollectForMetadataAllocation


Dynamic libraries:
00400000-00401000 r-xp 00000000 08:01 300352                             /usr/lib/jvm/java-8-openjdk-amd64/jre/bin/java
00600000-00601000 r--p 00000000 08:01 300352                             /usr/lib/jvm/java-8-openjdk-amd64/jre/bin/java
00601000-00602000 rw-p 00001000 08:01 300352                             /usr/lib/jvm/java-8-openjdk-amd64/jre/bin/java
01f89000-01faa000 rw-p 00000000 00:00 0                                  [heap]
c2000000-c4980000 rw-p 00000000 00:00 0 
c4980000-eb580000 ---p 00000000 00:00 0 
eb580000-f3b80000 rw-p 00000000 00:00 0 
f8b00000-100000000 ---p 00000000 00:00 0 
100000000-1002a0000 rw-p 00000000 00:00 0 
1002a0000-140000000 ---p 00000000 00:00 0 
7f14b4000000-7f14b4021000 rw-p 00000000 00:00 0 
7f14b4021000-7f14b8000000 ---p 00000000 00:00 0 
7f14bc000000-7f14bc3c2000 rw-p 00000000 00:00 0 
7f14bc3c2000-7f14c0000000 ---p 00000000 00:00 0 
7f14c0000000-7f14c0021000 rw-p 00000000 00:00 0 
7f14c0021000-7f14c4000000 ---p 00000000 00:00 0 
7f14c4000000-7f14c4021000 rw-p 00000000 00:00 0 
7f14c4021000-7f14c8000000 ---p 00000000 00:00 0 
7f14c8000000-7f14c9267000 rw-p 00000000 00:00 0 
7f14c9267000-7f14cc000000 ---p 00000000 00:00 0 
7f14cc000000-7f14cc021000 rw-p 00000000 00:00 0 
7f14cc021000-7f14d0000000 ---p 00000000 00:00 0 
7f14d0000000-7f14d0021000 rw-p 00000000 00:00 0 
7f14d0021000-7f14d4000000 ---p 00000000 00:00 0 
7f14d4000000-7f14d4021000 rw-p 00000000 00:00 0 
7f14d4021000-7f14d8000000 ---p 00000000 00:00 0 
7f14d8000000-7f14d8021000 rw-p 00000000 00:00 0 
7f14d8021000-7f14dc000000 ---p 00000000 00:00 0 
7f14dc000000-7f14dc021000 rw-p 00000000 00:00 0 
7f14dc021000-7f14e0000000 ---p 00000000 00:00 0 
7f14e0d69000-7f14e0d96000 rw-p 00000000 00:00 0 
7f14e0d96000-7f14e0f6a000 ---p 00000000 00:00 0 
7f14e0f6a000-7f14e116a000 rw-p 00000000 00:00 0 
7f14e116a000-7f14e1192000 r-xp 00000000 08:01 300282                     /usr/lib/jvm/java-8-openjdk-amd64/jre/lib/amd64/libsunec.so
7f14e1192000-7f14e1392000 ---p 00028000 08:01 300282                     /usr/lib/jvm/java-8-openjdk-amd64/jre/lib/amd64/libsunec.so
7f14e1392000-7f14e1396000 r--p 00028000 08:01 300282                     /usr/lib/jvm/java-8-openjdk-amd64/jre/lib/amd64/libsunec.so
7f14e1396000-7f14e1398000 rw-p 0002c000 08:01 300282                     /usr/lib/jvm/java-8-openjdk-amd64/jre/lib/amd64/libsunec.so
7f14e1398000-7f14e139b000 r--s 00015000 08:01 300256                     /usr/lib/jvm/java-8-openjdk-amd64/jre/lib/jce.jar
7f14e139b000-7f14e139f000 r--s 00097000 08:01 300237                     /usr/lib/jvm/java-8-openjdk-amd64/jre/lib/jsse.jar
7f14e139f000-7f14e159f000 rw-p 00000000 00:00 0 
7f14e159f000-7f14e179f000 rw-p 00000000 00:00 0 
7f14e179f000-7f14e199f000 rw-p 00000000 00:00 0 
7f14e199f000-7f14e19b2000 r--s 00346000 08:01 300248                     /usr/lib/jvm/java-8-openjdk-amd64/jre/lib/resources.jar
7f14e19b2000-7f14e1bb2000 rw-p 00000000 00:00 0 
7f14e1bb2000-7f14e1eb3000 rw-p 00000000 00:00 0 
7f14e1eb3000-7f14e1eca000 r-xp 00000000 08:01 300283                     /usr/lib/jvm/java-8-openjdk-amd64/jre/lib/amd64/libnet.so
7f14e1eca000-7f14e20c9000 ---p 00017000 08:01 300283                     /usr/lib/jvm/java-8-openjdk-amd64/jre/lib/amd64/libnet.so
7f14e20c9000-7f14e20ca000 r--p 00016000 08:01 300283                     /usr/lib/jvm/java-8-openjdk-amd64/jre/lib/amd64/libnet.so
7f14e20ca000-7f14e20cb000 rw-p 00017000 08:01 300283                     /usr/lib/jvm/java-8-openjdk-amd64/jre/lib/amd64/libnet.so
7f14e20cb000-7f14e20d2000 r--s 00000000 08:01 41406                      /usr/lib/x86_64-linux-gnu/gconv/gconv-modules.cache
7f14e20d2000-7f14e20f8000 r--p 00000000 08:01 4621                       /usr/share/locale/de/LC_MESSAGES/libc.mo
7f14e20f8000-7f14e20fb000 r--s 00007000 08:01 537142                     /home/gpm17/.m2/repository/org/apache/maven/surefire/surefire-junit4/2.12.4/surefire-junit4-2.12.4.jar
7f14e20fb000-7f14e20fd000 r--s 00000000 08:01 534482                     /home/gpm17/.m2/repository/org/slf4j/jul-to-slf4j/1.7.7/jul-to-slf4j-1.7.7.jar
7f14e20fd000-7f14e20ff000 r--s 00003000 08:01 534458                     /home/gpm17/.m2/repository/org/slf4j/jcl-over-slf4j/1.7.7/jcl-over-slf4j-1.7.7.jar
7f14e20ff000-7f14e2109000 r--s 0005f000 08:01 534477                     /home/gpm17/.m2/repository/ch/qos/logback/logback-core/1.1.2/logback-core-1.1.2.jar
7f14e2109000-7f14e210f000 r--s 0003d000 08:01 534460                     /home/gpm17/.m2/repository/ch/qos/logback/logback-classic/1.1.2/logback-classic-1.1.2.jar
7f14e210f000-7f14e2110000 r--s 0000c000 08:01 534470                     /home/gpm17/.m2/repository/org/hamcrest/hamcrest-library/1.3/hamcrest-library-1.3.jar
7f14e2110000-7f14e2117000 r--s 00064000 08:01 534468                     /home/gpm17/.m2/repository/org/apache/commons/commons-lang3/3.4/commons-lang3-3.4.jar
7f14e2117000-7f14e211b000 r--s 0002f000 08:01 534467                     /home/gpm17/.m2/repository/commons-io/commons-io/2.5/commons-io-2.5.jar
7f14e211b000-7f14e2121000 r--s 001ee000 08:01 534464                     /home/gpm17/.m2/repository/org/camunda/bpm/extension/camunda-bpm-process-test-coverage/0.3.1/camunda-bpm-process-test-coverage-0.3.1.jar
7f14e2121000-7f14e212b000 r--s 0012f000 08:01 534463                     /home/gpm17/.m2/repository/com/h2database/h2/1.3.168/h2-1.3.168.jar
7f14e212b000-7f14e212d000 r--s 00009000 08:01 534472                     /home/gpm17/.m2/repository/org/hamcrest/hamcrest-core/1.3/hamcrest-core-1.3.jar
7f14e212d000-7f14e2135000 r--s 00045000 08:01 534474                     /home/gpm17/.m2/repository/junit/junit/4.12/junit-4.12.jar
7f14e2135000-7f14e2138000 r--s 00012000 08:01 534441                     /home/gpm17/.m2/repository/javax/servlet/javax.servlet-api/3.0.1/javax.servlet-api-3.0.1.jar
7f14e2138000-7f14e213c000 r--s 0003c000 08:01 533824                     /home/gpm17/.m2/repository/commons-lang/commons-lang/2.4/commons-lang-2.4.jar
7f14e213c000-7f14e214a000 r--s 0007f000 08:01 533895                     /home/gpm17/.m2/repository/commons-collections/commons-collections/3.2.1/commons-collections-3.2.1.jar
7f14e214a000-7f14e2152000 r--s 00066000 08:01 533822                     /home/gpm17/.m2/repository/org/apache/velocity/velocity/1.7/velocity-1.7.jar
7f14e2152000-7f14e2153000 r--s 00001000 08:01 534401                     /home/gpm17/.m2/repository/org/camunda/template-engines/camunda-template-engines-velocity/1.0.1/camunda-template-engines-velocity-1.0.1.jar
7f14e2153000-7f14e2164000 r--s 000e8000 08:01 534454                     /home/gpm17/.m2/repository/org/freemarker/freemarker/2.3.20/freemarker-2.3.20.jar
7f14e2164000-7f14e2165000 r--s 00001000 08:01 534452                     /home/gpm17/.m2/repository/org/camunda/template-engines/camunda-template-engines-freemarker/1.0.1/camunda-template-engines-freemarker-1.0.1.jar
7f14e2165000-7f14e2167000 r--s 00001000 08:01 534405                     /home/gpm17/.m2/repository/org/camunda/bpm/camunda-engine-plugin-connect/7.7.0/camunda-engine-plugin-connect-7.7.0.jar
7f14e2167000-7f14e2169000 r--s 00003000 08:01 534450                     /home/gpm17/.m2/repository/org/camunda/connect/camunda-connect-core/1.0.4/camunda-connect-core-1.0.4.jar
7f14e2169000-7f14e2184000 r--s 00111000 08:01 534440                     /home/gpm17/.m2/repository/org/camunda/connect/camunda-connect-connectors-all/1.0.4/camunda-connect-connectors-all-1.0.4.jar
7f14e2184000-7f14e2186000 r--s 00007000 08:01 534398                     /home/gpm17/.m2/repository/org/camunda/bpm/camunda-engine-plugin-spin/7.7.0/camunda-engine-plugin-spin-7.7.0.jar
7f14e2186000-7f14e2188000 r--s 00006000 08:01 534396                     /home/gpm17/.m2/repository/org/slf4j/slf4j-api/1.7.7/slf4j-api-1.7.7.jar
7f14e2188000-7f14e218b000 r--s 0000a000 08:01 534434                     /home/gpm17/.m2/repository/org/camunda/spin/camunda-spin-core/1.3.1/camunda-spin-core-1.3.1.jar
7f14e218b000-7f14e21a5000 r--s 0017b000 08:01 534438                     /home/gpm17/.m2/repository/org/camunda/spin/camunda-spin-dataformat-all/1.3.1/camunda-spin-dataformat-all-1.3.1.jar
7f14e21a5000-7f14e21b2000 r--s 0008b000 08:01 534436                     /home/gpm17/.m2/repository/org/assertj/assertj-core/1.7.0/assertj-core-1.7.0.jar
7f14e21b2000-7f14e21b3000 r--s 00006000 08:01 534435                     /home/gpm17/.m2/repository/org/camunda/bpm/extension/camunda-bpm-assert/1.2/camunda-bpm-assert-1.2.jar
7f14e21b3000-7f14e21b6000 r--s 00018000 08:01 534428                     /home/gpm17/.m2/repository/de/odysseus/juel/juel-impl/2.2.7/juel-impl-2.2.7.jar
7f14e21b6000-7f14e21b7000 r--s 00000000 08:01 534425                     /home/gpm17/.m2/repository/de/odysseus/juel/juel-spi/2.2.7/juel-spi-2.2.7.jar
7f14e21b7000-7f14e21b8000 r--s 00007000 08:01 534404                     /home/gpm17/.m2/repository/de/odysseus/juel/juel-api/2.2.7/juel-api-2.2.7.jar
7f14e21b8000-7f14e21bd000 r--s 00029000 08:01 534394                     /home/gpm17/.m2/repository/org/camunda/bpm/dmn/camunda-engine-feel-juel/7.7.0/camunda-engine-feel-juel-7.7.0.jar
7f14e21bd000-7f14e21bf000 r--s 00000000 08:01 534403                     /home/gpm17/.m2/repository/org/camunda/bpm/dmn/camunda-engine-feel-api/7.7.0/camunda-engine-feel-api-7.7.0.jar
7f14e21bf000-7f14e21c8000 r--s 0002e000 08:01 534402                     /home/gpm17/.m2/repository/org/camunda/bpm/model/camunda-dmn-model/7.7.0/camunda-dmn-model-7.7.0.jar
7f14e21c8000-7f14e21c9000 r--s 00002000 08:01 534456                     /home/gpm17/.m2/repository/org/camunda/commons/camunda-commons-utils/1.4.0/camunda-commons-utils-1.4.0.jar
7f14e21c9000-7f14e21ce000 r--s 0001e000 08:01 534422                     /home/gpm17/.m2/repository/org/camunda/bpm/dmn/camunda-engine-dmn/7.7.0/camunda-engine-dmn-7.7.0.jar
7f14e21ce000-7f14e21de000 r--s 0007c000 08:01 534420                     /home/gpm17/.m2/repository/joda-time/joda-time/2.1/joda-time-2.1.jar
7f14e21de000-7f14e21e0000 r--s 0000d000 08:01 534418                     /home/gpm17/.m2/repository/commons-logging/commons-logging/1.1.1/commons-logging-1.1.1.jar
7f14e21e0000-7f14e21e1000 r--s 0000c000 08:01 534416                     /home/gpm17/.m2/repository/org/springframework/spring-asm/3.1.2.RELEASE/spring-asm-3.1.2.RELEASE.jar
7f14e21e1000-7f14e21eb000 r--s 00064000 08:01 534414                     /home/gpm17/.m2/repository/org/springframework/spring-core/3.1.2.RELEASE/spring-core-3.1.2.RELEASE.jar
7f14e21eb000-7f14e21f7000 r--s 00085000 08:01 534389                     /home/gpm17/.m2/repository/org/springframework/spring-beans/3.1.2.RELEASE/spring-beans-3.1.2.RELEASE.jar
7f14e21f7000-7f14e2205000 r--s 000a1000 08:01 534412                     /home/gpm17/.m2/repository/org/mybatis/mybatis/3.2.8/mybatis-3.2.8.jar
7f14e2205000-7f14e2207000 r--s 0000e000 08:01 534409                     /home/gpm17/.m2/repository/javax/activation/activation/1.1/activation-1.1.jar
7f14e2207000-7f14e220e000 r--s 00067000 08:01 534406                     /home/gpm17/.m2/repository/javax/mail/mail/1.4.1/mail-1.4.1.jar
7f14e220e000-7f14e2211000 r--s 0000d000 08:01 534426                     /home/gpm17/.m2/repository/org/camunda/commons/camunda-commons-typed-values/1.4.0/camunda-commons-typed-values-1.4.0.jar
7f14e2211000-7f14e2213000 r--s 00000000 08:01 534427                     /home/gpm17/.m2/repository/org/camunda/commons/camunda-commons-logging/1.4.0/camunda-commons-logging-1.4.0.jar
7f14e2213000-7f14e221c000 r--s 0003d000 08:01 534388                     /home/gpm17/.m2/repository/org/camunda/bpm/model/camunda-cmmn-model/7.7.0/camunda-cmmn-model-7.7.0.jar
7f14e221c000-7f14e2221000 r--s 00023000 08:01 534400                     /home/gpm17/.m2/repository/org/camunda/bpm/model/camunda-xml-model/7.7.0/camunda-xml-model-7.7.0.jar
7f14e2221000-7f14e226a000 r--s 00317000 08:01 534392                     /home/gpm17/.m2/repository/org/camunda/bpm/camunda-engine/7.7.0/camunda-engine-7.7.0.jar
7f14e226a000-7f14e226b000 ---p 00000000 00:00 0 
7f14e226b000-7f14e236b000 rw-p 00000000 00:00 0                          [stack:6021]
7f14e236b000-7f14e236e000 ---p 00000000 00:00 0 
7f14e236e000-7f14e246c000 rw-p 00000000 00:00 0                          [stack:6020]
7f14e246c000-7f14e246f000 ---p 00000000 00:00 0 
7f14e246f000-7f14e256d000 rw-p 00000000 00:00 0                          [stack:6019]
7f14e256d000-7f14e2570000 ---p 00000000 00:00 0 
7f14e2570000-7f14e266e000 rw-p 00000000 00:00 0                          [stack:6018]
7f14e266e000-7f14e2671000 ---p 00000000 00:00 0 
7f14e2671000-7f14e276f000 rw-p 00000000 00:00 0                          [stack:6017]
7f14e276f000-7f14e28f8000 r--p 00000000 08:01 24266                      /usr/lib/locale/locale-archive
7f14e28f8000-7f14e28fb000 ---p 00000000 00:00 0 
7f14e28fb000-7f14e29f9000 rw-p 00000000 00:00 0                          [stack:6016]
7f14e29f9000-7f14e29fc000 ---p 00000000 00:00 0 
7f14e29fc000-7f14e2afa000 rw-p 00000000 00:00 0                          [stack:6015]
7f14e2afa000-7f14e2afb000 ---p 00000000 00:00 0 
7f14e2afb000-7f14e5000000 rw-p 00000000 00:00 0                          [stack:6014]
7f14e5000000-7f14e5500000 rwxp 00000000 00:00 0 
7f14e5500000-7f14f4000000 ---p 00000000 00:00 0 
7f14f4000000-7f14f4c6d000 rw-p 00000000 00:00 0 
7f14f4c6d000-7f14f8000000 ---p 00000000 00:00 0 
7f14f8000000-7f14f8001000 r--s 00007000 08:01 534395                     /home/gpm17/.m2/repository/org/apache/commons/commons-email/1.2/commons-email-1.2.jar
7f14f8001000-7f14f8014000 r--s 0008a000 08:01 534386                     /home/gpm17/.m2/repository/org/camunda/bpm/model/camunda-bpmn-model/7.7.0/camunda-bpmn-model-7.7.0.jar
7f14f8014000-7f14f8018000 r--s 00019000 08:01 536390                     /home/gpm17/.m2/repository/org/apache/maven/surefire/surefire-api/2.12.4/surefire-api-2.12.4.jar
7f14f8018000-7f14f801a000 r--s 00007000 08:01 536386                     /home/gpm17/.m2/repository/org/apache/maven/surefire/surefire-booter/2.12.4/surefire-booter-2.12.4.jar
7f14f801a000-7f14f801b000 r--s 00001000 08:01 419339                     /home/gpm17/Repository/GPM/bachelorthesis/target/surefire/surefirebooter3407753504344512982.jar
7f14f801b000-7f14f801e000 r--s 0000f000 08:01 300312                     /usr/lib/jvm/java-8-openjdk-amd64/jre/lib/ext/icedtea-sound.jar
7f14f801e000-7f14f801f000 r--s 0000a000 08:01 300310                     /usr/lib/jvm/java-8-openjdk-amd64/jre/lib/ext/jaccess.jar
7f14f801f000-7f14f8023000 r--s 00037000 08:01 300307                     /usr/lib/jvm/java-8-openjdk-amd64/jre/lib/ext/sunpkcs11.jar
7f14f8023000-7f14f803e000 r--s 001d5000 08:01 300309                     /usr/lib/jvm/java-8-openjdk-amd64/jre/lib/ext/nashorn.jar
7f14f803e000-7f14f8442000 rw-p 00000000 00:00 0 
7f14f8442000-7f14f8610000 r--s 03bf1000 08:01 300304                     /usr/lib/jvm/java-8-openjdk-amd64/jre/lib/rt.jar
7f14f8610000-7f14f9076000 rw-p 00000000 00:00 0 
7f14f9076000-7f14f9077000 ---p 00000000 00:00 0 
7f14f9077000-7f14f9177000 rw-p 00000000 00:00 0                          [stack:6013]
7f14f9177000-7f14f9178000 ---p 00000000 00:00 0 
7f14f9178000-7f14f928d000 rw-p 00000000 00:00 0                          [stack:6012]
7f14f928d000-7f14f93c3000 ---p 00000000 00:00 0 
7f14f93c3000-7f14f93d8000 rw-p 00000000 00:00 0 
7f14f93d8000-7f14f950d000 ---p 00000000 00:00 0 
7f14f950d000-7f14f9551000 rw-p 00000000 00:00 0 
7f14f9551000-7f14f95b3000 ---p 00000000 00:00 0 
7f14f95b3000-7f14f95c8000 rw-p 00000000 00:00 0 
7f14f95c8000-7f14f9974000 ---p 00000000 00:00 0 
7f14f9974000-7f14f997c000 r-xp 00000000 08:01 300264                     /usr/lib/jvm/java-8-openjdk-amd64/jre/lib/amd64/libzip.so
7f14f997c000-7f14f9b7b000 ---p 00008000 08:01 300264                     /usr/lib/jvm/java-8-openjdk-amd64/jre/lib/amd64/libzip.so
7f14f9b7b000-7f14f9b7c000 r--p 00007000 08:01 300264                     /usr/lib/jvm/java-8-openjdk-amd64/jre/lib/amd64/libzip.so
7f14f9b7c000-7f14f9b7d000 rw-p 00008000 08:01 300264                     /usr/lib/jvm/java-8-openjdk-amd64/jre/lib/amd64/libzip.so
7f14f9b7d000-7f14f9b88000 r-xp 00000000 08:01 268392                     /lib/x86_64-linux-gnu/libnss_files-2.19.so
7f14f9b88000-7f14f9d87000 ---p 0000b000 08:01 268392                     /lib/x86_64-linux-gnu/libnss_files-2.19.so
7f14f9d87000-7f14f9d88000 r--p 0000a000 08:01 268392                     /lib/x86_64-linux-gnu/libnss_files-2.19.so
7f14f9d88000-7f14f9d89000 rw-p 0000b000 08:01 268392                     /lib/x86_64-linux-gnu/libnss_files-2.19.so
7f14f9d89000-7f14f9d93000 r-xp 00000000 08:01 268407                     /lib/x86_64-linux-gnu/libnss_nis-2.19.so
7f14f9d93000-7f14f9f92000 ---p 0000a000 08:01 268407                     /lib/x86_64-linux-gnu/libnss_nis-2.19.so
7f14f9f92000-7f14f9f93000 r--p 00009000 08:01 268407                     /lib/x86_64-linux-gnu/libnss_nis-2.19.so
7f14f9f93000-7f14f9f94000 rw-p 0000a000 08:01 268407                     /lib/x86_64-linux-gnu/libnss_nis-2.19.so
7f14f9f94000-7f14f9fa9000 r-xp 00000000 08:01 268377                     /lib/x86_64-linux-gnu/libnsl-2.19.so
7f14f9fa9000-7f14fa1a8000 ---p 00015000 08:01 268377                     /lib/x86_64-linux-gnu/libnsl-2.19.so
7f14fa1a8000-7f14fa1a9000 r--p 00014000 08:01 268377                     /lib/x86_64-linux-gnu/libnsl-2.19.so
7f14fa1a9000-7f14fa1aa000 rw-p 00015000 08:01 268377                     /lib/x86_64-linux-gnu/libnsl-2.19.so
7f14fa1aa000-7f14fa1ac000 rw-p 00000000 00:00 0 
7f14fa1ac000-7f14fa1b3000 r-xp 00000000 08:01 268384                     /lib/x86_64-linux-gnu/libnss_compat-2.19.so
7f14fa1b3000-7f14fa3b2000 ---p 00007000 08:01 268384                     /lib/x86_64-linux-gnu/libnss_compat-2.19.so
7f14fa3b2000-7f14fa3b3000 r--p 00006000 08:01 268384                     /lib/x86_64-linux-gnu/libnss_compat-2.19.so
7f14fa3b3000-7f14fa3b4000 rw-p 00007000 08:01 268384                     /lib/x86_64-linux-gnu/libnss_compat-2.19.so
7f14fa3b4000-7f14fa3e1000 r-xp 00000000 08:01 300290                     /usr/lib/jvm/java-8-openjdk-amd64/jre/lib/amd64/libjava.so
7f14fa3e1000-7f14fa5e1000 ---p 0002d000 08:01 300290                     /usr/lib/jvm/java-8-openjdk-amd64/jre/lib/amd64/libjava.so
7f14fa5e1000-7f14fa5e2000 r--p 0002d000 08:01 300290                     /usr/lib/jvm/java-8-openjdk-amd64/jre/lib/amd64/libjava.so
7f14fa5e2000-7f14fa5e4000 rw-p 0002e000 08:01 300290                     /usr/lib/jvm/java-8-openjdk-amd64/jre/lib/amd64/libjava.so
7f14fa5e4000-7f14fa5f3000 r-xp 00000000 08:01 300292                     /usr/lib/jvm/java-8-openjdk-amd64/jre/lib/amd64/libverify.so
7f14fa5f3000-7f14fa7f3000 ---p 0000f000 08:01 300292                     /usr/lib/jvm/java-8-openjdk-amd64/jre/lib/amd64/libverify.so
7f14fa7f3000-7f14fa7f6000 r--p 0000f000 08:01 300292                     /usr/lib/jvm/java-8-openjdk-amd64/jre/lib/amd64/libverify.so
7f14fa7f6000-7f14fa7f7000 rw-p 00012000 08:01 300292                     /usr/lib/jvm/java-8-openjdk-amd64/jre/lib/amd64/libverify.so
7f14fa7f7000-7f14fa7fe000 r-xp 00000000 08:01 277927                     /lib/x86_64-linux-gnu/librt-2.19.so
7f14fa7fe000-7f14fa9fd000 ---p 00007000 08:01 277927                     /lib/x86_64-linux-gnu/librt-2.19.so
7f14fa9fd000-7f14fa9fe000 r--p 00006000 08:01 277927                     /lib/x86_64-linux-gnu/librt-2.19.so
7f14fa9fe000-7f14fa9ff000 rw-p 00007000 08:01 277927                     /lib/x86_64-linux-gnu/librt-2.19.so
7f14fa9ff000-7f14faa15000 r-xp 00000000 08:01 262374                     /lib/x86_64-linux-gnu/libgcc_s.so.1
7f14faa15000-7f14fac14000 ---p 00016000 08:01 262374                     /lib/x86_64-linux-gnu/libgcc_s.so.1
7f14fac14000-7f14fac15000 rw-p 00015000 08:01 262374                     /lib/x86_64-linux-gnu/libgcc_s.so.1
7f14fac15000-7f14fad15000 r-xp 00000000 08:01 268329                     /lib/x86_64-linux-gnu/libm-2.19.so
7f14fad15000-7f14faf14000 ---p 00100000 08:01 268329                     /lib/x86_64-linux-gnu/libm-2.19.so
7f14faf14000-7f14faf15000 r--p 000ff000 08:01 268329                     /lib/x86_64-linux-gnu/libm-2.19.so
7f14faf15000-7f14faf16000 rw-p 00100000 08:01 268329                     /lib/x86_64-linux-gnu/libm-2.19.so
7f14faf16000-7f14fb002000 r-xp 00000000 08:01 5484                       /usr/lib/x86_64-linux-gnu/libstdc++.so.6.0.20
7f14fb002000-7f14fb202000 ---p 000ec000 08:01 5484                       /usr/lib/x86_64-linux-gnu/libstdc++.so.6.0.20
7f14fb202000-7f14fb20a000 r--p 000ec000 08:01 5484                       /usr/lib/x86_64-linux-gnu/libstdc++.so.6.0.20
7f14fb20a000-7f14fb20c000 rw-p 000f4000 08:01 5484                       /usr/lib/x86_64-linux-gnu/libstdc++.so.6.0.20
7f14fb20c000-7f14fb221000 rw-p 00000000 00:00 0 
7f14fb221000-7f14fbeb8000 r-xp 00000000 08:01 300260                     /usr/lib/jvm/java-8-openjdk-amd64/jre/lib/amd64/server/libjvm.so
7f14fbeb8000-7f14fc0b7000 ---p 00c97000 08:01 300260                     /usr/lib/jvm/java-8-openjdk-amd64/jre/lib/amd64/server/libjvm.so
7f14fc0b7000-7f14fc15a000 r--p 00c96000 08:01 300260                     /usr/lib/jvm/java-8-openjdk-amd64/jre/lib/amd64/server/libjvm.so
7f14fc15a000-7f14fc183000 rw-p 00d39000 08:01 300260                     /usr/lib/jvm/java-8-openjdk-amd64/jre/lib/amd64/server/libjvm.so
7f14fc183000-7f14fc1b4000 rw-p 00000000 00:00 0 
7f14fc1b4000-7f14fc355000 r-xp 00000000 08:01 263613                     /lib/x86_64-linux-gnu/libc-2.19.so
7f14fc355000-7f14fc555000 ---p 001a1000 08:01 263613                     /lib/x86_64-linux-gnu/libc-2.19.so
7f14fc555000-7f14fc559000 r--p 001a1000 08:01 263613                     /lib/x86_64-linux-gnu/libc-2.19.so
7f14fc559000-7f14fc55b000 rw-p 001a5000 08:01 263613                     /lib/x86_64-linux-gnu/libc-2.19.so
7f14fc55b000-7f14fc55f000 rw-p 00000000 00:00 0 
7f14fc55f000-7f14fc562000 r-xp 00000000 08:01 263629                     /lib/x86_64-linux-gnu/libdl-2.19.so
7f14fc562000-7f14fc761000 ---p 00003000 08:01 263629                     /lib/x86_64-linux-gnu/libdl-2.19.so
7f14fc761000-7f14fc762000 r--p 00002000 08:01 263629                     /lib/x86_64-linux-gnu/libdl-2.19.so
7f14fc762000-7f14fc763000 rw-p 00003000 08:01 263629                     /lib/x86_64-linux-gnu/libdl-2.19.so
7f14fc763000-7f14fc771000 r-xp 00000000 08:01 300289                     /usr/lib/jvm/java-8-openjdk-amd64/jre/lib/amd64/jli/libjli.so
7f14fc771000-7f14fc970000 ---p 0000e000 08:01 300289                     /usr/lib/jvm/java-8-openjdk-amd64/jre/lib/amd64/jli/libjli.so
7f14fc970000-7f14fc971000 r--p 0000d000 08:01 300289                     /usr/lib/jvm/java-8-openjdk-amd64/jre/lib/amd64/jli/libjli.so
7f14fc971000-7f14fc972000 rw-p 0000e000 08:01 300289                     /usr/lib/jvm/java-8-openjdk-amd64/jre/lib/amd64/jli/libjli.so
7f14fc972000-7f14fc98c000 r-xp 00000000 08:01 263716                     /lib/x86_64-linux-gnu/libz.so.1.2.8
7f14fc98c000-7f14fcb8b000 ---p 0001a000 08:01 263716                     /lib/x86_64-linux-gnu/libz.so.1.2.8
7f14fcb8b000-7f14fcb8c000 r--p 00019000 08:01 263716                     /lib/x86_64-linux-gnu/libz.so.1.2.8
7f14fcb8c000-7f14fcb8d000 rw-p 0001a000 08:01 263716                     /lib/x86_64-linux-gnu/libz.so.1.2.8
7f14fcb8d000-7f14fcba5000 r-xp 00000000 08:01 262242                     /lib/x86_64-linux-gnu/libpthread-2.19.so
7f14fcba5000-7f14fcda4000 ---p 00018000 08:01 262242                     /lib/x86_64-linux-gnu/libpthread-2.19.so
7f14fcda4000-7f14fcda5000 r--p 00017000 08:01 262242                     /lib/x86_64-linux-gnu/libpthread-2.19.so
7f14fcda5000-7f14fcda6000 rw-p 00018000 08:01 262242                     /lib/x86_64-linux-gnu/libpthread-2.19.so
7f14fcda6000-7f14fcdaa000 rw-p 00000000 00:00 0 
7f14fcdaa000-7f14fcdcb000 r-xp 00000000 08:01 263505                     /lib/x86_64-linux-gnu/ld-2.19.so
7f14fcdcb000-7f14fcdd5000 r--s 00116000 08:01 300308                     /usr/lib/jvm/java-8-openjdk-amd64/jre/lib/ext/localedata.jar
7f14fcdd5000-7f14fcdf1000 r--s 00393000 08:01 300311                     /usr/lib/jvm/java-8-openjdk-amd64/jre/lib/ext/cldrdata.jar
7f14fcdf1000-7f14fcead000 rw-p 00000000 00:00 0 
7f14fcead000-7f14fceb0000 ---p 00000000 00:00 0 
7f14fceb0000-7f14fcfb3000 rw-p 00000000 00:00 0                          [stack:6011]
7f14fcfb3000-7f14fcfb4000 r--s 00010000 08:01 300315                     /usr/lib/jvm/java-8-openjdk-amd64/jre/lib/ext/zipfs.jar
7f14fcfb4000-7f14fcfb5000 r--s 00008000 08:01 300314                     /usr/lib/jvm/java-8-openjdk-amd64/jre/lib/ext/sunec.jar
7f14fcfb5000-7f14fcfb7000 r--s 00006000 08:01 138941                     /usr/share/java/java-atk-wrapper.jar
7f14fcfb7000-7f14fcfb9000 r--s 00001000 08:01 300313                     /usr/lib/jvm/java-8-openjdk-amd64/jre/lib/ext/dnsns.jar
7f14fcfb9000-7f14fcfbe000 r--s 0003b000 08:01 300316                     /usr/lib/jvm/java-8-openjdk-amd64/jre/lib/ext/sunjce_provider.jar
7f14fcfbe000-7f14fcfc6000 rw-s 00000000 08:01 301115                     /tmp/hsperfdata_gpm17/6008
7f14fcfc6000-7f14fcfc7000 rw-p 00000000 00:00 0 
7f14fcfc7000-7f14fcfc8000 ---p 00000000 00:00 0 
7f14fcfc8000-7f14fcfca000 rw-p 00000000 00:00 0 
7f14fcfca000-7f14fcfcb000 r--p 00020000 08:01 263505                     /lib/x86_64-linux-gnu/ld-2.19.so
7f14fcfcb000-7f14fcfcc000 rw-p 00021000 08:01 263505                     /lib/x86_64-linux-gnu/ld-2.19.so
7f14fcfcc000-7f14fcfcd000 rw-p 00000000 00:00 0 
7ffe64b3b000-7ffe64b5c000 rw-p 00000000 00:00 0                          [stack]
7ffe64b62000-7ffe64b64000 r-xp 00000000 00:00 0                          [vdso]
7ffe64b64000-7ffe64b66000 r--p 00000000 00:00 0                          [vvar]
ffffffffff600000-ffffffffff601000 r-xp 00000000 00:00 0                  [vsyscall]

VM Arguments:
java_command: /home/gpm17/Repository/GPM/bachelorthesis/target/surefire/surefirebooter3407753504344512982.jar /home/gpm17/Repository/GPM/bachelorthesis/target/surefire/surefire3948196247014746619tmp /home/gpm17/Repository/GPM/bachelorthesis/target/surefire/surefire_03892238979404919072tmp
java_class_path (initial): /home/gpm17/Repository/GPM/bachelorthesis/target/surefire/surefirebooter3407753504344512982.jar
Launcher Type: SUN_STANDARD

Environment Variables:
PATH=/usr/local/bin:/usr/bin:/bin:/usr/local/games:/usr/games
LD_LIBRARY_PATH=/opt/intellij-idea/idea-IC-172.4343.14/bin:
SHELL=/bin/bash
DISPLAY=:0.0

Signal Handlers:
SIGSEGV: [libjvm.so+0xa960e0], sa_mask[0]=11111111011111111101111111111110, sa_flags=SA_RESTART|SA_SIGINFO
SIGBUS: [libjvm.so+0xa960e0], sa_mask[0]=11111111011111111101111111111110, sa_flags=SA_RESTART|SA_SIGINFO
SIGFPE: [libjvm.so+0x8dddb0], sa_mask[0]=11111111011111111101111111111110, sa_flags=SA_RESTART|SA_SIGINFO
SIGPIPE: [libjvm.so+0x8dddb0], sa_mask[0]=11111111011111111101111111111110, sa_flags=SA_RESTART|SA_SIGINFO
SIGXFSZ: [libjvm.so+0x8dddb0], sa_mask[0]=11111111011111111101111111111110, sa_flags=SA_RESTART|SA_SIGINFO
SIGILL: [libjvm.so+0x8dddb0], sa_mask[0]=11111111011111111101111111111110, sa_flags=SA_RESTART|SA_SIGINFO
SIGUSR1: SIG_DFL, sa_mask[0]=00000000000000000000000000000000, sa_flags=none
SIGUSR2: [libjvm.so+0x8ddc60], sa_mask[0]=00100000000000000000000000000000, sa_flags=SA_RESTART|SA_SIGINFO
SIGHUP: [libjvm.so+0x8dde80], sa_mask[0]=11111111011111111101111111111110, sa_flags=SA_RESTART|SA_SIGINFO
SIGINT: [libjvm.so+0x8dde80], sa_mask[0]=11111111011111111101111111111110, sa_flags=SA_RESTART|SA_SIGINFO
SIGTERM: [libjvm.so+0x8dde80], sa_mask[0]=11111111011111111101111111111110, sa_flags=SA_RESTART|SA_SIGINFO
SIGQUIT: [libjvm.so+0x8dde80], sa_mask[0]=11111111011111111101111111111110, sa_flags=SA_RESTART|SA_SIGINFO


---------------  S Y S T E M  ---------------

OS:PRETTY_NAME="Debian GNU/Linux 8 (jessie)"
NAME="Debian GNU/Linux"
VERSION_ID="8"
VERSION="8 (jessie)"
ID=debian
HOME_URL="http://www.debian.org/"
SUPPORT_URL="http://www.debian.org/support"
BUG_REPORT_URL="https://bugs.debian.org/"

uname:Linux 3.16.0-4-amd64 #1 SMP Debian 3.16.43-2+deb8u5 (2017-09-19) x86_64
libc:glibc 2.19 NPTL 2.19 
rlimit: STACK 8192k, CORE 0k, NPROC 15788, NOFILE 65536, AS infinity
load average:2,22 1,28 0,84

/proc/meminfo:
MemTotal:        4058900 kB
MemFree:          113952 kB
MemAvailable:      44956 kB
Buffers:             364 kB
Cached:            35580 kB
SwapCached:        21504 kB
Active:          3063344 kB
Inactive:         774880 kB
Active(anon):    3057928 kB
Inactive(anon):   770324 kB
Active(file):       5416 kB
Inactive(file):     4556 kB
Unevictable:          32 kB
Mlocked:              32 kB
SwapTotal:        393212 kB
SwapFree:              0 kB
Dirty:               236 kB
Writeback:             0 kB
AnonPages:       3781060 kB
Mapped:            34484 kB
Shmem:             25856 kB
Slab:              42864 kB
SReclaimable:      20976 kB
SUnreclaim:        21888 kB
KernelStack:       10672 kB
PageTables:        31204 kB
NFS_Unstable:          0 kB
Bounce:                0 kB
WritebackTmp:          0 kB
CommitLimit:     2422660 kB
Committed_AS:    7724600 kB
VmallocTotal:   34359738367 kB
VmallocUsed:       54764 kB
VmallocChunk:   34359679992 kB
HardwareCorrupted:     0 kB
AnonHugePages:         0 kB
HugePages_Total:       0
HugePages_Free:        0
HugePages_Rsvd:        0
HugePages_Surp:        0
Hugepagesize:       2048 kB
DirectMap4k:       67520 kB
DirectMap2M:     4126720 kB


CPU:total 2 (2 cores per cpu, 1 threads per core) family 6 model 69 stepping 1, cmov, cx8, fxsr, mmx, sse, sse2, sse3, ssse3, sse4.1, sse4.2, popcnt, avx, avx2, aes, clmul, lzcnt, tsc, tscinvbit

/proc/cpuinfo:
processor	: 0
vendor_id	: GenuineIntel
cpu family	: 6
model		: 69
model name	: Intel(R) Core(TM) i7-4510U CPU @ 2.00GHz
stepping	: 1
cpu MHz		: 1994.862
cache size	: 4096 KB
physical id	: 0
siblings	: 2
core id		: 0
cpu cores	: 2
apicid		: 0
initial apicid	: 0
fpu		: yes
fpu_exception	: yes
cpuid level	: 13
wp		: yes
flags		: fpu vme de pse tsc msr pae mce cx8 apic sep mtrr pge mca cmov pat pse36 clflush mmx fxsr sse sse2 ht syscall nx rdtscp lm constant_tsc rep_good nopl xtopology nonstop_tsc pni pclmulqdq ssse3 cx16 sse4_1 sse4_2 movbe popcnt aes xsave avx rdrand lahf_lm abm avx2
bogomips	: 3989.72
clflush size	: 64
cache_alignment	: 64
address sizes	: 39 bits physical, 48 bits virtual
power management:

processor	: 1
vendor_id	: GenuineIntel
cpu family	: 6
model		: 69
model name	: Intel(R) Core(TM) i7-4510U CPU @ 2.00GHz
stepping	: 1
cpu MHz		: 1994.862
cache size	: 4096 KB
physical id	: 0
siblings	: 2
core id		: 1
cpu cores	: 2
apicid		: 1
initial apicid	: 1
fpu		: yes
fpu_exception	: yes
cpuid level	: 13
wp		: yes
flags		: fpu vme de pse tsc msr pae mce cx8 apic sep mtrr pge mca cmov pat pse36 clflush mmx fxsr sse sse2 ht syscall nx rdtscp lm constant_tsc rep_good nopl xtopology nonstop_tsc pni pclmulqdq ssse3 cx16 sse4_1 sse4_2 movbe popcnt aes xsave avx rdrand lahf_lm abm avx2
bogomips	: 3989.72
clflush size	: 64
cache_alignment	: 64
address sizes	: 39 bits physical, 48 bits virtual
power management:



Memory: 4k page, physical 4058900k(113952k free), swap 393212k(0k free)

vm_info: OpenJDK 64-Bit Server VM (25.102-b14) for linux-amd64 JRE (1.8.0_102-8u102-b14.1-1~bpo8+1-b14), built on Aug  8 2016 10:49:23 by "jmm" with gcc 4.9.2

time: Sat Nov 25 21:43:57 2017
elapsed time: 10 seconds (0d 0h 0m 10s)

