#
# There is insufficient memory for the Java Runtime Environment to continue.
# Native memory allocation (mmap) failed to map 71827456 bytes for committing reserved memory.
# Possible reasons:
#   The system is out of physical RAM or swap space
#   In 32 bit mode, the process size limit was hit
# Possible solutions:
#   Reduce memory load on the system
#   Increase physical memory or swap space
#   Check if swap backing store is full
#   Use 64 bit Java on a 64 bit OS
#   Decrease Java heap size (-Xmx/-Xms)
#   Decrease number of Java threads
#   Decrease Java thread stack sizes (-Xss)
#   Set larger code cache with -XX:ReservedCodeCacheSize=
# This output file may be truncated or incomplete.
#
#  Out of Memory Error (os_linux.cpp:2630), pid=3338, tid=0x00007f94a68f7700
#
# JRE version: OpenJDK Runtime Environment (8.0_102-b14) (build 1.8.0_102-8u102-b14.1-1~bpo8+1-b14)
# Java VM: OpenJDK 64-Bit Server VM (25.102-b14 mixed mode linux-amd64 compressed oops)
# Failed to write core dump. Core dumps have been disabled. To enable core dumping, try "ulimit -c unlimited" before starting Java again
#

---------------  T H R E A D  ---------------

Current thread (0x00007f94b80fa800):  VMThread [stack: 0x00007f94a67f7000,0x00007f94a68f8000] [id=3345]

Stack: [0x00007f94a67f7000,0x00007f94a68f8000],  sp=0x00007f94a68f64c0,  free space=1021k
Native frames: (J=compiled Java code, j=interpreted, Vv=VM code, C=native code)
V  [libjvm.so+0xa955fd]
V  [libjvm.so+0x4e9dec]
V  [libjvm.so+0x8e2510]
V  [libjvm.so+0x8dcbfe]
V  [libjvm.so+0x9593fb]
V  [libjvm.so+0x95a763]
V  [libjvm.so+0x95725e]
V  [libjvm.so+0x95754c]
V  [libjvm.so+0x908233]
V  [libjvm.so+0xa97232]
V  [libjvm.so+0xa9bdc7]
V  [libjvm.so+0xa9a0e7]
V  [libjvm.so+0xa9a917]
V  [libjvm.so+0xa9ae61]
V  [libjvm.so+0x8df9e2]

VM_Operation (0x00007f94c0ce81b0): ParallelGCFailedAllocation, mode: safepoint, requested by thread 0x00007f94b800a000


---------------  P R O C E S S  ---------------

Java Threads: ( => current thread )
  0x00007f94b8136000 JavaThread "Service Thread" daemon [_thread_blocked, id=3351, stack(0x00007f94a6068000,0x00007f94a6169000)]
  0x00007f94b8133000 JavaThread "C1 CompilerThread1" daemon [_thread_blocked, id=3350, stack(0x00007f94a6169000,0x00007f94a626a000)]
  0x00007f94b8130000 JavaThread "C2 CompilerThread0" daemon [_thread_blocked, id=3349, stack(0x00007f94a626a000,0x00007f94a636b000)]
  0x00007f94b812e000 JavaThread "Signal Dispatcher" daemon [_thread_blocked, id=3348, stack(0x00007f94a636b000,0x00007f94a646c000)]
  0x00007f94b8106800 JavaThread "Finalizer" daemon [_thread_blocked, id=3347, stack(0x00007f94a65f5000,0x00007f94a66f6000)]
  0x00007f94b8102000 JavaThread "Reference Handler" daemon [_thread_blocked, id=3346, stack(0x00007f94a66f6000,0x00007f94a67f7000)]
  0x00007f94b800a000 JavaThread "main" [_thread_blocked, id=3342, stack(0x00007f94c0beb000,0x00007f94c0cec000)]

Other Threads:
=>0x00007f94b80fa800 VMThread [stack: 0x00007f94a67f7000,0x00007f94a68f8000] [id=3345]
  0x00007f94b815c800 WatcherThread [stack: 0x00007f94a5f67000,0x00007f94a6068000] [id=3352]

VM state:at safepoint (normal execution)

VM Mutex/Monitor currently owned by a thread:  ([mutex/lock_event])
[0x00007f94b8006320] Threads_lock - owner thread: 0x00007f94b80fa800
[0x00007f94b8006820] Heap_lock - owner thread: 0x00007f94b800a000

Heap:
 PSYoungGen      total 260608K, used 7161K [0x00000000eb580000, 0x00000000fbb80000, 0x0000000100000000)
  eden space 253440K, 0% used [0x00000000eb580000,0x00000000eb580000,0x00000000fad00000)
  from space 7168K, 99% used [0x00000000fad00000,0x00000000fb3fe418,0x00000000fb400000)
  to   space 6656K, 0% used [0x00000000fb400000,0x00000000fb400000,0x00000000fba80000)
 ParOldGen       total 33792K, used 11725K [0x00000000c2000000, 0x00000000c4100000, 0x00000000eb580000)
  object space 33792K, 34% used [0x00000000c2000000,0x00000000c2b735b8,0x00000000c4100000)
 Metaspace       used 27099K, capacity 27320K, committed 27648K, reserved 1073152K
  class space    used 3238K, capacity 3312K, committed 3328K, reserved 1048576K

Card table byte_map: [0x00007f94bd101000,0x00007f94bd2f2000] byte_map_base: 0x00007f94bcaf1000

Marking Bits: (ParMarkBitMap*) 0x00007f94bfed5300
 Begin Bits: [0x00007f94a7100000, 0x00007f94a8080000)
 End Bits:   [0x00007f94a8080000, 0x00007f94a9000000)

Polling page: 0x00007f94c0d05000

CodeCache: size=245760Kb used=7760Kb max_used=7760Kb free=237999Kb
 bounds [0x00007f94a9000000, 0x00007f94a97a0000, 0x00007f94b8000000]
 total_blobs=2865 nmethods=2463 adapters=315
 compilation: enabled

Compilation events (10 events):
Event: 12,904 Thread 0x00007f94b8133000 2504       2       org.slf4j.impl.StaticLoggerBinder::getLoggerFactory (45 bytes)
Event: 12,905 Thread 0x00007f94b8133000 nmethod 2504 0x00007f94a97966d0 code [0x00007f94a9796840, 0x00007f94a9796aa8]
Event: 12,906 Thread 0x00007f94b8133000 2505       2       ch.qos.logback.classic.LoggerContext::getLogger (6 bytes)
Event: 12,906 Thread 0x00007f94b8133000 nmethod 2505 0x00007f94a9796c10 code [0x00007f94a9796d80, 0x00007f94a9796ee8]
Event: 12,912 Thread 0x00007f94b8133000 2506       2       org.apache.ibatis.scripting.xmltags.XMLScriptBuilder::access$800 (6 bytes)
Event: 12,913 Thread 0x00007f94b8133000 nmethod 2506 0x00007f94a9796f90 code [0x00007f94a9797100, 0x00007f94a9797248]
Event: 12,923 Thread 0x00007f94b8133000 2508       2       com.sun.org.apache.xml.internal.dtm.ref.DTMDefaultBase::indexNode (69 bytes)
Event: 12,924 Thread 0x00007f94b8133000 nmethod 2508 0x00007f94a9797310 code [0x00007f94a97974c0, 0x00007f94a9797808]
Event: 12,926 Thread 0x00007f94b8133000 2509       2       org.apache.ibatis.scripting.xmltags.ExpressionEvaluator::<init> (5 bytes)
Event: 12,927 Thread 0x00007f94b8133000 nmethod 2509 0x00007f94a9797d90 code [0x00007f94a9797ee0, 0x00007f94a9798030]

GC Heap History (10 events):
Event: 3,539 GC heap after
Heap after GC invocations=5 (full 0):
 PSYoungGen      total 66048K, used 2544K [0x00000000eb580000, 0x00000000f3c80000, 0x0000000100000000)
  eden space 63488K, 0% used [0x00000000eb580000,0x00000000eb580000,0x00000000ef380000)
  from space 2560K, 99% used [0x00000000ef380000,0x00000000ef5fc0d0,0x00000000ef600000)
  to   space 5632K, 0% used [0x00000000f3700000,0x00000000f3700000,0x00000000f3c80000)
 ParOldGen       total 42496K, used 3989K [0x00000000c2000000, 0x00000000c4980000, 0x00000000eb580000)
  object space 42496K, 9% used [0x00000000c2000000,0x00000000c23e54d8,0x00000000c4980000)
 Metaspace       used 12872K, capacity 13116K, committed 13440K, reserved 1060864K
  class space    used 1550K, capacity 1594K, committed 1664K, reserved 1048576K
}
Event: 3,907 GC heap before
{Heap before GC invocations=6 (full 0):
 PSYoungGen      total 66048K, used 66032K [0x00000000eb580000, 0x00000000f3c80000, 0x0000000100000000)
  eden space 63488K, 100% used [0x00000000eb580000,0x00000000ef380000,0x00000000ef380000)
  from space 2560K, 99% used [0x00000000ef380000,0x00000000ef5fc0d0,0x00000000ef600000)
  to   space 5632K, 0% used [0x00000000f3700000,0x00000000f3700000,0x00000000f3c80000)
 ParOldGen       total 42496K, used 3989K [0x00000000c2000000, 0x00000000c4980000, 0x00000000eb580000)
  object space 42496K, 9% used [0x00000000c2000000,0x00000000c23e54d8,0x00000000c4980000)
 Metaspace       used 12874K, capacity 13116K, committed 13440K, reserved 1060864K
  class space    used 1550K, capacity 1594K, committed 1664K, reserved 1048576K
Event: 3,935 GC heap after
Heap after GC invocations=6 (full 0):
 PSYoungGen      total 131584K, used 2608K [0x00000000eb580000, 0x00000000f3b80000, 0x0000000100000000)
  eden space 126976K, 0% used [0x00000000eb580000,0x00000000eb580000,0x00000000f3180000)
  from space 4608K, 56% used [0x00000000f3700000,0x00000000f398c0b0,0x00000000f3b80000)
  to   space 5120K, 0% used [0x00000000f3180000,0x00000000f3180000,0x00000000f3680000)
 ParOldGen       total 42496K, used 3997K [0x00000000c2000000, 0x00000000c4980000, 0x00000000eb580000)
  object space 42496K, 9% used [0x00000000c2000000,0x00000000c23e74d8,0x00000000c4980000)
 Metaspace       used 12874K, capacity 13116K, committed 13440K, reserved 1060864K
  class space    used 1550K, capacity 1594K, committed 1664K, reserved 1048576K
}
Event: 5,591 GC heap before
{Heap before GC invocations=7 (full 0):
 PSYoungGen      total 131584K, used 129584K [0x00000000eb580000, 0x00000000f3b80000, 0x0000000100000000)
  eden space 126976K, 100% used [0x00000000eb580000,0x00000000f3180000,0x00000000f3180000)
  from space 4608K, 56% used [0x00000000f3700000,0x00000000f398c0b0,0x00000000f3b80000)
  to   space 5120K, 0% used [0x00000000f3180000,0x00000000f3180000,0x00000000f3680000)
 ParOldGen       total 42496K, used 3997K [0x00000000c2000000, 0x00000000c4980000, 0x00000000eb580000)
  object space 42496K, 9% used [0x00000000c2000000,0x00000000c23e74d8,0x00000000c4980000)
 Metaspace       used 16605K, capacity 16832K, committed 16896K, reserved 1064960K
  class space    used 1994K, capacity 2046K, committed 2048K, reserved 1048576K
Event: 5,613 GC heap after
Heap after GC invocations=7 (full 0):
 PSYoungGen      total 132096K, used 5099K [0x00000000eb580000, 0x00000000fba80000, 0x0000000100000000)
  eden space 126976K, 0% used [0x00000000eb580000,0x00000000eb580000,0x00000000f3180000)
  from space 5120K, 99% used [0x00000000f3180000,0x00000000f367aef0,0x00000000f3680000)
  to   space 6656K, 0% used [0x00000000fb400000,0x00000000fb400000,0x00000000fba80000)
 ParOldGen       total 42496K, used 5455K [0x00000000c2000000, 0x00000000c4980000, 0x00000000eb580000)
  object space 42496K, 12% used [0x00000000c2000000,0x00000000c2553c00,0x00000000c4980000)
 Metaspace       used 16605K, capacity 16832K, committed 16896K, reserved 1064960K
  class space    used 1994K, capacity 2046K, committed 2048K, reserved 1048576K
}
Event: 7,784 GC heap before
{Heap before GC invocations=8 (full 0):
 PSYoungGen      total 132096K, used 35653K [0x00000000eb580000, 0x00000000fba80000, 0x0000000100000000)
  eden space 126976K, 24% used [0x00000000eb580000,0x00000000ed356620,0x00000000f3180000)
  from space 5120K, 99% used [0x00000000f3180000,0x00000000f367aef0,0x00000000f3680000)
  to   space 6656K, 0% used [0x00000000fb400000,0x00000000fb400000,0x00000000fba80000)
 ParOldGen       total 42496K, used 5455K [0x00000000c2000000, 0x00000000c4980000, 0x00000000eb580000)
  object space 42496K, 12% used [0x00000000c2000000,0x00000000c2553c00,0x00000000c4980000)
 Metaspace       used 20831K, capacity 21094K, committed 21296K, reserved 1069056K
  class space    used 2561K, capacity 2669K, committed 2688K, reserved 1048576K
Event: 7,812 GC heap after
Heap after GC invocations=8 (full 0):
 PSYoungGen      total 260096K, used 5306K [0x00000000eb580000, 0x00000000fbb80000, 0x0000000100000000)
  eden space 253440K, 0% used [0x00000000eb580000,0x00000000eb580000,0x00000000fad00000)
  from space 6656K, 79% used [0x00000000fb400000,0x00000000fb92e900,0x00000000fba80000)
  to   space 7168K, 0% used [0x00000000fad00000,0x00000000fad00000,0x00000000fb400000)
 ParOldGen       total 42496K, used 7099K [0x00000000c2000000, 0x00000000c4980000, 0x00000000eb580000)
  object space 42496K, 16% used [0x00000000c2000000,0x00000000c26eed88,0x00000000c4980000)
 Metaspace       used 20831K, capacity 21094K, committed 21296K, reserved 1069056K
  class space    used 2561K, capacity 2669K, committed 2688K, reserved 1048576K
}
Event: 7,812 GC heap before
{Heap before GC invocations=9 (full 1):
 PSYoungGen      total 260096K, used 5306K [0x00000000eb580000, 0x00000000fbb80000, 0x0000000100000000)
  eden space 253440K, 0% used [0x00000000eb580000,0x00000000eb580000,0x00000000fad00000)
  from space 6656K, 79% used [0x00000000fb400000,0x00000000fb92e900,0x00000000fba80000)
  to   space 7168K, 0% used [0x00000000fad00000,0x00000000fad00000,0x00000000fb400000)
 ParOldGen       total 42496K, used 7099K [0x00000000c2000000, 0x00000000c4980000, 0x00000000eb580000)
  object space 42496K, 16% used [0x00000000c2000000,0x00000000c26eed88,0x00000000c4980000)
 Metaspace       used 20831K, capacity 21094K, committed 21296K, reserved 1069056K
  class space    used 2561K, capacity 2669K, committed 2688K, reserved 1048576K
Event: 7,948 GC heap after
Heap after GC invocations=9 (full 1):
 PSYoungGen      total 260096K, used 0K [0x00000000eb580000, 0x00000000fbb80000, 0x0000000100000000)
  eden space 253440K, 0% used [0x00000000eb580000,0x00000000eb580000,0x00000000fad00000)
  from space 6656K, 0% used [0x00000000fb400000,0x00000000fb400000,0x00000000fba80000)
  to   space 7168K, 0% used [0x00000000fad00000,0x00000000fad00000,0x00000000fb400000)
 ParOldGen       total 33792K, used 8129K [0x00000000c2000000, 0x00000000c4100000, 0x00000000eb580000)
  object space 33792K, 24% used [0x00000000c2000000,0x00000000c27f0448,0x00000000c4100000)
 Metaspace       used 20831K, capacity 21094K, committed 21296K, reserved 1069056K
  class space    used 2561K, capacity 2669K, committed 2688K, reserved 1048576K
}
Event: 12,928 GC heap before
{Heap before GC invocations=10 (full 1):
 PSYoungGen      total 260096K, used 253440K [0x00000000eb580000, 0x00000000fbb80000, 0x0000000100000000)
  eden space 253440K, 100% used [0x00000000eb580000,0x00000000fad00000,0x00000000fad00000)
  from space 6656K, 0% used [0x00000000fb400000,0x00000000fb400000,0x00000000fba80000)
  to   space 7168K, 0% used [0x00000000fad00000,0x00000000fad00000,0x00000000fb400000)
 ParOldGen       total 33792K, used 8129K [0x00000000c2000000, 0x00000000c4100000, 0x00000000eb580000)
  object space 33792K, 24% used [0x00000000c2000000,0x00000000c27f0448,0x00000000c4100000)
 Metaspace       used 27099K, capacity 27320K, committed 27648K, reserved 1073152K
  class space    used 3238K, capacity 3312K, committed 3328K, reserved 1048576K

Deoptimization events (10 events):
Event: 8,618 Thread 0x00007f94b800a000 Uncommon trap: reason=unstable_if action=reinterpret pc=0x00007f94a929c228 method=java.util.HashMap.hash(Ljava/lang/Object;)I @ 1
Event: 8,660 Thread 0x00007f94b800a000 Uncommon trap: reason=unstable_if action=reinterpret pc=0x00007f94a937d22c method=java.lang.ThreadLocal$ThreadLocalMap.getEntry(Ljava/lang/ThreadLocal;)Ljava/lang/ThreadLocal$ThreadLocalMap$Entry; @ 29
Event: 8,695 Thread 0x00007f94b800a000 Uncommon trap: reason=unstable_if action=reinterpret pc=0x00007f94a91d2410 method=java.lang.AbstractStringBuilder.append(Ljava/lang/String;)Ljava/lang/AbstractStringBuilder; @ 1
Event: 9,815 Thread 0x00007f94b800a000 Uncommon trap: reason=unstable_if action=reinterpret pc=0x00007f94a95aa520 method=com.sun.org.apache.xml.internal.utils.SuballocatedIntVector.setElementAt(II)V @ 5
Event: 9,815 Thread 0x00007f94b800a000 Uncommon trap: reason=unstable_if action=reinterpret pc=0x00007f94a94f2a3c method=com.sun.org.apache.xml.internal.utils.SuballocatedIntVector.setElementAt(II)V @ 5
Event: 9,816 Thread 0x00007f94b800a000 Uncommon trap: reason=unstable_if action=reinterpret pc=0x00007f94a952611c method=com.sun.org.apache.xml.internal.utils.SuballocatedIntVector.elementAt(I)I @ 5
Event: 11,026 Thread 0x00007f94b800a000 Uncommon trap: reason=unstable_if action=reinterpret pc=0x00007f94a969b29c method=com.sun.org.apache.xerces.internal.dom.ParentNode.internalInsertBefore(Lorg/w3c/dom/Node;Lorg/w3c/dom/Node;Z)Lorg/w3c/dom/Node; @ 473
Event: 11,097 Thread 0x00007f94b800a000 Uncommon trap: reason=unstable_if action=reinterpret pc=0x00007f94a954f544 method=com.sun.org.apache.xerces.internal.impl.XMLEntityScanner.skipSpaces()Z @ 85
Event: 11,108 Thread 0x00007f94b800a000 Uncommon trap: reason=unstable_if action=reinterpret pc=0x00007f94a96317c0 method=com.sun.org.apache.xerces.internal.impl.XMLEntityScanner.scanContent(Lcom/sun/org/apache/xerces/internal/xni/XMLString;)I @ 163
Event: 12,922 Thread 0x00007f94b800a000 Uncommon trap: reason=unstable_if action=reinterpret pc=0x00007f94a95672e8 method=com.sun.org.apache.xml.internal.dtm.ref.DTMDefaultBase.ensureSizeOfIndex(II)V @ 164

Internal exceptions (10 events):
Event: 5,458 Thread 0x00007f94b800a000 Exception <a 'java/lang/ClassCastException': org.apache.commons.logging.impl.SLF4JLogFactory cannot be cast to connectjar.org.apache.commons.logging.LogFactory> (0x00000000f309f990) thrown at [/home/jmm/jdk/openjdk-8-8u102-b14.1/src/hotspot/src/share/vm/i
Event: 5,475 Thread 0x00007f94b800a000 Exception <a 'java/lang/NoClassDefFoundError': connectjar/org/apache/log4j/Category> (0x00000000f30e8ed8) thrown at [/home/jmm/jdk/openjdk-8-8u102-b14.1/src/hotspot/src/share/vm/classfile/systemDictionary.cpp, line 199]
Event: 5,946 Thread 0x00007f94b800a000 Exception <a 'java/lang/NoSuchFieldError': method resolution failed> (0x00000000eb69b000) thrown at [/home/jmm/jdk/openjdk-8-8u102-b14.1/src/hotspot/src/share/vm/prims/methodHandles.cpp, line 1146]
Event: 5,967 Thread 0x00007f94b800a000 Exception <a 'java/lang/NoSuchFieldError': method resolution failed> (0x00000000eb6a8a90) thrown at [/home/jmm/jdk/openjdk-8-8u102-b14.1/src/hotspot/src/share/vm/prims/methodHandles.cpp, line 1146]
Event: 6,582 Thread 0x00007f94b800a000 Exception <a 'java/lang/reflect/InvocationTargetException'> (0x00000000ebdc6178) thrown at [/home/jmm/jdk/openjdk-8-8u102-b14.1/src/hotspot/src/share/vm/runtime/reflection.cpp, line 1092]
Event: 7,022 Thread 0x00007f94b800a000 Implicit null exception at 0x00007f94a93bcfd8 to 0x00007f94a93bd066
Event: 7,985 Thread 0x00007f94b800a000 Implicit null exception at 0x00007f94a9244835 to 0x00007f94a9244bad
Event: 8,613 Thread 0x00007f94b800a000 Implicit null exception at 0x00007f94a91f80b5 to 0x00007f94a91f8299
Event: 8,618 Thread 0x00007f94b800a000 Implicit null exception at 0x00007f94a929c1af to 0x00007f94a929c219
Event: 8,695 Thread 0x00007f94b800a000 Implicit null exception at 0x00007f94a91d20b5 to 0x00007f94a91d23fd

Events (10 events):
Event: 12,846 loading class org/camunda/bpm/engine/impl/HistoricDecisionInstanceStatisticsQueryImpl
Event: 12,846 loading class org/camunda/bpm/engine/impl/HistoricDecisionInstanceStatisticsQueryImpl done
Event: 12,895 loading class org/camunda/bpm/engine/authorization/Resource
Event: 12,895 loading class org/camunda/bpm/engine/authorization/Resource done
Event: 12,913 loading class org/camunda/bpm/engine/impl/AuthorizationQueryImpl
Event: 12,913 loading class org/camunda/bpm/engine/impl/AuthorizationQueryImpl done
Event: 12,922 Thread 0x00007f94b800a000 Uncommon trap: trap_request=0xffffff65 fr.pc=0x00007f94a95672e8
Event: 12,922 Thread 0x00007f94b800a000 DEOPT PACKING pc=0x00007f94a95672e8 sp=0x00007f94c0ce8b90
Event: 12,922 Thread 0x00007f94b800a000 DEOPT UNPACKING pc=0x00007f94a9004f69 sp=0x00007f94c0ce8ac0 mode 2
Event: 12,927 Executing VM operation: ParallelGCFailedAllocation


Dynamic libraries:
00400000-00401000 r-xp 00000000 08:01 300352                             /usr/lib/jvm/java-8-openjdk-amd64/jre/bin/java
00600000-00601000 r--p 00000000 08:01 300352                             /usr/lib/jvm/java-8-openjdk-amd64/jre/bin/java
00601000-00602000 rw-p 00001000 08:01 300352                             /usr/lib/jvm/java-8-openjdk-amd64/jre/bin/java
01bd6000-01bf7000 rw-p 00000000 00:00 0                                  [heap]
c2000000-c4100000 rw-p 00000000 00:00 0 
c4100000-eb580000 ---p 00000000 00:00 0 
eb580000-fbb80000 rw-p 00000000 00:00 0 
100000000-100340000 rw-p 00000000 00:00 0 
100340000-140000000 ---p 00000000 00:00 0 
7f947c000000-7f947c021000 rw-p 00000000 00:00 0 
7f947c021000-7f9480000000 ---p 00000000 00:00 0 
7f9480000000-7f9480b12000 rw-p 00000000 00:00 0 
7f9480b12000-7f9484000000 ---p 00000000 00:00 0 
7f9484000000-7f9484021000 rw-p 00000000 00:00 0 
7f9484021000-7f9488000000 ---p 00000000 00:00 0 
7f9488000000-7f9488021000 rw-p 00000000 00:00 0 
7f9488021000-7f948c000000 ---p 00000000 00:00 0 
7f948c000000-7f948d091000 rw-p 00000000 00:00 0 
7f948d091000-7f9490000000 ---p 00000000 00:00 0 
7f9490000000-7f9490021000 rw-p 00000000 00:00 0 
7f9490021000-7f9494000000 ---p 00000000 00:00 0 
7f9494000000-7f9494021000 rw-p 00000000 00:00 0 
7f9494021000-7f9498000000 ---p 00000000 00:00 0 
7f9498000000-7f9498021000 rw-p 00000000 00:00 0 
7f9498021000-7f949c000000 ---p 00000000 00:00 0 
7f949c000000-7f949c021000 rw-p 00000000 00:00 0 
7f949c021000-7f94a0000000 ---p 00000000 00:00 0 
7f94a0000000-7f94a0021000 rw-p 00000000 00:00 0 
7f94a0021000-7f94a4000000 ---p 00000000 00:00 0 
7f94a46a7000-7f94a4868000 rw-p 00000000 00:00 0 
7f94a4868000-7f94a48a8000 ---p 00000000 00:00 0 
7f94a48a8000-7f94a4aa8000 rw-p 00000000 00:00 0 
7f94a4aa8000-7f94a4ca8000 rw-p 00000000 00:00 0 
7f94a4ca8000-7f94a4ea8000 rw-p 00000000 00:00 0 
7f94a4ea8000-7f94a4ed0000 r-xp 00000000 08:01 300282                     /usr/lib/jvm/java-8-openjdk-amd64/jre/lib/amd64/libsunec.so
7f94a4ed0000-7f94a50d0000 ---p 00028000 08:01 300282                     /usr/lib/jvm/java-8-openjdk-amd64/jre/lib/amd64/libsunec.so
7f94a50d0000-7f94a50d4000 r--p 00028000 08:01 300282                     /usr/lib/jvm/java-8-openjdk-amd64/jre/lib/amd64/libsunec.so
7f94a50d4000-7f94a50d6000 rw-p 0002c000 08:01 300282                     /usr/lib/jvm/java-8-openjdk-amd64/jre/lib/amd64/libsunec.so
7f94a50d6000-7f94a50d9000 r--s 00015000 08:01 300256                     /usr/lib/jvm/java-8-openjdk-amd64/jre/lib/jce.jar
7f94a50d9000-7f94a50dd000 r--s 00097000 08:01 300237                     /usr/lib/jvm/java-8-openjdk-amd64/jre/lib/jsse.jar
7f94a50dd000-7f94a52dd000 rw-p 00000000 00:00 0 
7f94a52dd000-7f94a54dd000 rw-p 00000000 00:00 0 
7f94a54dd000-7f94a56dd000 rw-p 00000000 00:00 0 
7f94a56dd000-7f94a56f0000 r--s 00346000 08:01 300248                     /usr/lib/jvm/java-8-openjdk-amd64/jre/lib/resources.jar
7f94a56f0000-7f94a58f0000 rw-p 00000000 00:00 0 
7f94a58f0000-7f94a5bf1000 rw-p 00000000 00:00 0 
7f94a5bf1000-7f94a5c08000 r-xp 00000000 08:01 300283                     /usr/lib/jvm/java-8-openjdk-amd64/jre/lib/amd64/libnet.so
7f94a5c08000-7f94a5e07000 ---p 00017000 08:01 300283                     /usr/lib/jvm/java-8-openjdk-amd64/jre/lib/amd64/libnet.so
7f94a5e07000-7f94a5e08000 r--p 00016000 08:01 300283                     /usr/lib/jvm/java-8-openjdk-amd64/jre/lib/amd64/libnet.so
7f94a5e08000-7f94a5e09000 rw-p 00017000 08:01 300283                     /usr/lib/jvm/java-8-openjdk-amd64/jre/lib/amd64/libnet.so
7f94a5e09000-7f94a5e10000 r--s 00000000 08:01 41406                      /usr/lib/x86_64-linux-gnu/gconv/gconv-modules.cache
7f94a5e10000-7f94a5e36000 r--p 00000000 08:01 4621                       /usr/share/locale/de/LC_MESSAGES/libc.mo
7f94a5e36000-7f94a5e39000 r--s 00007000 08:01 537142                     /home/gpm17/.m2/repository/org/apache/maven/surefire/surefire-junit4/2.12.4/surefire-junit4-2.12.4.jar
7f94a5e39000-7f94a5e3b000 r--s 00000000 08:01 534482                     /home/gpm17/.m2/repository/org/slf4j/jul-to-slf4j/1.7.7/jul-to-slf4j-1.7.7.jar
7f94a5e3b000-7f94a5e3d000 r--s 00003000 08:01 534458                     /home/gpm17/.m2/repository/org/slf4j/jcl-over-slf4j/1.7.7/jcl-over-slf4j-1.7.7.jar
7f94a5e3d000-7f94a5e47000 r--s 0005f000 08:01 534477                     /home/gpm17/.m2/repository/ch/qos/logback/logback-core/1.1.2/logback-core-1.1.2.jar
7f94a5e47000-7f94a5e4d000 r--s 0003d000 08:01 534460                     /home/gpm17/.m2/repository/ch/qos/logback/logback-classic/1.1.2/logback-classic-1.1.2.jar
7f94a5e4d000-7f94a5e4e000 r--s 0000c000 08:01 534470                     /home/gpm17/.m2/repository/org/hamcrest/hamcrest-library/1.3/hamcrest-library-1.3.jar
7f94a5e4e000-7f94a5e55000 r--s 00064000 08:01 534468                     /home/gpm17/.m2/repository/org/apache/commons/commons-lang3/3.4/commons-lang3-3.4.jar
7f94a5e55000-7f94a5e59000 r--s 0002f000 08:01 534467                     /home/gpm17/.m2/repository/commons-io/commons-io/2.5/commons-io-2.5.jar
7f94a5e59000-7f94a5e5f000 r--s 001ee000 08:01 534464                     /home/gpm17/.m2/repository/org/camunda/bpm/extension/camunda-bpm-process-test-coverage/0.3.1/camunda-bpm-process-test-coverage-0.3.1.jar
7f94a5e5f000-7f94a5e69000 r--s 0012f000 08:01 534463                     /home/gpm17/.m2/repository/com/h2database/h2/1.3.168/h2-1.3.168.jar
7f94a5e69000-7f94a5e6b000 r--s 00009000 08:01 534472                     /home/gpm17/.m2/repository/org/hamcrest/hamcrest-core/1.3/hamcrest-core-1.3.jar
7f94a5e6b000-7f94a5e73000 r--s 00045000 08:01 534474                     /home/gpm17/.m2/repository/junit/junit/4.12/junit-4.12.jar
7f94a5e73000-7f94a5e76000 r--s 00012000 08:01 534441                     /home/gpm17/.m2/repository/javax/servlet/javax.servlet-api/3.0.1/javax.servlet-api-3.0.1.jar
7f94a5e76000-7f94a5e7a000 r--s 0003c000 08:01 533824                     /home/gpm17/.m2/repository/commons-lang/commons-lang/2.4/commons-lang-2.4.jar
7f94a5e7a000-7f94a5e88000 r--s 0007f000 08:01 533895                     /home/gpm17/.m2/repository/commons-collections/commons-collections/3.2.1/commons-collections-3.2.1.jar
7f94a5e88000-7f94a5e90000 r--s 00066000 08:01 533822                     /home/gpm17/.m2/repository/org/apache/velocity/velocity/1.7/velocity-1.7.jar
7f94a5e90000-7f94a5e91000 r--s 00001000 08:01 534401                     /home/gpm17/.m2/repository/org/camunda/template-engines/camunda-template-engines-velocity/1.0.1/camunda-template-engines-velocity-1.0.1.jar
7f94a5e91000-7f94a5ea2000 r--s 000e8000 08:01 534454                     /home/gpm17/.m2/repository/org/freemarker/freemarker/2.3.20/freemarker-2.3.20.jar
7f94a5ea2000-7f94a5ea3000 r--s 00001000 08:01 534452                     /home/gpm17/.m2/repository/org/camunda/template-engines/camunda-template-engines-freemarker/1.0.1/camunda-template-engines-freemarker-1.0.1.jar
7f94a5ea3000-7f94a5ea5000 r--s 00001000 08:01 534405                     /home/gpm17/.m2/repository/org/camunda/bpm/camunda-engine-plugin-connect/7.7.0/camunda-engine-plugin-connect-7.7.0.jar
7f94a5ea5000-7f94a5ea7000 r--s 00003000 08:01 534450                     /home/gpm17/.m2/repository/org/camunda/connect/camunda-connect-core/1.0.4/camunda-connect-core-1.0.4.jar
7f94a5ea7000-7f94a5ec2000 r--s 00111000 08:01 534440                     /home/gpm17/.m2/repository/org/camunda/connect/camunda-connect-connectors-all/1.0.4/camunda-connect-connectors-all-1.0.4.jar
7f94a5ec2000-7f94a5ec4000 r--s 00007000 08:01 534398                     /home/gpm17/.m2/repository/org/camunda/bpm/camunda-engine-plugin-spin/7.7.0/camunda-engine-plugin-spin-7.7.0.jar
7f94a5ec4000-7f94a5ec6000 r--s 00006000 08:01 534396                     /home/gpm17/.m2/repository/org/slf4j/slf4j-api/1.7.7/slf4j-api-1.7.7.jar
7f94a5ec6000-7f94a5ec9000 r--s 0000a000 08:01 534434                     /home/gpm17/.m2/repository/org/camunda/spin/camunda-spin-core/1.3.1/camunda-spin-core-1.3.1.jar
7f94a5ec9000-7f94a5ee3000 r--s 0017b000 08:01 534438                     /home/gpm17/.m2/repository/org/camunda/spin/camunda-spin-dataformat-all/1.3.1/camunda-spin-dataformat-all-1.3.1.jar
7f94a5ee3000-7f94a5ef0000 r--s 0008b000 08:01 534436                     /home/gpm17/.m2/repository/org/assertj/assertj-core/1.7.0/assertj-core-1.7.0.jar
7f94a5ef0000-7f94a5ef1000 r--s 00006000 08:01 534435                     /home/gpm17/.m2/repository/org/camunda/bpm/extension/camunda-bpm-assert/1.2/camunda-bpm-assert-1.2.jar
7f94a5ef1000-7f94a5ef4000 r--s 00018000 08:01 534428                     /home/gpm17/.m2/repository/de/odysseus/juel/juel-impl/2.2.7/juel-impl-2.2.7.jar
7f94a5ef4000-7f94a5ef5000 r--s 00000000 08:01 534425                     /home/gpm17/.m2/repository/de/odysseus/juel/juel-spi/2.2.7/juel-spi-2.2.7.jar
7f94a5ef5000-7f94a5ef6000 r--s 00007000 08:01 534404                     /home/gpm17/.m2/repository/de/odysseus/juel/juel-api/2.2.7/juel-api-2.2.7.jar
7f94a5ef6000-7f94a5efb000 r--s 00029000 08:01 534394                     /home/gpm17/.m2/repository/org/camunda/bpm/dmn/camunda-engine-feel-juel/7.7.0/camunda-engine-feel-juel-7.7.0.jar
7f94a5efb000-7f94a5efd000 r--s 00000000 08:01 534403                     /home/gpm17/.m2/repository/org/camunda/bpm/dmn/camunda-engine-feel-api/7.7.0/camunda-engine-feel-api-7.7.0.jar
7f94a5efd000-7f94a5f06000 r--s 0002e000 08:01 534402                     /home/gpm17/.m2/repository/org/camunda/bpm/model/camunda-dmn-model/7.7.0/camunda-dmn-model-7.7.0.jar
7f94a5f06000-7f94a5f07000 r--s 00002000 08:01 534456                     /home/gpm17/.m2/repository/org/camunda/commons/camunda-commons-utils/1.4.0/camunda-commons-utils-1.4.0.jar
7f94a5f07000-7f94a5f0c000 r--s 0001e000 08:01 534422                     /home/gpm17/.m2/repository/org/camunda/bpm/dmn/camunda-engine-dmn/7.7.0/camunda-engine-dmn-7.7.0.jar
7f94a5f0c000-7f94a5f1c000 r--s 0007c000 08:01 534420                     /home/gpm17/.m2/repository/joda-time/joda-time/2.1/joda-time-2.1.jar
7f94a5f1c000-7f94a5f1e000 r--s 0000d000 08:01 534418                     /home/gpm17/.m2/repository/commons-logging/commons-logging/1.1.1/commons-logging-1.1.1.jar
7f94a5f1e000-7f94a5f28000 r--s 00064000 08:01 534414                     /home/gpm17/.m2/repository/org/springframework/spring-core/3.1.2.RELEASE/spring-core-3.1.2.RELEASE.jar
7f94a5f28000-7f94a5f34000 r--s 00085000 08:01 534389                     /home/gpm17/.m2/repository/org/springframework/spring-beans/3.1.2.RELEASE/spring-beans-3.1.2.RELEASE.jar
7f94a5f34000-7f94a5f42000 r--s 000a1000 08:01 534412                     /home/gpm17/.m2/repository/org/mybatis/mybatis/3.2.8/mybatis-3.2.8.jar
7f94a5f42000-7f94a5f44000 r--s 0000e000 08:01 534409                     /home/gpm17/.m2/repository/javax/activation/activation/1.1/activation-1.1.jar
7f94a5f44000-7f94a5f4b000 r--s 00067000 08:01 534406                     /home/gpm17/.m2/repository/javax/mail/mail/1.4.1/mail-1.4.1.jar
7f94a5f4b000-7f94a5f54000 r--s 0003d000 08:01 534388                     /home/gpm17/.m2/repository/org/camunda/bpm/model/camunda-cmmn-model/7.7.0/camunda-cmmn-model-7.7.0.jar
7f94a5f54000-7f94a5f67000 r--s 0008a000 08:01 534386                     /home/gpm17/.m2/repository/org/camunda/bpm/model/camunda-bpmn-model/7.7.0/camunda-bpmn-model-7.7.0.jar
7f94a5f67000-7f94a5f68000 ---p 00000000 00:00 0 
7f94a5f68000-7f94a6068000 rw-p 00000000 00:00 0                          [stack:3352]
7f94a6068000-7f94a606b000 ---p 00000000 00:00 0 
7f94a606b000-7f94a6169000 rw-p 00000000 00:00 0                          [stack:3351]
7f94a6169000-7f94a616c000 ---p 00000000 00:00 0 
7f94a616c000-7f94a626a000 rw-p 00000000 00:00 0                          [stack:3350]
7f94a626a000-7f94a626d000 ---p 00000000 00:00 0 
7f94a626d000-7f94a636b000 rw-p 00000000 00:00 0                          [stack:3349]
7f94a636b000-7f94a636e000 ---p 00000000 00:00 0 
7f94a636e000-7f94a646c000 rw-p 00000000 00:00 0                          [stack:3348]
7f94a646c000-7f94a65f5000 r--p 00000000 08:01 24266                      /usr/lib/locale/locale-archive
7f94a65f5000-7f94a65f8000 ---p 00000000 00:00 0 
7f94a65f8000-7f94a66f6000 rw-p 00000000 00:00 0                          [stack:3347]
7f94a66f6000-7f94a66f9000 ---p 00000000 00:00 0 
7f94a66f9000-7f94a67f7000 rw-p 00000000 00:00 0                          [stack:3346]
7f94a67f7000-7f94a67f8000 ---p 00000000 00:00 0 
7f94a67f8000-7f94a9000000 rw-p 00000000 00:00 0                          [stack:3345]
7f94a9000000-7f94a97a0000 rwxp 00000000 00:00 0 
7f94a97a0000-7f94b8000000 ---p 00000000 00:00 0 
7f94b8000000-7f94b8bf0000 rw-p 00000000 00:00 0 
7f94b8bf0000-7f94bc000000 ---p 00000000 00:00 0 
7f94bc000000-7f94bc001000 r--s 0000c000 08:01 534416                     /home/gpm17/.m2/repository/org/springframework/spring-asm/3.1.2.RELEASE/spring-asm-3.1.2.RELEASE.jar
7f94bc001000-7f94bc002000 r--s 00007000 08:01 534395                     /home/gpm17/.m2/repository/org/apache/commons/commons-email/1.2/commons-email-1.2.jar
7f94bc002000-7f94bc005000 r--s 0000d000 08:01 534426                     /home/gpm17/.m2/repository/org/camunda/commons/camunda-commons-typed-values/1.4.0/camunda-commons-typed-values-1.4.0.jar
7f94bc005000-7f94bc007000 r--s 00000000 08:01 534427                     /home/gpm17/.m2/repository/org/camunda/commons/camunda-commons-logging/1.4.0/camunda-commons-logging-1.4.0.jar
7f94bc007000-7f94bc00c000 r--s 00023000 08:01 534400                     /home/gpm17/.m2/repository/org/camunda/bpm/model/camunda-xml-model/7.7.0/camunda-xml-model-7.7.0.jar
7f94bc00c000-7f94bc055000 r--s 00317000 08:01 534392                     /home/gpm17/.m2/repository/org/camunda/bpm/camunda-engine/7.7.0/camunda-engine-7.7.0.jar
7f94bc055000-7f94bc059000 r--s 00019000 08:01 536390                     /home/gpm17/.m2/repository/org/apache/maven/surefire/surefire-api/2.12.4/surefire-api-2.12.4.jar
7f94bc059000-7f94bc05b000 r--s 00007000 08:01 536386                     /home/gpm17/.m2/repository/org/apache/maven/surefire/surefire-booter/2.12.4/surefire-booter-2.12.4.jar
7f94bc05b000-7f94bc05c000 r--s 00001000 08:01 420878                     /home/gpm17/Repository/GPM/bachelorthesis/target/surefire/surefirebooter1810354368604429989.jar
7f94bc05c000-7f94bc05f000 r--s 0000f000 08:01 300312                     /usr/lib/jvm/java-8-openjdk-amd64/jre/lib/ext/icedtea-sound.jar
7f94bc05f000-7f94bc060000 r--s 0000a000 08:01 300310                     /usr/lib/jvm/java-8-openjdk-amd64/jre/lib/ext/jaccess.jar
7f94bc060000-7f94bc064000 r--s 00037000 08:01 300307                     /usr/lib/jvm/java-8-openjdk-amd64/jre/lib/ext/sunpkcs11.jar
7f94bc064000-7f94bc07f000 r--s 001d5000 08:01 300309                     /usr/lib/jvm/java-8-openjdk-amd64/jre/lib/ext/nashorn.jar
7f94bc07f000-7f94bc180000 rw-p 00000000 00:00 0 
7f94bc180000-7f94bc34e000 r--s 03bf1000 08:01 300304                     /usr/lib/jvm/java-8-openjdk-amd64/jre/lib/rt.jar
7f94bc34e000-7f94bcdb4000 rw-p 00000000 00:00 0 
7f94bcdb4000-7f94bcdb5000 ---p 00000000 00:00 0 
7f94bcdb5000-7f94bceb5000 rw-p 00000000 00:00 0                          [stack:3344]
7f94bceb5000-7f94bceb6000 ---p 00000000 00:00 0 
7f94bceb6000-7f94bcfc7000 rw-p 00000000 00:00 0                          [stack:3343]
7f94bcfc7000-7f94bd101000 ---p 00000000 00:00 0 
7f94bd101000-7f94bd112000 rw-p 00000000 00:00 0 
7f94bd112000-7f94bd24b000 ---p 00000000 00:00 0 
7f94bd24b000-7f94bd2cf000 rw-p 00000000 00:00 0 
7f94bd2cf000-7f94bd2f1000 ---p 00000000 00:00 0 
7f94bd2f1000-7f94bd311000 rw-p 00000000 00:00 0 
7f94bd311000-7f94bd6b2000 ---p 00000000 00:00 0 
7f94bd6b2000-7f94bd6ba000 r-xp 00000000 08:01 300264                     /usr/lib/jvm/java-8-openjdk-amd64/jre/lib/amd64/libzip.so
7f94bd6ba000-7f94bd8b9000 ---p 00008000 08:01 300264                     /usr/lib/jvm/java-8-openjdk-amd64/jre/lib/amd64/libzip.so
7f94bd8b9000-7f94bd8ba000 r--p 00007000 08:01 300264                     /usr/lib/jvm/java-8-openjdk-amd64/jre/lib/amd64/libzip.so
7f94bd8ba000-7f94bd8bb000 rw-p 00008000 08:01 300264                     /usr/lib/jvm/java-8-openjdk-amd64/jre/lib/amd64/libzip.so
7f94bd8bb000-7f94bd8c6000 r-xp 00000000 08:01 268392                     /lib/x86_64-linux-gnu/libnss_files-2.19.so
7f94bd8c6000-7f94bdac5000 ---p 0000b000 08:01 268392                     /lib/x86_64-linux-gnu/libnss_files-2.19.so
7f94bdac5000-7f94bdac6000 r--p 0000a000 08:01 268392                     /lib/x86_64-linux-gnu/libnss_files-2.19.so
7f94bdac6000-7f94bdac7000 rw-p 0000b000 08:01 268392                     /lib/x86_64-linux-gnu/libnss_files-2.19.so
7f94bdac7000-7f94bdad1000 r-xp 00000000 08:01 268407                     /lib/x86_64-linux-gnu/libnss_nis-2.19.so
7f94bdad1000-7f94bdcd0000 ---p 0000a000 08:01 268407                     /lib/x86_64-linux-gnu/libnss_nis-2.19.so
7f94bdcd0000-7f94bdcd1000 r--p 00009000 08:01 268407                     /lib/x86_64-linux-gnu/libnss_nis-2.19.so
7f94bdcd1000-7f94bdcd2000 rw-p 0000a000 08:01 268407                     /lib/x86_64-linux-gnu/libnss_nis-2.19.so
7f94bdcd2000-7f94bdce7000 r-xp 00000000 08:01 268377                     /lib/x86_64-linux-gnu/libnsl-2.19.so
7f94bdce7000-7f94bdee6000 ---p 00015000 08:01 268377                     /lib/x86_64-linux-gnu/libnsl-2.19.so
7f94bdee6000-7f94bdee7000 r--p 00014000 08:01 268377                     /lib/x86_64-linux-gnu/libnsl-2.19.so
7f94bdee7000-7f94bdee8000 rw-p 00015000 08:01 268377                     /lib/x86_64-linux-gnu/libnsl-2.19.so
7f94bdee8000-7f94bdeea000 rw-p 00000000 00:00 0 
7f94bdeea000-7f94bdef1000 r-xp 00000000 08:01 268384                     /lib/x86_64-linux-gnu/libnss_compat-2.19.so
7f94bdef1000-7f94be0f0000 ---p 00007000 08:01 268384                     /lib/x86_64-linux-gnu/libnss_compat-2.19.so
7f94be0f0000-7f94be0f1000 r--p 00006000 08:01 268384                     /lib/x86_64-linux-gnu/libnss_compat-2.19.so
7f94be0f1000-7f94be0f2000 rw-p 00007000 08:01 268384                     /lib/x86_64-linux-gnu/libnss_compat-2.19.so
7f94be0f2000-7f94be11f000 r-xp 00000000 08:01 300290                     /usr/lib/jvm/java-8-openjdk-amd64/jre/lib/amd64/libjava.so
7f94be11f000-7f94be31f000 ---p 0002d000 08:01 300290                     /usr/lib/jvm/java-8-openjdk-amd64/jre/lib/amd64/libjava.so
7f94be31f000-7f94be320000 r--p 0002d000 08:01 300290                     /usr/lib/jvm/java-8-openjdk-amd64/jre/lib/amd64/libjava.so
7f94be320000-7f94be322000 rw-p 0002e000 08:01 300290                     /usr/lib/jvm/java-8-openjdk-amd64/jre/lib/amd64/libjava.so
7f94be322000-7f94be331000 r-xp 00000000 08:01 300292                     /usr/lib/jvm/java-8-openjdk-amd64/jre/lib/amd64/libverify.so
7f94be331000-7f94be531000 ---p 0000f000 08:01 300292                     /usr/lib/jvm/java-8-openjdk-amd64/jre/lib/amd64/libverify.so
7f94be531000-7f94be534000 r--p 0000f000 08:01 300292                     /usr/lib/jvm/java-8-openjdk-amd64/jre/lib/amd64/libverify.so
7f94be534000-7f94be535000 rw-p 00012000 08:01 300292                     /usr/lib/jvm/java-8-openjdk-amd64/jre/lib/amd64/libverify.so
7f94be535000-7f94be53c000 r-xp 00000000 08:01 277927                     /lib/x86_64-linux-gnu/librt-2.19.so
7f94be53c000-7f94be73b000 ---p 00007000 08:01 277927                     /lib/x86_64-linux-gnu/librt-2.19.so
7f94be73b000-7f94be73c000 r--p 00006000 08:01 277927                     /lib/x86_64-linux-gnu/librt-2.19.so
7f94be73c000-7f94be73d000 rw-p 00007000 08:01 277927                     /lib/x86_64-linux-gnu/librt-2.19.so
7f94be73d000-7f94be753000 r-xp 00000000 08:01 262374                     /lib/x86_64-linux-gnu/libgcc_s.so.1
7f94be753000-7f94be952000 ---p 00016000 08:01 262374                     /lib/x86_64-linux-gnu/libgcc_s.so.1
7f94be952000-7f94be953000 rw-p 00015000 08:01 262374                     /lib/x86_64-linux-gnu/libgcc_s.so.1
7f94be953000-7f94bea53000 r-xp 00000000 08:01 268329                     /lib/x86_64-linux-gnu/libm-2.19.so
7f94bea53000-7f94bec52000 ---p 00100000 08:01 268329                     /lib/x86_64-linux-gnu/libm-2.19.so
7f94bec52000-7f94bec53000 r--p 000ff000 08:01 268329                     /lib/x86_64-linux-gnu/libm-2.19.so
7f94bec53000-7f94bec54000 rw-p 00100000 08:01 268329                     /lib/x86_64-linux-gnu/libm-2.19.so
7f94bec54000-7f94bed40000 r-xp 00000000 08:01 5484                       /usr/lib/x86_64-linux-gnu/libstdc++.so.6.0.20
7f94bed40000-7f94bef40000 ---p 000ec000 08:01 5484                       /usr/lib/x86_64-linux-gnu/libstdc++.so.6.0.20
7f94bef40000-7f94bef48000 r--p 000ec000 08:01 5484                       /usr/lib/x86_64-linux-gnu/libstdc++.so.6.0.20
7f94bef48000-7f94bef4a000 rw-p 000f4000 08:01 5484                       /usr/lib/x86_64-linux-gnu/libstdc++.so.6.0.20
7f94bef4a000-7f94bef5f000 rw-p 00000000 00:00 0 
7f94bef5f000-7f94bfbf6000 r-xp 00000000 08:01 300260                     /usr/lib/jvm/java-8-openjdk-amd64/jre/lib/amd64/server/libjvm.so
7f94bfbf6000-7f94bfdf5000 ---p 00c97000 08:01 300260                     /usr/lib/jvm/java-8-openjdk-amd64/jre/lib/amd64/server/libjvm.so
7f94bfdf5000-7f94bfe98000 r--p 00c96000 08:01 300260                     /usr/lib/jvm/java-8-openjdk-amd64/jre/lib/amd64/server/libjvm.so
7f94bfe98000-7f94bfec1000 rw-p 00d39000 08:01 300260                     /usr/lib/jvm/java-8-openjdk-amd64/jre/lib/amd64/server/libjvm.so
7f94bfec1000-7f94bfef2000 rw-p 00000000 00:00 0 
7f94bfef2000-7f94c0093000 r-xp 00000000 08:01 263613                     /lib/x86_64-linux-gnu/libc-2.19.so
7f94c0093000-7f94c0293000 ---p 001a1000 08:01 263613                     /lib/x86_64-linux-gnu/libc-2.19.so
7f94c0293000-7f94c0297000 r--p 001a1000 08:01 263613                     /lib/x86_64-linux-gnu/libc-2.19.so
7f94c0297000-7f94c0299000 rw-p 001a5000 08:01 263613                     /lib/x86_64-linux-gnu/libc-2.19.so
7f94c0299000-7f94c029d000 rw-p 00000000 00:00 0 
7f94c029d000-7f94c02a0000 r-xp 00000000 08:01 263629                     /lib/x86_64-linux-gnu/libdl-2.19.so
7f94c02a0000-7f94c049f000 ---p 00003000 08:01 263629                     /lib/x86_64-linux-gnu/libdl-2.19.so
7f94c049f000-7f94c04a0000 r--p 00002000 08:01 263629                     /lib/x86_64-linux-gnu/libdl-2.19.so
7f94c04a0000-7f94c04a1000 rw-p 00003000 08:01 263629                     /lib/x86_64-linux-gnu/libdl-2.19.so
7f94c04a1000-7f94c04af000 r-xp 00000000 08:01 300289                     /usr/lib/jvm/java-8-openjdk-amd64/jre/lib/amd64/jli/libjli.so
7f94c04af000-7f94c06ae000 ---p 0000e000 08:01 300289                     /usr/lib/jvm/java-8-openjdk-amd64/jre/lib/amd64/jli/libjli.so
7f94c06ae000-7f94c06af000 r--p 0000d000 08:01 300289                     /usr/lib/jvm/java-8-openjdk-amd64/jre/lib/amd64/jli/libjli.so
7f94c06af000-7f94c06b0000 rw-p 0000e000 08:01 300289                     /usr/lib/jvm/java-8-openjdk-amd64/jre/lib/amd64/jli/libjli.so
7f94c06b0000-7f94c06ca000 r-xp 00000000 08:01 263716                     /lib/x86_64-linux-gnu/libz.so.1.2.8
7f94c06ca000-7f94c08c9000 ---p 0001a000 08:01 263716                     /lib/x86_64-linux-gnu/libz.so.1.2.8
7f94c08c9000-7f94c08ca000 r--p 00019000 08:01 263716                     /lib/x86_64-linux-gnu/libz.so.1.2.8
7f94c08ca000-7f94c08cb000 rw-p 0001a000 08:01 263716                     /lib/x86_64-linux-gnu/libz.so.1.2.8
7f94c08cb000-7f94c08e3000 r-xp 00000000 08:01 262242                     /lib/x86_64-linux-gnu/libpthread-2.19.so
7f94c08e3000-7f94c0ae2000 ---p 00018000 08:01 262242                     /lib/x86_64-linux-gnu/libpthread-2.19.so
7f94c0ae2000-7f94c0ae3000 r--p 00017000 08:01 262242                     /lib/x86_64-linux-gnu/libpthread-2.19.so
7f94c0ae3000-7f94c0ae4000 rw-p 00018000 08:01 262242                     /lib/x86_64-linux-gnu/libpthread-2.19.so
7f94c0ae4000-7f94c0ae8000 rw-p 00000000 00:00 0 
7f94c0ae8000-7f94c0b09000 r-xp 00000000 08:01 263505                     /lib/x86_64-linux-gnu/ld-2.19.so
7f94c0b09000-7f94c0b13000 r--s 00116000 08:01 300308                     /usr/lib/jvm/java-8-openjdk-amd64/jre/lib/ext/localedata.jar
7f94c0b13000-7f94c0b2f000 r--s 00393000 08:01 300311                     /usr/lib/jvm/java-8-openjdk-amd64/jre/lib/ext/cldrdata.jar
7f94c0b2f000-7f94c0beb000 rw-p 00000000 00:00 0 
7f94c0beb000-7f94c0bee000 ---p 00000000 00:00 0 
7f94c0bee000-7f94c0cf1000 rw-p 00000000 00:00 0                          [stack:3342]
7f94c0cf1000-7f94c0cf2000 r--s 00010000 08:01 300315                     /usr/lib/jvm/java-8-openjdk-amd64/jre/lib/ext/zipfs.jar
7f94c0cf2000-7f94c0cf3000 r--s 00008000 08:01 300314                     /usr/lib/jvm/java-8-openjdk-amd64/jre/lib/ext/sunec.jar
7f94c0cf3000-7f94c0cf5000 r--s 00006000 08:01 138941                     /usr/share/java/java-atk-wrapper.jar
7f94c0cf5000-7f94c0cf7000 r--s 00001000 08:01 300313                     /usr/lib/jvm/java-8-openjdk-amd64/jre/lib/ext/dnsns.jar
7f94c0cf7000-7f94c0cfc000 r--s 0003b000 08:01 300316                     /usr/lib/jvm/java-8-openjdk-amd64/jre/lib/ext/sunjce_provider.jar
7f94c0cfc000-7f94c0d04000 rw-s 00000000 08:01 299718                     /tmp/hsperfdata_gpm17/3338
7f94c0d04000-7f94c0d05000 rw-p 00000000 00:00 0 
7f94c0d05000-7f94c0d06000 ---p 00000000 00:00 0 
7f94c0d06000-7f94c0d08000 rw-p 00000000 00:00 0 
7f94c0d08000-7f94c0d09000 r--p 00020000 08:01 263505                     /lib/x86_64-linux-gnu/ld-2.19.so
7f94c0d09000-7f94c0d0a000 rw-p 00021000 08:01 263505                     /lib/x86_64-linux-gnu/ld-2.19.so
7f94c0d0a000-7f94c0d0b000 rw-p 00000000 00:00 0 
7ffc68961000-7ffc68982000 rw-p 00000000 00:00 0                          [stack]
7ffc689a8000-7ffc689aa000 r-xp 00000000 00:00 0                          [vdso]
7ffc689aa000-7ffc689ac000 r--p 00000000 00:00 0                          [vvar]
ffffffffff600000-ffffffffff601000 r-xp 00000000 00:00 0                  [vsyscall]

VM Arguments:
java_command: /home/gpm17/Repository/GPM/bachelorthesis/target/surefire/surefirebooter1810354368604429989.jar /home/gpm17/Repository/GPM/bachelorthesis/target/surefire/surefire3546112890799729211tmp /home/gpm17/Repository/GPM/bachelorthesis/target/surefire/surefire_06867986430473401362tmp
java_class_path (initial): /home/gpm17/Repository/GPM/bachelorthesis/target/surefire/surefirebooter1810354368604429989.jar
Launcher Type: SUN_STANDARD

Environment Variables:
PATH=/usr/local/bin:/usr/bin:/bin:/usr/local/games:/usr/games
LD_LIBRARY_PATH=/opt/intellij-idea/idea-IC-172.4343.14/bin:
SHELL=/bin/bash
DISPLAY=:0.0

Signal Handlers:
SIGSEGV: [libjvm.so+0xa960e0], sa_mask[0]=11111111011111111101111111111110, sa_flags=SA_RESTART|SA_SIGINFO
SIGBUS: [libjvm.so+0xa960e0], sa_mask[0]=11111111011111111101111111111110, sa_flags=SA_RESTART|SA_SIGINFO
SIGFPE: [libjvm.so+0x8dddb0], sa_mask[0]=11111111011111111101111111111110, sa_flags=SA_RESTART|SA_SIGINFO
SIGPIPE: [libjvm.so+0x8dddb0], sa_mask[0]=11111111011111111101111111111110, sa_flags=SA_RESTART|SA_SIGINFO
SIGXFSZ: [libjvm.so+0x8dddb0], sa_mask[0]=11111111011111111101111111111110, sa_flags=SA_RESTART|SA_SIGINFO
SIGILL: [libjvm.so+0x8dddb0], sa_mask[0]=11111111011111111101111111111110, sa_flags=SA_RESTART|SA_SIGINFO
SIGUSR1: SIG_DFL, sa_mask[0]=00000000000000000000000000000000, sa_flags=none
SIGUSR2: [libjvm.so+0x8ddc60], sa_mask[0]=00100000000000000000000000000000, sa_flags=SA_RESTART|SA_SIGINFO
SIGHUP: [libjvm.so+0x8dde80], sa_mask[0]=11111111011111111101111111111110, sa_flags=SA_RESTART|SA_SIGINFO
SIGINT: [libjvm.so+0x8dde80], sa_mask[0]=11111111011111111101111111111110, sa_flags=SA_RESTART|SA_SIGINFO
SIGTERM: [libjvm.so+0x8dde80], sa_mask[0]=11111111011111111101111111111110, sa_flags=SA_RESTART|SA_SIGINFO
SIGQUIT: [libjvm.so+0x8dde80], sa_mask[0]=11111111011111111101111111111110, sa_flags=SA_RESTART|SA_SIGINFO


---------------  S Y S T E M  ---------------

OS:PRETTY_NAME="Debian GNU/Linux 8 (jessie)"
NAME="Debian GNU/Linux"
VERSION_ID="8"
VERSION="8 (jessie)"
ID=debian
HOME_URL="http://www.debian.org/"
SUPPORT_URL="http://www.debian.org/support"
BUG_REPORT_URL="https://bugs.debian.org/"

uname:Linux 3.16.0-4-amd64 #1 SMP Debian 3.16.43-2+deb8u5 (2017-09-19) x86_64
libc:glibc 2.19 NPTL 2.19 
rlimit: STACK 8192k, CORE 0k, NPROC 15788, NOFILE 65536, AS infinity
load average:1,81 1,29 1,34

/proc/meminfo:
MemTotal:        4058900 kB
MemFree:          122388 kB
MemAvailable:      65268 kB
Buffers:             800 kB
Cached:            69060 kB
SwapCached:        14980 kB
Active:          3055624 kB
Inactive:         778864 kB
Active(anon):    3038028 kB
Inactive(anon):   761520 kB
Active(file):      17596 kB
Inactive(file):    17344 kB
Unevictable:          32 kB
Mlocked:              32 kB
SwapTotal:        393212 kB
SwapFree:              0 kB
Dirty:               840 kB
Writeback:             0 kB
AnonPages:       3750280 kB
Mapped:            57116 kB
Shmem:             34656 kB
Slab:              40864 kB
SReclaimable:      19760 kB
SUnreclaim:        21104 kB
KernelStack:       10192 kB
PageTables:        30172 kB
NFS_Unstable:          0 kB
Bounce:                0 kB
WritebackTmp:          0 kB
CommitLimit:     2422660 kB
Committed_AS:    7407616 kB
VmallocTotal:   34359738367 kB
VmallocUsed:       54764 kB
VmallocChunk:   34359681016 kB
HardwareCorrupted:     0 kB
AnonHugePages:         0 kB
HugePages_Total:       0
HugePages_Free:        0
HugePages_Rsvd:        0
HugePages_Surp:        0
Hugepagesize:       2048 kB
DirectMap4k:       57280 kB
DirectMap2M:     4136960 kB


CPU:total 2 (2 cores per cpu, 1 threads per core) family 6 model 69 stepping 1, cmov, cx8, fxsr, mmx, sse, sse2, sse3, ssse3, sse4.1, sse4.2, popcnt, avx, avx2, aes, clmul, lzcnt, tsc, tscinvbit

/proc/cpuinfo:
processor	: 0
vendor_id	: GenuineIntel
cpu family	: 6
model		: 69
model name	: Intel(R) Core(TM) i7-4510U CPU @ 2.00GHz
stepping	: 1
cpu MHz		: 1995.263
cache size	: 4096 KB
physical id	: 0
siblings	: 2
core id		: 0
cpu cores	: 2
apicid		: 0
initial apicid	: 0
fpu		: yes
fpu_exception	: yes
cpuid level	: 13
wp		: yes
flags		: fpu vme de pse tsc msr pae mce cx8 apic sep mtrr pge mca cmov pat pse36 clflush mmx fxsr sse sse2 ht syscall nx rdtscp lm constant_tsc rep_good nopl xtopology nonstop_tsc pni pclmulqdq ssse3 cx16 sse4_1 sse4_2 movbe popcnt aes xsave avx rdrand lahf_lm abm avx2
bogomips	: 3990.52
clflush size	: 64
cache_alignment	: 64
address sizes	: 39 bits physical, 48 bits virtual
power management:

processor	: 1
vendor_id	: GenuineIntel
cpu family	: 6
model		: 69
model name	: Intel(R) Core(TM) i7-4510U CPU @ 2.00GHz
stepping	: 1
cpu MHz		: 1995.263
cache size	: 4096 KB
physical id	: 0
siblings	: 2
core id		: 1
cpu cores	: 2
apicid		: 1
initial apicid	: 1
fpu		: yes
fpu_exception	: yes
cpuid level	: 13
wp		: yes
flags		: fpu vme de pse tsc msr pae mce cx8 apic sep mtrr pge mca cmov pat pse36 clflush mmx fxsr sse sse2 ht syscall nx rdtscp lm constant_tsc rep_good nopl xtopology nonstop_tsc pni pclmulqdq ssse3 cx16 sse4_1 sse4_2 movbe popcnt aes xsave avx rdrand lahf_lm abm avx2
bogomips	: 3990.52
clflush size	: 64
cache_alignment	: 64
address sizes	: 39 bits physical, 48 bits virtual
power management:



Memory: 4k page, physical 4058900k(122388k free), swap 393212k(0k free)

vm_info: OpenJDK 64-Bit Server VM (25.102-b14) for linux-amd64 JRE (1.8.0_102-8u102-b14.1-1~bpo8+1-b14), built on Aug  8 2016 10:49:23 by "jmm" with gcc 4.9.2

time: Tue Nov 21 12:32:27 2017
elapsed time: 13 seconds (0d 0h 0m 13s)

