#
# There is insufficient memory for the Java Runtime Environment to continue.
# Native memory allocation (mmap) failed to map 95944704 bytes for committing reserved memory.
# Possible reasons:
#   The system is out of physical RAM or swap space
#   In 32 bit mode, the process size limit was hit
# Possible solutions:
#   Reduce memory load on the system
#   Increase physical memory or swap space
#   Check if swap backing store is full
#   Use 64 bit Java on a 64 bit OS
#   Decrease Java heap size (-Xmx/-Xms)
#   Decrease number of Java threads
#   Decrease Java thread stack sizes (-Xss)
#   Set larger code cache with -XX:ReservedCodeCacheSize=
# This output file may be truncated or incomplete.
#
#  Out of Memory Error (os_linux.cpp:2630), pid=3791, tid=0x00007f1068da5700
#
# JRE version: OpenJDK Runtime Environment (8.0_102-b14) (build 1.8.0_102-8u102-b14.1-1~bpo8+1-b14)
# Java VM: OpenJDK 64-Bit Server VM (25.102-b14 mixed mode linux-amd64 compressed oops)
# Failed to write core dump. Core dumps have been disabled. To enable core dumping, try "ulimit -c unlimited" before starting Java again
#

---------------  T H R E A D  ---------------

Current thread (0x00007f107c0fa800):  VMThread [stack: 0x00007f1068ca5000,0x00007f1068da6000] [id=3797]

Stack: [0x00007f1068ca5000,0x00007f1068da6000],  sp=0x00007f1068da44c0,  free space=1021k
Native frames: (J=compiled Java code, j=interpreted, Vv=VM code, C=native code)
V  [libjvm.so+0xa955fd]
V  [libjvm.so+0x4e9dec]
V  [libjvm.so+0x8e2510]
V  [libjvm.so+0x8dcbfe]
V  [libjvm.so+0x9593fb]
V  [libjvm.so+0x95a763]
V  [libjvm.so+0x95725e]
V  [libjvm.so+0x95754c]
V  [libjvm.so+0x908233]
V  [libjvm.so+0xa97232]
V  [libjvm.so+0xa9bdc7]
V  [libjvm.so+0xa9a0e7]
V  [libjvm.so+0xa9a917]
V  [libjvm.so+0xa9ae61]
V  [libjvm.so+0x8df9e2]

VM_Operation (0x00007f108315b180): ParallelGCFailedAllocation, mode: safepoint, requested by thread 0x00007f107c00a000


---------------  P R O C E S S  ---------------

Java Threads: ( => current thread )
  0x00007f107c136000 JavaThread "Service Thread" daemon [_thread_blocked, id=3803, stack(0x00007f1068516000,0x00007f1068617000)]
  0x00007f107c133000 JavaThread "C1 CompilerThread1" daemon [_thread_blocked, id=3802, stack(0x00007f1068617000,0x00007f1068718000)]
  0x00007f107c130000 JavaThread "C2 CompilerThread0" daemon [_thread_blocked, id=3801, stack(0x00007f1068718000,0x00007f1068819000)]
  0x00007f107c12e000 JavaThread "Signal Dispatcher" daemon [_thread_blocked, id=3800, stack(0x00007f1068819000,0x00007f106891a000)]
  0x00007f107c106800 JavaThread "Finalizer" daemon [_thread_blocked, id=3799, stack(0x00007f1068aa3000,0x00007f1068ba4000)]
  0x00007f107c102000 JavaThread "Reference Handler" daemon [_thread_blocked, id=3798, stack(0x00007f1068ba4000,0x00007f1068ca5000)]
  0x00007f107c00a000 JavaThread "main" [_thread_blocked, id=3794, stack(0x00007f108305e000,0x00007f108315f000)]

Other Threads:
=>0x00007f107c0fa800 VMThread [stack: 0x00007f1068ca5000,0x00007f1068da6000] [id=3797]
  0x00007f107c13c800 WatcherThread [stack: 0x00007f1068415000,0x00007f1068516000] [id=3804]

VM state:at safepoint (normal execution)

VM Mutex/Monitor currently owned by a thread:  ([mutex/lock_event])
[0x00007f107c006320] Threads_lock - owner thread: 0x00007f107c0fa800
[0x00007f107c006820] Heap_lock - owner thread: 0x00007f107c00a000

Heap:
 PSYoungGen      total 202240K, used 11264K [0x00000000eb580000, 0x00000000fa480000, 0x0000000100000000)
  eden space 190976K, 0% used [0x00000000eb580000,0x00000000eb580000,0x00000000f7000000)
  from space 11264K, 100% used [0x00000000f7000000,0x00000000f7b00000,0x00000000f7b00000)
  to   space 8192K, 0% used [0x00000000f7b00000,0x00000000f7b00000,0x00000000f8300000)
 ParOldGen       total 41472K, used 40781K [0x00000000c2000000, 0x00000000c4880000, 0x00000000eb580000)
  object space 41472K, 98% used [0x00000000c2000000,0x00000000c47d34c8,0x00000000c4880000)
 Metaspace       used 27285K, capacity 27544K, committed 27776K, reserved 1073152K
  class space    used 3251K, capacity 3344K, committed 3456K, reserved 1048576K

Card table byte_map: [0x00007f106c42f000,0x00007f106c620000] byte_map_base: 0x00007f106be1f000

Marking Bits: (ParMarkBitMap*) 0x00007f1082348300
 Begin Bits: [0x00007f106a2e3000, 0x00007f106b263000)
 End Bits:   [0x00007f106b263000, 0x00007f106c1e3000)

Polling page: 0x00007f1083178000

CodeCache: size=245760Kb used=8790Kb max_used=8790Kb free=236969Kb
 bounds [0x00007f106c9e0000, 0x00007f106d280000, 0x00007f107b9e0000]
 total_blobs=2997 nmethods=2596 adapters=315
 compilation: enabled

Compilation events (10 events):
Event: 16,211 Thread 0x00007f107c133000 2631  s!   2       com.sun.org.apache.xpath.internal.axes.IteratorPool::getInstance (55 bytes)
Event: 16,211 Thread 0x00007f107c133000 nmethod 2631 0x00007f106d278c50 code [0x00007f106d278e00, 0x00007f106d2792a8]
Event: 16,212 Thread 0x00007f107c133000 2632       2       com.sun.org.apache.xpath.internal.objects.XNodeSet::<init> (69 bytes)
Event: 16,213 Thread 0x00007f107c133000 nmethod 2632 0x00007f106d278510 code [0x00007f106d2786a0, 0x00007f106d278a38]
Event: 16,213 Thread 0x00007f107c133000 2633       2       com.sun.org.apache.xpath.internal.axes.NodeSequence::<init> (15 bytes)
Event: 16,213 Thread 0x00007f107c133000 nmethod 2633 0x00007f106d26f490 code [0x00007f106d26f5e0, 0x00007f106d26f730]
Event: 16,213 Thread 0x00007f107c133000 2634       2       com.sun.org.apache.xpath.internal.axes.NodeSequence::setIter (6 bytes)
Event: 16,214 Thread 0x00007f107c133000 nmethod 2634 0x00007f106d2781d0 code [0x00007f106d278320, 0x00007f106d278490]
Event: 16,225 Thread 0x00007f107c133000 2638       2       com.sun.org.apache.xpath.internal.compiler.XPathParser::MultiplicativeExpr (299 bytes)
Event: 16,228 Thread 0x00007f107c133000 nmethod 2638 0x00007f106d27b590 code [0x00007f106d27b840, 0x00007f106d27c038]

GC Heap History (10 events):
Event: 8,716 GC heap after
Heap after GC invocations=11 (full 0):
 PSYoungGen      total 105984K, used 5112K [0x00000000eb580000, 0x00000000f6180000, 0x0000000100000000)
  eden space 100864K, 0% used [0x00000000eb580000,0x00000000eb580000,0x00000000f1800000)
  from space 5120K, 99% used [0x00000000f1800000,0x00000000f1cfe0d0,0x00000000f1d00000)
  to   space 7168K, 0% used [0x00000000f5a80000,0x00000000f5a80000,0x00000000f6180000)
 ParOldGen       total 42496K, used 8915K [0x00000000c2000000, 0x00000000c4980000, 0x00000000eb580000)
  object space 42496K, 20% used [0x00000000c2000000,0x00000000c28b4d48,0x00000000c4980000)
 Metaspace       used 20863K, capacity 21094K, committed 21296K, reserved 1069056K
  class space    used 2561K, capacity 2669K, committed 2688K, reserved 1048576K
}
Event: 8,716 GC heap before
{Heap before GC invocations=12 (full 1):
 PSYoungGen      total 105984K, used 5112K [0x00000000eb580000, 0x00000000f6180000, 0x0000000100000000)
  eden space 100864K, 0% used [0x00000000eb580000,0x00000000eb580000,0x00000000f1800000)
  from space 5120K, 99% used [0x00000000f1800000,0x00000000f1cfe0d0,0x00000000f1d00000)
  to   space 7168K, 0% used [0x00000000f5a80000,0x00000000f5a80000,0x00000000f6180000)
 ParOldGen       total 42496K, used 8915K [0x00000000c2000000, 0x00000000c4980000, 0x00000000eb580000)
  object space 42496K, 20% used [0x00000000c2000000,0x00000000c28b4d48,0x00000000c4980000)
 Metaspace       used 20863K, capacity 21094K, committed 21296K, reserved 1069056K
  class space    used 2561K, capacity 2669K, committed 2688K, reserved 1048576K
Event: 8,844 GC heap after
Heap after GC invocations=12 (full 1):
 PSYoungGen      total 105984K, used 0K [0x00000000eb580000, 0x00000000f6180000, 0x0000000100000000)
  eden space 100864K, 0% used [0x00000000eb580000,0x00000000eb580000,0x00000000f1800000)
  from space 5120K, 0% used [0x00000000f1800000,0x00000000f1800000,0x00000000f1d00000)
  to   space 7168K, 0% used [0x00000000f5a80000,0x00000000f5a80000,0x00000000f6180000)
 ParOldGen       total 35840K, used 11265K [0x00000000c2000000, 0x00000000c4300000, 0x00000000eb580000)
  object space 35840K, 31% used [0x00000000c2000000,0x00000000c2b00560,0x00000000c4300000)
 Metaspace       used 20863K, capacity 21094K, committed 21296K, reserved 1069056K
  class space    used 2561K, capacity 2669K, committed 2688K, reserved 1048576K
}
Event: 11,739 GC heap before
{Heap before GC invocations=13 (full 1):
 PSYoungGen      total 105984K, used 100864K [0x00000000eb580000, 0x00000000f6180000, 0x0000000100000000)
  eden space 100864K, 100% used [0x00000000eb580000,0x00000000f1800000,0x00000000f1800000)
  from space 5120K, 0% used [0x00000000f1800000,0x00000000f1800000,0x00000000f1d00000)
  to   space 7168K, 0% used [0x00000000f5a80000,0x00000000f5a80000,0x00000000f6180000)
 ParOldGen       total 35840K, used 11265K [0x00000000c2000000, 0x00000000c4300000, 0x00000000eb580000)
  object space 35840K, 31% used [0x00000000c2000000,0x00000000c2b00560,0x00000000c4300000)
 Metaspace       used 26108K, capacity 26386K, committed 26624K, reserved 1073152K
  class space    used 3137K, capacity 3215K, committed 3328K, reserved 1048576K
Event: 11,771 GC heap after
Heap after GC invocations=13 (full 1):
 PSYoungGen      total 145408K, used 6161K [0x00000000eb580000, 0x00000000f6100000, 0x0000000100000000)
  eden space 138752K, 0% used [0x00000000eb580000,0x00000000eb580000,0x00000000f3d00000)
  from space 6656K, 92% used [0x00000000f5a80000,0x00000000f6084708,0x00000000f6100000)
  to   space 8192K, 0% used [0x00000000f5100000,0x00000000f5100000,0x00000000f5900000)
 ParOldGen       total 35840K, used 11273K [0x00000000c2000000, 0x00000000c4300000, 0x00000000eb580000)
  object space 35840K, 31% used [0x00000000c2000000,0x00000000c2b02560,0x00000000c4300000)
 Metaspace       used 26108K, capacity 26386K, committed 26624K, reserved 1073152K
  class space    used 3137K, capacity 3215K, committed 3328K, reserved 1048576K
}
Event: 13,087 GC heap before
{Heap before GC invocations=14 (full 1):
 PSYoungGen      total 145408K, used 144913K [0x00000000eb580000, 0x00000000f6100000, 0x0000000100000000)
  eden space 138752K, 100% used [0x00000000eb580000,0x00000000f3d00000,0x00000000f3d00000)
  from space 6656K, 92% used [0x00000000f5a80000,0x00000000f6084708,0x00000000f6100000)
  to   space 8192K, 0% used [0x00000000f5100000,0x00000000f5100000,0x00000000f5900000)
 ParOldGen       total 35840K, used 11273K [0x00000000c2000000, 0x00000000c4300000, 0x00000000eb580000)
  object space 35840K, 31% used [0x00000000c2000000,0x00000000c2b02560,0x00000000c4300000)
 Metaspace       used 26989K, capacity 27256K, committed 27392K, reserved 1073152K
  class space    used 3214K, capacity 3312K, committed 3328K, reserved 1048576K
Event: 13,143 GC heap after
Heap after GC invocations=14 (full 1):
 PSYoungGen      total 167424K, used 4158K [0x00000000eb580000, 0x00000000f8300000, 0x0000000100000000)
  eden space 159232K, 0% used [0x00000000eb580000,0x00000000eb580000,0x00000000f5100000)
  from space 8192K, 50% used [0x00000000f5100000,0x00000000f550f850,0x00000000f5900000)
  to   space 8192K, 0% used [0x00000000f7b00000,0x00000000f7b00000,0x00000000f8300000)
 ParOldGen       total 35840K, used 14153K [0x00000000c2000000, 0x00000000c4300000, 0x00000000eb580000)
  object space 35840K, 39% used [0x00000000c2000000,0x00000000c2dd2718,0x00000000c4300000)
 Metaspace       used 26989K, capacity 27256K, committed 27392K, reserved 1073152K
  class space    used 3214K, capacity 3312K, committed 3328K, reserved 1048576K
}
Event: 15,209 GC heap before
{Heap before GC invocations=15 (full 1):
 PSYoungGen      total 167424K, used 163390K [0x00000000eb580000, 0x00000000f8300000, 0x0000000100000000)
  eden space 159232K, 100% used [0x00000000eb580000,0x00000000f5100000,0x00000000f5100000)
  from space 8192K, 50% used [0x00000000f5100000,0x00000000f550f850,0x00000000f5900000)
  to   space 8192K, 0% used [0x00000000f7b00000,0x00000000f7b00000,0x00000000f8300000)
 ParOldGen       total 35840K, used 14153K [0x00000000c2000000, 0x00000000c4300000, 0x00000000eb580000)
  object space 35840K, 39% used [0x00000000c2000000,0x00000000c2dd2718,0x00000000c4300000)
 Metaspace       used 27249K, capacity 27544K, committed 27776K, reserved 1073152K
  class space    used 3247K, capacity 3344K, committed 3456K, reserved 1048576K
Event: 15,264 GC heap after
Heap after GC invocations=15 (full 1):
 PSYoungGen      total 199168K, used 8192K [0x00000000eb580000, 0x00000000fa480000, 0x0000000100000000)
  eden space 190976K, 0% used [0x00000000eb580000,0x00000000eb580000,0x00000000f7000000)
  from space 8192K, 100% used [0x00000000f7b00000,0x00000000f8300000,0x00000000f8300000)
  to   space 11264K, 0% used [0x00000000f7000000,0x00000000f7000000,0x00000000f7b00000)
 ParOldGen       total 35840K, used 18249K [0x00000000c2000000, 0x00000000c4300000, 0x00000000eb580000)
  object space 35840K, 50% used [0x00000000c2000000,0x00000000c31d25f0,0x00000000c4300000)
 Metaspace       used 27249K, capacity 27544K, committed 27776K, reserved 1073152K
  class space    used 3247K, capacity 3344K, committed 3456K, reserved 1048576K
}
Event: 16,245 GC heap before
{Heap before GC invocations=16 (full 1):
 PSYoungGen      total 199168K, used 199168K [0x00000000eb580000, 0x00000000fa480000, 0x0000000100000000)
  eden space 190976K, 100% used [0x00000000eb580000,0x00000000f7000000,0x00000000f7000000)
  from space 8192K, 100% used [0x00000000f7b00000,0x00000000f8300000,0x00000000f8300000)
  to   space 11264K, 0% used [0x00000000f7000000,0x00000000f7000000,0x00000000f7b00000)
 ParOldGen       total 35840K, used 18249K [0x00000000c2000000, 0x00000000c4300000, 0x00000000eb580000)
  object space 35840K, 50% used [0x00000000c2000000,0x00000000c31d25f0,0x00000000c4300000)
 Metaspace       used 27285K, capacity 27544K, committed 27776K, reserved 1073152K
  class space    used 3251K, capacity 3344K, committed 3456K, reserved 1048576K

Deoptimization events (10 events):
Event: 11,814 Thread 0x00007f107c00a000 Uncommon trap: reason=unstable_if action=reinterpret pc=0x00007f106cfbc080 method=com.sun.org.apache.xerces.internal.impl.XMLEntityScanner.skipSpaces()Z @ 85
Event: 11,823 Thread 0x00007f107c00a000 Uncommon trap: reason=unstable_if action=reinterpret pc=0x00007f106d10ca30 method=com.sun.org.apache.xerces.internal.impl.XMLEntityScanner.scanContent(Lcom/sun/org/apache/xerces/internal/xni/XMLString;)I @ 127
Event: 13,359 Thread 0x00007f107c00a000 Uncommon trap: reason=unstable_if action=reinterpret pc=0x00007f106d084be8 method=com.sun.org.apache.xml.internal.dtm.ref.DTMDefaultBase.ensureSizeOfIndex(II)V @ 164
Event: 14,441 Thread 0x00007f107c00a000 Uncommon trap: reason=null_check action=make_not_entrant pc=0x00007f106d22d3fc method=com.sun.org.apache.xerces.internal.dom.ElementImpl.setAttributeNode(Lorg/w3c/dom/Attr;)Lorg/w3c/dom/Attr; @ 108
Event: 14,485 Thread 0x00007f107c00a000 Uncommon trap: reason=class_check action=maybe_recompile pc=0x00007f106d2359d0 method=com.sun.org.apache.xerces.internal.dom.NamedNodeMapImpl.findNamePoint(Ljava/lang/String;I)I @ 54
Event: 14,485 Thread 0x00007f107c00a000 Uncommon trap: reason=class_check action=maybe_recompile pc=0x00007f106d2359d0 method=com.sun.org.apache.xerces.internal.dom.NamedNodeMapImpl.findNamePoint(Ljava/lang/String;I)I @ 54
Event: 14,485 Thread 0x00007f107c00a000 Uncommon trap: reason=class_check action=maybe_recompile pc=0x00007f106d2359d0 method=com.sun.org.apache.xerces.internal.dom.NamedNodeMapImpl.findNamePoint(Ljava/lang/String;I)I @ 54
Event: 14,485 Thread 0x00007f107c00a000 Uncommon trap: reason=class_check action=maybe_recompile pc=0x00007f106d2359d0 method=com.sun.org.apache.xerces.internal.dom.NamedNodeMapImpl.findNamePoint(Ljava/lang/String;I)I @ 54
Event: 16,108 Thread 0x00007f107c00a000 Uncommon trap: reason=unstable_if action=reinterpret pc=0x00007f106d0e1d14 method=com.sun.org.apache.xml.internal.utils.SuballocatedIntVector.setElementAt(II)V @ 39
Event: 16,110 Thread 0x00007f107c00a000 Uncommon trap: reason=unstable_if action=reinterpret pc=0x00007f106d013684 method=com.sun.org.apache.xml.internal.utils.SuballocatedIntVector.setElementAt(II)V @ 39

Internal exceptions (10 events):
Event: 6,504 Thread 0x00007f107c00a000 Exception <a 'java/lang/ClassCastException': org.apache.commons.logging.impl.SLF4JLogFactory cannot be cast to connectjar.org.apache.commons.logging.LogFactory> (0x00000000ef3b82d8) thrown at [/home/jmm/jdk/openjdk-8-8u102-b14.1/src/hotspot/src/share/vm/i
Event: 6,524 Thread 0x00007f107c00a000 Exception <a 'java/lang/NoClassDefFoundError': connectjar/org/apache/log4j/Category> (0x00000000ef402be0) thrown at [/home/jmm/jdk/openjdk-8-8u102-b14.1/src/hotspot/src/share/vm/classfile/systemDictionary.cpp, line 199]
Event: 6,925 Thread 0x00007f107c00a000 Exception <a 'java/lang/NoSuchFieldError': method resolution failed> (0x00000000ef5b8280) thrown at [/home/jmm/jdk/openjdk-8-8u102-b14.1/src/hotspot/src/share/vm/prims/methodHandles.cpp, line 1146]
Event: 6,939 Thread 0x00007f107c00a000 Exception <a 'java/lang/NoSuchFieldError': method resolution failed> (0x00000000ef5c5d10) thrown at [/home/jmm/jdk/openjdk-8-8u102-b14.1/src/hotspot/src/share/vm/prims/methodHandles.cpp, line 1146]
Event: 7,441 Thread 0x00007f107c00a000 Exception <a 'java/lang/reflect/InvocationTargetException'> (0x00000000efca9cf8) thrown at [/home/jmm/jdk/openjdk-8-8u102-b14.1/src/hotspot/src/share/vm/runtime/reflection.cpp, line 1092]
Event: 8,878 Thread 0x00007f107c00a000 Implicit null exception at 0x00007f106cc2ddf5 to 0x00007f106cc2e149
Event: 9,492 Thread 0x00007f107c00a000 Implicit null exception at 0x00007f106cc251b5 to 0x00007f106cc253bd
Event: 9,499 Thread 0x00007f107c00a000 Implicit null exception at 0x00007f106cbff7ef to 0x00007f106cbff859
Event: 9,579 Thread 0x00007f107c00a000 Implicit null exception at 0x00007f106cba1435 to 0x00007f106cba177d
Event: 14,441 Thread 0x00007f107c00a000 Implicit null exception at 0x00007f106d22a6db to 0x00007f106d22d3c1

Events (10 events):
Event: 16,077 Thread 0x00007f107c00a000 DEOPT UNPACKING pc=0x00007f106ca27373 sp=0x00007f108315bcd0 mode 0
Event: 16,099 Thread 0x00007f107c00a000 DEOPT PACKING pc=0x00007f106d07845b sp=0x00007f108315bf70
Event: 16,100 Thread 0x00007f107c00a000 DEOPT UNPACKING pc=0x00007f106ca27373 sp=0x00007f108315bcd8 mode 0
Event: 16,107 Thread 0x00007f107c00a000 Uncommon trap: trap_request=0xffffff65 fr.pc=0x00007f106d0e1d14
Event: 16,108 Thread 0x00007f107c00a000 DEOPT PACKING pc=0x00007f106d0e1d14 sp=0x00007f108315bcc0
Event: 16,108 Thread 0x00007f107c00a000 DEOPT UNPACKING pc=0x00007f106c9e4f69 sp=0x00007f108315bc10 mode 2
Event: 16,110 Thread 0x00007f107c00a000 Uncommon trap: trap_request=0xffffff65 fr.pc=0x00007f106d013684
Event: 16,110 Thread 0x00007f107c00a000 DEOPT PACKING pc=0x00007f106d013684 sp=0x00007f108315bc40
Event: 16,110 Thread 0x00007f107c00a000 DEOPT UNPACKING pc=0x00007f106c9e4f69 sp=0x00007f108315bc00 mode 2
Event: 16,244 Executing VM operation: ParallelGCFailedAllocation


Dynamic libraries:
00400000-00401000 r-xp 00000000 08:01 300352                             /usr/lib/jvm/java-8-openjdk-amd64/jre/bin/java
00600000-00601000 r--p 00000000 08:01 300352                             /usr/lib/jvm/java-8-openjdk-amd64/jre/bin/java
00601000-00602000 rw-p 00001000 08:01 300352                             /usr/lib/jvm/java-8-openjdk-amd64/jre/bin/java
01743000-01764000 rw-p 00000000 00:00 0                                  [heap]
c2000000-c4880000 rw-p 00000000 00:00 0 
c4880000-eb580000 ---p 00000000 00:00 0 
eb580000-fa480000 rw-p 00000000 00:00 0 
100000000-100360000 rw-p 00000000 00:00 0 
100360000-140000000 ---p 00000000 00:00 0 
7f103c000000-7f103c021000 rw-p 00000000 00:00 0 
7f103c021000-7f1040000000 ---p 00000000 00:00 0 
7f1042ad1000-7f1042c91000 rw-p 00000000 00:00 0 
7f1042c91000-7f1042cd1000 ---p 00000000 00:00 0 
7f1042cd1000-7f1042ed1000 rw-p 00000000 00:00 0 
7f1042ed1000-7f10430d1000 rw-p 00000000 00:00 0 
7f10430d1000-7f10432d1000 rw-p 00000000 00:00 0 
7f10432d1000-7f10432f9000 r-xp 00000000 08:01 300282                     /usr/lib/jvm/java-8-openjdk-amd64/jre/lib/amd64/libsunec.so
7f10432f9000-7f10434f9000 ---p 00028000 08:01 300282                     /usr/lib/jvm/java-8-openjdk-amd64/jre/lib/amd64/libsunec.so
7f10434f9000-7f10434fd000 r--p 00028000 08:01 300282                     /usr/lib/jvm/java-8-openjdk-amd64/jre/lib/amd64/libsunec.so
7f10434fd000-7f10434ff000 rw-p 0002c000 08:01 300282                     /usr/lib/jvm/java-8-openjdk-amd64/jre/lib/amd64/libsunec.so
7f10434ff000-7f10436ff000 rw-p 00000000 00:00 0 
7f10436ff000-7f10438ff000 rw-p 00000000 00:00 0 
7f10438ff000-7f1043aff000 rw-p 00000000 00:00 0 
7f1043aff000-7f1043cff000 rw-p 00000000 00:00 0 
7f1043cff000-7f1044000000 rw-p 00000000 00:00 0 
7f1044000000-7f10448d6000 rw-p 00000000 00:00 0 
7f10448d6000-7f1048000000 ---p 00000000 00:00 0 
7f1048000000-7f1048021000 rw-p 00000000 00:00 0 
7f1048021000-7f104c000000 ---p 00000000 00:00 0 
7f104c000000-7f104c021000 rw-p 00000000 00:00 0 
7f104c021000-7f1050000000 ---p 00000000 00:00 0 
7f1050000000-7f1051003000 rw-p 00000000 00:00 0 
7f1051003000-7f1054000000 ---p 00000000 00:00 0 
7f1054000000-7f1054021000 rw-p 00000000 00:00 0 
7f1054021000-7f1058000000 ---p 00000000 00:00 0 
7f1058000000-7f1058021000 rw-p 00000000 00:00 0 
7f1058021000-7f105c000000 ---p 00000000 00:00 0 
7f105c000000-7f105c021000 rw-p 00000000 00:00 0 
7f105c021000-7f1060000000 ---p 00000000 00:00 0 
7f1060000000-7f1060021000 rw-p 00000000 00:00 0 
7f1060021000-7f1064000000 ---p 00000000 00:00 0 
7f1064000000-7f1064021000 rw-p 00000000 00:00 0 
7f1064021000-7f1068000000 ---p 00000000 00:00 0 
7f1068049000-7f106804a000 rw-p 00000000 00:00 0 
7f106804a000-7f106804d000 r--s 00015000 08:01 300256                     /usr/lib/jvm/java-8-openjdk-amd64/jre/lib/jce.jar
7f106804d000-7f1068051000 r--s 00097000 08:01 300237                     /usr/lib/jvm/java-8-openjdk-amd64/jre/lib/jsse.jar
7f1068051000-7f1068064000 r--s 00346000 08:01 300248                     /usr/lib/jvm/java-8-openjdk-amd64/jre/lib/resources.jar
7f1068064000-7f106807b000 r-xp 00000000 08:01 300283                     /usr/lib/jvm/java-8-openjdk-amd64/jre/lib/amd64/libnet.so
7f106807b000-7f106827a000 ---p 00017000 08:01 300283                     /usr/lib/jvm/java-8-openjdk-amd64/jre/lib/amd64/libnet.so
7f106827a000-7f106827b000 r--p 00016000 08:01 300283                     /usr/lib/jvm/java-8-openjdk-amd64/jre/lib/amd64/libnet.so
7f106827b000-7f106827c000 rw-p 00017000 08:01 300283                     /usr/lib/jvm/java-8-openjdk-amd64/jre/lib/amd64/libnet.so
7f106827c000-7f1068283000 r--s 00000000 08:01 41406                      /usr/lib/x86_64-linux-gnu/gconv/gconv-modules.cache
7f1068283000-7f10682a9000 r--p 00000000 08:01 4621                       /usr/share/locale/de/LC_MESSAGES/libc.mo
7f10682a9000-7f10682ac000 r--s 00007000 08:01 537142                     /home/gpm17/.m2/repository/org/apache/maven/surefire/surefire-junit4/2.12.4/surefire-junit4-2.12.4.jar
7f10682ac000-7f10682ae000 r--s 00000000 08:01 534482                     /home/gpm17/.m2/repository/org/slf4j/jul-to-slf4j/1.7.7/jul-to-slf4j-1.7.7.jar
7f10682ae000-7f10682b0000 r--s 00003000 08:01 534458                     /home/gpm17/.m2/repository/org/slf4j/jcl-over-slf4j/1.7.7/jcl-over-slf4j-1.7.7.jar
7f10682b0000-7f10682ba000 r--s 0005f000 08:01 534477                     /home/gpm17/.m2/repository/ch/qos/logback/logback-core/1.1.2/logback-core-1.1.2.jar
7f10682ba000-7f10682c0000 r--s 0003d000 08:01 534460                     /home/gpm17/.m2/repository/ch/qos/logback/logback-classic/1.1.2/logback-classic-1.1.2.jar
7f10682c0000-7f10682c1000 r--s 0000c000 08:01 534470                     /home/gpm17/.m2/repository/org/hamcrest/hamcrest-library/1.3/hamcrest-library-1.3.jar
7f10682c1000-7f10682c8000 r--s 00064000 08:01 534468                     /home/gpm17/.m2/repository/org/apache/commons/commons-lang3/3.4/commons-lang3-3.4.jar
7f10682c8000-7f10682cc000 r--s 0002f000 08:01 534467                     /home/gpm17/.m2/repository/commons-io/commons-io/2.5/commons-io-2.5.jar
7f10682cc000-7f10682d2000 r--s 001ee000 08:01 534464                     /home/gpm17/.m2/repository/org/camunda/bpm/extension/camunda-bpm-process-test-coverage/0.3.1/camunda-bpm-process-test-coverage-0.3.1.jar
7f10682d2000-7f10682dc000 r--s 0012f000 08:01 534463                     /home/gpm17/.m2/repository/com/h2database/h2/1.3.168/h2-1.3.168.jar
7f10682dc000-7f10682de000 r--s 00009000 08:01 534472                     /home/gpm17/.m2/repository/org/hamcrest/hamcrest-core/1.3/hamcrest-core-1.3.jar
7f10682de000-7f10682e6000 r--s 00045000 08:01 534474                     /home/gpm17/.m2/repository/junit/junit/4.12/junit-4.12.jar
7f10682e6000-7f10682e9000 r--s 00012000 08:01 534441                     /home/gpm17/.m2/repository/javax/servlet/javax.servlet-api/3.0.1/javax.servlet-api-3.0.1.jar
7f10682e9000-7f10682ed000 r--s 0003c000 08:01 533824                     /home/gpm17/.m2/repository/commons-lang/commons-lang/2.4/commons-lang-2.4.jar
7f10682ed000-7f10682fb000 r--s 0007f000 08:01 533895                     /home/gpm17/.m2/repository/commons-collections/commons-collections/3.2.1/commons-collections-3.2.1.jar
7f10682fb000-7f1068303000 r--s 00066000 08:01 533822                     /home/gpm17/.m2/repository/org/apache/velocity/velocity/1.7/velocity-1.7.jar
7f1068303000-7f1068304000 r--s 00001000 08:01 534401                     /home/gpm17/.m2/repository/org/camunda/template-engines/camunda-template-engines-velocity/1.0.1/camunda-template-engines-velocity-1.0.1.jar
7f1068304000-7f1068315000 r--s 000e8000 08:01 534454                     /home/gpm17/.m2/repository/org/freemarker/freemarker/2.3.20/freemarker-2.3.20.jar
7f1068315000-7f1068316000 r--s 00001000 08:01 534452                     /home/gpm17/.m2/repository/org/camunda/template-engines/camunda-template-engines-freemarker/1.0.1/camunda-template-engines-freemarker-1.0.1.jar
7f1068316000-7f1068318000 r--s 00001000 08:01 534405                     /home/gpm17/.m2/repository/org/camunda/bpm/camunda-engine-plugin-connect/7.7.0/camunda-engine-plugin-connect-7.7.0.jar
7f1068318000-7f106831a000 r--s 00003000 08:01 534450                     /home/gpm17/.m2/repository/org/camunda/connect/camunda-connect-core/1.0.4/camunda-connect-core-1.0.4.jar
7f106831a000-7f1068335000 r--s 00111000 08:01 534440                     /home/gpm17/.m2/repository/org/camunda/connect/camunda-connect-connectors-all/1.0.4/camunda-connect-connectors-all-1.0.4.jar
7f1068335000-7f1068337000 r--s 00007000 08:01 534398                     /home/gpm17/.m2/repository/org/camunda/bpm/camunda-engine-plugin-spin/7.7.0/camunda-engine-plugin-spin-7.7.0.jar
7f1068337000-7f1068339000 r--s 00006000 08:01 534396                     /home/gpm17/.m2/repository/org/slf4j/slf4j-api/1.7.7/slf4j-api-1.7.7.jar
7f1068339000-7f106833c000 r--s 0000a000 08:01 534434                     /home/gpm17/.m2/repository/org/camunda/spin/camunda-spin-core/1.3.1/camunda-spin-core-1.3.1.jar
7f106833c000-7f1068356000 r--s 0017b000 08:01 534438                     /home/gpm17/.m2/repository/org/camunda/spin/camunda-spin-dataformat-all/1.3.1/camunda-spin-dataformat-all-1.3.1.jar
7f1068356000-7f1068363000 r--s 0008b000 08:01 534436                     /home/gpm17/.m2/repository/org/assertj/assertj-core/1.7.0/assertj-core-1.7.0.jar
7f1068363000-7f1068364000 r--s 00006000 08:01 534435                     /home/gpm17/.m2/repository/org/camunda/bpm/extension/camunda-bpm-assert/1.2/camunda-bpm-assert-1.2.jar
7f1068364000-7f1068367000 r--s 00018000 08:01 534428                     /home/gpm17/.m2/repository/de/odysseus/juel/juel-impl/2.2.7/juel-impl-2.2.7.jar
7f1068367000-7f1068368000 r--s 00000000 08:01 534425                     /home/gpm17/.m2/repository/de/odysseus/juel/juel-spi/2.2.7/juel-spi-2.2.7.jar
7f1068368000-7f1068369000 r--s 00007000 08:01 534404                     /home/gpm17/.m2/repository/de/odysseus/juel/juel-api/2.2.7/juel-api-2.2.7.jar
7f1068369000-7f106836e000 r--s 00029000 08:01 534394                     /home/gpm17/.m2/repository/org/camunda/bpm/dmn/camunda-engine-feel-juel/7.7.0/camunda-engine-feel-juel-7.7.0.jar
7f106836e000-7f1068370000 r--s 00000000 08:01 534403                     /home/gpm17/.m2/repository/org/camunda/bpm/dmn/camunda-engine-feel-api/7.7.0/camunda-engine-feel-api-7.7.0.jar
7f1068370000-7f1068379000 r--s 0002e000 08:01 534402                     /home/gpm17/.m2/repository/org/camunda/bpm/model/camunda-dmn-model/7.7.0/camunda-dmn-model-7.7.0.jar
7f1068379000-7f106837a000 r--s 00002000 08:01 534456                     /home/gpm17/.m2/repository/org/camunda/commons/camunda-commons-utils/1.4.0/camunda-commons-utils-1.4.0.jar
7f106837a000-7f106837f000 r--s 0001e000 08:01 534422                     /home/gpm17/.m2/repository/org/camunda/bpm/dmn/camunda-engine-dmn/7.7.0/camunda-engine-dmn-7.7.0.jar
7f106837f000-7f106838f000 r--s 0007c000 08:01 534420                     /home/gpm17/.m2/repository/joda-time/joda-time/2.1/joda-time-2.1.jar
7f106838f000-7f1068391000 r--s 0000d000 08:01 534418                     /home/gpm17/.m2/repository/commons-logging/commons-logging/1.1.1/commons-logging-1.1.1.jar
7f1068391000-7f1068392000 r--s 0000c000 08:01 534416                     /home/gpm17/.m2/repository/org/springframework/spring-asm/3.1.2.RELEASE/spring-asm-3.1.2.RELEASE.jar
7f1068392000-7f106839c000 r--s 00064000 08:01 534414                     /home/gpm17/.m2/repository/org/springframework/spring-core/3.1.2.RELEASE/spring-core-3.1.2.RELEASE.jar
7f106839c000-7f10683a8000 r--s 00085000 08:01 534389                     /home/gpm17/.m2/repository/org/springframework/spring-beans/3.1.2.RELEASE/spring-beans-3.1.2.RELEASE.jar
7f10683a8000-7f10683b6000 r--s 000a1000 08:01 534412                     /home/gpm17/.m2/repository/org/mybatis/mybatis/3.2.8/mybatis-3.2.8.jar
7f10683b6000-7f10683b8000 r--s 0000e000 08:01 534409                     /home/gpm17/.m2/repository/javax/activation/activation/1.1/activation-1.1.jar
7f10683b8000-7f10683bf000 r--s 00067000 08:01 534406                     /home/gpm17/.m2/repository/javax/mail/mail/1.4.1/mail-1.4.1.jar
7f10683bf000-7f10683c0000 r--s 00007000 08:01 534395                     /home/gpm17/.m2/repository/org/apache/commons/commons-email/1.2/commons-email-1.2.jar
7f10683c0000-7f10683c3000 r--s 0000d000 08:01 534426                     /home/gpm17/.m2/repository/org/camunda/commons/camunda-commons-typed-values/1.4.0/camunda-commons-typed-values-1.4.0.jar
7f10683c3000-7f10683cc000 r--s 0003d000 08:01 534388                     /home/gpm17/.m2/repository/org/camunda/bpm/model/camunda-cmmn-model/7.7.0/camunda-cmmn-model-7.7.0.jar
7f10683cc000-7f1068415000 r--s 00317000 08:01 534392                     /home/gpm17/.m2/repository/org/camunda/bpm/camunda-engine/7.7.0/camunda-engine-7.7.0.jar
7f1068415000-7f1068416000 ---p 00000000 00:00 0 
7f1068416000-7f1068516000 rw-p 00000000 00:00 0                          [stack:3804]
7f1068516000-7f1068519000 ---p 00000000 00:00 0 
7f1068519000-7f1068617000 rw-p 00000000 00:00 0                          [stack:3803]
7f1068617000-7f106861a000 ---p 00000000 00:00 0 
7f106861a000-7f1068718000 rw-p 00000000 00:00 0                          [stack:3802]
7f1068718000-7f106871b000 ---p 00000000 00:00 0 
7f106871b000-7f1068819000 rw-p 00000000 00:00 0                          [stack:3801]
7f1068819000-7f106881c000 ---p 00000000 00:00 0 
7f106881c000-7f106891a000 rw-p 00000000 00:00 0                          [stack:3800]
7f106891a000-7f1068aa3000 r--p 00000000 08:01 24266                      /usr/lib/locale/locale-archive
7f1068aa3000-7f1068aa6000 ---p 00000000 00:00 0 
7f1068aa6000-7f1068ba4000 rw-p 00000000 00:00 0                          [stack:3799]
7f1068ba4000-7f1068ba7000 ---p 00000000 00:00 0 
7f1068ba7000-7f1068ca5000 rw-p 00000000 00:00 0                          [stack:3798]
7f1068ca5000-7f1068ca6000 ---p 00000000 00:00 0 
7f1068ca6000-7f10696af000 rw-p 00000000 00:00 0                          [stack:3797]
7f10696af000-7f106987d000 r--s 03bf1000 08:01 300304                     /usr/lib/jvm/java-8-openjdk-amd64/jre/lib/rt.jar
7f106987d000-7f106c1e3000 rw-p 00000000 00:00 0 
7f106c1e3000-7f106c1e4000 ---p 00000000 00:00 0 
7f106c1e4000-7f106c2f9000 rw-p 00000000 00:00 0                          [stack:3796]
7f106c2f9000-7f106c42f000 ---p 00000000 00:00 0 
7f106c42f000-7f106c444000 rw-p 00000000 00:00 0 
7f106c444000-7f106c579000 ---p 00000000 00:00 0 
7f106c579000-7f106c5f2000 rw-p 00000000 00:00 0 
7f106c5f2000-7f106c61f000 ---p 00000000 00:00 0 
7f106c61f000-7f106c643000 rw-p 00000000 00:00 0 
7f106c643000-7f106c9e0000 ---p 00000000 00:00 0 
7f106c9e0000-7f106d280000 rwxp 00000000 00:00 0 
7f106d280000-7f107b9e0000 ---p 00000000 00:00 0 
7f107b9e0000-7f107b9e8000 r-xp 00000000 08:01 300264                     /usr/lib/jvm/java-8-openjdk-amd64/jre/lib/amd64/libzip.so
7f107b9e8000-7f107bbe7000 ---p 00008000 08:01 300264                     /usr/lib/jvm/java-8-openjdk-amd64/jre/lib/amd64/libzip.so
7f107bbe7000-7f107bbe8000 r--p 00007000 08:01 300264                     /usr/lib/jvm/java-8-openjdk-amd64/jre/lib/amd64/libzip.so
7f107bbe8000-7f107bbe9000 rw-p 00008000 08:01 300264                     /usr/lib/jvm/java-8-openjdk-amd64/jre/lib/amd64/libzip.so
7f107bbe9000-7f107bbf4000 r-xp 00000000 08:01 268392                     /lib/x86_64-linux-gnu/libnss_files-2.19.so
7f107bbf4000-7f107bdf3000 ---p 0000b000 08:01 268392                     /lib/x86_64-linux-gnu/libnss_files-2.19.so
7f107bdf3000-7f107bdf4000 r--p 0000a000 08:01 268392                     /lib/x86_64-linux-gnu/libnss_files-2.19.so
7f107bdf4000-7f107bdf5000 rw-p 0000b000 08:01 268392                     /lib/x86_64-linux-gnu/libnss_files-2.19.so
7f107bdf5000-7f107bdff000 r-xp 00000000 08:01 268407                     /lib/x86_64-linux-gnu/libnss_nis-2.19.so
7f107bdff000-7f107bffe000 ---p 0000a000 08:01 268407                     /lib/x86_64-linux-gnu/libnss_nis-2.19.so
7f107bffe000-7f107bfff000 r--p 00009000 08:01 268407                     /lib/x86_64-linux-gnu/libnss_nis-2.19.so
7f107bfff000-7f107c000000 rw-p 0000a000 08:01 268407                     /lib/x86_64-linux-gnu/libnss_nis-2.19.so
7f107c000000-7f107ce00000 rw-p 00000000 00:00 0 
7f107ce00000-7f1080000000 ---p 00000000 00:00 0 
7f1080000000-7f1080002000 r--s 00000000 08:01 534427                     /home/gpm17/.m2/repository/org/camunda/commons/camunda-commons-logging/1.4.0/camunda-commons-logging-1.4.0.jar
7f1080002000-7f1080007000 r--s 00023000 08:01 534400                     /home/gpm17/.m2/repository/org/camunda/bpm/model/camunda-xml-model/7.7.0/camunda-xml-model-7.7.0.jar
7f1080007000-7f108001a000 r--s 0008a000 08:01 534386                     /home/gpm17/.m2/repository/org/camunda/bpm/model/camunda-bpmn-model/7.7.0/camunda-bpmn-model-7.7.0.jar
7f108001a000-7f108001e000 r--s 00019000 08:01 536390                     /home/gpm17/.m2/repository/org/apache/maven/surefire/surefire-api/2.12.4/surefire-api-2.12.4.jar
7f108001e000-7f1080020000 r--s 00007000 08:01 536386                     /home/gpm17/.m2/repository/org/apache/maven/surefire/surefire-booter/2.12.4/surefire-booter-2.12.4.jar
7f1080020000-7f1080021000 r--s 00001000 08:01 419335                     /home/gpm17/Repository/GPM/bachelorthesis/target/surefire/surefirebooter3669523598112436184.jar
7f1080021000-7f1080024000 r--s 0000f000 08:01 300312                     /usr/lib/jvm/java-8-openjdk-amd64/jre/lib/ext/icedtea-sound.jar
7f1080024000-7f1080025000 r--s 0000a000 08:01 300310                     /usr/lib/jvm/java-8-openjdk-amd64/jre/lib/ext/jaccess.jar
7f1080025000-7f1080029000 r--s 00037000 08:01 300307                     /usr/lib/jvm/java-8-openjdk-amd64/jre/lib/ext/sunpkcs11.jar
7f1080029000-7f1080044000 r--s 001d5000 08:01 300309                     /usr/lib/jvm/java-8-openjdk-amd64/jre/lib/ext/nashorn.jar
7f1080044000-7f1080045000 ---p 00000000 00:00 0 
7f1080045000-7f1080145000 rw-p 00000000 00:00 0                          [stack:3795]
7f1080145000-7f108015a000 r-xp 00000000 08:01 268377                     /lib/x86_64-linux-gnu/libnsl-2.19.so
7f108015a000-7f1080359000 ---p 00015000 08:01 268377                     /lib/x86_64-linux-gnu/libnsl-2.19.so
7f1080359000-7f108035a000 r--p 00014000 08:01 268377                     /lib/x86_64-linux-gnu/libnsl-2.19.so
7f108035a000-7f108035b000 rw-p 00015000 08:01 268377                     /lib/x86_64-linux-gnu/libnsl-2.19.so
7f108035b000-7f108035d000 rw-p 00000000 00:00 0 
7f108035d000-7f1080364000 r-xp 00000000 08:01 268384                     /lib/x86_64-linux-gnu/libnss_compat-2.19.so
7f1080364000-7f1080563000 ---p 00007000 08:01 268384                     /lib/x86_64-linux-gnu/libnss_compat-2.19.so
7f1080563000-7f1080564000 r--p 00006000 08:01 268384                     /lib/x86_64-linux-gnu/libnss_compat-2.19.so
7f1080564000-7f1080565000 rw-p 00007000 08:01 268384                     /lib/x86_64-linux-gnu/libnss_compat-2.19.so
7f1080565000-7f1080592000 r-xp 00000000 08:01 300290                     /usr/lib/jvm/java-8-openjdk-amd64/jre/lib/amd64/libjava.so
7f1080592000-7f1080792000 ---p 0002d000 08:01 300290                     /usr/lib/jvm/java-8-openjdk-amd64/jre/lib/amd64/libjava.so
7f1080792000-7f1080793000 r--p 0002d000 08:01 300290                     /usr/lib/jvm/java-8-openjdk-amd64/jre/lib/amd64/libjava.so
7f1080793000-7f1080795000 rw-p 0002e000 08:01 300290                     /usr/lib/jvm/java-8-openjdk-amd64/jre/lib/amd64/libjava.so
7f1080795000-7f10807a4000 r-xp 00000000 08:01 300292                     /usr/lib/jvm/java-8-openjdk-amd64/jre/lib/amd64/libverify.so
7f10807a4000-7f10809a4000 ---p 0000f000 08:01 300292                     /usr/lib/jvm/java-8-openjdk-amd64/jre/lib/amd64/libverify.so
7f10809a4000-7f10809a7000 r--p 0000f000 08:01 300292                     /usr/lib/jvm/java-8-openjdk-amd64/jre/lib/amd64/libverify.so
7f10809a7000-7f10809a8000 rw-p 00012000 08:01 300292                     /usr/lib/jvm/java-8-openjdk-amd64/jre/lib/amd64/libverify.so
7f10809a8000-7f10809af000 r-xp 00000000 08:01 277927                     /lib/x86_64-linux-gnu/librt-2.19.so
7f10809af000-7f1080bae000 ---p 00007000 08:01 277927                     /lib/x86_64-linux-gnu/librt-2.19.so
7f1080bae000-7f1080baf000 r--p 00006000 08:01 277927                     /lib/x86_64-linux-gnu/librt-2.19.so
7f1080baf000-7f1080bb0000 rw-p 00007000 08:01 277927                     /lib/x86_64-linux-gnu/librt-2.19.so
7f1080bb0000-7f1080bc6000 r-xp 00000000 08:01 262374                     /lib/x86_64-linux-gnu/libgcc_s.so.1
7f1080bc6000-7f1080dc5000 ---p 00016000 08:01 262374                     /lib/x86_64-linux-gnu/libgcc_s.so.1
7f1080dc5000-7f1080dc6000 rw-p 00015000 08:01 262374                     /lib/x86_64-linux-gnu/libgcc_s.so.1
7f1080dc6000-7f1080ec6000 r-xp 00000000 08:01 268329                     /lib/x86_64-linux-gnu/libm-2.19.so
7f1080ec6000-7f10810c5000 ---p 00100000 08:01 268329                     /lib/x86_64-linux-gnu/libm-2.19.so
7f10810c5000-7f10810c6000 r--p 000ff000 08:01 268329                     /lib/x86_64-linux-gnu/libm-2.19.so
7f10810c6000-7f10810c7000 rw-p 00100000 08:01 268329                     /lib/x86_64-linux-gnu/libm-2.19.so
7f10810c7000-7f10811b3000 r-xp 00000000 08:01 5484                       /usr/lib/x86_64-linux-gnu/libstdc++.so.6.0.20
7f10811b3000-7f10813b3000 ---p 000ec000 08:01 5484                       /usr/lib/x86_64-linux-gnu/libstdc++.so.6.0.20
7f10813b3000-7f10813bb000 r--p 000ec000 08:01 5484                       /usr/lib/x86_64-linux-gnu/libstdc++.so.6.0.20
7f10813bb000-7f10813bd000 rw-p 000f4000 08:01 5484                       /usr/lib/x86_64-linux-gnu/libstdc++.so.6.0.20
7f10813bd000-7f10813d2000 rw-p 00000000 00:00 0 
7f10813d2000-7f1082069000 r-xp 00000000 08:01 300260                     /usr/lib/jvm/java-8-openjdk-amd64/jre/lib/amd64/server/libjvm.so
7f1082069000-7f1082268000 ---p 00c97000 08:01 300260                     /usr/lib/jvm/java-8-openjdk-amd64/jre/lib/amd64/server/libjvm.so
7f1082268000-7f108230b000 r--p 00c96000 08:01 300260                     /usr/lib/jvm/java-8-openjdk-amd64/jre/lib/amd64/server/libjvm.so
7f108230b000-7f1082334000 rw-p 00d39000 08:01 300260                     /usr/lib/jvm/java-8-openjdk-amd64/jre/lib/amd64/server/libjvm.so
7f1082334000-7f1082365000 rw-p 00000000 00:00 0 
7f1082365000-7f1082506000 r-xp 00000000 08:01 263613                     /lib/x86_64-linux-gnu/libc-2.19.so
7f1082506000-7f1082706000 ---p 001a1000 08:01 263613                     /lib/x86_64-linux-gnu/libc-2.19.so
7f1082706000-7f108270a000 r--p 001a1000 08:01 263613                     /lib/x86_64-linux-gnu/libc-2.19.so
7f108270a000-7f108270c000 rw-p 001a5000 08:01 263613                     /lib/x86_64-linux-gnu/libc-2.19.so
7f108270c000-7f1082710000 rw-p 00000000 00:00 0 
7f1082710000-7f1082713000 r-xp 00000000 08:01 263629                     /lib/x86_64-linux-gnu/libdl-2.19.so
7f1082713000-7f1082912000 ---p 00003000 08:01 263629                     /lib/x86_64-linux-gnu/libdl-2.19.so
7f1082912000-7f1082913000 r--p 00002000 08:01 263629                     /lib/x86_64-linux-gnu/libdl-2.19.so
7f1082913000-7f1082914000 rw-p 00003000 08:01 263629                     /lib/x86_64-linux-gnu/libdl-2.19.so
7f1082914000-7f1082922000 r-xp 00000000 08:01 300289                     /usr/lib/jvm/java-8-openjdk-amd64/jre/lib/amd64/jli/libjli.so
7f1082922000-7f1082b21000 ---p 0000e000 08:01 300289                     /usr/lib/jvm/java-8-openjdk-amd64/jre/lib/amd64/jli/libjli.so
7f1082b21000-7f1082b22000 r--p 0000d000 08:01 300289                     /usr/lib/jvm/java-8-openjdk-amd64/jre/lib/amd64/jli/libjli.so
7f1082b22000-7f1082b23000 rw-p 0000e000 08:01 300289                     /usr/lib/jvm/java-8-openjdk-amd64/jre/lib/amd64/jli/libjli.so
7f1082b23000-7f1082b3d000 r-xp 00000000 08:01 263716                     /lib/x86_64-linux-gnu/libz.so.1.2.8
7f1082b3d000-7f1082d3c000 ---p 0001a000 08:01 263716                     /lib/x86_64-linux-gnu/libz.so.1.2.8
7f1082d3c000-7f1082d3d000 r--p 00019000 08:01 263716                     /lib/x86_64-linux-gnu/libz.so.1.2.8
7f1082d3d000-7f1082d3e000 rw-p 0001a000 08:01 263716                     /lib/x86_64-linux-gnu/libz.so.1.2.8
7f1082d3e000-7f1082d56000 r-xp 00000000 08:01 262242                     /lib/x86_64-linux-gnu/libpthread-2.19.so
7f1082d56000-7f1082f55000 ---p 00018000 08:01 262242                     /lib/x86_64-linux-gnu/libpthread-2.19.so
7f1082f55000-7f1082f56000 r--p 00017000 08:01 262242                     /lib/x86_64-linux-gnu/libpthread-2.19.so
7f1082f56000-7f1082f57000 rw-p 00018000 08:01 262242                     /lib/x86_64-linux-gnu/libpthread-2.19.so
7f1082f57000-7f1082f5b000 rw-p 00000000 00:00 0 
7f1082f5b000-7f1082f7c000 r-xp 00000000 08:01 263505                     /lib/x86_64-linux-gnu/ld-2.19.so
7f1082f7c000-7f1082f86000 r--s 00116000 08:01 300308                     /usr/lib/jvm/java-8-openjdk-amd64/jre/lib/ext/localedata.jar
7f1082f86000-7f1082fa2000 r--s 00393000 08:01 300311                     /usr/lib/jvm/java-8-openjdk-amd64/jre/lib/ext/cldrdata.jar
7f1082fa2000-7f108305e000 rw-p 00000000 00:00 0 
7f108305e000-7f1083061000 ---p 00000000 00:00 0 
7f1083061000-7f1083164000 rw-p 00000000 00:00 0                          [stack:3794]
7f1083164000-7f1083165000 r--s 00010000 08:01 300315                     /usr/lib/jvm/java-8-openjdk-amd64/jre/lib/ext/zipfs.jar
7f1083165000-7f1083166000 r--s 00008000 08:01 300314                     /usr/lib/jvm/java-8-openjdk-amd64/jre/lib/ext/sunec.jar
7f1083166000-7f1083168000 r--s 00006000 08:01 138941                     /usr/share/java/java-atk-wrapper.jar
7f1083168000-7f108316a000 r--s 00001000 08:01 300313                     /usr/lib/jvm/java-8-openjdk-amd64/jre/lib/ext/dnsns.jar
7f108316a000-7f108316f000 r--s 0003b000 08:01 300316                     /usr/lib/jvm/java-8-openjdk-amd64/jre/lib/ext/sunjce_provider.jar
7f108316f000-7f1083177000 rw-s 00000000 08:01 290759                     /tmp/hsperfdata_gpm17/3791
7f1083177000-7f1083178000 rw-p 00000000 00:00 0 
7f1083178000-7f1083179000 ---p 00000000 00:00 0 
7f1083179000-7f108317b000 rw-p 00000000 00:00 0 
7f108317b000-7f108317c000 r--p 00020000 08:01 263505                     /lib/x86_64-linux-gnu/ld-2.19.so
7f108317c000-7f108317d000 rw-p 00021000 08:01 263505                     /lib/x86_64-linux-gnu/ld-2.19.so
7f108317d000-7f108317e000 rw-p 00000000 00:00 0 
7ffd7969d000-7ffd796be000 rw-p 00000000 00:00 0                          [stack]
7ffd797ae000-7ffd797b0000 r-xp 00000000 00:00 0                          [vdso]
7ffd797b0000-7ffd797b2000 r--p 00000000 00:00 0                          [vvar]
ffffffffff600000-ffffffffff601000 r-xp 00000000 00:00 0                  [vsyscall]

VM Arguments:
java_command: /home/gpm17/Repository/GPM/bachelorthesis/target/surefire/surefirebooter3669523598112436184.jar /home/gpm17/Repository/GPM/bachelorthesis/target/surefire/surefire6323243050406093901tmp /home/gpm17/Repository/GPM/bachelorthesis/target/surefire/surefire_01084880170603241570tmp
java_class_path (initial): /home/gpm17/Repository/GPM/bachelorthesis/target/surefire/surefirebooter3669523598112436184.jar
Launcher Type: SUN_STANDARD

Environment Variables:
PATH=/usr/local/bin:/usr/bin:/bin:/usr/local/games:/usr/games
LD_LIBRARY_PATH=/opt/intellij-idea/idea-IC-172.4343.14/bin:
SHELL=/bin/bash
DISPLAY=:0.0

Signal Handlers:
SIGSEGV: [libjvm.so+0xa960e0], sa_mask[0]=11111111011111111101111111111110, sa_flags=SA_RESTART|SA_SIGINFO
SIGBUS: [libjvm.so+0xa960e0], sa_mask[0]=11111111011111111101111111111110, sa_flags=SA_RESTART|SA_SIGINFO
SIGFPE: [libjvm.so+0x8dddb0], sa_mask[0]=11111111011111111101111111111110, sa_flags=SA_RESTART|SA_SIGINFO
SIGPIPE: [libjvm.so+0x8dddb0], sa_mask[0]=11111111011111111101111111111110, sa_flags=SA_RESTART|SA_SIGINFO
SIGXFSZ: [libjvm.so+0x8dddb0], sa_mask[0]=11111111011111111101111111111110, sa_flags=SA_RESTART|SA_SIGINFO
SIGILL: [libjvm.so+0x8dddb0], sa_mask[0]=11111111011111111101111111111110, sa_flags=SA_RESTART|SA_SIGINFO
SIGUSR1: SIG_DFL, sa_mask[0]=00000000000000000000000000000000, sa_flags=none
SIGUSR2: [libjvm.so+0x8ddc60], sa_mask[0]=00100000000000000000000000000000, sa_flags=SA_RESTART|SA_SIGINFO
SIGHUP: [libjvm.so+0x8dde80], sa_mask[0]=11111111011111111101111111111110, sa_flags=SA_RESTART|SA_SIGINFO
SIGINT: [libjvm.so+0x8dde80], sa_mask[0]=11111111011111111101111111111110, sa_flags=SA_RESTART|SA_SIGINFO
SIGTERM: [libjvm.so+0x8dde80], sa_mask[0]=11111111011111111101111111111110, sa_flags=SA_RESTART|SA_SIGINFO
SIGQUIT: [libjvm.so+0x8dde80], sa_mask[0]=11111111011111111101111111111110, sa_flags=SA_RESTART|SA_SIGINFO


---------------  S Y S T E M  ---------------

OS:PRETTY_NAME="Debian GNU/Linux 8 (jessie)"
NAME="Debian GNU/Linux"
VERSION_ID="8"
VERSION="8 (jessie)"
ID=debian
HOME_URL="http://www.debian.org/"
SUPPORT_URL="http://www.debian.org/support"
BUG_REPORT_URL="https://bugs.debian.org/"

uname:Linux 3.16.0-4-amd64 #1 SMP Debian 3.16.43-2+deb8u5 (2017-09-19) x86_64
libc:glibc 2.19 NPTL 2.19 
rlimit: STACK 8192k, CORE 0k, NPROC 15788, NOFILE 65536, AS infinity
load average:4,75 1,58 1,12

/proc/meminfo:
MemTotal:        4058900 kB
MemFree:          124072 kB
MemAvailable:      76800 kB
Buffers:            2112 kB
Cached:            85944 kB
SwapCached:        13740 kB
Active:          3005852 kB
Inactive:         824980 kB
Active(anon):    2998616 kB
Inactive(anon):   778212 kB
Active(file):       7236 kB
Inactive(file):    46768 kB
Unevictable:          32 kB
Mlocked:              32 kB
SwapTotal:        393212 kB
SwapFree:            552 kB
Dirty:                28 kB
Writeback:            44 kB
AnonPages:       3729300 kB
Mapped:            70996 kB
Shmem:             33940 kB
Slab:              41592 kB
SReclaimable:      20388 kB
SUnreclaim:        21204 kB
KernelStack:       10944 kB
PageTables:        30368 kB
NFS_Unstable:          0 kB
Bounce:                0 kB
WritebackTmp:          0 kB
CommitLimit:     2422660 kB
Committed_AS:    7826840 kB
VmallocTotal:   34359738367 kB
VmallocUsed:       54764 kB
VmallocChunk:   34359679992 kB
HardwareCorrupted:     0 kB
AnonHugePages:         0 kB
HugePages_Total:       0
HugePages_Free:        0
HugePages_Rsvd:        0
HugePages_Surp:        0
Hugepagesize:       2048 kB
DirectMap4k:       67520 kB
DirectMap2M:     4126720 kB


CPU:total 2 (2 cores per cpu, 1 threads per core) family 6 model 69 stepping 1, cmov, cx8, fxsr, mmx, sse, sse2, sse3, ssse3, sse4.1, sse4.2, popcnt, avx, avx2, aes, clmul, lzcnt, tsc, tscinvbit

/proc/cpuinfo:
processor	: 0
vendor_id	: GenuineIntel
cpu family	: 6
model		: 69
model name	: Intel(R) Core(TM) i7-4510U CPU @ 2.00GHz
stepping	: 1
cpu MHz		: 1994.862
cache size	: 4096 KB
physical id	: 0
siblings	: 2
core id		: 0
cpu cores	: 2
apicid		: 0
initial apicid	: 0
fpu		: yes
fpu_exception	: yes
cpuid level	: 13
wp		: yes
flags		: fpu vme de pse tsc msr pae mce cx8 apic sep mtrr pge mca cmov pat pse36 clflush mmx fxsr sse sse2 ht syscall nx rdtscp lm constant_tsc rep_good nopl xtopology nonstop_tsc pni pclmulqdq ssse3 cx16 sse4_1 sse4_2 movbe popcnt aes xsave avx rdrand lahf_lm abm avx2
bogomips	: 3989.72
clflush size	: 64
cache_alignment	: 64
address sizes	: 39 bits physical, 48 bits virtual
power management:

processor	: 1
vendor_id	: GenuineIntel
cpu family	: 6
model		: 69
model name	: Intel(R) Core(TM) i7-4510U CPU @ 2.00GHz
stepping	: 1
cpu MHz		: 1994.862
cache size	: 4096 KB
physical id	: 0
siblings	: 2
core id		: 1
cpu cores	: 2
apicid		: 1
initial apicid	: 1
fpu		: yes
fpu_exception	: yes
cpuid level	: 13
wp		: yes
flags		: fpu vme de pse tsc msr pae mce cx8 apic sep mtrr pge mca cmov pat pse36 clflush mmx fxsr sse sse2 ht syscall nx rdtscp lm constant_tsc rep_good nopl xtopology nonstop_tsc pni pclmulqdq ssse3 cx16 sse4_1 sse4_2 movbe popcnt aes xsave avx rdrand lahf_lm abm avx2
bogomips	: 3989.72
clflush size	: 64
cache_alignment	: 64
address sizes	: 39 bits physical, 48 bits virtual
power management:



Memory: 4k page, physical 4058900k(123824k free), swap 393212k(552k free)

vm_info: OpenJDK 64-Bit Server VM (25.102-b14) for linux-amd64 JRE (1.8.0_102-8u102-b14.1-1~bpo8+1-b14), built on Aug  8 2016 10:49:23 by "jmm" with gcc 4.9.2

time: Thu Nov 23 21:00:12 2017
elapsed time: 20 seconds (0d 0h 0m 20s)

