#
# There is insufficient memory for the Java Runtime Environment to continue.
# Native memory allocation (mmap) failed to map 55050240 bytes for committing reserved memory.
# Possible reasons:
#   The system is out of physical RAM or swap space
#   In 32 bit mode, the process size limit was hit
# Possible solutions:
#   Reduce memory load on the system
#   Increase physical memory or swap space
#   Check if swap backing store is full
#   Use 64 bit Java on a 64 bit OS
#   Decrease Java heap size (-Xmx/-Xms)
#   Decrease number of Java threads
#   Decrease Java thread stack sizes (-Xss)
#   Set larger code cache with -XX:ReservedCodeCacheSize=
# This output file may be truncated or incomplete.
#
#  Out of Memory Error (os_linux.cpp:2630), pid=3177, tid=0x00007fb7ca1f8700
#
# JRE version: OpenJDK Runtime Environment (8.0_102-b14) (build 1.8.0_102-8u102-b14.1-1~bpo8+1-b14)
# Java VM: OpenJDK 64-Bit Server VM (25.102-b14 mixed mode linux-amd64 compressed oops)
# Failed to write core dump. Core dumps have been disabled. To enable core dumping, try "ulimit -c unlimited" before starting Java again
#

---------------  T H R E A D  ---------------

Current thread (0x00007fb7dc0fa800):  VMThread [stack: 0x00007fb7ca0f8000,0x00007fb7ca1f9000] [id=3183]

Stack: [0x00007fb7ca0f8000,0x00007fb7ca1f9000],  sp=0x00007fb7ca1f7480,  free space=1021k
Native frames: (J=compiled Java code, j=interpreted, Vv=VM code, C=native code)
V  [libjvm.so+0xa955fd]
V  [libjvm.so+0x4e9dec]
V  [libjvm.so+0x8e2510]
V  [libjvm.so+0x8dcbfe]
V  [libjvm.so+0x9593fb]
V  [libjvm.so+0x9488da]
V  [libjvm.so+0x948ac0]
V  [libjvm.so+0x9495a0]
V  [libjvm.so+0x94f5de]
V  [libjvm.so+0x9576ad]
V  [libjvm.so+0x908233]
V  [libjvm.so+0xa97232]
V  [libjvm.so+0xa9bdc7]
V  [libjvm.so+0xa9a0e7]
V  [libjvm.so+0xa9a917]
V  [libjvm.so+0xa9ae61]
V  [libjvm.so+0x8df9e2]

VM_Operation (0x00007fb7e45e5ee0): ParallelGCFailedAllocation, mode: safepoint, requested by thread 0x00007fb7dc00a000


---------------  P R O C E S S  ---------------

Java Threads: ( => current thread )
  0x00007fb7dcb33000 JavaThread "Camunda Metrics Reporter" daemon [_thread_blocked, id=3192, stack(0x00007fb7c80a9000,0x00007fb7c81aa000)]
  0x00007fb7dc136000 JavaThread "Service Thread" daemon [_thread_blocked, id=3189, stack(0x00007fb7c9969000,0x00007fb7c9a6a000)]
  0x00007fb7dc133000 JavaThread "C1 CompilerThread1" daemon [_thread_blocked, id=3188, stack(0x00007fb7c9a6a000,0x00007fb7c9b6b000)]
  0x00007fb7dc130000 JavaThread "C2 CompilerThread0" daemon [_thread_blocked, id=3187, stack(0x00007fb7c9b6b000,0x00007fb7c9c6c000)]
  0x00007fb7dc12e000 JavaThread "Signal Dispatcher" daemon [_thread_blocked, id=3186, stack(0x00007fb7c9c6c000,0x00007fb7c9d6d000)]
  0x00007fb7dc106800 JavaThread "Finalizer" daemon [_thread_blocked, id=3185, stack(0x00007fb7c9ef6000,0x00007fb7c9ff7000)]
  0x00007fb7dc102000 JavaThread "Reference Handler" daemon [_thread_blocked, id=3184, stack(0x00007fb7c9ff7000,0x00007fb7ca0f8000)]
  0x00007fb7dc00a000 JavaThread "main" [_thread_blocked, id=3180, stack(0x00007fb7e44ed000,0x00007fb7e45ee000)]

Other Threads:
=>0x00007fb7dc0fa800 VMThread [stack: 0x00007fb7ca0f8000,0x00007fb7ca1f9000] [id=3183]
  0x00007fb7dc14c800 WatcherThread [stack: 0x00007fb7c9868000,0x00007fb7c9969000] [id=3190]

VM state:at safepoint (normal execution)

VM Mutex/Monitor currently owned by a thread:  ([mutex/lock_event])
[0x00007fb7dc005ca0] ExpandHeap_lock - owner thread: 0x00007fb7dc0fa800
[0x00007fb7dc006320] Threads_lock - owner thread: 0x00007fb7dc0fa800
[0x00007fb7dc006820] Heap_lock - owner thread: 0x00007fb7dc00a000

Heap:
 PSYoungGen      total 235520K, used 10641K [0x00000000eb580000, 0x0000000100000000, 0x0000000100000000)
  eden space 217088K, 0% used [0x00000000eb580000,0x00000000eb580000,0x00000000f8980000)
  from space 18432K, 57% used [0x00000000f8980000,0x00000000f93e4558,0x00000000f9b80000)
  to   space 27648K, 0% used [0x00000000fe500000,0x00000000fe500000,0x0000000100000000)
 ParOldGen       total 45056K, used 44561K [0x00000000c2000000, 0x00000000c4c00000, 0x00000000eb580000)
  object space 45056K, 98% used [0x00000000c2000000,0x00000000c4b84500,0x00000000c4c00000)
 Metaspace       used 30155K, capacity 30462K, committed 30848K, reserved 1077248K
  class space    used 3581K, capacity 3697K, committed 3712K, reserved 1048576K

Card table byte_map: [0x00007fb7e0a03000,0x00007fb7e0bf4000] byte_map_base: 0x00007fb7e03f3000

Marking Bits: (ParMarkBitMap*) 0x00007fb7e37d7300
 Begin Bits: [0x00007fb7cb100000, 0x00007fb7cc080000)
 End Bits:   [0x00007fb7cc080000, 0x00007fb7cd000000)

Polling page: 0x00007fb7e4607000

CodeCache: size=245760Kb used=10327Kb max_used=10327Kb free=235432Kb
 bounds [0x00007fb7cd000000, 0x00007fb7cda20000, 0x00007fb7dc000000]
 total_blobs=3487 nmethods=3082 adapters=318
 compilation: enabled

Compilation events (10 events):
Event: 19,452 Thread 0x00007fb7dc133000 3151       2       org.h2.command.dml.Select::prepare (805 bytes)
Event: 19,462 Thread 0x00007fb7dc133000 nmethod 3151 0x00007fb7cda17310 code [0x00007fb7cda17740, 0x00007fb7cda18d38]
Event: 19,462 Thread 0x00007fb7dc133000 3154       2       org.h2.table.Table::getTemplateRow (17 bytes)
Event: 19,462 Thread 0x00007fb7dc133000 nmethod 3154 0x00007fb7cda1a810 code [0x00007fb7cda1a980, 0x00007fb7cda1abd0]
Event: 19,462 Thread 0x00007fb7dc133000 3152       2       org.h2.table.TableFilter::setFullCondition (21 bytes)
Event: 19,473 Thread 0x00007fb7dc133000 nmethod 3152 0x00007fb7cda1acd0 code [0x00007fb7cda1ae40, 0x00007fb7cda1b008]
Event: 19,473 Thread 0x00007fb7dc133000 3155       2       java.util.HashMap::removeNode (291 bytes)
Event: 19,480 Thread 0x00007fb7dc133000 nmethod 3155 0x00007fb7cda1b110 code [0x00007fb7cda1b300, 0x00007fb7cda1b9b8]
Event: 19,480 Thread 0x00007fb7dc133000 3153       2       org.h2.command.dml.Optimizer::<init> (20 bytes)
Event: 19,481 Thread 0x00007fb7dc133000 nmethod 3153 0x00007fb7cda1bf90 code [0x00007fb7cda1c0e0, 0x00007fb7cda1c270]

GC Heap History (10 events):
Event: 8,058 GC heap after
Heap after GC invocations=10 (full 1):
 PSYoungGen      total 132096K, used 0K [0x00000000eb580000, 0x00000000f8b00000, 0x0000000100000000)
  eden space 126976K, 0% used [0x00000000eb580000,0x00000000eb580000,0x00000000f3180000)
  from space 5120K, 0% used [0x00000000f3180000,0x00000000f3180000,0x00000000f3680000)
  to   space 7680K, 0% used [0x00000000f8380000,0x00000000f8380000,0x00000000f8b00000)
 ParOldGen       total 37888K, used 11265K [0x00000000c2000000, 0x00000000c4500000, 0x00000000eb580000)
  object space 37888K, 29% used [0x00000000c2000000,0x00000000c2b004b8,0x00000000c4500000)
 Metaspace       used 20847K, capacity 21094K, committed 21296K, reserved 1069056K
  class space    used 2561K, capacity 2669K, committed 2688K, reserved 1048576K
}
Event: 12,054 GC heap before
{Heap before GC invocations=11 (full 1):
 PSYoungGen      total 132096K, used 126976K [0x00000000eb580000, 0x00000000f8b00000, 0x0000000100000000)
  eden space 126976K, 100% used [0x00000000eb580000,0x00000000f3180000,0x00000000f3180000)
  from space 5120K, 0% used [0x00000000f3180000,0x00000000f3180000,0x00000000f3680000)
  to   space 7680K, 0% used [0x00000000f8380000,0x00000000f8380000,0x00000000f8b00000)
 ParOldGen       total 37888K, used 11265K [0x00000000c2000000, 0x00000000c4500000, 0x00000000eb580000)
  object space 37888K, 29% used [0x00000000c2000000,0x00000000c2b004b8,0x00000000c4500000)
 Metaspace       used 26399K, capacity 26680K, committed 26880K, reserved 1073152K
  class space    used 3163K, capacity 3248K, committed 3328K, reserved 1048576K
Event: 12,076 GC heap after
Heap after GC invocations=11 (full 1):
 PSYoungGen      total 172032K, used 7121K [0x00000000eb580000, 0x00000000f8a80000, 0x0000000100000000)
  eden space 164864K, 0% used [0x00000000eb580000,0x00000000eb580000,0x00000000f5680000)
  from space 7168K, 99% used [0x00000000f8380000,0x00000000f8a745b0,0x00000000f8a80000)
  to   space 8704K, 0% used [0x00000000f7980000,0x00000000f7980000,0x00000000f8200000)
 ParOldGen       total 37888K, used 11273K [0x00000000c2000000, 0x00000000c4500000, 0x00000000eb580000)
  object space 37888K, 29% used [0x00000000c2000000,0x00000000c2b024b8,0x00000000c4500000)
 Metaspace       used 26399K, capacity 26680K, committed 26880K, reserved 1073152K
  class space    used 3163K, capacity 3248K, committed 3328K, reserved 1048576K
}
Event: 13,363 GC heap before
{Heap before GC invocations=12 (full 1):
 PSYoungGen      total 172032K, used 171985K [0x00000000eb580000, 0x00000000f8a80000, 0x0000000100000000)
  eden space 164864K, 100% used [0x00000000eb580000,0x00000000f5680000,0x00000000f5680000)
  from space 7168K, 99% used [0x00000000f8380000,0x00000000f8a745b0,0x00000000f8a80000)
  to   space 8704K, 0% used [0x00000000f7980000,0x00000000f7980000,0x00000000f8200000)
 ParOldGen       total 37888K, used 11273K [0x00000000c2000000, 0x00000000c4500000, 0x00000000eb580000)
  object space 37888K, 29% used [0x00000000c2000000,0x00000000c2b024b8,0x00000000c4500000)
 Metaspace       used 27123K, capacity 27384K, committed 27648K, reserved 1073152K
  class space    used 3235K, capacity 3312K, committed 3328K, reserved 1048576K
Event: 13,465 GC heap after
Heap after GC invocations=12 (full 1):
 PSYoungGen      total 209408K, used 8672K [0x00000000eb580000, 0x00000000fa680000, 0x0000000100000000)
  eden space 200704K, 0% used [0x00000000eb580000,0x00000000eb580000,0x00000000f7980000)
  from space 8704K, 99% used [0x00000000f7980000,0x00000000f81f8050,0x00000000f8200000)
  to   space 11264K, 0% used [0x00000000f9b80000,0x00000000f9b80000,0x00000000fa680000)
 ParOldGen       total 37888K, used 15231K [0x00000000c2000000, 0x00000000c4500000, 0x00000000eb580000)
  object space 37888K, 40% used [0x00000000c2000000,0x00000000c2edff10,0x00000000c4500000)
 Metaspace       used 27123K, capacity 27384K, committed 27648K, reserved 1073152K
  class space    used 3235K, capacity 3312K, committed 3328K, reserved 1048576K
}
Event: 16,127 GC heap before
{Heap before GC invocations=13 (full 1):
 PSYoungGen      total 209408K, used 209376K [0x00000000eb580000, 0x00000000fa680000, 0x0000000100000000)
  eden space 200704K, 100% used [0x00000000eb580000,0x00000000f7980000,0x00000000f7980000)
  from space 8704K, 99% used [0x00000000f7980000,0x00000000f81f8050,0x00000000f8200000)
  to   space 11264K, 0% used [0x00000000f9b80000,0x00000000f9b80000,0x00000000fa680000)
 ParOldGen       total 37888K, used 15231K [0x00000000c2000000, 0x00000000c4500000, 0x00000000eb580000)
  object space 37888K, 40% used [0x00000000c2000000,0x00000000c2edff10,0x00000000c4500000)
 Metaspace       used 27270K, capacity 27544K, committed 27776K, reserved 1073152K
  class space    used 3251K, capacity 3344K, committed 3456K, reserved 1048576K
Event: 16,210 GC heap after
Heap after GC invocations=13 (full 1):
 PSYoungGen      total 228352K, used 11264K [0x00000000eb580000, 0x00000000fe300000, 0x0000000100000000)
  eden space 217088K, 0% used [0x00000000eb580000,0x00000000eb580000,0x00000000f8980000)
  from space 11264K, 100% used [0x00000000f9b80000,0x00000000fa680000,0x00000000fa680000)
  to   space 18432K, 0% used [0x00000000f8980000,0x00000000f8980000,0x00000000f9b80000)
 ParOldGen       total 37888K, used 28596K [0x00000000c2000000, 0x00000000c4500000, 0x00000000eb580000)
  object space 37888K, 75% used [0x00000000c2000000,0x00000000c3bed048,0x00000000c4500000)
 Metaspace       used 27270K, capacity 27544K, committed 27776K, reserved 1073152K
  class space    used 3251K, capacity 3344K, committed 3456K, reserved 1048576K
}
Event: 19,591 GC heap before
{Heap before GC invocations=14 (full 1):
 PSYoungGen      total 228352K, used 228352K [0x00000000eb580000, 0x00000000fe300000, 0x0000000100000000)
  eden space 217088K, 100% used [0x00000000eb580000,0x00000000f8980000,0x00000000f8980000)
  from space 11264K, 100% used [0x00000000f9b80000,0x00000000fa680000,0x00000000fa680000)
  to   space 18432K, 0% used [0x00000000f8980000,0x00000000f8980000,0x00000000f9b80000)
 ParOldGen       total 37888K, used 28596K [0x00000000c2000000, 0x00000000c4500000, 0x00000000eb580000)
  object space 37888K, 75% used [0x00000000c2000000,0x00000000c3bed048,0x00000000c4500000)
 Metaspace       used 30155K, capacity 30462K, committed 30848K, reserved 1077248K
  class space    used 3581K, capacity 3697K, committed 3712K, reserved 1048576K
Event: 19,810 GC heap after
Heap after GC invocations=14 (full 1):
 PSYoungGen      total 235520K, used 18400K [0x00000000eb580000, 0x0000000100000000, 0x0000000100000000)
  eden space 217088K, 0% used [0x00000000eb580000,0x00000000eb580000,0x00000000f8980000)
  from space 18432K, 99% used [0x00000000f8980000,0x00000000f9b78020,0x00000000f9b80000)
  to   space 27648K, 0% used [0x00000000fe500000,0x00000000fe500000,0x0000000100000000)
 ParOldGen       total 45056K, used 44902K [0x00000000c2000000, 0x00000000c4c00000, 0x00000000eb580000)
  object space 45056K, 99% used [0x00000000c2000000,0x00000000c4bd9b90,0x00000000c4c00000)
 Metaspace       used 30155K, capacity 30462K, committed 30848K, reserved 1077248K
  class space    used 3581K, capacity 3697K, committed 3712K, reserved 1048576K
}
Event: 19,815 GC heap before
{Heap before GC invocations=15 (full 2):
 PSYoungGen      total 235520K, used 18400K [0x00000000eb580000, 0x0000000100000000, 0x0000000100000000)
  eden space 217088K, 0% used [0x00000000eb580000,0x00000000eb580000,0x00000000f8980000)
  from space 18432K, 99% used [0x00000000f8980000,0x00000000f9b78020,0x00000000f9b80000)
  to   space 27648K, 0% used [0x00000000fe500000,0x00000000fe500000,0x0000000100000000)
 ParOldGen       total 45056K, used 44902K [0x00000000c2000000, 0x00000000c4c00000, 0x00000000eb580000)
  object space 45056K, 99% used [0x00000000c2000000,0x00000000c4bd9b90,0x00000000c4c00000)
 Metaspace       used 30155K, capacity 30462K, committed 30848K, reserved 1077248K
  class space    used 3581K, capacity 3697K, committed 3712K, reserved 1048576K

Deoptimization events (10 events):
Event: 16,573 Thread 0x00007fb7dc00a000 Uncommon trap: reason=unstable_if action=reinterpret pc=0x00007fb7cd6f8120 method=com.sun.org.apache.xml.internal.utils.SuballocatedIntVector.setElementAt(II)V @ 39
Event: 16,573 Thread 0x00007fb7dc00a000 Uncommon trap: reason=unstable_if action=reinterpret pc=0x00007fb7cd600984 method=com.sun.org.apache.xml.internal.utils.SuballocatedIntVector.setElementAt(II)V @ 39
Event: 17,680 Thread 0x00007fb7dc00a000 Uncommon trap: reason=unstable_if action=reinterpret pc=0x00007fb7cd3fb138 method=java.lang.CharacterDataLatin1.digit(II)I @ 60
Event: 18,628 Thread 0x00007fb7dc00a000 Uncommon trap: reason=unstable_if action=reinterpret pc=0x00007fb7cd3ad1b0 method=java.util.TreeMap.getFirstEntry()Ljava/util/TreeMap$Entry; @ 6
Event: 18,727 Thread 0x00007fb7dc00a000 Uncommon trap: reason=null_check action=maybe_recompile pc=0x00007fb7cd507d44 method=java.lang.Class.searchMethods([Ljava/lang/reflect/Method;Ljava/lang/String;[Ljava/lang/Class;)Ljava/lang/reflect/Method; @ 3
Event: 18,751 Thread 0x00007fb7dc00a000 Uncommon trap: reason=null_check action=maybe_recompile pc=0x00007fb7cd507d44 method=java.lang.Class.searchMethods([Ljava/lang/reflect/Method;Ljava/lang/String;[Ljava/lang/Class;)Ljava/lang/reflect/Method; @ 3
Event: 18,994 Thread 0x00007fb7dc00a000 Uncommon trap: reason=unstable_if action=reinterpret pc=0x00007fb7cd7ebc14 method=com.sun.org.apache.xerces.internal.impl.XMLEntityScanner.scanLiteral(ILcom/sun/org/apache/xerces/internal/xni/XMLString;Z)I @ 660
Event: 18,995 Thread 0x00007fb7dc00a000 Uncommon trap: reason=unstable_if action=reinterpret pc=0x00007fb7cd4ef124 method=sun.net.www.protocol.jar.Handler.parseURL(Ljava/net/URL;Ljava/lang/String;II)V @ 94
Event: 19,222 Thread 0x00007fb7dc00a000 Uncommon trap: reason=unstable_if action=reinterpret pc=0x00007fb7cd602e10 method=java.util.HashMap.putVal(ILjava/lang/Object;Ljava/lang/Object;ZZ)Ljava/lang/Object; @ 162
Event: 19,363 Thread 0x00007fb7dc00a000 Uncommon trap: reason=unstable_if action=reinterpret pc=0x00007fb7cd330420 method=java.lang.CharacterDataLatin1.isWhitespace(I)Z @ 14

Internal exceptions (10 events):
Event: 6,174 Thread 0x00007fb7dc00a000 Exception <a 'java/lang/NoSuchFieldError': method resolution failed> (0x00000000ef4420d8) thrown at [/home/jmm/jdk/openjdk-8-8u102-b14.1/src/hotspot/src/share/vm/prims/methodHandles.cpp, line 1146]
Event: 6,189 Thread 0x00007fb7dc00a000 Exception <a 'java/lang/NoSuchFieldError': method resolution failed> (0x00000000ef44fb68) thrown at [/home/jmm/jdk/openjdk-8-8u102-b14.1/src/hotspot/src/share/vm/prims/methodHandles.cpp, line 1146]
Event: 6,720 Thread 0x00007fb7dc00a000 Exception <a 'java/lang/reflect/InvocationTargetException'> (0x00000000efb33f78) thrown at [/home/jmm/jdk/openjdk-8-8u102-b14.1/src/hotspot/src/share/vm/runtime/reflection.cpp, line 1092]
Event: 7,198 Thread 0x00007fb7dc00a000 Implicit null exception at 0x00007fb7cd367b98 to 0x00007fb7cd367c26
Event: 8,081 Thread 0x00007fb7dc00a000 Implicit null exception at 0x00007fb7cd24a435 to 0x00007fb7cd24a791
Event: 8,707 Thread 0x00007fb7dc00a000 Implicit null exception at 0x00007fb7cd244fb5 to 0x00007fb7cd2451bd
Event: 8,713 Thread 0x00007fb7dc00a000 Implicit null exception at 0x00007fb7cd21ed6f to 0x00007fb7cd21edd9
Event: 8,776 Thread 0x00007fb7dc00a000 Implicit null exception at 0x00007fb7cd2117f5 to 0x00007fb7cd211b45
Event: 14,345 Thread 0x00007fb7dc00a000 Implicit null exception at 0x00007fb7cd8228ab to 0x00007fb7cd821c29
Event: 18,628 Thread 0x00007fb7dc00a000 Implicit null exception at 0x00007fb7cd3ad0dd to 0x00007fb7cd3ad1a1

Events (10 events):
Event: 19,578 loading class org/apache/ibatis/ognl/ASTProperty done
Event: 19,580 loading class org/apache/ibatis/ognl/InappropriateExpressionException
Event: 19,580 loading class org/apache/ibatis/ognl/InappropriateExpressionException done
Event: 19,583 loading class org/apache/ibatis/ognl/ASTChain
Event: 19,583 loading class org/apache/ibatis/ognl/ASTChain done
Event: 19,588 loading class org/apache/ibatis/ognl/ASTNotEq
Event: 19,588 loading class org/apache/ibatis/ognl/ASTNotEq done
Event: 19,589 loading class org/apache/ibatis/ognl/ExpressionNode
Event: 19,589 loading class org/apache/ibatis/ognl/ExpressionNode done
Event: 19,590 Executing VM operation: ParallelGCFailedAllocation


Dynamic libraries:
00400000-00401000 r-xp 00000000 08:01 300352                             /usr/lib/jvm/java-8-openjdk-amd64/jre/bin/java
00600000-00601000 r--p 00000000 08:01 300352                             /usr/lib/jvm/java-8-openjdk-amd64/jre/bin/java
00601000-00602000 rw-p 00001000 08:01 300352                             /usr/lib/jvm/java-8-openjdk-amd64/jre/bin/java
01632000-01653000 rw-p 00000000 00:00 0                                  [heap]
c2000000-c4c00000 rw-p 00000000 00:00 0 
c8080000-eb580000 ---p 00000000 00:00 0 
eb580000-100000000 rw-p 00000000 00:00 0 
100000000-1003a0000 rw-p 00000000 00:00 0 
1003a0000-140000000 ---p 00000000 00:00 0 
7fb798000000-7fb798021000 rw-p 00000000 00:00 0 
7fb798021000-7fb79c000000 ---p 00000000 00:00 0 
7fb79c000000-7fb79c021000 rw-p 00000000 00:00 0 
7fb79c021000-7fb7a0000000 ---p 00000000 00:00 0 
7fb7a3a00000-7fb7a3a80000 rw-p 00000000 00:00 0 
7fb7a3a80000-7fb7a3c00000 ---p 00000000 00:00 0 
7fb7a3c00000-7fb7a3e00000 rw-p 00000000 00:00 0 
7fb7a3e00000-7fb7a4000000 rw-p 00000000 00:00 0 
7fb7a4000000-7fb7a4827000 rw-p 00000000 00:00 0 
7fb7a4827000-7fb7a8000000 ---p 00000000 00:00 0 
7fb7a8000000-7fb7a8021000 rw-p 00000000 00:00 0 
7fb7a8021000-7fb7ac000000 ---p 00000000 00:00 0 
7fb7ac000000-7fb7ac021000 rw-p 00000000 00:00 0 
7fb7ac021000-7fb7b0000000 ---p 00000000 00:00 0 
7fb7b0000000-7fb7b1014000 rw-p 00000000 00:00 0 
7fb7b1014000-7fb7b4000000 ---p 00000000 00:00 0 
7fb7b4000000-7fb7b4021000 rw-p 00000000 00:00 0 
7fb7b4021000-7fb7b8000000 ---p 00000000 00:00 0 
7fb7b8000000-7fb7b8021000 rw-p 00000000 00:00 0 
7fb7b8021000-7fb7bc000000 ---p 00000000 00:00 0 
7fb7bc000000-7fb7bc022000 rw-p 00000000 00:00 0 
7fb7bc022000-7fb7c0000000 ---p 00000000 00:00 0 
7fb7c0000000-7fb7c0058000 rw-p 00000000 00:00 0 
7fb7c0058000-7fb7c4000000 ---p 00000000 00:00 0 
7fb7c4000000-7fb7c4021000 rw-p 00000000 00:00 0 
7fb7c4021000-7fb7c8000000 ---p 00000000 00:00 0 
7fb7c80a8000-7fb7c80a9000 rw-p 00000000 00:00 0 
7fb7c80a9000-7fb7c80ac000 ---p 00000000 00:00 0 
7fb7c80ac000-7fb7c83aa000 rw-p 00000000 00:00 0                          [stack:3192]
7fb7c83aa000-7fb7c85aa000 rw-p 00000000 00:00 0 
7fb7c85aa000-7fb7c87aa000 rw-p 00000000 00:00 0 
7fb7c87aa000-7fb7c87d2000 r-xp 00000000 08:01 300282                     /usr/lib/jvm/java-8-openjdk-amd64/jre/lib/amd64/libsunec.so
7fb7c87d2000-7fb7c89d2000 ---p 00028000 08:01 300282                     /usr/lib/jvm/java-8-openjdk-amd64/jre/lib/amd64/libsunec.so
7fb7c89d2000-7fb7c89d6000 r--p 00028000 08:01 300282                     /usr/lib/jvm/java-8-openjdk-amd64/jre/lib/amd64/libsunec.so
7fb7c89d6000-7fb7c89d8000 rw-p 0002c000 08:01 300282                     /usr/lib/jvm/java-8-openjdk-amd64/jre/lib/amd64/libsunec.so
7fb7c89d8000-7fb7c89db000 r--s 00015000 08:01 300256                     /usr/lib/jvm/java-8-openjdk-amd64/jre/lib/jce.jar
7fb7c89db000-7fb7c89df000 r--s 00097000 08:01 300237                     /usr/lib/jvm/java-8-openjdk-amd64/jre/lib/jsse.jar
7fb7c89df000-7fb7c8bdf000 rw-p 00000000 00:00 0 
7fb7c8bdf000-7fb7c8ddf000 rw-p 00000000 00:00 0 
7fb7c8ddf000-7fb7c8fdf000 rw-p 00000000 00:00 0 
7fb7c8fdf000-7fb7c8ff2000 r--s 00346000 08:01 300248                     /usr/lib/jvm/java-8-openjdk-amd64/jre/lib/resources.jar
7fb7c8ff2000-7fb7c91f2000 rw-p 00000000 00:00 0 
7fb7c91f2000-7fb7c94f3000 rw-p 00000000 00:00 0 
7fb7c94f3000-7fb7c950a000 r-xp 00000000 08:01 300283                     /usr/lib/jvm/java-8-openjdk-amd64/jre/lib/amd64/libnet.so
7fb7c950a000-7fb7c9709000 ---p 00017000 08:01 300283                     /usr/lib/jvm/java-8-openjdk-amd64/jre/lib/amd64/libnet.so
7fb7c9709000-7fb7c970a000 r--p 00016000 08:01 300283                     /usr/lib/jvm/java-8-openjdk-amd64/jre/lib/amd64/libnet.so
7fb7c970a000-7fb7c970b000 rw-p 00017000 08:01 300283                     /usr/lib/jvm/java-8-openjdk-amd64/jre/lib/amd64/libnet.so
7fb7c970b000-7fb7c9712000 r--s 00000000 08:01 41406                      /usr/lib/x86_64-linux-gnu/gconv/gconv-modules.cache
7fb7c9712000-7fb7c9738000 r--p 00000000 08:01 4621                       /usr/share/locale/de/LC_MESSAGES/libc.mo
7fb7c9738000-7fb7c973b000 r--s 00007000 08:01 537142                     /home/gpm17/.m2/repository/org/apache/maven/surefire/surefire-junit4/2.12.4/surefire-junit4-2.12.4.jar
7fb7c973b000-7fb7c973d000 r--s 00000000 08:01 534482                     /home/gpm17/.m2/repository/org/slf4j/jul-to-slf4j/1.7.7/jul-to-slf4j-1.7.7.jar
7fb7c973d000-7fb7c973f000 r--s 00003000 08:01 534458                     /home/gpm17/.m2/repository/org/slf4j/jcl-over-slf4j/1.7.7/jcl-over-slf4j-1.7.7.jar
7fb7c973f000-7fb7c9749000 r--s 0005f000 08:01 534477                     /home/gpm17/.m2/repository/ch/qos/logback/logback-core/1.1.2/logback-core-1.1.2.jar
7fb7c9749000-7fb7c974f000 r--s 0003d000 08:01 534460                     /home/gpm17/.m2/repository/ch/qos/logback/logback-classic/1.1.2/logback-classic-1.1.2.jar
7fb7c974f000-7fb7c9750000 r--s 0000c000 08:01 534470                     /home/gpm17/.m2/repository/org/hamcrest/hamcrest-library/1.3/hamcrest-library-1.3.jar
7fb7c9750000-7fb7c9757000 r--s 00064000 08:01 534468                     /home/gpm17/.m2/repository/org/apache/commons/commons-lang3/3.4/commons-lang3-3.4.jar
7fb7c9757000-7fb7c975b000 r--s 0002f000 08:01 534467                     /home/gpm17/.m2/repository/commons-io/commons-io/2.5/commons-io-2.5.jar
7fb7c975b000-7fb7c9761000 r--s 001ee000 08:01 534464                     /home/gpm17/.m2/repository/org/camunda/bpm/extension/camunda-bpm-process-test-coverage/0.3.1/camunda-bpm-process-test-coverage-0.3.1.jar
7fb7c9761000-7fb7c976b000 r--s 0012f000 08:01 534463                     /home/gpm17/.m2/repository/com/h2database/h2/1.3.168/h2-1.3.168.jar
7fb7c976b000-7fb7c976d000 r--s 00009000 08:01 534472                     /home/gpm17/.m2/repository/org/hamcrest/hamcrest-core/1.3/hamcrest-core-1.3.jar
7fb7c976d000-7fb7c9775000 r--s 00045000 08:01 534474                     /home/gpm17/.m2/repository/junit/junit/4.12/junit-4.12.jar
7fb7c9775000-7fb7c9778000 r--s 00012000 08:01 534441                     /home/gpm17/.m2/repository/javax/servlet/javax.servlet-api/3.0.1/javax.servlet-api-3.0.1.jar
7fb7c9778000-7fb7c977c000 r--s 0003c000 08:01 533824                     /home/gpm17/.m2/repository/commons-lang/commons-lang/2.4/commons-lang-2.4.jar
7fb7c977c000-7fb7c978a000 r--s 0007f000 08:01 533895                     /home/gpm17/.m2/repository/commons-collections/commons-collections/3.2.1/commons-collections-3.2.1.jar
7fb7c978a000-7fb7c9792000 r--s 00066000 08:01 533822                     /home/gpm17/.m2/repository/org/apache/velocity/velocity/1.7/velocity-1.7.jar
7fb7c9792000-7fb7c9793000 r--s 00001000 08:01 534401                     /home/gpm17/.m2/repository/org/camunda/template-engines/camunda-template-engines-velocity/1.0.1/camunda-template-engines-velocity-1.0.1.jar
7fb7c9793000-7fb7c97a4000 r--s 000e8000 08:01 534454                     /home/gpm17/.m2/repository/org/freemarker/freemarker/2.3.20/freemarker-2.3.20.jar
7fb7c97a4000-7fb7c97a5000 r--s 00001000 08:01 534452                     /home/gpm17/.m2/repository/org/camunda/template-engines/camunda-template-engines-freemarker/1.0.1/camunda-template-engines-freemarker-1.0.1.jar
7fb7c97a5000-7fb7c97a7000 r--s 00001000 08:01 534405                     /home/gpm17/.m2/repository/org/camunda/bpm/camunda-engine-plugin-connect/7.7.0/camunda-engine-plugin-connect-7.7.0.jar
7fb7c97a7000-7fb7c97a9000 r--s 00003000 08:01 534450                     /home/gpm17/.m2/repository/org/camunda/connect/camunda-connect-core/1.0.4/camunda-connect-core-1.0.4.jar
7fb7c97a9000-7fb7c97c4000 r--s 00111000 08:01 534440                     /home/gpm17/.m2/repository/org/camunda/connect/camunda-connect-connectors-all/1.0.4/camunda-connect-connectors-all-1.0.4.jar
7fb7c97c4000-7fb7c97c6000 r--s 00007000 08:01 534398                     /home/gpm17/.m2/repository/org/camunda/bpm/camunda-engine-plugin-spin/7.7.0/camunda-engine-plugin-spin-7.7.0.jar
7fb7c97c6000-7fb7c97c8000 r--s 00006000 08:01 534396                     /home/gpm17/.m2/repository/org/slf4j/slf4j-api/1.7.7/slf4j-api-1.7.7.jar
7fb7c97c8000-7fb7c97cb000 r--s 0000a000 08:01 534434                     /home/gpm17/.m2/repository/org/camunda/spin/camunda-spin-core/1.3.1/camunda-spin-core-1.3.1.jar
7fb7c97cb000-7fb7c97e5000 r--s 0017b000 08:01 534438                     /home/gpm17/.m2/repository/org/camunda/spin/camunda-spin-dataformat-all/1.3.1/camunda-spin-dataformat-all-1.3.1.jar
7fb7c97e5000-7fb7c97f2000 r--s 0008b000 08:01 534436                     /home/gpm17/.m2/repository/org/assertj/assertj-core/1.7.0/assertj-core-1.7.0.jar
7fb7c97f2000-7fb7c97f3000 r--s 00006000 08:01 534435                     /home/gpm17/.m2/repository/org/camunda/bpm/extension/camunda-bpm-assert/1.2/camunda-bpm-assert-1.2.jar
7fb7c97f3000-7fb7c97f6000 r--s 00018000 08:01 534428                     /home/gpm17/.m2/repository/de/odysseus/juel/juel-impl/2.2.7/juel-impl-2.2.7.jar
7fb7c97f6000-7fb7c97f7000 r--s 00000000 08:01 534425                     /home/gpm17/.m2/repository/de/odysseus/juel/juel-spi/2.2.7/juel-spi-2.2.7.jar
7fb7c97f7000-7fb7c97f8000 r--s 00007000 08:01 534404                     /home/gpm17/.m2/repository/de/odysseus/juel/juel-api/2.2.7/juel-api-2.2.7.jar
7fb7c97f8000-7fb7c97fd000 r--s 00029000 08:01 534394                     /home/gpm17/.m2/repository/org/camunda/bpm/dmn/camunda-engine-feel-juel/7.7.0/camunda-engine-feel-juel-7.7.0.jar
7fb7c97fd000-7fb7c97ff000 r--s 00000000 08:01 534403                     /home/gpm17/.m2/repository/org/camunda/bpm/dmn/camunda-engine-feel-api/7.7.0/camunda-engine-feel-api-7.7.0.jar
7fb7c97ff000-7fb7c9808000 r--s 0002e000 08:01 534402                     /home/gpm17/.m2/repository/org/camunda/bpm/model/camunda-dmn-model/7.7.0/camunda-dmn-model-7.7.0.jar
7fb7c9808000-7fb7c9809000 r--s 00002000 08:01 534456                     /home/gpm17/.m2/repository/org/camunda/commons/camunda-commons-utils/1.4.0/camunda-commons-utils-1.4.0.jar
7fb7c9809000-7fb7c980e000 r--s 0001e000 08:01 534422                     /home/gpm17/.m2/repository/org/camunda/bpm/dmn/camunda-engine-dmn/7.7.0/camunda-engine-dmn-7.7.0.jar
7fb7c980e000-7fb7c981e000 r--s 0007c000 08:01 534420                     /home/gpm17/.m2/repository/joda-time/joda-time/2.1/joda-time-2.1.jar
7fb7c981e000-7fb7c9820000 r--s 0000d000 08:01 534418                     /home/gpm17/.m2/repository/commons-logging/commons-logging/1.1.1/commons-logging-1.1.1.jar
7fb7c9820000-7fb7c9821000 r--s 0000c000 08:01 534416                     /home/gpm17/.m2/repository/org/springframework/spring-asm/3.1.2.RELEASE/spring-asm-3.1.2.RELEASE.jar
7fb7c9821000-7fb7c982b000 r--s 00064000 08:01 534414                     /home/gpm17/.m2/repository/org/springframework/spring-core/3.1.2.RELEASE/spring-core-3.1.2.RELEASE.jar
7fb7c982b000-7fb7c9837000 r--s 00085000 08:01 534389                     /home/gpm17/.m2/repository/org/springframework/spring-beans/3.1.2.RELEASE/spring-beans-3.1.2.RELEASE.jar
7fb7c9837000-7fb7c9845000 r--s 000a1000 08:01 534412                     /home/gpm17/.m2/repository/org/mybatis/mybatis/3.2.8/mybatis-3.2.8.jar
7fb7c9845000-7fb7c984c000 r--s 00067000 08:01 534406                     /home/gpm17/.m2/repository/javax/mail/mail/1.4.1/mail-1.4.1.jar
7fb7c984c000-7fb7c9855000 r--s 0003d000 08:01 534388                     /home/gpm17/.m2/repository/org/camunda/bpm/model/camunda-cmmn-model/7.7.0/camunda-cmmn-model-7.7.0.jar
7fb7c9855000-7fb7c9868000 r--s 0008a000 08:01 534386                     /home/gpm17/.m2/repository/org/camunda/bpm/model/camunda-bpmn-model/7.7.0/camunda-bpmn-model-7.7.0.jar
7fb7c9868000-7fb7c9869000 ---p 00000000 00:00 0 
7fb7c9869000-7fb7c9969000 rw-p 00000000 00:00 0                          [stack:3190]
7fb7c9969000-7fb7c996c000 ---p 00000000 00:00 0 
7fb7c996c000-7fb7c9a6a000 rw-p 00000000 00:00 0                          [stack:3189]
7fb7c9a6a000-7fb7c9a6d000 ---p 00000000 00:00 0 
7fb7c9a6d000-7fb7c9b6b000 rw-p 00000000 00:00 0                          [stack:3188]
7fb7c9b6b000-7fb7c9b6e000 ---p 00000000 00:00 0 
7fb7c9b6e000-7fb7c9c6c000 rw-p 00000000 00:00 0                          [stack:3187]
7fb7c9c6c000-7fb7c9c6f000 ---p 00000000 00:00 0 
7fb7c9c6f000-7fb7c9d6d000 rw-p 00000000 00:00 0                          [stack:3186]
7fb7c9d6d000-7fb7c9ef6000 r--p 00000000 08:01 24266                      /usr/lib/locale/locale-archive
7fb7c9ef6000-7fb7c9ef9000 ---p 00000000 00:00 0 
7fb7c9ef9000-7fb7c9ff7000 rw-p 00000000 00:00 0                          [stack:3185]
7fb7c9ff7000-7fb7c9ffa000 ---p 00000000 00:00 0 
7fb7c9ffa000-7fb7ca0f8000 rw-p 00000000 00:00 0                          [stack:3184]
7fb7ca0f8000-7fb7ca0f9000 ---p 00000000 00:00 0 
7fb7ca0f9000-7fb7cd000000 rw-p 00000000 00:00 0                          [stack:3183]
7fb7cd000000-7fb7cda20000 rwxp 00000000 00:00 0 
7fb7cda20000-7fb7dc000000 ---p 00000000 00:00 0 
7fb7dc000000-7fb7dcca9000 rw-p 00000000 00:00 0 
7fb7dcca9000-7fb7e0000000 ---p 00000000 00:00 0 
7fb7e0000000-7fb7e0002000 r--s 0000e000 08:01 534409                     /home/gpm17/.m2/repository/javax/activation/activation/1.1/activation-1.1.jar
7fb7e0002000-7fb7e0003000 r--s 00007000 08:01 534395                     /home/gpm17/.m2/repository/org/apache/commons/commons-email/1.2/commons-email-1.2.jar
7fb7e0003000-7fb7e0006000 r--s 0000d000 08:01 534426                     /home/gpm17/.m2/repository/org/camunda/commons/camunda-commons-typed-values/1.4.0/camunda-commons-typed-values-1.4.0.jar
7fb7e0006000-7fb7e0008000 r--s 00000000 08:01 534427                     /home/gpm17/.m2/repository/org/camunda/commons/camunda-commons-logging/1.4.0/camunda-commons-logging-1.4.0.jar
7fb7e0008000-7fb7e000d000 r--s 00023000 08:01 534400                     /home/gpm17/.m2/repository/org/camunda/bpm/model/camunda-xml-model/7.7.0/camunda-xml-model-7.7.0.jar
7fb7e000d000-7fb7e0056000 r--s 00317000 08:01 534392                     /home/gpm17/.m2/repository/org/camunda/bpm/camunda-engine/7.7.0/camunda-engine-7.7.0.jar
7fb7e0056000-7fb7e005a000 r--s 00019000 08:01 536390                     /home/gpm17/.m2/repository/org/apache/maven/surefire/surefire-api/2.12.4/surefire-api-2.12.4.jar
7fb7e005a000-7fb7e005c000 r--s 00007000 08:01 536386                     /home/gpm17/.m2/repository/org/apache/maven/surefire/surefire-booter/2.12.4/surefire-booter-2.12.4.jar
7fb7e005c000-7fb7e005d000 r--s 00001000 08:01 420878                     /home/gpm17/Repository/GPM/bachelorthesis/target/surefire/surefirebooter1470428583625412122.jar
7fb7e005d000-7fb7e0060000 r--s 0000f000 08:01 300312                     /usr/lib/jvm/java-8-openjdk-amd64/jre/lib/ext/icedtea-sound.jar
7fb7e0060000-7fb7e0061000 r--s 0000a000 08:01 300310                     /usr/lib/jvm/java-8-openjdk-amd64/jre/lib/ext/jaccess.jar
7fb7e0061000-7fb7e0065000 r--s 00037000 08:01 300307                     /usr/lib/jvm/java-8-openjdk-amd64/jre/lib/ext/sunpkcs11.jar
7fb7e0065000-7fb7e0080000 r--s 001d5000 08:01 300309                     /usr/lib/jvm/java-8-openjdk-amd64/jre/lib/ext/nashorn.jar
7fb7e0080000-7fb7e0282000 rw-p 00000000 00:00 0 
7fb7e0282000-7fb7e0450000 r--s 03bf1000 08:01 300304                     /usr/lib/jvm/java-8-openjdk-amd64/jre/lib/rt.jar
7fb7e0450000-7fb7e06b6000 rw-p 00000000 00:00 0 
7fb7e06b6000-7fb7e06b7000 ---p 00000000 00:00 0 
7fb7e06b7000-7fb7e07b7000 rw-p 00000000 00:00 0                          [stack:3182]
7fb7e07b7000-7fb7e07b8000 ---p 00000000 00:00 0 
7fb7e07b8000-7fb7e08ce000 rw-p 00000000 00:00 0                          [stack:3181]
7fb7e08ce000-7fb7e0a03000 ---p 00000000 00:00 0 
7fb7e0a03000-7fb7e0a19000 rw-p 00000000 00:00 0 
7fb7e0a19000-7fb7e0b4d000 ---p 00000000 00:00 0 
7fb7e0b4d000-7fb7e0bf3000 rw-p 00000000 00:00 0 
7fb7e0bf3000-7fb7e0c1d000 rw-p 00000000 00:00 0 
7fb7e0c1d000-7fb7e0fb4000 ---p 00000000 00:00 0 
7fb7e0fb4000-7fb7e0fbc000 r-xp 00000000 08:01 300264                     /usr/lib/jvm/java-8-openjdk-amd64/jre/lib/amd64/libzip.so
7fb7e0fbc000-7fb7e11bb000 ---p 00008000 08:01 300264                     /usr/lib/jvm/java-8-openjdk-amd64/jre/lib/amd64/libzip.so
7fb7e11bb000-7fb7e11bc000 r--p 00007000 08:01 300264                     /usr/lib/jvm/java-8-openjdk-amd64/jre/lib/amd64/libzip.so
7fb7e11bc000-7fb7e11bd000 rw-p 00008000 08:01 300264                     /usr/lib/jvm/java-8-openjdk-amd64/jre/lib/amd64/libzip.so
7fb7e11bd000-7fb7e11c8000 r-xp 00000000 08:01 268392                     /lib/x86_64-linux-gnu/libnss_files-2.19.so
7fb7e11c8000-7fb7e13c7000 ---p 0000b000 08:01 268392                     /lib/x86_64-linux-gnu/libnss_files-2.19.so
7fb7e13c7000-7fb7e13c8000 r--p 0000a000 08:01 268392                     /lib/x86_64-linux-gnu/libnss_files-2.19.so
7fb7e13c8000-7fb7e13c9000 rw-p 0000b000 08:01 268392                     /lib/x86_64-linux-gnu/libnss_files-2.19.so
7fb7e13c9000-7fb7e13d3000 r-xp 00000000 08:01 268407                     /lib/x86_64-linux-gnu/libnss_nis-2.19.so
7fb7e13d3000-7fb7e15d2000 ---p 0000a000 08:01 268407                     /lib/x86_64-linux-gnu/libnss_nis-2.19.so
7fb7e15d2000-7fb7e15d3000 r--p 00009000 08:01 268407                     /lib/x86_64-linux-gnu/libnss_nis-2.19.so
7fb7e15d3000-7fb7e15d4000 rw-p 0000a000 08:01 268407                     /lib/x86_64-linux-gnu/libnss_nis-2.19.so
7fb7e15d4000-7fb7e15e9000 r-xp 00000000 08:01 268377                     /lib/x86_64-linux-gnu/libnsl-2.19.so
7fb7e15e9000-7fb7e17e8000 ---p 00015000 08:01 268377                     /lib/x86_64-linux-gnu/libnsl-2.19.so
7fb7e17e8000-7fb7e17e9000 r--p 00014000 08:01 268377                     /lib/x86_64-linux-gnu/libnsl-2.19.so
7fb7e17e9000-7fb7e17ea000 rw-p 00015000 08:01 268377                     /lib/x86_64-linux-gnu/libnsl-2.19.so
7fb7e17ea000-7fb7e17ec000 rw-p 00000000 00:00 0 
7fb7e17ec000-7fb7e17f3000 r-xp 00000000 08:01 268384                     /lib/x86_64-linux-gnu/libnss_compat-2.19.so
7fb7e17f3000-7fb7e19f2000 ---p 00007000 08:01 268384                     /lib/x86_64-linux-gnu/libnss_compat-2.19.so
7fb7e19f2000-7fb7e19f3000 r--p 00006000 08:01 268384                     /lib/x86_64-linux-gnu/libnss_compat-2.19.so
7fb7e19f3000-7fb7e19f4000 rw-p 00007000 08:01 268384                     /lib/x86_64-linux-gnu/libnss_compat-2.19.so
7fb7e19f4000-7fb7e1a21000 r-xp 00000000 08:01 300290                     /usr/lib/jvm/java-8-openjdk-amd64/jre/lib/amd64/libjava.so
7fb7e1a21000-7fb7e1c21000 ---p 0002d000 08:01 300290                     /usr/lib/jvm/java-8-openjdk-amd64/jre/lib/amd64/libjava.so
7fb7e1c21000-7fb7e1c22000 r--p 0002d000 08:01 300290                     /usr/lib/jvm/java-8-openjdk-amd64/jre/lib/amd64/libjava.so
7fb7e1c22000-7fb7e1c24000 rw-p 0002e000 08:01 300290                     /usr/lib/jvm/java-8-openjdk-amd64/jre/lib/amd64/libjava.so
7fb7e1c24000-7fb7e1c33000 r-xp 00000000 08:01 300292                     /usr/lib/jvm/java-8-openjdk-amd64/jre/lib/amd64/libverify.so
7fb7e1c33000-7fb7e1e33000 ---p 0000f000 08:01 300292                     /usr/lib/jvm/java-8-openjdk-amd64/jre/lib/amd64/libverify.so
7fb7e1e33000-7fb7e1e36000 r--p 0000f000 08:01 300292                     /usr/lib/jvm/java-8-openjdk-amd64/jre/lib/amd64/libverify.so
7fb7e1e36000-7fb7e1e37000 rw-p 00012000 08:01 300292                     /usr/lib/jvm/java-8-openjdk-amd64/jre/lib/amd64/libverify.so
7fb7e1e37000-7fb7e1e3e000 r-xp 00000000 08:01 277927                     /lib/x86_64-linux-gnu/librt-2.19.so
7fb7e1e3e000-7fb7e203d000 ---p 00007000 08:01 277927                     /lib/x86_64-linux-gnu/librt-2.19.so
7fb7e203d000-7fb7e203e000 r--p 00006000 08:01 277927                     /lib/x86_64-linux-gnu/librt-2.19.so
7fb7e203e000-7fb7e203f000 rw-p 00007000 08:01 277927                     /lib/x86_64-linux-gnu/librt-2.19.so
7fb7e203f000-7fb7e2055000 r-xp 00000000 08:01 262374                     /lib/x86_64-linux-gnu/libgcc_s.so.1
7fb7e2055000-7fb7e2254000 ---p 00016000 08:01 262374                     /lib/x86_64-linux-gnu/libgcc_s.so.1
7fb7e2254000-7fb7e2255000 rw-p 00015000 08:01 262374                     /lib/x86_64-linux-gnu/libgcc_s.so.1
7fb7e2255000-7fb7e2355000 r-xp 00000000 08:01 268329                     /lib/x86_64-linux-gnu/libm-2.19.so
7fb7e2355000-7fb7e2554000 ---p 00100000 08:01 268329                     /lib/x86_64-linux-gnu/libm-2.19.so
7fb7e2554000-7fb7e2555000 r--p 000ff000 08:01 268329                     /lib/x86_64-linux-gnu/libm-2.19.so
7fb7e2555000-7fb7e2556000 rw-p 00100000 08:01 268329                     /lib/x86_64-linux-gnu/libm-2.19.so
7fb7e2556000-7fb7e2642000 r-xp 00000000 08:01 5484                       /usr/lib/x86_64-linux-gnu/libstdc++.so.6.0.20
7fb7e2642000-7fb7e2842000 ---p 000ec000 08:01 5484                       /usr/lib/x86_64-linux-gnu/libstdc++.so.6.0.20
7fb7e2842000-7fb7e284a000 r--p 000ec000 08:01 5484                       /usr/lib/x86_64-linux-gnu/libstdc++.so.6.0.20
7fb7e284a000-7fb7e284c000 rw-p 000f4000 08:01 5484                       /usr/lib/x86_64-linux-gnu/libstdc++.so.6.0.20
7fb7e284c000-7fb7e2861000 rw-p 00000000 00:00 0 
7fb7e2861000-7fb7e34f8000 r-xp 00000000 08:01 300260                     /usr/lib/jvm/java-8-openjdk-amd64/jre/lib/amd64/server/libjvm.so
7fb7e34f8000-7fb7e36f7000 ---p 00c97000 08:01 300260                     /usr/lib/jvm/java-8-openjdk-amd64/jre/lib/amd64/server/libjvm.so
7fb7e36f7000-7fb7e379a000 r--p 00c96000 08:01 300260                     /usr/lib/jvm/java-8-openjdk-amd64/jre/lib/amd64/server/libjvm.so
7fb7e379a000-7fb7e37c3000 rw-p 00d39000 08:01 300260                     /usr/lib/jvm/java-8-openjdk-amd64/jre/lib/amd64/server/libjvm.so
7fb7e37c3000-7fb7e37f4000 rw-p 00000000 00:00 0 
7fb7e37f4000-7fb7e3995000 r-xp 00000000 08:01 263613                     /lib/x86_64-linux-gnu/libc-2.19.so
7fb7e3995000-7fb7e3b95000 ---p 001a1000 08:01 263613                     /lib/x86_64-linux-gnu/libc-2.19.so
7fb7e3b95000-7fb7e3b99000 r--p 001a1000 08:01 263613                     /lib/x86_64-linux-gnu/libc-2.19.so
7fb7e3b99000-7fb7e3b9b000 rw-p 001a5000 08:01 263613                     /lib/x86_64-linux-gnu/libc-2.19.so
7fb7e3b9b000-7fb7e3b9f000 rw-p 00000000 00:00 0 
7fb7e3b9f000-7fb7e3ba2000 r-xp 00000000 08:01 263629                     /lib/x86_64-linux-gnu/libdl-2.19.so
7fb7e3ba2000-7fb7e3da1000 ---p 00003000 08:01 263629                     /lib/x86_64-linux-gnu/libdl-2.19.so
7fb7e3da1000-7fb7e3da2000 r--p 00002000 08:01 263629                     /lib/x86_64-linux-gnu/libdl-2.19.so
7fb7e3da2000-7fb7e3da3000 rw-p 00003000 08:01 263629                     /lib/x86_64-linux-gnu/libdl-2.19.so
7fb7e3da3000-7fb7e3db1000 r-xp 00000000 08:01 300289                     /usr/lib/jvm/java-8-openjdk-amd64/jre/lib/amd64/jli/libjli.so
7fb7e3db1000-7fb7e3fb0000 ---p 0000e000 08:01 300289                     /usr/lib/jvm/java-8-openjdk-amd64/jre/lib/amd64/jli/libjli.so
7fb7e3fb0000-7fb7e3fb1000 r--p 0000d000 08:01 300289                     /usr/lib/jvm/java-8-openjdk-amd64/jre/lib/amd64/jli/libjli.so
7fb7e3fb1000-7fb7e3fb2000 rw-p 0000e000 08:01 300289                     /usr/lib/jvm/java-8-openjdk-amd64/jre/lib/amd64/jli/libjli.so
7fb7e3fb2000-7fb7e3fcc000 r-xp 00000000 08:01 263716                     /lib/x86_64-linux-gnu/libz.so.1.2.8
7fb7e3fcc000-7fb7e41cb000 ---p 0001a000 08:01 263716                     /lib/x86_64-linux-gnu/libz.so.1.2.8
7fb7e41cb000-7fb7e41cc000 r--p 00019000 08:01 263716                     /lib/x86_64-linux-gnu/libz.so.1.2.8
7fb7e41cc000-7fb7e41cd000 rw-p 0001a000 08:01 263716                     /lib/x86_64-linux-gnu/libz.so.1.2.8
7fb7e41cd000-7fb7e41e5000 r-xp 00000000 08:01 262242                     /lib/x86_64-linux-gnu/libpthread-2.19.so
7fb7e41e5000-7fb7e43e4000 ---p 00018000 08:01 262242                     /lib/x86_64-linux-gnu/libpthread-2.19.so
7fb7e43e4000-7fb7e43e5000 r--p 00017000 08:01 262242                     /lib/x86_64-linux-gnu/libpthread-2.19.so
7fb7e43e5000-7fb7e43e6000 rw-p 00018000 08:01 262242                     /lib/x86_64-linux-gnu/libpthread-2.19.so
7fb7e43e6000-7fb7e43ea000 rw-p 00000000 00:00 0 
7fb7e43ea000-7fb7e440b000 r-xp 00000000 08:01 263505                     /lib/x86_64-linux-gnu/ld-2.19.so
7fb7e440b000-7fb7e4415000 r--s 00116000 08:01 300308                     /usr/lib/jvm/java-8-openjdk-amd64/jre/lib/ext/localedata.jar
7fb7e4415000-7fb7e4431000 r--s 00393000 08:01 300311                     /usr/lib/jvm/java-8-openjdk-amd64/jre/lib/ext/cldrdata.jar
7fb7e4431000-7fb7e44ed000 rw-p 00000000 00:00 0 
7fb7e44ed000-7fb7e44f0000 ---p 00000000 00:00 0 
7fb7e44f0000-7fb7e45f3000 rw-p 00000000 00:00 0                          [stack:3180]
7fb7e45f3000-7fb7e45f4000 r--s 00010000 08:01 300315                     /usr/lib/jvm/java-8-openjdk-amd64/jre/lib/ext/zipfs.jar
7fb7e45f4000-7fb7e45f5000 r--s 00008000 08:01 300314                     /usr/lib/jvm/java-8-openjdk-amd64/jre/lib/ext/sunec.jar
7fb7e45f5000-7fb7e45f7000 r--s 00006000 08:01 138941                     /usr/share/java/java-atk-wrapper.jar
7fb7e45f7000-7fb7e45f9000 r--s 00001000 08:01 300313                     /usr/lib/jvm/java-8-openjdk-amd64/jre/lib/ext/dnsns.jar
7fb7e45f9000-7fb7e45fe000 r--s 0003b000 08:01 300316                     /usr/lib/jvm/java-8-openjdk-amd64/jre/lib/ext/sunjce_provider.jar
7fb7e45fe000-7fb7e4606000 rw-s 00000000 08:01 299735                     /tmp/hsperfdata_gpm17/3177
7fb7e4606000-7fb7e4607000 rw-p 00000000 00:00 0 
7fb7e4607000-7fb7e4608000 ---p 00000000 00:00 0 
7fb7e4608000-7fb7e460a000 rw-p 00000000 00:00 0 
7fb7e460a000-7fb7e460b000 r--p 00020000 08:01 263505                     /lib/x86_64-linux-gnu/ld-2.19.so
7fb7e460b000-7fb7e460c000 rw-p 00021000 08:01 263505                     /lib/x86_64-linux-gnu/ld-2.19.so
7fb7e460c000-7fb7e460d000 rw-p 00000000 00:00 0 
7ffd1020b000-7ffd1022c000 rw-p 00000000 00:00 0                          [stack]
7ffd102e1000-7ffd102e3000 r-xp 00000000 00:00 0                          [vdso]
7ffd102e3000-7ffd102e5000 r--p 00000000 00:00 0                          [vvar]
ffffffffff600000-ffffffffff601000 r-xp 00000000 00:00 0                  [vsyscall]

VM Arguments:
java_command: /home/gpm17/Repository/GPM/bachelorthesis/target/surefire/surefirebooter1470428583625412122.jar /home/gpm17/Repository/GPM/bachelorthesis/target/surefire/surefire3499323337009682957tmp /home/gpm17/Repository/GPM/bachelorthesis/target/surefire/surefire_0414105538505911896tmp
java_class_path (initial): /home/gpm17/Repository/GPM/bachelorthesis/target/surefire/surefirebooter1470428583625412122.jar
Launcher Type: SUN_STANDARD

Environment Variables:
PATH=/usr/local/bin:/usr/bin:/bin:/usr/local/games:/usr/games
LD_LIBRARY_PATH=/opt/intellij-idea/idea-IC-172.4343.14/bin:
SHELL=/bin/bash
DISPLAY=:0.0

Signal Handlers:
SIGSEGV: [libjvm.so+0xa960e0], sa_mask[0]=11111111011111111101111111111110, sa_flags=SA_RESTART|SA_SIGINFO
SIGBUS: [libjvm.so+0xa960e0], sa_mask[0]=11111111011111111101111111111110, sa_flags=SA_RESTART|SA_SIGINFO
SIGFPE: [libjvm.so+0x8dddb0], sa_mask[0]=11111111011111111101111111111110, sa_flags=SA_RESTART|SA_SIGINFO
SIGPIPE: [libjvm.so+0x8dddb0], sa_mask[0]=11111111011111111101111111111110, sa_flags=SA_RESTART|SA_SIGINFO
SIGXFSZ: [libjvm.so+0x8dddb0], sa_mask[0]=11111111011111111101111111111110, sa_flags=SA_RESTART|SA_SIGINFO
SIGILL: [libjvm.so+0x8dddb0], sa_mask[0]=11111111011111111101111111111110, sa_flags=SA_RESTART|SA_SIGINFO
SIGUSR1: SIG_DFL, sa_mask[0]=00000000000000000000000000000000, sa_flags=none
SIGUSR2: [libjvm.so+0x8ddc60], sa_mask[0]=00100000000000000000000000000000, sa_flags=SA_RESTART|SA_SIGINFO
SIGHUP: [libjvm.so+0x8dde80], sa_mask[0]=11111111011111111101111111111110, sa_flags=SA_RESTART|SA_SIGINFO
SIGINT: [libjvm.so+0x8dde80], sa_mask[0]=11111111011111111101111111111110, sa_flags=SA_RESTART|SA_SIGINFO
SIGTERM: [libjvm.so+0x8dde80], sa_mask[0]=11111111011111111101111111111110, sa_flags=SA_RESTART|SA_SIGINFO
SIGQUIT: [libjvm.so+0x8dde80], sa_mask[0]=11111111011111111101111111111110, sa_flags=SA_RESTART|SA_SIGINFO


---------------  S Y S T E M  ---------------

OS:PRETTY_NAME="Debian GNU/Linux 8 (jessie)"
NAME="Debian GNU/Linux"
VERSION_ID="8"
VERSION="8 (jessie)"
ID=debian
HOME_URL="http://www.debian.org/"
SUPPORT_URL="http://www.debian.org/support"
BUG_REPORT_URL="https://bugs.debian.org/"

uname:Linux 3.16.0-4-amd64 #1 SMP Debian 3.16.43-2+deb8u5 (2017-09-19) x86_64
libc:glibc 2.19 NPTL 2.19 
rlimit: STACK 8192k, CORE 0k, NPROC 15788, NOFILE 65536, AS infinity
load average:1,91 0,95 1,29

/proc/meminfo:
MemTotal:        4058900 kB
MemFree:          107272 kB
MemAvailable:      38240 kB
Buffers:             380 kB
Cached:            55640 kB
SwapCached:        15016 kB
Active:          3054328 kB
Inactive:         794484 kB
Active(anon):    3048432 kB
Inactive(anon):   789284 kB
Active(file):       5896 kB
Inactive(file):     5200 kB
Unevictable:          32 kB
Mlocked:              32 kB
SwapTotal:        393212 kB
SwapFree:              0 kB
Dirty:               244 kB
Writeback:            16 kB
AnonPages:       3778408 kB
Mapped:            53960 kB
Shmem:             44736 kB
Slab:              40908 kB
SReclaimable:      19780 kB
SUnreclaim:        21128 kB
KernelStack:       10240 kB
PageTables:        30440 kB
NFS_Unstable:          0 kB
Bounce:                0 kB
WritebackTmp:          0 kB
CommitLimit:     2422660 kB
Committed_AS:    7611532 kB
VmallocTotal:   34359738367 kB
VmallocUsed:       54764 kB
VmallocChunk:   34359681016 kB
HardwareCorrupted:     0 kB
AnonHugePages:         0 kB
HugePages_Total:       0
HugePages_Free:        0
HugePages_Rsvd:        0
HugePages_Surp:        0
Hugepagesize:       2048 kB
DirectMap4k:       57280 kB
DirectMap2M:     4136960 kB


CPU:total 2 (2 cores per cpu, 1 threads per core) family 6 model 69 stepping 1, cmov, cx8, fxsr, mmx, sse, sse2, sse3, ssse3, sse4.1, sse4.2, popcnt, avx, avx2, aes, clmul, lzcnt, tsc, tscinvbit

/proc/cpuinfo:
processor	: 0
vendor_id	: GenuineIntel
cpu family	: 6
model		: 69
model name	: Intel(R) Core(TM) i7-4510U CPU @ 2.00GHz
stepping	: 1
cpu MHz		: 1995.263
cache size	: 4096 KB
physical id	: 0
siblings	: 2
core id		: 0
cpu cores	: 2
apicid		: 0
initial apicid	: 0
fpu		: yes
fpu_exception	: yes
cpuid level	: 13
wp		: yes
flags		: fpu vme de pse tsc msr pae mce cx8 apic sep mtrr pge mca cmov pat pse36 clflush mmx fxsr sse sse2 ht syscall nx rdtscp lm constant_tsc rep_good nopl xtopology nonstop_tsc pni pclmulqdq ssse3 cx16 sse4_1 sse4_2 movbe popcnt aes xsave avx rdrand lahf_lm abm avx2
bogomips	: 3990.52
clflush size	: 64
cache_alignment	: 64
address sizes	: 39 bits physical, 48 bits virtual
power management:

processor	: 1
vendor_id	: GenuineIntel
cpu family	: 6
model		: 69
model name	: Intel(R) Core(TM) i7-4510U CPU @ 2.00GHz
stepping	: 1
cpu MHz		: 1995.263
cache size	: 4096 KB
physical id	: 0
siblings	: 2
core id		: 1
cpu cores	: 2
apicid		: 1
initial apicid	: 1
fpu		: yes
fpu_exception	: yes
cpuid level	: 13
wp		: yes
flags		: fpu vme de pse tsc msr pae mce cx8 apic sep mtrr pge mca cmov pat pse36 clflush mmx fxsr sse sse2 ht syscall nx rdtscp lm constant_tsc rep_good nopl xtopology nonstop_tsc pni pclmulqdq ssse3 cx16 sse4_1 sse4_2 movbe popcnt aes xsave avx rdrand lahf_lm abm avx2
bogomips	: 3990.52
clflush size	: 64
cache_alignment	: 64
address sizes	: 39 bits physical, 48 bits virtual
power management:



Memory: 4k page, physical 4058900k(107272k free), swap 393212k(0k free)

vm_info: OpenJDK 64-Bit Server VM (25.102-b14) for linux-amd64 JRE (1.8.0_102-8u102-b14.1-1~bpo8+1-b14), built on Aug  8 2016 10:49:23 by "jmm" with gcc 4.9.2

time: Tue Nov 21 12:26:45 2017
elapsed time: 25 seconds (0d 0h 0m 25s)

