#
# There is insufficient memory for the Java Runtime Environment to continue.
# Native memory allocation (mmap) failed to map 93323264 bytes for committing reserved memory.
# Possible reasons:
#   The system is out of physical RAM or swap space
#   In 32 bit mode, the process size limit was hit
# Possible solutions:
#   Reduce memory load on the system
#   Increase physical memory or swap space
#   Check if swap backing store is full
#   Use 64 bit Java on a 64 bit OS
#   Decrease Java heap size (-Xmx/-Xms)
#   Decrease number of Java threads
#   Decrease Java thread stack sizes (-Xss)
#   Set larger code cache with -XX:ReservedCodeCacheSize=
# This output file may be truncated or incomplete.
#
#  Out of Memory Error (os_linux.cpp:2630), pid=703, tid=0x00007fa66d6f2700
#
# JRE version: OpenJDK Runtime Environment (8.0_102-b14) (build 1.8.0_102-8u102-b14.1-1~bpo8+1-b14)
# Java VM: OpenJDK 64-Bit Server VM (25.102-b14 mixed mode linux-amd64 compressed oops)
# Failed to write core dump. Core dumps have been disabled. To enable core dumping, try "ulimit -c unlimited" before starting Java again
#

---------------  T H R E A D  ---------------

Current thread (0x00007fa6800fa800):  VMThread [stack: 0x00007fa66d5f2000,0x00007fa66d6f3000] [id=718]

Stack: [0x00007fa66d5f2000,0x00007fa66d6f3000],  sp=0x00007fa66d6f14c0,  free space=1021k
Native frames: (J=compiled Java code, j=interpreted, Vv=VM code, C=native code)
V  [libjvm.so+0xa955fd]
V  [libjvm.so+0x4e9dec]
V  [libjvm.so+0x8e2510]
V  [libjvm.so+0x8dcbfe]
V  [libjvm.so+0x9593fb]
V  [libjvm.so+0x95a763]
V  [libjvm.so+0x95725e]
V  [libjvm.so+0x95754c]
V  [libjvm.so+0x908233]
V  [libjvm.so+0xa97232]
V  [libjvm.so+0xa9bdc7]
V  [libjvm.so+0xa9a0e7]
V  [libjvm.so+0xa9a917]
V  [libjvm.so+0xa9ae61]
V  [libjvm.so+0x8df9e2]

VM_Operation (0x00007fa688299960): ParallelGCFailedAllocation, mode: safepoint, requested by thread 0x00007fa68000a000


---------------  P R O C E S S  ---------------

Java Threads: ( => current thread )
  0x00007fa680136000 JavaThread "Service Thread" daemon [_thread_blocked, id=730, stack(0x00007fa66ce63000,0x00007fa66cf64000)]
  0x00007fa680133000 JavaThread "C1 CompilerThread1" daemon [_thread_blocked, id=727, stack(0x00007fa66cf64000,0x00007fa66d065000)]
  0x00007fa680130000 JavaThread "C2 CompilerThread0" daemon [_thread_blocked, id=726, stack(0x00007fa66d065000,0x00007fa66d166000)]
  0x00007fa68012e000 JavaThread "Signal Dispatcher" daemon [_thread_blocked, id=725, stack(0x00007fa66d166000,0x00007fa66d267000)]
  0x00007fa680106800 JavaThread "Finalizer" daemon [_thread_blocked, id=720, stack(0x00007fa66d3f0000,0x00007fa66d4f1000)]
  0x00007fa680102000 JavaThread "Reference Handler" daemon [_thread_blocked, id=719, stack(0x00007fa66d4f1000,0x00007fa66d5f2000)]
  0x00007fa68000a000 JavaThread "main" [_thread_blocked, id=714, stack(0x00007fa68819c000,0x00007fa68829d000)]

Other Threads:
=>0x00007fa6800fa800 VMThread [stack: 0x00007fa66d5f2000,0x00007fa66d6f3000] [id=718]
  0x00007fa68013c800 WatcherThread [stack: 0x00007fa66cd62000,0x00007fa66ce63000] [id=731]

VM state:at safepoint (normal execution)

VM Mutex/Monitor currently owned by a thread:  ([mutex/lock_event])
[0x00007fa680006320] Threads_lock - owner thread: 0x00007fa6800fa800
[0x00007fa680006820] Heap_lock - owner thread: 0x00007fa68000a000
[0x00007fa6800070a0] PeriodicTask_lock - owner thread: 0x00007fa68013c800

Heap:
 PSYoungGen      total 292352K, used 2528K [0x00000000e6d80000, 0x00000000fa700000, 0x0000000100000000)
  eden space 289792K, 0% used [0x00000000e6d80000,0x00000000e6d80000,0x00000000f8880000)
  from space 2560K, 98% used [0x00000000fa480000,0x00000000fa6f8020,0x00000000fa700000)
  to   space 10240K, 0% used [0x00000000f9a80000,0x00000000f9a80000,0x00000000fa480000)
 ParOldGen       total 56832K, used 56481K [0x00000000b4800000, 0x00000000b7f80000, 0x00000000e6d80000)
  object space 56832K, 99% used [0x00000000b4800000,0x00000000b7f28690,0x00000000b7f80000)
 Metaspace       used 27490K, capacity 27768K, committed 28032K, reserved 1073152K
  class space    used 3278K, capacity 3376K, committed 3456K, reserved 1048576K

Card table byte_map: [0x00007fa684646000,0x00007fa6848a3000] byte_map_base: 0x00007fa6840a2000

Marking Bits: (ParMarkBitMap*) 0x00007fa687486300
 Begin Bits: [0x00007fa66ea40000, 0x00007fa66fd20000)
 End Bits:   [0x00007fa66fd20000, 0x00007fa671000000)

Polling page: 0x00007fa6882b6000

CodeCache: size=245760Kb used=8703Kb max_used=8703Kb free=237056Kb
 bounds [0x00007fa671000000, 0x00007fa671890000, 0x00007fa680000000]
 total_blobs=3047 nmethods=2646 adapters=315
 compilation: enabled

Compilation events (10 events):
Event: 17,190 Thread 0x00007fa680133000 2693       2       sun.misc.CompoundEnumeration::hasMoreElements (5 bytes)
Event: 17,191 Thread 0x00007fa680133000 nmethod 2693 0x00007fa67187e8d0 code [0x00007fa67187ea40, 0x00007fa67187eba8]
Event: 17,192 Thread 0x00007fa680133000 2694       2       java.net.URLClassLoader$3$1::run (5 bytes)
Event: 17,193 Thread 0x00007fa680133000 nmethod 2694 0x00007fa67187ec50 code [0x00007fa67187ede0, 0x00007fa67187eff8]
Event: 17,193 Thread 0x00007fa680133000 2695       2       sun.misc.URLClassPath$1::hasMoreElements (5 bytes)
Event: 17,194 Thread 0x00007fa680133000 nmethod 2695 0x00007fa67187f150 code [0x00007fa67187f2c0, 0x00007fa67187f428]
Event: 17,198 Thread 0x00007fa680133000 2696       2       com.sun.org.apache.xerces.internal.util.URI::initializePath (605 bytes)
Event: 17,228 Thread 0x00007fa680133000 nmethod 2696 0x00007fa67187f4d0 code [0x00007fa67187f9a0, 0x00007fa671881a08]
Event: 17,237 Thread 0x00007fa680133000 2697       2       com.sun.org.apache.xpath.internal.axes.UnionPathIterator::loadLocationPaths (175 bytes)
Event: 17,241 Thread 0x00007fa680133000 nmethod 2697 0x00007fa671884290 code [0x00007fa6718844e0, 0x00007fa671884ff8]

GC Heap History (10 events):
Event: 4,372 GC heap after
Heap after GC invocations=6 (full 0):
 PSYoungGen      total 160256K, used 3088K [0x00000000e6d80000, 0x00000000f0f80000, 0x0000000100000000)
  eden space 155648K, 0% used [0x00000000e6d80000,0x00000000e6d80000,0x00000000f0580000)
  from space 4608K, 67% used [0x00000000f0b00000,0x00000000f0e040d0,0x00000000f0f80000)
  to   space 5120K, 0% used [0x00000000f0580000,0x00000000f0580000,0x00000000f0a80000)
 ParOldGen       total 52224K, used 3316K [0x00000000b4800000, 0x00000000b7b00000, 0x00000000e6d80000)
  object space 52224K, 6% used [0x00000000b4800000,0x00000000b4b3d1a8,0x00000000b7b00000)
 Metaspace       used 12894K, capacity 13116K, committed 13440K, reserved 1060864K
  class space    used 1550K, capacity 1594K, committed 1664K, reserved 1048576K
}
Event: 7,790 GC heap before
{Heap before GC invocations=7 (full 0):
 PSYoungGen      total 160256K, used 115264K [0x00000000e6d80000, 0x00000000f0f80000, 0x0000000100000000)
  eden space 155648K, 72% used [0x00000000e6d80000,0x00000000edb0c320,0x00000000f0580000)
  from space 4608K, 67% used [0x00000000f0b00000,0x00000000f0e040d0,0x00000000f0f80000)
  to   space 5120K, 0% used [0x00000000f0580000,0x00000000f0580000,0x00000000f0a80000)
 ParOldGen       total 52224K, used 3316K [0x00000000b4800000, 0x00000000b7b00000, 0x00000000e6d80000)
  object space 52224K, 6% used [0x00000000b4800000,0x00000000b4b3d1a8,0x00000000b7b00000)
 Metaspace       used 20827K, capacity 21094K, committed 21296K, reserved 1069056K
  class space    used 2561K, capacity 2669K, committed 2688K, reserved 1048576K
Event: 7,843 GC heap after
Heap after GC invocations=7 (full 0):
 PSYoungGen      total 160768K, used 5088K [0x00000000e6d80000, 0x00000000faf80000, 0x0000000100000000)
  eden space 155648K, 0% used [0x00000000e6d80000,0x00000000e6d80000,0x00000000f0580000)
  from space 5120K, 99% used [0x00000000f0580000,0x00000000f0a78020,0x00000000f0a80000)
  to   space 9216K, 0% used [0x00000000fa680000,0x00000000fa680000,0x00000000faf80000)
 ParOldGen       total 52224K, used 9553K [0x00000000b4800000, 0x00000000b7b00000, 0x00000000e6d80000)
  object space 52224K, 18% used [0x00000000b4800000,0x00000000b5154678,0x00000000b7b00000)
 Metaspace       used 20827K, capacity 21094K, committed 21296K, reserved 1069056K
  class space    used 2561K, capacity 2669K, committed 2688K, reserved 1048576K
}
Event: 7,843 GC heap before
{Heap before GC invocations=8 (full 1):
 PSYoungGen      total 160768K, used 5088K [0x00000000e6d80000, 0x00000000faf80000, 0x0000000100000000)
  eden space 155648K, 0% used [0x00000000e6d80000,0x00000000e6d80000,0x00000000f0580000)
  from space 5120K, 99% used [0x00000000f0580000,0x00000000f0a78020,0x00000000f0a80000)
  to   space 9216K, 0% used [0x00000000fa680000,0x00000000fa680000,0x00000000faf80000)
 ParOldGen       total 52224K, used 9553K [0x00000000b4800000, 0x00000000b7b00000, 0x00000000e6d80000)
  object space 52224K, 18% used [0x00000000b4800000,0x00000000b5154678,0x00000000b7b00000)
 Metaspace       used 20827K, capacity 21094K, committed 21296K, reserved 1069056K
  class space    used 2561K, capacity 2669K, committed 2688K, reserved 1048576K
Event: 8,035 GC heap after
Heap after GC invocations=8 (full 1):
 PSYoungGen      total 160768K, used 0K [0x00000000e6d80000, 0x00000000faf80000, 0x0000000100000000)
  eden space 155648K, 0% used [0x00000000e6d80000,0x00000000e6d80000,0x00000000f0580000)
  from space 5120K, 0% used [0x00000000f0580000,0x00000000f0580000,0x00000000f0a80000)
  to   space 9216K, 0% used [0x00000000fa680000,0x00000000fa680000,0x00000000faf80000)
 ParOldGen       total 46080K, used 11279K [0x00000000b4800000, 0x00000000b7500000, 0x00000000e6d80000)
  object space 46080K, 24% used [0x00000000b4800000,0x00000000b5303c18,0x00000000b7500000)
 Metaspace       used 20827K, capacity 21094K, committed 21296K, reserved 1069056K
  class space    used 2561K, capacity 2669K, committed 2688K, reserved 1048576K
}
Event: 11,810 GC heap before
{Heap before GC invocations=9 (full 1):
 PSYoungGen      total 160768K, used 155648K [0x00000000e6d80000, 0x00000000faf80000, 0x0000000100000000)
  eden space 155648K, 100% used [0x00000000e6d80000,0x00000000f0580000,0x00000000f0580000)
  from space 5120K, 0% used [0x00000000f0580000,0x00000000f0580000,0x00000000f0a80000)
  to   space 9216K, 0% used [0x00000000fa680000,0x00000000fa680000,0x00000000faf80000)
 ParOldGen       total 46080K, used 11279K [0x00000000b4800000, 0x00000000b7500000, 0x00000000e6d80000)
  object space 46080K, 24% used [0x00000000b4800000,0x00000000b5303c18,0x00000000b7500000)
 Metaspace       used 26496K, capacity 26744K, committed 27136K, reserved 1073152K
  class space    used 3172K, capacity 3248K, committed 3328K, reserved 1048576K
Event: 11,836 GC heap after
Heap after GC invocations=9 (full 1):
 PSYoungGen      total 235008K, used 7975K [0x00000000e6d80000, 0x00000000fae80000, 0x0000000100000000)
  eden space 226816K, 0% used [0x00000000e6d80000,0x00000000e6d80000,0x00000000f4b00000)
  from space 8192K, 97% used [0x00000000fa680000,0x00000000fae49c10,0x00000000fae80000)
  to   space 10240K, 0% used [0x00000000f9a80000,0x00000000f9a80000,0x00000000fa480000)
 ParOldGen       total 46080K, used 11287K [0x00000000b4800000, 0x00000000b7500000, 0x00000000e6d80000)
  object space 46080K, 24% used [0x00000000b4800000,0x00000000b5305c18,0x00000000b7500000)
 Metaspace       used 26496K, capacity 26744K, committed 27136K, reserved 1073152K
  class space    used 3172K, capacity 3248K, committed 3328K, reserved 1048576K
}
Event: 15,182 GC heap before
{Heap before GC invocations=10 (full 1):
 PSYoungGen      total 235008K, used 234791K [0x00000000e6d80000, 0x00000000fae80000, 0x0000000100000000)
  eden space 226816K, 100% used [0x00000000e6d80000,0x00000000f4b00000,0x00000000f4b00000)
  from space 8192K, 97% used [0x00000000fa680000,0x00000000fae49c10,0x00000000fae80000)
  to   space 10240K, 0% used [0x00000000f9a80000,0x00000000f9a80000,0x00000000fa480000)
 ParOldGen       total 46080K, used 11287K [0x00000000b4800000, 0x00000000b7500000, 0x00000000e6d80000)
  object space 46080K, 24% used [0x00000000b4800000,0x00000000b5305c18,0x00000000b7500000)
 Metaspace       used 27199K, capacity 27480K, committed 27776K, reserved 1073152K
  class space    used 3245K, capacity 3344K, committed 3456K, reserved 1048576K
Event: 15,258 GC heap after
Heap after GC invocations=10 (full 1):
 PSYoungGen      total 300032K, used 10228K [0x00000000e6d80000, 0x00000000fa700000, 0x0000000100000000)
  eden space 289792K, 0% used [0x00000000e6d80000,0x00000000e6d80000,0x00000000f8880000)
  from space 10240K, 99% used [0x00000000f9a80000,0x00000000fa47d040,0x00000000fa480000)
  to   space 2560K, 0% used [0x00000000fa480000,0x00000000fa480000,0x00000000fa700000)
 ParOldGen       total 46080K, used 16475K [0x00000000b4800000, 0x00000000b7500000, 0x00000000e6d80000)
  object space 46080K, 35% used [0x00000000b4800000,0x00000000b5816d70,0x00000000b7500000)
 Metaspace       used 27199K, capacity 27480K, committed 27776K, reserved 1073152K
  class space    used 3245K, capacity 3344K, committed 3456K, reserved 1048576K
}
Event: 17,275 GC heap before
{Heap before GC invocations=11 (full 1):
 PSYoungGen      total 300032K, used 300020K [0x00000000e6d80000, 0x00000000fa700000, 0x0000000100000000)
  eden space 289792K, 100% used [0x00000000e6d80000,0x00000000f8880000,0x00000000f8880000)
  from space 10240K, 99% used [0x00000000f9a80000,0x00000000fa47d040,0x00000000fa480000)
  to   space 2560K, 0% used [0x00000000fa480000,0x00000000fa480000,0x00000000fa700000)
 ParOldGen       total 46080K, used 16475K [0x00000000b4800000, 0x00000000b7500000, 0x00000000e6d80000)
  object space 46080K, 35% used [0x00000000b4800000,0x00000000b5816d70,0x00000000b7500000)
 Metaspace       used 27490K, capacity 27768K, committed 28032K, reserved 1073152K
  class space    used 3278K, capacity 3376K, committed 3456K, reserved 1048576K

Deoptimization events (10 events):
Event: 8,841 Thread 0x00007fa68000a000 Uncommon trap: reason=unstable_if action=reinterpret pc=0x00007fa6713be5ec method=java.lang.ThreadLocal$ThreadLocalMap.getEntry(Ljava/lang/ThreadLocal;)Ljava/lang/ThreadLocal$ThreadLocalMap$Entry; @ 29
Event: 8,871 Thread 0x00007fa68000a000 Uncommon trap: reason=unstable_if action=reinterpret pc=0x00007fa6711ef810 method=java.lang.AbstractStringBuilder.append(Ljava/lang/String;)Ljava/lang/AbstractStringBuilder; @ 1
Event: 10,014 Thread 0x00007fa68000a000 Uncommon trap: reason=unstable_if action=reinterpret pc=0x00007fa6714f683c method=com.sun.org.apache.xml.internal.utils.SuballocatedIntVector.setElementAt(II)V @ 5
Event: 10,015 Thread 0x00007fa68000a000 Uncommon trap: reason=unstable_if action=reinterpret pc=0x00007fa67154775c method=com.sun.org.apache.xml.internal.utils.SuballocatedIntVector.elementAt(I)I @ 5
Event: 10,132 Thread 0x00007fa68000a000 Uncommon trap: reason=unstable_if action=reinterpret pc=0x00007fa6715c4234 method=com.sun.org.apache.xml.internal.utils.SuballocatedIntVector.setElementAt(II)V @ 5
Event: 10,902 Thread 0x00007fa68000a000 Uncommon trap: reason=unstable_if action=reinterpret pc=0x00007fa67156fbf8 method=com.sun.org.apache.xerces.internal.impl.XMLEntityScanner.skipSpaces()Z @ 85
Event: 11,801 Thread 0x00007fa68000a000 Uncommon trap: reason=unstable_if action=reinterpret pc=0x00007fa6716aff00 method=com.sun.org.apache.xerces.internal.impl.XMLEntityScanner.scanContent(Lcom/sun/org/apache/xerces/internal/xni/XMLString;)I @ 418
Event: 13,011 Thread 0x00007fa68000a000 Uncommon trap: reason=unstable_if action=reinterpret pc=0x00007fa6715c8068 method=com.sun.org.apache.xml.internal.dtm.ref.DTMDefaultBase.ensureSizeOfIndex(II)V @ 164
Event: 16,524 Thread 0x00007fa68000a000 Uncommon trap: reason=unstable_if action=reinterpret pc=0x00007fa67168917c method=com.sun.org.apache.xml.internal.utils.SuballocatedIntVector.setElementAt(II)V @ 39
Event: 16,524 Thread 0x00007fa68000a000 Uncommon trap: reason=unstable_if action=reinterpret pc=0x00007fa671680c8c method=com.sun.org.apache.xml.internal.utils.SuballocatedIntVector.setElementAt(II)V @ 39

Internal exceptions (10 events):
Event: 3,349 Thread 0x00007fa68000a000 Implicit null exception at 0x00007fa6713122cc to 0x00007fa671312349
Event: 5,740 Thread 0x00007fa68000a000 Exception <a 'java/lang/ClassCastException': org.apache.commons.logging.impl.SLF4JLogFactory cannot be cast to connectjar.org.apache.commons.logging.LogFactory> (0x00000000eb9c07a0) thrown at [/home/jmm/jdk/openjdk-8-8u102-b14.1/src/hotspot/src/share/vm/i
Event: 5,784 Thread 0x00007fa68000a000 Exception <a 'java/lang/NoClassDefFoundError': connectjar/org/apache/log4j/Category> (0x00000000eba0bfb8) thrown at [/home/jmm/jdk/openjdk-8-8u102-b14.1/src/hotspot/src/share/vm/classfile/systemDictionary.cpp, line 199]
Event: 6,259 Thread 0x00007fa68000a000 Exception <a 'java/lang/NoSuchFieldError': method resolution failed> (0x00000000ebbbe400) thrown at [/home/jmm/jdk/openjdk-8-8u102-b14.1/src/hotspot/src/share/vm/prims/methodHandles.cpp, line 1146]
Event: 6,264 Thread 0x00007fa68000a000 Exception <a 'java/lang/NoSuchFieldError': method resolution failed> (0x00000000ebbcbe90) thrown at [/home/jmm/jdk/openjdk-8-8u102-b14.1/src/hotspot/src/share/vm/prims/methodHandles.cpp, line 1146]
Event: 6,741 Thread 0x00007fa68000a000 Exception <a 'java/lang/reflect/InvocationTargetException'> (0x00000000ec2af880) thrown at [/home/jmm/jdk/openjdk-8-8u102-b14.1/src/hotspot/src/share/vm/runtime/reflection.cpp, line 1092]
Event: 8,085 Thread 0x00007fa68000a000 Implicit null exception at 0x00007fa67122c5b5 to 0x00007fa67122c909
Event: 8,794 Thread 0x00007fa68000a000 Implicit null exception at 0x00007fa6711f40b5 to 0x00007fa6711f4299
Event: 8,799 Thread 0x00007fa68000a000 Implicit null exception at 0x00007fa671292eef to 0x00007fa671292f59
Event: 8,871 Thread 0x00007fa68000a000 Implicit null exception at 0x00007fa6711ef4b5 to 0x00007fa6711ef7fd

Events (10 events):
Event: 17,041 loading class org/camunda/bpm/engine/history/HistoricDecisionOutputInstance done
Event: 17,053 loading class org/camunda/bpm/engine/impl/HistoricDecisionInstanceQueryImpl
Event: 17,053 loading class org/camunda/bpm/engine/impl/HistoricDecisionInstanceQueryImpl done
Event: 17,096 loading class org/camunda/bpm/engine/impl/history/event/HistoricDecisionInputInstanceEntity
Event: 17,097 loading class org/camunda/bpm/engine/impl/history/event/HistoricDecisionInputInstanceEntity done
Event: 17,158 loading class org/camunda/bpm/engine/impl/history/event/HistoricDecisionOutputInstanceEntity
Event: 17,158 loading class org/camunda/bpm/engine/impl/history/event/HistoricDecisionOutputInstanceEntity done
Event: 17,250 loading class org/camunda/bpm/engine/impl/dmn/entity/repository/DecisionRequirementsDefinitionQueryImpl
Event: 17,250 loading class org/camunda/bpm/engine/impl/dmn/entity/repository/DecisionRequirementsDefinitionQueryImpl done
Event: 17,275 Executing VM operation: ParallelGCFailedAllocation


Dynamic libraries:
00400000-00401000 r-xp 00000000 08:01 300352                             /usr/lib/jvm/java-8-openjdk-amd64/jre/bin/java
00600000-00601000 r--p 00000000 08:01 300352                             /usr/lib/jvm/java-8-openjdk-amd64/jre/bin/java
00601000-00602000 rw-p 00001000 08:01 300352                             /usr/lib/jvm/java-8-openjdk-amd64/jre/bin/java
00a90000-00ab1000 rw-p 00000000 00:00 0                                  [heap]
b4800000-b7f80000 rw-p 00000000 00:00 0 
b7f80000-e6d80000 ---p 00000000 00:00 0 
e6d80000-fa700000 rw-p 00000000 00:00 0 
100000000-100360000 rw-p 00000000 00:00 0 
100360000-140000000 ---p 00000000 00:00 0 
7fa640000000-7fa640021000 rw-p 00000000 00:00 0 
7fa640021000-7fa644000000 ---p 00000000 00:00 0 
7fa6473d2000-7fa6475d2000 rw-p 00000000 00:00 0 
7fa6475d2000-7fa6477d2000 rw-p 00000000 00:00 0 
7fa6477d2000-7fa6479d2000 rw-p 00000000 00:00 0 
7fa6479d2000-7fa647bd2000 rw-p 00000000 00:00 0 
7fa647bd2000-7fa647bfa000 r-xp 00000000 08:01 300282                     /usr/lib/jvm/java-8-openjdk-amd64/jre/lib/amd64/libsunec.so
7fa647bfa000-7fa647dfa000 ---p 00028000 08:01 300282                     /usr/lib/jvm/java-8-openjdk-amd64/jre/lib/amd64/libsunec.so
7fa647dfa000-7fa647dfe000 r--p 00028000 08:01 300282                     /usr/lib/jvm/java-8-openjdk-amd64/jre/lib/amd64/libsunec.so
7fa647dfe000-7fa647e00000 rw-p 0002c000 08:01 300282                     /usr/lib/jvm/java-8-openjdk-amd64/jre/lib/amd64/libsunec.so
7fa647e00000-7fa648000000 rw-p 00000000 00:00 0 
7fa648000000-7fa648749000 rw-p 00000000 00:00 0 
7fa648749000-7fa64c000000 ---p 00000000 00:00 0 
7fa64c000000-7fa64c021000 rw-p 00000000 00:00 0 
7fa64c021000-7fa650000000 ---p 00000000 00:00 0 
7fa650000000-7fa650021000 rw-p 00000000 00:00 0 
7fa650021000-7fa654000000 ---p 00000000 00:00 0 
7fa654000000-7fa654fc2000 rw-p 00000000 00:00 0 
7fa654fc2000-7fa658000000 ---p 00000000 00:00 0 
7fa658000000-7fa658021000 rw-p 00000000 00:00 0 
7fa658021000-7fa65c000000 ---p 00000000 00:00 0 
7fa65c000000-7fa65c021000 rw-p 00000000 00:00 0 
7fa65c021000-7fa660000000 ---p 00000000 00:00 0 
7fa660000000-7fa660021000 rw-p 00000000 00:00 0 
7fa660021000-7fa664000000 ---p 00000000 00:00 0 
7fa664000000-7fa664021000 rw-p 00000000 00:00 0 
7fa664021000-7fa668000000 ---p 00000000 00:00 0 
7fa668000000-7fa668021000 rw-p 00000000 00:00 0 
7fa668021000-7fa66c000000 ---p 00000000 00:00 0 
7fa66c061000-7fa66c062000 rw-p 00000000 00:00 0 
7fa66c062000-7fa66c065000 r--s 00015000 08:01 300256                     /usr/lib/jvm/java-8-openjdk-amd64/jre/lib/jce.jar
7fa66c065000-7fa66c069000 r--s 00097000 08:01 300237                     /usr/lib/jvm/java-8-openjdk-amd64/jre/lib/jsse.jar
7fa66c069000-7fa66c269000 rw-p 00000000 00:00 0 
7fa66c269000-7fa66c469000 rw-p 00000000 00:00 0 
7fa66c469000-7fa66c47c000 r--s 00346000 08:01 300248                     /usr/lib/jvm/java-8-openjdk-amd64/jre/lib/resources.jar
7fa66c47c000-7fa66c67c000 rw-p 00000000 00:00 0 
7fa66c67c000-7fa66c97d000 rw-p 00000000 00:00 0 
7fa66c97d000-7fa66c994000 r-xp 00000000 08:01 300283                     /usr/lib/jvm/java-8-openjdk-amd64/jre/lib/amd64/libnet.so
7fa66c994000-7fa66cb93000 ---p 00017000 08:01 300283                     /usr/lib/jvm/java-8-openjdk-amd64/jre/lib/amd64/libnet.so
7fa66cb93000-7fa66cb94000 r--p 00016000 08:01 300283                     /usr/lib/jvm/java-8-openjdk-amd64/jre/lib/amd64/libnet.so
7fa66cb94000-7fa66cb95000 rw-p 00017000 08:01 300283                     /usr/lib/jvm/java-8-openjdk-amd64/jre/lib/amd64/libnet.so
7fa66cb95000-7fa66cb9c000 r--s 00000000 08:01 41406                      /usr/lib/x86_64-linux-gnu/gconv/gconv-modules.cache
7fa66cb9c000-7fa66cbc2000 r--p 00000000 08:01 4621                       /usr/share/locale/de/LC_MESSAGES/libc.mo
7fa66cbc2000-7fa66cbc5000 r--s 00007000 08:01 537142                     /home/gpm17/.m2/repository/org/apache/maven/surefire/surefire-junit4/2.12.4/surefire-junit4-2.12.4.jar
7fa66cbc5000-7fa66cbc7000 r--s 00000000 08:01 534482                     /home/gpm17/.m2/repository/org/slf4j/jul-to-slf4j/1.7.7/jul-to-slf4j-1.7.7.jar
7fa66cbc7000-7fa66cbc9000 r--s 00003000 08:01 534458                     /home/gpm17/.m2/repository/org/slf4j/jcl-over-slf4j/1.7.7/jcl-over-slf4j-1.7.7.jar
7fa66cbc9000-7fa66cbd3000 r--s 0005f000 08:01 534477                     /home/gpm17/.m2/repository/ch/qos/logback/logback-core/1.1.2/logback-core-1.1.2.jar
7fa66cbd3000-7fa66cbd9000 r--s 0003d000 08:01 534460                     /home/gpm17/.m2/repository/ch/qos/logback/logback-classic/1.1.2/logback-classic-1.1.2.jar
7fa66cbd9000-7fa66cbda000 r--s 0000c000 08:01 534470                     /home/gpm17/.m2/repository/org/hamcrest/hamcrest-library/1.3/hamcrest-library-1.3.jar
7fa66cbda000-7fa66cbe1000 r--s 00064000 08:01 534468                     /home/gpm17/.m2/repository/org/apache/commons/commons-lang3/3.4/commons-lang3-3.4.jar
7fa66cbe1000-7fa66cbe5000 r--s 0002f000 08:01 534467                     /home/gpm17/.m2/repository/commons-io/commons-io/2.5/commons-io-2.5.jar
7fa66cbe5000-7fa66cbeb000 r--s 001ee000 08:01 534464                     /home/gpm17/.m2/repository/org/camunda/bpm/extension/camunda-bpm-process-test-coverage/0.3.1/camunda-bpm-process-test-coverage-0.3.1.jar
7fa66cbeb000-7fa66cbf5000 r--s 0012f000 08:01 534463                     /home/gpm17/.m2/repository/com/h2database/h2/1.3.168/h2-1.3.168.jar
7fa66cbf5000-7fa66cbf7000 r--s 00009000 08:01 534472                     /home/gpm17/.m2/repository/org/hamcrest/hamcrest-core/1.3/hamcrest-core-1.3.jar
7fa66cbf7000-7fa66cbff000 r--s 00045000 08:01 534474                     /home/gpm17/.m2/repository/junit/junit/4.12/junit-4.12.jar
7fa66cbff000-7fa66cc0d000 r--s 000b1000 08:01 538276                     /home/gpm17/.m2/repository/org/codehaus/jackson/jackson-mapper-asl/1.9.13/jackson-mapper-asl-1.9.13.jar
7fa66cc0d000-7fa66cc11000 r--s 00035000 08:01 538288                     /home/gpm17/.m2/repository/org/codehaus/jackson/jackson-core-asl/1.9.13/jackson-core-asl-1.9.13.jar
7fa66cc11000-7fa66cc12000 r--s 00004000 08:01 538118                     /home/gpm17/.m2/repository/org/codehaus/jackson/jackson-jaxrs/1.9.13/jackson-jaxrs-1.9.13.jar
7fa66cc12000-7fa66cc14000 r--s 0000a000 08:01 655825                     /home/gpm17/.m2/repository/javax/ws/rs/jsr311-api/1.1.1/jsr311-api-1.1.1.jar
7fa66cc14000-7fa66cc37000 r--s 0016b000 08:01 655819                     /home/gpm17/.m2/repository/com/sun/jersey/jersey-bundle/1.19.4/jersey-bundle-1.19.4.jar
7fa66cc37000-7fa66cc39000 r--s 0000e000 08:01 534409                     /home/gpm17/.m2/repository/javax/activation/activation/1.1/activation-1.1.jar
7fa66cc39000-7fa66cc42000 r--s 00097000 08:01 658408                     /home/gpm17/.m2/repository/com/sun/mail/javax.mail/1.6.0/javax.mail-1.6.0.jar
7fa66cc42000-7fa66cc45000 r--s 00012000 08:01 534441                     /home/gpm17/.m2/repository/javax/servlet/javax.servlet-api/3.0.1/javax.servlet-api-3.0.1.jar
7fa66cc45000-7fa66cc49000 r--s 0003c000 08:01 533824                     /home/gpm17/.m2/repository/commons-lang/commons-lang/2.4/commons-lang-2.4.jar
7fa66cc49000-7fa66cc57000 r--s 0007f000 08:01 533895                     /home/gpm17/.m2/repository/commons-collections/commons-collections/3.2.1/commons-collections-3.2.1.jar
7fa66cc57000-7fa66cc5f000 r--s 00066000 08:01 533822                     /home/gpm17/.m2/repository/org/apache/velocity/velocity/1.7/velocity-1.7.jar
7fa66cc5f000-7fa66cc60000 r--s 00001000 08:01 534401                     /home/gpm17/.m2/repository/org/camunda/template-engines/camunda-template-engines-velocity/1.0.1/camunda-template-engines-velocity-1.0.1.jar
7fa66cc60000-7fa66cc71000 r--s 000e8000 08:01 534454                     /home/gpm17/.m2/repository/org/freemarker/freemarker/2.3.20/freemarker-2.3.20.jar
7fa66cc71000-7fa66cc72000 r--s 00001000 08:01 534452                     /home/gpm17/.m2/repository/org/camunda/template-engines/camunda-template-engines-freemarker/1.0.1/camunda-template-engines-freemarker-1.0.1.jar
7fa66cc72000-7fa66cc74000 r--s 00001000 08:01 534405                     /home/gpm17/.m2/repository/org/camunda/bpm/camunda-engine-plugin-connect/7.7.0/camunda-engine-plugin-connect-7.7.0.jar
7fa66cc74000-7fa66cc76000 r--s 00003000 08:01 534450                     /home/gpm17/.m2/repository/org/camunda/connect/camunda-connect-core/1.0.4/camunda-connect-core-1.0.4.jar
7fa66cc76000-7fa66cc91000 r--s 00111000 08:01 534440                     /home/gpm17/.m2/repository/org/camunda/connect/camunda-connect-connectors-all/1.0.4/camunda-connect-connectors-all-1.0.4.jar
7fa66cc91000-7fa66cc93000 r--s 00007000 08:01 534398                     /home/gpm17/.m2/repository/org/camunda/bpm/camunda-engine-plugin-spin/7.7.0/camunda-engine-plugin-spin-7.7.0.jar
7fa66cc93000-7fa66cc95000 r--s 00006000 08:01 534396                     /home/gpm17/.m2/repository/org/slf4j/slf4j-api/1.7.7/slf4j-api-1.7.7.jar
7fa66cc95000-7fa66cc98000 r--s 0000a000 08:01 534434                     /home/gpm17/.m2/repository/org/camunda/spin/camunda-spin-core/1.3.1/camunda-spin-core-1.3.1.jar
7fa66cc98000-7fa66ccb2000 r--s 0017b000 08:01 534438                     /home/gpm17/.m2/repository/org/camunda/spin/camunda-spin-dataformat-all/1.3.1/camunda-spin-dataformat-all-1.3.1.jar
7fa66ccb2000-7fa66ccbf000 r--s 0008b000 08:01 534436                     /home/gpm17/.m2/repository/org/assertj/assertj-core/1.7.0/assertj-core-1.7.0.jar
7fa66ccbf000-7fa66ccc0000 r--s 00006000 08:01 534435                     /home/gpm17/.m2/repository/org/camunda/bpm/extension/camunda-bpm-assert/1.2/camunda-bpm-assert-1.2.jar
7fa66ccc0000-7fa66ccc3000 r--s 00018000 08:01 534428                     /home/gpm17/.m2/repository/de/odysseus/juel/juel-impl/2.2.7/juel-impl-2.2.7.jar
7fa66ccc3000-7fa66ccc4000 r--s 00000000 08:01 534425                     /home/gpm17/.m2/repository/de/odysseus/juel/juel-spi/2.2.7/juel-spi-2.2.7.jar
7fa66ccc4000-7fa66ccc5000 r--s 00007000 08:01 534404                     /home/gpm17/.m2/repository/de/odysseus/juel/juel-api/2.2.7/juel-api-2.2.7.jar
7fa66ccc5000-7fa66ccca000 r--s 00029000 08:01 534394                     /home/gpm17/.m2/repository/org/camunda/bpm/dmn/camunda-engine-feel-juel/7.7.0/camunda-engine-feel-juel-7.7.0.jar
7fa66ccca000-7fa66cccc000 r--s 00000000 08:01 534403                     /home/gpm17/.m2/repository/org/camunda/bpm/dmn/camunda-engine-feel-api/7.7.0/camunda-engine-feel-api-7.7.0.jar
7fa66cccc000-7fa66ccd5000 r--s 0002e000 08:01 534402                     /home/gpm17/.m2/repository/org/camunda/bpm/model/camunda-dmn-model/7.7.0/camunda-dmn-model-7.7.0.jar
7fa66ccd5000-7fa66ccd6000 r--s 00002000 08:01 534456                     /home/gpm17/.m2/repository/org/camunda/commons/camunda-commons-utils/1.4.0/camunda-commons-utils-1.4.0.jar
7fa66ccd6000-7fa66ccdb000 r--s 0001e000 08:01 534422                     /home/gpm17/.m2/repository/org/camunda/bpm/dmn/camunda-engine-dmn/7.7.0/camunda-engine-dmn-7.7.0.jar
7fa66ccdb000-7fa66cceb000 r--s 0007c000 08:01 534420                     /home/gpm17/.m2/repository/joda-time/joda-time/2.1/joda-time-2.1.jar
7fa66cceb000-7fa66cced000 r--s 0000d000 08:01 534418                     /home/gpm17/.m2/repository/commons-logging/commons-logging/1.1.1/commons-logging-1.1.1.jar
7fa66cced000-7fa66ccee000 r--s 0000c000 08:01 534416                     /home/gpm17/.m2/repository/org/springframework/spring-asm/3.1.2.RELEASE/spring-asm-3.1.2.RELEASE.jar
7fa66ccee000-7fa66ccf8000 r--s 00064000 08:01 534414                     /home/gpm17/.m2/repository/org/springframework/spring-core/3.1.2.RELEASE/spring-core-3.1.2.RELEASE.jar
7fa66ccf8000-7fa66cd04000 r--s 00085000 08:01 534389                     /home/gpm17/.m2/repository/org/springframework/spring-beans/3.1.2.RELEASE/spring-beans-3.1.2.RELEASE.jar
7fa66cd04000-7fa66cd12000 r--s 000a1000 08:01 534412                     /home/gpm17/.m2/repository/org/mybatis/mybatis/3.2.8/mybatis-3.2.8.jar
7fa66cd12000-7fa66cd19000 r--s 00067000 08:01 534406                     /home/gpm17/.m2/repository/javax/mail/mail/1.4.1/mail-1.4.1.jar
7fa66cd19000-7fa66cd62000 r--s 00317000 08:01 534392                     /home/gpm17/.m2/repository/org/camunda/bpm/camunda-engine/7.7.0/camunda-engine-7.7.0.jar
7fa66cd62000-7fa66cd63000 ---p 00000000 00:00 0 
7fa66cd63000-7fa66ce63000 rw-p 00000000 00:00 0                          [stack:731]
7fa66ce63000-7fa66ce66000 ---p 00000000 00:00 0 
7fa66ce66000-7fa66cf64000 rw-p 00000000 00:00 0                          [stack:730]
7fa66cf64000-7fa66cf67000 ---p 00000000 00:00 0 
7fa66cf67000-7fa66d065000 rw-p 00000000 00:00 0                          [stack:727]
7fa66d065000-7fa66d068000 ---p 00000000 00:00 0 
7fa66d068000-7fa66d166000 rw-p 00000000 00:00 0                          [stack:726]
7fa66d166000-7fa66d169000 ---p 00000000 00:00 0 
7fa66d169000-7fa66d267000 rw-p 00000000 00:00 0                          [stack:725]
7fa66d267000-7fa66d3f0000 r--p 00000000 08:01 24266                      /usr/lib/locale/locale-archive
7fa66d3f0000-7fa66d3f3000 ---p 00000000 00:00 0 
7fa66d3f3000-7fa66d4f1000 rw-p 00000000 00:00 0                          [stack:720]
7fa66d4f1000-7fa66d4f4000 ---p 00000000 00:00 0 
7fa66d4f4000-7fa66d5f2000 rw-p 00000000 00:00 0                          [stack:719]
7fa66d5f2000-7fa66d5f3000 ---p 00000000 00:00 0 
7fa66d5f3000-7fa66dffc000 rw-p 00000000 00:00 0                          [stack:718]
7fa66dffc000-7fa66e1ca000 r--s 03bf1000 08:01 300304                     /usr/lib/jvm/java-8-openjdk-amd64/jre/lib/rt.jar
7fa66e1ca000-7fa671000000 rw-p 00000000 00:00 0 
7fa671000000-7fa671890000 rwxp 00000000 00:00 0 
7fa671890000-7fa680000000 ---p 00000000 00:00 0 
7fa680000000-7fa680dac000 rw-p 00000000 00:00 0 
7fa680dac000-7fa684000000 ---p 00000000 00:00 0 
7fa684000000-7fa684001000 r--s 00007000 08:01 534395                     /home/gpm17/.m2/repository/org/apache/commons/commons-email/1.2/commons-email-1.2.jar
7fa684001000-7fa684004000 r--s 0000d000 08:01 534426                     /home/gpm17/.m2/repository/org/camunda/commons/camunda-commons-typed-values/1.4.0/camunda-commons-typed-values-1.4.0.jar
7fa684004000-7fa684006000 r--s 00000000 08:01 534427                     /home/gpm17/.m2/repository/org/camunda/commons/camunda-commons-logging/1.4.0/camunda-commons-logging-1.4.0.jar
7fa684006000-7fa68400f000 r--s 0003d000 08:01 534388                     /home/gpm17/.m2/repository/org/camunda/bpm/model/camunda-cmmn-model/7.7.0/camunda-cmmn-model-7.7.0.jar
7fa68400f000-7fa684014000 r--s 00023000 08:01 534400                     /home/gpm17/.m2/repository/org/camunda/bpm/model/camunda-xml-model/7.7.0/camunda-xml-model-7.7.0.jar
7fa684014000-7fa684027000 r--s 0008a000 08:01 534386                     /home/gpm17/.m2/repository/org/camunda/bpm/model/camunda-bpmn-model/7.7.0/camunda-bpmn-model-7.7.0.jar
7fa684027000-7fa68402b000 r--s 00019000 08:01 536390                     /home/gpm17/.m2/repository/org/apache/maven/surefire/surefire-api/2.12.4/surefire-api-2.12.4.jar
7fa68402b000-7fa68402d000 r--s 00007000 08:01 536386                     /home/gpm17/.m2/repository/org/apache/maven/surefire/surefire-booter/2.12.4/surefire-booter-2.12.4.jar
7fa68402d000-7fa684030000 r--s 0000f000 08:01 300312                     /usr/lib/jvm/java-8-openjdk-amd64/jre/lib/ext/icedtea-sound.jar
7fa684030000-7fa68404b000 r--s 001d5000 08:01 300309                     /usr/lib/jvm/java-8-openjdk-amd64/jre/lib/ext/nashorn.jar
7fa68404b000-7fa684055000 r--s 00116000 08:01 300308                     /usr/lib/jvm/java-8-openjdk-amd64/jre/lib/ext/localedata.jar
7fa684055000-7fa6842b1000 rw-p 00000000 00:00 0 
7fa6842b1000-7fa6842b2000 ---p 00000000 00:00 0 
7fa6842b2000-7fa6843b2000 rw-p 00000000 00:00 0                          [stack:717]
7fa6843b2000-7fa6843b3000 ---p 00000000 00:00 0 
7fa6843b3000-7fa6844cf000 rw-p 00000000 00:00 0                          [stack:716]
7fa6844cf000-7fa684646000 ---p 00000000 00:00 0 
7fa684646000-7fa684662000 rw-p 00000000 00:00 0 
7fa684662000-7fa6847d8000 ---p 00000000 00:00 0 
7fa6847d8000-7fa684876000 rw-p 00000000 00:00 0 
7fa684876000-7fa6848a2000 ---p 00000000 00:00 0 
7fa6848a2000-7fa6848c6000 rw-p 00000000 00:00 0 
7fa6848c6000-7fa684c63000 ---p 00000000 00:00 0 
7fa684c63000-7fa684c6b000 r-xp 00000000 08:01 300264                     /usr/lib/jvm/java-8-openjdk-amd64/jre/lib/amd64/libzip.so
7fa684c6b000-7fa684e6a000 ---p 00008000 08:01 300264                     /usr/lib/jvm/java-8-openjdk-amd64/jre/lib/amd64/libzip.so
7fa684e6a000-7fa684e6b000 r--p 00007000 08:01 300264                     /usr/lib/jvm/java-8-openjdk-amd64/jre/lib/amd64/libzip.so
7fa684e6b000-7fa684e6c000 rw-p 00008000 08:01 300264                     /usr/lib/jvm/java-8-openjdk-amd64/jre/lib/amd64/libzip.so
7fa684e6c000-7fa684e77000 r-xp 00000000 08:01 268392                     /lib/x86_64-linux-gnu/libnss_files-2.19.so
7fa684e77000-7fa685076000 ---p 0000b000 08:01 268392                     /lib/x86_64-linux-gnu/libnss_files-2.19.so
7fa685076000-7fa685077000 r--p 0000a000 08:01 268392                     /lib/x86_64-linux-gnu/libnss_files-2.19.so
7fa685077000-7fa685078000 rw-p 0000b000 08:01 268392                     /lib/x86_64-linux-gnu/libnss_files-2.19.so
7fa685078000-7fa685082000 r-xp 00000000 08:01 268407                     /lib/x86_64-linux-gnu/libnss_nis-2.19.so
7fa685082000-7fa685281000 ---p 0000a000 08:01 268407                     /lib/x86_64-linux-gnu/libnss_nis-2.19.so
7fa685281000-7fa685282000 r--p 00009000 08:01 268407                     /lib/x86_64-linux-gnu/libnss_nis-2.19.so
7fa685282000-7fa685283000 rw-p 0000a000 08:01 268407                     /lib/x86_64-linux-gnu/libnss_nis-2.19.so
7fa685283000-7fa685298000 r-xp 00000000 08:01 268377                     /lib/x86_64-linux-gnu/libnsl-2.19.so
7fa685298000-7fa685497000 ---p 00015000 08:01 268377                     /lib/x86_64-linux-gnu/libnsl-2.19.so
7fa685497000-7fa685498000 r--p 00014000 08:01 268377                     /lib/x86_64-linux-gnu/libnsl-2.19.so
7fa685498000-7fa685499000 rw-p 00015000 08:01 268377                     /lib/x86_64-linux-gnu/libnsl-2.19.so
7fa685499000-7fa68549b000 rw-p 00000000 00:00 0 
7fa68549b000-7fa6854a2000 r-xp 00000000 08:01 268384                     /lib/x86_64-linux-gnu/libnss_compat-2.19.so
7fa6854a2000-7fa6856a1000 ---p 00007000 08:01 268384                     /lib/x86_64-linux-gnu/libnss_compat-2.19.so
7fa6856a1000-7fa6856a2000 r--p 00006000 08:01 268384                     /lib/x86_64-linux-gnu/libnss_compat-2.19.so
7fa6856a2000-7fa6856a3000 rw-p 00007000 08:01 268384                     /lib/x86_64-linux-gnu/libnss_compat-2.19.so
7fa6856a3000-7fa6856d0000 r-xp 00000000 08:01 300290                     /usr/lib/jvm/java-8-openjdk-amd64/jre/lib/amd64/libjava.so
7fa6856d0000-7fa6858d0000 ---p 0002d000 08:01 300290                     /usr/lib/jvm/java-8-openjdk-amd64/jre/lib/amd64/libjava.so
7fa6858d0000-7fa6858d1000 r--p 0002d000 08:01 300290                     /usr/lib/jvm/java-8-openjdk-amd64/jre/lib/amd64/libjava.so
7fa6858d1000-7fa6858d3000 rw-p 0002e000 08:01 300290                     /usr/lib/jvm/java-8-openjdk-amd64/jre/lib/amd64/libjava.so
7fa6858d3000-7fa6858e2000 r-xp 00000000 08:01 300292                     /usr/lib/jvm/java-8-openjdk-amd64/jre/lib/amd64/libverify.so
7fa6858e2000-7fa685ae2000 ---p 0000f000 08:01 300292                     /usr/lib/jvm/java-8-openjdk-amd64/jre/lib/amd64/libverify.so
7fa685ae2000-7fa685ae5000 r--p 0000f000 08:01 300292                     /usr/lib/jvm/java-8-openjdk-amd64/jre/lib/amd64/libverify.so
7fa685ae5000-7fa685ae6000 rw-p 00012000 08:01 300292                     /usr/lib/jvm/java-8-openjdk-amd64/jre/lib/amd64/libverify.so
7fa685ae6000-7fa685aed000 r-xp 00000000 08:01 277927                     /lib/x86_64-linux-gnu/librt-2.19.so
7fa685aed000-7fa685cec000 ---p 00007000 08:01 277927                     /lib/x86_64-linux-gnu/librt-2.19.so
7fa685cec000-7fa685ced000 r--p 00006000 08:01 277927                     /lib/x86_64-linux-gnu/librt-2.19.so
7fa685ced000-7fa685cee000 rw-p 00007000 08:01 277927                     /lib/x86_64-linux-gnu/librt-2.19.so
7fa685cee000-7fa685d04000 r-xp 00000000 08:01 262374                     /lib/x86_64-linux-gnu/libgcc_s.so.1
7fa685d04000-7fa685f03000 ---p 00016000 08:01 262374                     /lib/x86_64-linux-gnu/libgcc_s.so.1
7fa685f03000-7fa685f04000 rw-p 00015000 08:01 262374                     /lib/x86_64-linux-gnu/libgcc_s.so.1
7fa685f04000-7fa686004000 r-xp 00000000 08:01 268329                     /lib/x86_64-linux-gnu/libm-2.19.so
7fa686004000-7fa686203000 ---p 00100000 08:01 268329                     /lib/x86_64-linux-gnu/libm-2.19.so
7fa686203000-7fa686204000 r--p 000ff000 08:01 268329                     /lib/x86_64-linux-gnu/libm-2.19.so
7fa686204000-7fa686205000 rw-p 00100000 08:01 268329                     /lib/x86_64-linux-gnu/libm-2.19.so
7fa686205000-7fa6862f1000 r-xp 00000000 08:01 5484                       /usr/lib/x86_64-linux-gnu/libstdc++.so.6.0.20
7fa6862f1000-7fa6864f1000 ---p 000ec000 08:01 5484                       /usr/lib/x86_64-linux-gnu/libstdc++.so.6.0.20
7fa6864f1000-7fa6864f9000 r--p 000ec000 08:01 5484                       /usr/lib/x86_64-linux-gnu/libstdc++.so.6.0.20
7fa6864f9000-7fa6864fb000 rw-p 000f4000 08:01 5484                       /usr/lib/x86_64-linux-gnu/libstdc++.so.6.0.20
7fa6864fb000-7fa686510000 rw-p 00000000 00:00 0 
7fa686510000-7fa6871a7000 r-xp 00000000 08:01 300260                     /usr/lib/jvm/java-8-openjdk-amd64/jre/lib/amd64/server/libjvm.so
7fa6871a7000-7fa6873a6000 ---p 00c97000 08:01 300260                     /usr/lib/jvm/java-8-openjdk-amd64/jre/lib/amd64/server/libjvm.so
7fa6873a6000-7fa687449000 r--p 00c96000 08:01 300260                     /usr/lib/jvm/java-8-openjdk-amd64/jre/lib/amd64/server/libjvm.so
7fa687449000-7fa687472000 rw-p 00d39000 08:01 300260                     /usr/lib/jvm/java-8-openjdk-amd64/jre/lib/amd64/server/libjvm.so
7fa687472000-7fa6874a3000 rw-p 00000000 00:00 0 
7fa6874a3000-7fa687644000 r-xp 00000000 08:01 263613                     /lib/x86_64-linux-gnu/libc-2.19.so
7fa687644000-7fa687844000 ---p 001a1000 08:01 263613                     /lib/x86_64-linux-gnu/libc-2.19.so
7fa687844000-7fa687848000 r--p 001a1000 08:01 263613                     /lib/x86_64-linux-gnu/libc-2.19.so
7fa687848000-7fa68784a000 rw-p 001a5000 08:01 263613                     /lib/x86_64-linux-gnu/libc-2.19.so
7fa68784a000-7fa68784e000 rw-p 00000000 00:00 0 
7fa68784e000-7fa687851000 r-xp 00000000 08:01 263629                     /lib/x86_64-linux-gnu/libdl-2.19.so
7fa687851000-7fa687a50000 ---p 00003000 08:01 263629                     /lib/x86_64-linux-gnu/libdl-2.19.so
7fa687a50000-7fa687a51000 r--p 00002000 08:01 263629                     /lib/x86_64-linux-gnu/libdl-2.19.so
7fa687a51000-7fa687a52000 rw-p 00003000 08:01 263629                     /lib/x86_64-linux-gnu/libdl-2.19.so
7fa687a52000-7fa687a60000 r-xp 00000000 08:01 300289                     /usr/lib/jvm/java-8-openjdk-amd64/jre/lib/amd64/jli/libjli.so
7fa687a60000-7fa687c5f000 ---p 0000e000 08:01 300289                     /usr/lib/jvm/java-8-openjdk-amd64/jre/lib/amd64/jli/libjli.so
7fa687c5f000-7fa687c60000 r--p 0000d000 08:01 300289                     /usr/lib/jvm/java-8-openjdk-amd64/jre/lib/amd64/jli/libjli.so
7fa687c60000-7fa687c61000 rw-p 0000e000 08:01 300289                     /usr/lib/jvm/java-8-openjdk-amd64/jre/lib/amd64/jli/libjli.so
7fa687c61000-7fa687c7b000 r-xp 00000000 08:01 263716                     /lib/x86_64-linux-gnu/libz.so.1.2.8
7fa687c7b000-7fa687e7a000 ---p 0001a000 08:01 263716                     /lib/x86_64-linux-gnu/libz.so.1.2.8
7fa687e7a000-7fa687e7b000 r--p 00019000 08:01 263716                     /lib/x86_64-linux-gnu/libz.so.1.2.8
7fa687e7b000-7fa687e7c000 rw-p 0001a000 08:01 263716                     /lib/x86_64-linux-gnu/libz.so.1.2.8
7fa687e7c000-7fa687e94000 r-xp 00000000 08:01 262242                     /lib/x86_64-linux-gnu/libpthread-2.19.so
7fa687e94000-7fa688093000 ---p 00018000 08:01 262242                     /lib/x86_64-linux-gnu/libpthread-2.19.so
7fa688093000-7fa688094000 r--p 00017000 08:01 262242                     /lib/x86_64-linux-gnu/libpthread-2.19.so
7fa688094000-7fa688095000 rw-p 00018000 08:01 262242                     /lib/x86_64-linux-gnu/libpthread-2.19.so
7fa688095000-7fa688099000 rw-p 00000000 00:00 0 
7fa688099000-7fa6880ba000 r-xp 00000000 08:01 263505                     /lib/x86_64-linux-gnu/ld-2.19.so
7fa6880ba000-7fa6880bb000 r--s 00001000 08:01 419350                     /home/gpm17/Repository/GPM/bachelorthesis/target/surefire/surefirebooter1024596527353261621.jar
7fa6880bb000-7fa6880bc000 r--s 0000a000 08:01 300310                     /usr/lib/jvm/java-8-openjdk-amd64/jre/lib/ext/jaccess.jar
7fa6880bc000-7fa6880c0000 r--s 00037000 08:01 300307                     /usr/lib/jvm/java-8-openjdk-amd64/jre/lib/ext/sunpkcs11.jar
7fa6880c0000-7fa6880dc000 r--s 00393000 08:01 300311                     /usr/lib/jvm/java-8-openjdk-amd64/jre/lib/ext/cldrdata.jar
7fa6880dc000-7fa68819c000 rw-p 00000000 00:00 0 
7fa68819c000-7fa68819f000 ---p 00000000 00:00 0 
7fa68819f000-7fa6882a2000 rw-p 00000000 00:00 0                          [stack:714]
7fa6882a2000-7fa6882a3000 r--s 00010000 08:01 300315                     /usr/lib/jvm/java-8-openjdk-amd64/jre/lib/ext/zipfs.jar
7fa6882a3000-7fa6882a4000 r--s 00008000 08:01 300314                     /usr/lib/jvm/java-8-openjdk-amd64/jre/lib/ext/sunec.jar
7fa6882a4000-7fa6882a6000 r--s 00006000 08:01 138941                     /usr/share/java/java-atk-wrapper.jar
7fa6882a6000-7fa6882a8000 r--s 00001000 08:01 300313                     /usr/lib/jvm/java-8-openjdk-amd64/jre/lib/ext/dnsns.jar
7fa6882a8000-7fa6882ad000 r--s 0003b000 08:01 300316                     /usr/lib/jvm/java-8-openjdk-amd64/jre/lib/ext/sunjce_provider.jar
7fa6882ad000-7fa6882b5000 rw-s 00000000 08:01 310144                     /tmp/hsperfdata_gpm17/703
7fa6882b5000-7fa6882b6000 rw-p 00000000 00:00 0 
7fa6882b6000-7fa6882b7000 ---p 00000000 00:00 0 
7fa6882b7000-7fa6882b9000 rw-p 00000000 00:00 0 
7fa6882b9000-7fa6882ba000 r--p 00020000 08:01 263505                     /lib/x86_64-linux-gnu/ld-2.19.so
7fa6882ba000-7fa6882bb000 rw-p 00021000 08:01 263505                     /lib/x86_64-linux-gnu/ld-2.19.so
7fa6882bb000-7fa6882bc000 rw-p 00000000 00:00 0 
7ffdde759000-7ffdde77a000 rw-p 00000000 00:00 0                          [stack]
7ffdde7ab000-7ffdde7ad000 r-xp 00000000 00:00 0                          [vdso]
7ffdde7ad000-7ffdde7af000 r--p 00000000 00:00 0                          [vvar]
ffffffffff600000-ffffffffff601000 r-xp 00000000 00:00 0                  [vsyscall]

VM Arguments:
java_command: /home/gpm17/Repository/GPM/bachelorthesis/target/surefire/surefirebooter1024596527353261621.jar /home/gpm17/Repository/GPM/bachelorthesis/target/surefire/surefire2086260236754839364tmp /home/gpm17/Repository/GPM/bachelorthesis/target/surefire/surefire_04179331452555678600tmp
java_class_path (initial): /home/gpm17/Repository/GPM/bachelorthesis/target/surefire/surefirebooter1024596527353261621.jar
Launcher Type: SUN_STANDARD

Environment Variables:
PATH=/usr/local/bin:/usr/bin:/bin:/usr/local/games:/usr/games
LD_LIBRARY_PATH=/opt/intellij-idea/idea-IC-172.4343.14/bin:
SHELL=/bin/bash
DISPLAY=:0.0

Signal Handlers:
SIGSEGV: [libjvm.so+0xa960e0], sa_mask[0]=11111111011111111101111111111110, sa_flags=SA_RESTART|SA_SIGINFO
SIGBUS: [libjvm.so+0xa960e0], sa_mask[0]=11111111011111111101111111111110, sa_flags=SA_RESTART|SA_SIGINFO
SIGFPE: [libjvm.so+0x8dddb0], sa_mask[0]=11111111011111111101111111111110, sa_flags=SA_RESTART|SA_SIGINFO
SIGPIPE: [libjvm.so+0x8dddb0], sa_mask[0]=11111111011111111101111111111110, sa_flags=SA_RESTART|SA_SIGINFO
SIGXFSZ: [libjvm.so+0x8dddb0], sa_mask[0]=11111111011111111101111111111110, sa_flags=SA_RESTART|SA_SIGINFO
SIGILL: [libjvm.so+0x8dddb0], sa_mask[0]=11111111011111111101111111111110, sa_flags=SA_RESTART|SA_SIGINFO
SIGUSR1: SIG_DFL, sa_mask[0]=00000000000000000000000000000000, sa_flags=none
SIGUSR2: [libjvm.so+0x8ddc60], sa_mask[0]=00100000000000000000000000000000, sa_flags=SA_RESTART|SA_SIGINFO
SIGHUP: [libjvm.so+0x8dde80], sa_mask[0]=11111111011111111101111111111110, sa_flags=SA_RESTART|SA_SIGINFO
SIGINT: [libjvm.so+0x8dde80], sa_mask[0]=11111111011111111101111111111110, sa_flags=SA_RESTART|SA_SIGINFO
SIGTERM: [libjvm.so+0x8dde80], sa_mask[0]=11111111011111111101111111111110, sa_flags=SA_RESTART|SA_SIGINFO
SIGQUIT: [libjvm.so+0x8dde80], sa_mask[0]=11111111011111111101111111111110, sa_flags=SA_RESTART|SA_SIGINFO


---------------  S Y S T E M  ---------------

OS:PRETTY_NAME="Debian GNU/Linux 8 (jessie)"
NAME="Debian GNU/Linux"
VERSION_ID="8"
VERSION="8 (jessie)"
ID=debian
HOME_URL="http://www.debian.org/"
SUPPORT_URL="http://www.debian.org/support"
BUG_REPORT_URL="https://bugs.debian.org/"

uname:Linux 3.16.0-4-amd64 #1 SMP Debian 3.16.43-2+deb8u5 (2017-09-19) x86_64
libc:glibc 2.19 NPTL 2.19 
rlimit: STACK 8192k, CORE 0k, NPROC 19236, NOFILE 65536, AS infinity
load average:2,71 2,08 1,74

/proc/meminfo:
MemTotal:        4941588 kB
MemFree:          105164 kB
MemAvailable:      36268 kB
Buffers:            1336 kB
Cached:            69260 kB
SwapCached:        36988 kB
Active:          3822672 kB
Inactive:         896520 kB
Active(anon):    3817484 kB
Inactive(anon):   891384 kB
Active(file):       5188 kB
Inactive(file):     5136 kB
Unevictable:          32 kB
Mlocked:              32 kB
SwapTotal:        393212 kB
SwapFree:              0 kB
Dirty:               204 kB
Writeback:            84 kB
AnonPages:       4611932 kB
Mapped:            65804 kB
Shmem:             60072 kB
Slab:              43816 kB
SReclaimable:      20812 kB
SUnreclaim:        23004 kB
KernelStack:       11168 kB
PageTables:        32988 kB
NFS_Unstable:          0 kB
Bounce:                0 kB
WritebackTmp:          0 kB
CommitLimit:     2864004 kB
Committed_AS:    8876816 kB
VmallocTotal:   34359738367 kB
VmallocUsed:       62016 kB
VmallocChunk:   34359673848 kB
HardwareCorrupted:     0 kB
AnonHugePages:         0 kB
HugePages_Total:       0
HugePages_Free:        0
HugePages_Rsvd:        0
HugePages_Surp:        0
Hugepagesize:       2048 kB
DirectMap4k:       57280 kB
DirectMap2M:     5031936 kB


CPU:total 2 (2 cores per cpu, 1 threads per core) family 6 model 69 stepping 1, cmov, cx8, fxsr, mmx, sse, sse2, sse3, ssse3, sse4.1, sse4.2, popcnt, avx, avx2, aes, clmul, lzcnt, tsc, tscinvbit

/proc/cpuinfo:
processor	: 0
vendor_id	: GenuineIntel
cpu family	: 6
model		: 69
model name	: Intel(R) Core(TM) i7-4510U CPU @ 2.00GHz
stepping	: 1
cpu MHz		: 1995.384
cache size	: 4096 KB
physical id	: 0
siblings	: 2
core id		: 0
cpu cores	: 2
apicid		: 0
initial apicid	: 0
fpu		: yes
fpu_exception	: yes
cpuid level	: 13
wp		: yes
flags		: fpu vme de pse tsc msr pae mce cx8 apic sep mtrr pge mca cmov pat pse36 clflush mmx fxsr sse sse2 ht syscall nx rdtscp lm constant_tsc rep_good nopl xtopology nonstop_tsc pni pclmulqdq ssse3 cx16 sse4_1 sse4_2 movbe popcnt aes xsave avx rdrand lahf_lm abm avx2
bogomips	: 3990.76
clflush size	: 64
cache_alignment	: 64
address sizes	: 39 bits physical, 48 bits virtual
power management:

processor	: 1
vendor_id	: GenuineIntel
cpu family	: 6
model		: 69
model name	: Intel(R) Core(TM) i7-4510U CPU @ 2.00GHz
stepping	: 1
cpu MHz		: 1995.384
cache size	: 4096 KB
physical id	: 0
siblings	: 2
core id		: 1
cpu cores	: 2
apicid		: 1
initial apicid	: 1
fpu		: yes
fpu_exception	: yes
cpuid level	: 13
wp		: yes
flags		: fpu vme de pse tsc msr pae mce cx8 apic sep mtrr pge mca cmov pat pse36 clflush mmx fxsr sse sse2 ht syscall nx rdtscp lm constant_tsc rep_good nopl xtopology nonstop_tsc pni pclmulqdq ssse3 cx16 sse4_1 sse4_2 movbe popcnt aes xsave avx rdrand lahf_lm abm avx2
bogomips	: 3990.76
clflush size	: 64
cache_alignment	: 64
address sizes	: 39 bits physical, 48 bits virtual
power management:



Memory: 4k page, physical 4941588k(104792k free), swap 393212k(0k free)

vm_info: OpenJDK 64-Bit Server VM (25.102-b14) for linux-amd64 JRE (1.8.0_102-8u102-b14.1-1~bpo8+1-b14), built on Aug  8 2016 10:49:23 by "jmm" with gcc 4.9.2

time: Wed Dec 13 01:24:22 2017
elapsed time: 21 seconds (0d 0h 0m 21s)

